9.559709112927738 49
7.4997443878847765 49
9.141483525372431 49
5.973128210534991 49
6.783297857667932 49
9.94071424268517 49
8.093379884168016 50
9.277471981602625 49
8.490872525910069 50
10.428490897980996 49
9.587483731955102 49
10.066043590850702 49
10.244043293007078 50
8.39219822790667 50
5.816751481705506 50
7.656735917823556 49
9.68407753897049 49
9.123787605953693 50
7.302806512528229 49
6.905358944255733 49
7.6872234394911825 49
8.71371445034738 49
8.802625726384303 50
9.256515829166748 51
8.837774156465208 52
9.855463296990251 53
13.002097805413982 53
17.44753635792025 53
23.82069269231172 54
30.298030058976583 53
31.299076019113986 54
32.48126866434808 54
33.427246675029224 55
34.122944166634774 54
35.66944580008811 54
35.32963339222498 54
35.64286529345673 54
34.94296424202366 54
36.8047372348249 55
35.65389785999055 54
35.6167453239385 54
35.90460343944849 54
35.46907099169011 54
35.58315926756441 54
35.34116472845162 54
35.382613962722374 54
36.02840775498312 54
34.963762975582675 54
35.3766934126979 54
35.66592430515671 54
34.88435284614921 54
35.63154139691048 54
35.53113200557556 54
35.5659561490406 54
34.90052735303431 54
37.097279463866336 54
36.48770002566119 55
36.83474187995592 55
37.02366735448722 55
37.247774113886486 55
37.780425877212316 55
37.78413436375995 55
37.79177134579794 55
37.417546456172296 55
38.03008485687277 55
38.05557814003806 55
38.05110053373318 56
38.699725701805384 55
39.28731515971469 55
39.1464434354609 55
40.75676034560339 56
39.83247893268579 56
40.64797024023857 56
40.34185329098953 56
41.526172293979364 56
41.02892948632135 56
41.75407779562662 56
41.630769106879065 56
41.39126461635503 56
41.44173779623527 56
41.298064907189 56
41.40760738762127 56
41.39761903405579 56
41.905835644244966 56
40.97010080852634 56
41.46660216290614 56
41.836401870945664 56
41.62680946550207 56
40.987205506576814 56
41.724132691997234 56
41.818106994069026 56
42.31081283432616 56
42.12850432108215 56
42.441468773281706 56
42.290195760683844 56
41.820540862803774 56
42.54861802326491 56
41.44563669166089 56
42.818946645447454 56
43.19241348324574 57
43.39967723110961 56
43.61109940270707 57
43.22825384299607 57
43.12671058169431 56
43.69213264427962 57
43.0816412442381 57
43.96271063757659 56
43.39161549945136 56
44.081104054823186 57
44.664435807343104 57
44.85477242341478 57
44.31115167175358 57
45.34471157510876 57
45.50965879448975 57
45.46730462464991 57
45.26483321470565 57
45.20547677657889 57
45.4204560477935 57
45.07815773746455 57
45.58843279111088 58
46.096031459119395 57
46.115412833448666 57
45.74966098567755 57
45.999362724237294 57
45.79152576813264 58
46.22623593180776 58
45.91561468606918 57
46.091080232870624 57
46.45670583800819 57
46.27547548663935 57
46.51272377738457 58
46.04343574386771 57
46.10094809846152 57
46.11901076356435 57
46.18289458420474 57
46.18046628014781 57
46.13398791429837 58
46.76445901972437 57
46.56832377679712 58
46.45497586831597 57
46.66035347105947 58
47.26527541693403 57
46.896207181428736 58
47.47971633656733 58
46.83682753467195 58
48.32232895561184 58
48.58910638047843 58
48.72514698437116 58
48.65396073945651 58
48.74876754142204 58
48.93771568726349 59
49.459711821521665 58
49.75139959906152 59
49.927653484133565 59
50.19204149162698 59
50.61330592100486 59
50.67929275376851 59
51.14067034402591 59
50.95172460711541 59
51.10773501966935 59
51.31390385584088 59
51.25291093554673 60
51.22294349903371 59
51.38960232845992 59
52.17001378684977 60
52.12690868859397 60
52.54913007625605 59
52.34083217808412 60
52.37585064265234 60
52.63283770806994 60
53.14602407836012 60
53.4778156275717 60
53.41306055334282 60
53.80943485775076 61
53.90134536312889 61
54.140226905241875 61
54.2553504031438 60
54.445704789180056 60
54.610003537661136 61
54.759600680552495 60
55.09992707462325 61
55.21035764856759 61
55.373894997137185 61
55.70382119381229 61
56.02400339048907 61
55.856985184922976 61
55.82654039214035 62
56.10752004630807 61
55.989820974253526 61
56.87542707651791 61
56.66548981994809 62
57.091331793210884 61
57.111501254792884 61
57.265846212118475 62
57.1829186004911 61
57.24936463901176 61
57.47641367181278 62
57.681622262669094 62
58.01731320355871 61
57.77125066378312 62
57.84171128292695 62
57.708412480063096 62
58.185690825855254 62
58.0698351759367 62
58.183465951605235 62
58.5675663471671 62
59.0038157154789 62
58.84375209595688 62
59.05658061157938 62
58.95926365219786 62
59.16776605531606 62
59.08153889853586 62
59.20862299426054 63
59.36219571264417 62
59.4559137751684 62
59.353675433000454 63
59.39806985036695 62
59.27899754540242 63
59.471274792087755 63
59.24610820275896 63
59.719488816531864 63
59.79984124115778 62
59.752360328278975 63
59.95317315207481 62
59.81679036268914 63
59.70125278812895 63
59.919164472553604 63
59.91907021179386 63
60.07218585054031 63
60.33280484947955 63
60.4312159264505 63
60.78445503175701 63
60.74539046606296 64
61.07650223731912 63
61.02480569231456 63
61.248997298520976 64
61.39459993163442 64
61.47457598879993 64
61.56479433817462 64
61.335852173661735 64
61.58384020985115 64
61.53810870229452 63
61.51604758571679 64
61.57963351597657 63
61.6221883462999 63
61.69181324336411 64
61.647780323125446 64
61.7409452523341 64
61.79222694744694 64
62.05322845938838 64
62.160250083851885 64
62.139742514175474 64
62.08692108234186 64
62.207716726646694 63
62.306886701438685 64
62.46655132890906 64
62.410092068583964 63
62.350252467264454 64
62.5349087888237 64
62.696389932025895 64
62.70871033086672 64
62.833873184302035 64
62.853149132450994 64
63.0330289765121 65
63.10419333724933 64
63.338371665853586 64
63.35115164542789 64
63.289982339523405 64
63.26502906852136 64
63.37404849811345 65
63.52804409895589 65
63.45496238270912 65
63.70256926220138 64
63.973965437119816 65
64.00847500965418 65
64.01801278227896 65
64.05829426682035 65
64.13598226857968 65
64.46563045277601 66
64.3838447864605 65
64.46642316806584 66
64.62692473620332 65
64.79733058727065 66
64.7164127529737 65
64.7019676628746 66
64.90111990449607 65
64.87484209862578 66
65.04324901912109 65
64.98720563241989 65
64.9968961729171 66
65.01165382160795 66
65.14280204616215 66
65.05582897563554 66
65.02950869818454 65
65.1406983644887 65
65.27332954281307 66
65.31302751960648 66
65.22610028162431 65
65.28975304757451 65
65.23987838852095 65
65.31816513698456 65
65.3386648166577 65
65.61640526391784 66
65.6828051366407 66
65.7479914299904 66
65.68201166513026 66
65.73205222423776 65
65.7504088959002 66
65.6595705274222 65
65.98416947091019 65
65.84746505492701 65
65.92281588130592 66
65.88779143835085 66
65.9164255376592 66
65.9300498839706 65
65.96798952274655 66
66.10203822304736 66
66.26402099884407 65
66.41733949398724 66
66.38078403708845 66
66.40470445877214 66
66.23612458946668 66
66.49928656455583 66
66.5641236491476 66
66.63632417777616 66
66.58382838142727 66
66.95472004240946 66
66.99049013956716 66
66.99702389043894 66
66.99093966417959 67
67.02192260558859 67
67.0140526457991 66
67.19442422958834 67
67.27467668486797 66
67.30434995757653 67
67.31268739406596 66
67.40090785697457 66
67.36172351880525 67
67.50065161047202 66
67.61678508495712 67
67.78133300278847 66
67.63664814965453 67
67.76224870125952 67
67.85805443573317 67
67.89597200086557 67
67.99937510676024 67
68.03725791060234 67
68.07153394382641 67
68.21655943991628 67
68.18498632183645 67
68.30508937639549 67
68.30391740776159 67
68.31315190309607 68
68.29400098741561 67
68.39236178217702 68
68.5704282244431 67
68.69113038428071 67
68.69528893750505 67
68.66395808518007 68
68.78056111312812 67
68.72735691280636 67
68.80676809718145 67
68.9229090241454 67
69.04015179657384 68
69.03274372942232 68
69.20811167480342 67
69.13676590821362 68
69.39717347546743 68
69.43758740312886 67
69.59052272284134 68
69.634177769827 68
69.82398497153281 68
69.85445125903802 68
69.83245366584956 68
69.93041438610676 68
69.99635354689869 68
69.96834072355634 67
70.15176852711193 69
70.20537582312883 68
70.39928953437186 68
70.37309817165678 68
70.48337509322178 68
70.43475163358694 68
70.33814670041744 68
70.46299050284125 69
70.40875671410765 68
70.58208331521193 69
70.50464154444853 68
70.69074946249935 69
70.63070470341191 69
70.69274878514136 68
70.69512780688316 68
70.86738579345864 68
70.93887930381462 68
70.97055365429716 69
70.88014228633418 69
71.01778042491253 69
71.10689772227923 69
71.2801736854558 69
71.34004719127165 69
71.3975688621024 69
71.35924028856314 70
71.4343313060012 69
71.61402892237608 69
71.72566245265885 70
71.84109041738004 69
71.81090026092674 69
71.8319778767926 69
71.94705193214305 69
71.99729486051542 70
72.0530423016467 69
72.11940639054797 70
72.05028940489952 69
72.13718366028428 70
72.12683126296054 70
72.37036520441225 70
72.36924405186868 70
72.40296279697407 70
72.41998599548397 69
72.48926980752542 70
72.62054009853048 70
72.64798949834176 69
72.53027553474328 70
72.6670144322335 70
72.78474814998015 70
72.95935126671807 70
73.0131679948581 70
73.04766855979639 70
73.0024017309175 70
73.12252504243831 69
73.22157985423928 70
73.26896856202676 69
73.274416451814 70
73.30757224097583 70
73.31462462243708 70
73.36108447897443 70
73.4211738311743 70
73.37124962041193 70
73.51424517295781 70
73.61286384243581 70
73.62945589257194 70
73.60851544611036 70
73.58228759669522 70
73.65440136966586 70
73.69556543522259 71
73.84316174192233 71
74.02878002795738 70
74.14898556581869 71
74.13746236572378 71
74.16871834652616 71
74.18716825414434 71
74.25888071240553 70
74.45545708047035 70
74.58034422293676 71
74.60093006893798 70
74.63105408058297 71
74.62201142694 71
74.61658938707703 71
74.68682428622729 71
74.97105390465507 71
75.04979321018861 71
75.06792105402953 71
75.01189127840364 71
75.19806708046245 71
75.43705153887365 72
75.34797430292633 71
75.40860378092381 72
75.48645035155651 72
75.9010544362456 72
76.09885133143642 72
76.12046216926717 72
76.04391985519273 71
76.07141902311962 72
76.11084549777723 72
76.12785823940037 72
76.18499237678056 72
76.28166598956822 72
76.26232215026066 72
76.32740148636752 72
76.32441109302073 72
76.31490652929517 72
76.36850602852898 72
76.51861322804427 72
76.51814461328907 73
76.49698098898536 72
76.59323147121178 72
76.74405760534776 73
76.85708023717982 72
76.82401565419772 72
76.82553374971502 72
76.87005051411738 72
76.90684439715523 72
76.90634025352804 72
76.88123051690602 72
76.94053447557638 73
76.96537061481071 72
77.05216242065062 72
77.12414508528995 72
77.22979579806287 72
77.25154957659376 73
77.1919009670419 73
77.25315954526253 73
77.28200657574502 73
77.30373964146457 72
77.43474703162215 73
77.53645339755872 73
77.78589495276445 72
77.8740261915286 73
77.84719605668921 73
77.85353239271669 73
77.95387953267065 73
78.04909952190506 73
78.2341202722075 74
78.2758509037217 73
78.30938324233766 73
78.30983727462988 73
78.31854815261775 73
78.35525796936857 74
78.42238978504243 74
78.42544005902357 74
78.45617056755859 74
78.48092177519335 74
78.48389440561624 73
78.52460195531903 74
78.53978649063278 74
78.58252404961146 74
78.56978172233454 74
78.58639518902953 74
78.62545444270965 73
78.67456469703666 74
78.67134350630135 73
78.78736004731822 74
79.0019829024066 74
79.02338876663553 74
79.03547511432369 74
79.09295512687491 74
79.1234394710588 74
79.364915476974 74
79.49643721460862 74
79.48960607243133 74
79.45402267490313 74
79.477080926694 74
79.54591629879395 75
79.61548104039954 74
79.60469019631226 75
79.62924497857396 75
79.66679655075754 74
79.66711929020016 74
79.69772244533983 74
79.71260023858163 74
79.74879941825829 75
79.75474223546723 74
79.79676099351938 74
79.78541728427128 75
79.77942936586771 75
79.85449229784844 75
79.97756157797728 74
80.21579343723647 74
80.28326285850086 75
80.25708438061913 75
80.25785214425163 75
80.28374454269462 75
80.32988629622663 75
80.3776423472155 75
80.42004287746119 75
80.49155468613495 75
80.4772827130499 75
80.53165061664124 75
80.4938799661781 75
80.5140461569199 75
80.54197670165576 75
80.54584878490324 74
80.58186445822166 75
80.6687111505366 75
80.66449568171276 74
80.65658338597756 75
80.64445808198884 75
80.67152790158292 76
80.66952239385174 76
80.71476783641232 75
80.73783584822492 75
80.79760611599029 76
80.80978692303265 76
80.85909454953288 76
80.88899124574965 75
80.94198372294758 75
80.9263406667874 75
80.97069152264251 76
80.94018860826274 75
81.01054815527215 75
81.02331880249879 75
81.08188001251602 76
81.10921653782387 76
81.17602377890839 75
81.22607375069414 75
81.26325871907656 76
81.32971717375062 75
81.38520552315171 75
81.49440987202995 77
81.47054718365706 76
81.53314596037194 75
81.55588135943405 76
81.61001173416989 76
81.70647805228127 76
81.86564871380284 76
81.90468732062863 76
81.91795419761839 76
81.95660250733384 77
81.97365168000712 77
82.07379086626248 76
82.55031556813671 77
82.81581920902707 77
82.88353160481955 78
83.12968858225608 77
83.33997335771406 77
83.54985614022964 77
83.58404543132649 78
83.62252278805488 78
83.73500317703046 77
83.79817059374733 77
83.94479467617091 78
84.04509283981524 78
84.1136691930148 77
84.15405624676552 78
84.23271626409714 78
84.3045811693888 78
84.34452256907392 78
84.46209681482344 78
84.47132112342429 78
84.50865630434762 78
84.56455969127248 79
84.62939656644804 78
84.7115544762649 78
84.77243394996952 78
84.81093925304359 79
84.85526813334243 78
84.93178959568422 78
85.05301518111051 79
85.0699923493203 79
85.1043201820911 79
85.10318677762072 79
85.13391089696155 79
85.20051616168638 78
85.27652915921051 78
85.30982929677856 79
85.33839969283679 78
85.40686627175734 78
85.48864517837939 79
85.59238201244249 80
85.63231196558368 79
85.6213400217018 79
85.65157188294025 79
85.69442590719154 79
85.7784512611051 79
85.78318726948629 79
85.81504831988632 79
85.87676492773653 79
85.96813842347072 79
86.05040786036894 79
86.06852961489118 79
86.08820092657479 79
86.13648971229378 79
86.18457148665613 79
86.21818955010356 80
86.25628100221238 80
86.33774232965158 80
86.40386187549177 80
86.4871537820494 80
86.5636860815801 79
86.63327502623737 80
86.67337448290871 80
86.70841718120188 80
86.78150377494212 80
86.83491761861417 80
86.96063444863148 80
87.01539072897808 80
87.03974760242306 80
87.05183406420423 80
87.18411737111998 81
87.34131753336985 81
87.4196301845347 81
87.49261639310609 80
87.54760530649597 81
87.59641986685948 80
87.66619192664405 81
87.71605092753495 81
87.79629385896982 81
87.97254672899115 81
88.05160128707102 81
88.04591782293075 81
88.0488631741887 81
88.07148326787242 81
88.13179342400235 81
88.21040444719327 82
88.29828152625574 82
88.40919721480729 81
88.55168837506936 82
88.58750324570917 81
88.61889148530818 81
88.62723910766051 81
88.68163351460336 81
88.80183486589418 81
88.94923295424724 82
88.9796360153255 82
89.02246588524706 82
89.10120340106074 82
89.16716037739926 82
89.18153107421273 82
89.23067878219099 82
89.25507196803083 82
89.3070701673073 82
89.31879630712841 82
89.35725818425175 83
89.38571819338648 82
89.49774380449539 82
89.61029441793876 82
89.6767147941463 83
89.69260291303897 82
89.70220790635244 83
89.69497681185919 82
89.76994180457913 83
89.92003751875465 83
89.98227235872494 83
90.00101419284243 82
90.02354986295528 82
90.09454104596578 83
90.14133448495635 83
90.13306215744508 84
90.15879629915801 84
90.21486489159274 83
90.31186209887652 84
90.61578662534512 84
90.76327737840954 83
90.72601486233526 83
90.72021976034463 84
90.7324307951412 84
90.77062816603095 83
90.81413289816024 84
90.85392368415013 83
90.88187562523414 84
90.90487745329425 83
90.95609636173842 83
90.97319217926298 83
90.98424090203837 84
90.99383732416369 83
91.01311373895254 84
91.03022450510915 83
91.05612206424644 84
91.10831647767435 84
91.14779960298243 84
91.1776571419651 83
91.28045805731111 84
91.34192982206115 84
91.38697698394304 84
91.41960547571144 84
91.42340151673052 84
91.41401279231474 84
91.41377121420162 84
91.42367920590424 84
91.46103064648179 85
91.50830946085202 84
91.52569012297099 84
91.54647868065734 84
91.5374441426765 84
91.53354366375743 85
91.5585945809072 85
91.59320804015661 84
91.59180550710163 85
91.59747203949989 85
91.65335000137476 85
91.67041874281112 85
91.6937334121215 85
91.71339223103075 84
91.73432772620798 85
91.84447268545988 85
91.94581464255452 86
92.02345236662475 85
92.07354083545027 84
92.06019239265395 85
92.04865916080553 85
92.06797140047777 84
92.10510036050862 85
92.13564895445016 85
92.16152333272493 85
92.18210414494746 85
92.2901071677037 85
92.34208959197179 85
92.44602168767933 85
92.4851740671879 85
92.49248533496046 85
92.51162397842377 86
92.54525925290977 85
92.56177296644312 86
92.55037038963691 85
92.56925508860303 85
92.6102679380901 85
92.62514931276675 85
92.65443877359523 85
92.68109748791727 86
92.69387481565259 85
92.70443361539418 86
92.70173778989984 86
92.72611159739135 85
92.80005155163201 86
92.84889556727846 86
92.88715755927065 86
92.92356453860901 85
92.9586495259764 86
92.99194581860439 86
93.11017756312403 86
93.23544115235853 86
93.29264889094573 85
93.30776306258105 86
93.33570982168324 86
93.37422177456557 86
93.4061752086847 86
93.40967065465306 86
93.4323599241438 87
93.46005834730599 87
93.51460956422633 87
93.5928802289039 87
93.64710050379881 86
93.64723247072018 87
93.63904072446624 86
93.64444050048004 87
93.66572429881153 86
93.69030090127636 86
93.7050663056789 86
93.73587872127679 86
93.8049522231176 86
93.83240936731119 86
93.8263304013413 87
93.84853875708649 87
93.92481006233066 87
93.96844704100846 87
94.00168476943664 87
94.03093739135022 87
94.07514551160307 87
94.07692998964598 87
94.0753372009078 87
94.08895008027437 87
94.10247595362995 87
94.1107754907838 87
94.16449355473354 87
94.21435205259316 87
94.22591110875851 87
94.22221412591198 87
94.25127350060052 87
94.29179436587289 87
94.3470428226654 87
94.41911261481468 87
94.44301061419581 87
94.45685095742502 87
94.4768357677643 87
94.51226335328082 88
94.6150465168779 88
94.70734040260409 88
94.84933191673272 88
95.009298589398 88
95.14222516660092 88
95.15895992268996 88
95.14710768055208 88
95.14880173301299 88
95.1598399344629 89
95.23015391999736 88
95.37516177015209 88
95.54732570077306 88
95.69068272184307 89
95.68076053009115 89
95.65769601262556 89
95.66821292311647 88
95.69189633244513 88
95.73672346405331 88
95.81752347669752 88
95.84743481264195 89
95.83861840444354 89
95.8546162609697 88
95.88146778708241 89
95.97592261779377 89
96.04172111344602 89
96.06377709810567 89
96.08335369130663 89
96.10943824686194 89
96.16867797489449 89
96.18944016183261 89
96.24126554291831 89
96.29075304021482 89
96.29887514000433 89
96.30056930667573 89
96.35867980014172 89
96.39695213878946 89
96.4241108232147 89
96.41512104862517 89
96.43125895599437 89
96.45445963470914 89
96.47444680185286 90
96.51122893679515 90
96.56769135037345 89
96.6343903053598 90
96.72372770436304 89
96.74740550444471 90
96.76245277512835 90
96.76570025504411 90
96.81022890886531 90
96.83762257088796 89
96.86562033712877 89
96.89217620955364 90
96.91356801587277 90
96.94118604554212 90
96.9747997399931 90
97.01192046233727 91
97.09080883429557 90
97.15264624000399 90
97.25945773061557 90
97.27349187807151 90
97.3084792018739 90
97.32471545871573 90
97.33062956776214 90
97.3467806935972 90
97.40866433496632 90
97.44598410548201 90
97.45672301504155 90
97.45866949711841 90
97.46120166883858 91
97.47500699544312 90
97.4917315446791 90
97.49926937469161 91
97.50505308595363 90
97.52972753581398 91
97.56205287166024 91
97.5955045595932 90
97.63740132245806 91
97.6456314886016 90
97.65451262557727 91
97.69329681179626 91
97.74271157203175 90
97.78964240549837 91
97.81252898875013 91
97.80672213992932 91
97.83091871386972 91
97.88341186313886 91
97.94166877039436 91
97.97351311915067 91
97.95823968089397 91
97.94657411181197 91
97.96204681774817 91
98.01120164327946 91
98.07335718250854 92
98.13453711760224 92
98.16697118162922 92
98.18318634655797 91
98.1920503615804 92
98.22965484568604 91
98.29530245869265 91
98.36194575412756 92
98.38376424703915 91
98.38584555840742 92
98.41143838259805 92
98.40462356778974 91
98.38889298717993 92
98.41897702678985 91
98.47653878320628 92
98.5208764858286 92
98.56654260907095 92
98.60749392108758 91
98.62998710894287 92
98.6920285450242 92
98.69917336282568 92
98.70648737232686 92
98.72231168151419 92
98.76600195020586 92
98.81012617120005 92
98.83558989161168 92
98.82538537409414 92
98.81269383670386 92
98.8403877587854 92
98.88004530400023 92
98.88480783970934 92
98.89977135298525 92
98.93282365275338 92
98.96833818172327 93
98.98147251451455 92
99.03429356819152 93
99.13433083342497 92
99.20776939032496 92
99.24378987691425 93
99.25588274315153 93
99.25266432914269 93
99.2536340496825 92
99.28943409696063 93
99.3684260067399 93
99.40736074500329 93
99.41010477554326 93
99.41437327461222 93
99.43640257314556 93
99.45110879568647 93
99.48393195634796 93
99.52236981652186 93
99.53928212068128 93
99.57439791461815 93
99.64846405038423 93
99.69090393727907 93
99.68965019329463 93
99.69020747366326 93
99.68436920102603 93
99.72035173849399 93
99.80759569141253 93
99.84163488956679 93
99.84740019624971 93
99.87586496389278 93
99.90924473228164 93
99.97981607117039 94
99.99220250135544 94
99.99759365155123 94
100.01334437887687 93
100.03318773071871 93
100.06142180124658 94
100.09873630121278 94
100.09365944194275 94
100.08075878390827 94
100.1186920602155 94
100.20050047554348 93
100.25627121550801 94
100.3242181014908 94
100.42047053758365 95
100.46923528388659 94
100.4820043827606 94
100.50499301769874 94
100.54170077898422 94
100.58661006995224 94
100.6104919866194 94
100.64407187545868 95
100.6800096491613 94
100.69628710729312 94
100.69477098921817 94
100.72021780355429 95
100.77044099122217 95
100.78217871468972 94
100.87774946853017 95
101.02869354128218 95
101.063584464782 95
101.05850307324528 95
101.05182078600319 95
101.0734269441948 95
101.12295832758085 95
101.17440848773605 94
101.19505114778653 95
101.19985216270415 95
101.1923762222731 95
101.18961558250227 95
101.21288249036225 95
101.25343461695701 95
101.27700151277298 95
101.2834414237743 95
101.30674737782607 95
101.33713174318437 95
101.34595376299077 95
101.36732411444973 95
101.38300665609762 95
101.39432928055216 95
101.41661066946628 95
101.49520770867268 95
101.62778576550679 95
101.63128445968765 95
101.60994730056416 95
101.61300883638069 95
101.63822326163327 95
101.65561765456546 95
101.67420606994713 95
101.69847012756048 95
101.72075160995176 96
101.71368616806052 96
101.7193494877665 96
101.73411317931232 96
101.75969078618664 95
101.77751163963472 95
101.79847284984106 95
101.8082609420913 95
101.81618985126968 96
101.80801088209199 95
101.84860404756157 96
101.93074404319273 95
102.03753885885673 96
102.0752995300418 95
102.08429923125513 95
102.08172447426651 96
102.05967038774196 96
102.06017623696609 96
102.07679866659733 96
102.10091426999357 96
102.10493520801273 96
102.11828932519039 96
102.12421482246864 96
102.13867878825741 96
102.12790998593906 97
102.13090083126079 96
102.16358634107686 96
102.19386079642115 96
102.18447300835626 96
102.19866720114909 96
102.22094339278988 96
102.23195159317149 96
102.26496440991134 96
102.29865617162218 97
102.31408219026086 96
102.32147471267398 96
102.33389207792072 96
102.36842269237297 96
102.42862396846743 96
102.4464423815366 96
102.45729776223473 96
102.49153722934345 96
102.52522860122193 96
102.55862133973577 97
102.60248681323995 97
102.6213498685331 97
102.62442907177032 97
102.65546338300439 97
102.79552267472522 97
102.95975861271717 97
102.97693514933559 97
102.98188111613425 96
102.98747948867359 97
102.98082651608048 97
102.96686476444563 97
102.98861425938347 97
103.04351640003148 97
103.0582985825998 97
103.04515331295954 97
103.05295832660721 97
103.07333127579754 97
103.05474880248619 97
103.06867252803198 96
103.11891811704908 96
103.12459354086164 97
103.11365413105166 97
103.12051367072459 97
103.14034221452576 97
103.14060060263402 96
103.13283731335892 97
103.14912647985096 97
103.17439112489467 97
103.19242156872377 97
103.16918150075013 97
103.17953532393189 97
103.17998470490662 96
103.16997158301325 97
103.17027130079381 97
103.23336297756774 97
103.26151256462425 97
103.27597695041948 97
103.28614277322711 97
103.29556928529621 97
103.30838101337565 97
103.32798541336523 97
103.33947116995904 97
103.35326814570584 97
103.36008680655026 97
103.33142913388956 97
103.33659014173386 98
103.34378873619937 97
103.33302684594426 97
103.32301008271469 97
103.38157560705247 97
103.38888287794663 98
103.37976426385823 97
103.39783471891913 97
103.43668449669624 98
103.46510525547147 98
103.45043436563208 97
103.47707028598708 97
103.55453645291803 97
103.56135258192037 97
103.55305589004806 98
103.57995177720514 98
103.60564088637658 98
103.60045465874762 98
103.64645063219314 97
103.73889420480532 97
103.8055768221192 97
103.84594765978427 98
103.85029751947486 97
103.85101079376106 97
103.85748779121342 97
103.84622247465998 98
103.86814726461745 98
103.88926852371155 97
103.88172634884639 97
103.87210300714308 98
103.90834502932049 98
103.97478615410783 98
103.96917352513164 98
103.98267881940305 98
104.0538705596311 99
104.12917775276958 98
104.21394327603919 97
104.26693953724289 98
104.2974196586262 98
104.30220678838023 98
104.28475784979533 98
104.31981340560091 98
104.32983858276009 98
104.32126581920834 98
104.30501922038319 98
104.31757290391403 98
104.33026381146496 98
104.30942578741401 98
104.31597773930142 98
104.35955399096258 98
104.37483052631677 98
104.373855681134 98
104.36608956030206 98
104.38404115424566 99
104.39483256170385 98
104.39663444047802 98
104.41227838275356 98
104.43529065006821 98
104.44182092994977 98
104.48274694306583 99
104.50882278486273 98
104.54015992049968 98
104.54710648451635 98
104.61245264278796 98
104.65983329944089 99
104.6888975973257 98
104.6974838046588 98
104.70603212004242 98
104.7296137594548 99
104.75668345296282 99
104.79111902912024 99
104.8081153066675 99
104.83186400846384 98
104.84801498421274 99
104.85066033645975 99
104.85608717873043 98
104.8795860809004 99
104.8721906237546 99
104.89175790627279 99
104.9746549478034 98
105.01308837859287 98
105.02127321203567 99
105.03603974039004 99
105.05244321488843 99
105.05754530257511 98
105.08498978647839 99
105.09559443659477 99
105.10401395825699 99
105.11551005577921 99
105.1122698782581 98
105.10358651732402 99
105.1351624719266 98
105.1213416336529 99
105.14666358525761 99
105.18010496549144 98
105.21698671801317 98
105.23402169421176 99
105.22570197106369 99
105.23068014588411 98
105.24595425147707 99
105.26178319473509 98
105.26722327510055 99
105.27123763111874 99
105.28636941161764 99
105.28425031449706 99
105.27888407880081 99
105.30391185046585 99
105.29165373771926 99
105.30811774644766 99
105.32418073130563 99
105.33847340953415 98
105.33489312185338 100
105.32105549899427 99
105.32317332398128 99
105.32786851665563 98
105.33919387906481 98
105.33732931552208 98
105.3345340827725 99
105.3452424437131 98
105.3338682711982 99
105.30719352186665 98
105.3112627233636 98
105.3028022593672 99
105.30428722748775 99
105.31247573954376 99
105.32386321685813 99
105.32514371773468 99
105.28889507076427 99
105.28682296734148 99
105.28430172575253 99
105.29469518676633 98
105.28770948824851 99
105.2753126371058 98
105.28039267799 99
