30.50806176414075 30.29806340738975
30.80434933310822 30.29806340738975
30.66314774436583 30.29806340738975
30.834789008658085 30.29806340738975
30.313955183714633 30.29806340738975
30.87861805196372 30.29806340738975
30.686059262491405 30.29806340738975
30.59525669324325 30.29806340738975
30.997742115373036 30.29806340738975
30.658071153425297 30.29806340738975
30.416113573085816 30.29806340738975
30.862191846424203 30.29806340738975
30.653164932455866 30.29806340738975
30.55966380095984 30.29806340738975
30.774798626344996 30.29806340738975
30.57727788906167 30.29806340738975
30.794457576131457 30.29806340738975
30.58016349345064 30.29806340738975
30.594709121164477 30.29806340738975
30.821515770890606 30.29806340738975
30.426666174703158 30.29806340738975
30.612673581355374 30.29806340738975
30.49911225891256 30.29806340738975
30.35582603722284 30.29806340738975
30.65389728872846 30.29806340738975
30.994838232314507 30.29806340738975
30.76182973927068 30.29806340738975
30.79255045571135 30.29806340738975
30.54959490000175 30.29806340738975
30.72839761205688 30.29806340738975
30.600763698275365 30.29806340738975
30.31200371382264 30.29806340738975
30.72197611777134 30.29806340738975
30.599200153853147 30.29806340738975
30.542911807036994 30.29806340738975
30.572986658919376 30.29806340738975
30.378912512158152 30.29806340738975
30.350505100019717 30.29806340738975
30.48525677798078 30.29806340738975
30.88360311359935 30.29806340738975
30.847288166377226 30.29806340738975
30.592961838986447 30.29806340738975
30.563928579655652 30.29806340738975
30.779377947130975 30.29806340738975
30.400225810058302 30.29806340738975
30.474570118796066 30.29806340738975
30.48383144505106 30.29806340738975
30.724938767605124 30.29806340738975
30.772979133647823 30.29806340738975
30.391390551013643 30.29806340738975
30.397649254719134 30.29806340738975
30.596477239299148 30.29806340738975
30.6010372749832 30.29806340738975
30.927415441001735 30.29806340738975
30.341284417091714 30.29806340738975
30.40317351207908 30.29806340738975
30.565121424149282 30.29806340738975
30.422738050237996 30.29806340738975
30.73985401960141 30.29806340738975
30.457925366324567 30.29806340738975
30.621342762978863 30.29806340738975
30.520454891411944 30.29806340738975
30.475115489391477 30.29806340738975
30.46282616062352 30.29806340738975
30.45687231504077 30.29806340738975
31.35891732127753 30.29806340738975
30.679292147930184 30.29806340738975
30.45339733872563 30.29806340738975
30.63747795353921 30.29806340738975
30.724752614730008 30.29806340738975
30.528356857302192 30.29806340738975
30.47170891006587 30.29806340738975
30.70509361373044 30.29806340738975
30.75618177055773 30.29806340738975
30.612456203040225 30.29806340738975
30.469849882675852 30.29806340738975
30.575747833140994 30.29806340738975
30.542635240686657 30.29806340738975
30.61475127480901 30.29806340738975
30.494703488415517 30.29806340738975
30.279637378835574 30.29806340738975
30.67482195633677 30.29806340738975
30.538457231488145 30.29806340738975
30.619029864326492 30.29806340738975
30.615443655810914 30.29806340738975
30.871959345717585 30.29806340738975
30.706536051702777 30.29806340738975
30.58948745349022 30.29806340738975
30.953470227750557 30.29806340738975
31.01039468910396 30.29806340738975
30.60997381641569 30.29806340738975
30.93566367655596 30.29806340738975
30.971400294222832 30.29806340738975
30.77434899408511 30.29806340738975
31.17946759993034 30.29806340738975
30.973189971035737 30.29806340738975
30.87357744259659 30.29806340738975
30.837591665837984 30.29806340738975
30.62604970362436 30.29806340738975
30.980733380833847 30.29806340738975
31.292182524832647 30.29806340738975
31.033853984553822 30.29806340738975
31.71552233436634 30.29806340738975
31.32542009185147 30.29806340738975
31.692017013866682 30.29806340738975
31.446508887965024 30.29806340738975
31.748392419507162 30.79475297144532
31.482785770904215 30.79475297144532
31.79308145987273 30.79475297144532
31.98221028813478 30.79475297144532
32.10556979500705 30.79475297144532
32.16970379152711 30.79475297144532
32.75071903328512 30.79475297144532
32.92220466903568 30.79475297144532
32.747002574814545 30.79475297144532
32.82953036452411 31.291442535500888
32.50550031944083 31.291442535500888
33.10678292278757 31.291442535500888
33.40673543713076 31.291442535500888
33.29882819128622 31.291442535500888
33.77318330240651 31.78813209955646
33.75468843997557 31.291442535500888
34.04153337611084 31.78813209955646
34.31613309700832 32.28482166361203
34.35261245437681 31.78813209955646
34.43832556845667 32.28482166361203
34.69690136985114 32.28482166361203
35.112663847631936 32.28482166361203
35.05339574810756 32.7815112276676
35.83906662253004 32.7815112276676
35.77989517307506 33.278200791723165
36.288247863947774 33.278200791723165
36.366181764292875 33.77489035577874
36.73852509765754 33.77489035577874
37.19254632283837 33.77489035577874
37.10742822254241 34.27157991983431
37.410340762802925 34.27157991983431
37.97120924278121 34.768269483889874
38.211479200530206 35.264959047945446
38.34813487633497 35.264959047945446
38.6060690795097 35.76164861200102
38.72927077381494 35.76164861200102
39.08967549927778 36.25833817605658
39.403217581700275 36.25833817605658
39.94053740102927 36.755027740112155
40.15633572473096 37.25171730416773
40.411543415914565 37.25171730416773
40.69597876314394 37.74840686822329
41.11937736101441 37.74840686822329
41.536695623724434 38.245096432278864
41.765944714648754 38.741785996334436
41.77885234246311 39.23847556039
42.39510786300204 39.23847556039
42.58726263496475 39.73516512444557
42.72993226635347 39.73516512444557
43.13773365832536 40.231854688501144
43.29356994175182 40.72854425255671
43.664579812302804 41.22523381661228
44.06109524354099 41.22523381661228
44.387229075720256 41.72192338066785
44.683934458126224 42.218612944723425
44.91832474105081 42.218612944723425
45.17060015654597 42.71530250877899
45.420288971775705 43.21199207283456
45.94119519126589 43.21199207283456
45.95940643161271 43.708681636890134
46.32124834895825 44.2053712009457
46.79931045129902 44.2053712009457
46.88659985833022 44.70206076500127
47.11666931548062 45.19875032905684
47.570543751961665 45.19875032905684
47.669261087757796 45.69543989311241
48.10236389949996 46.19212945716798
48.19354940912927 46.19212945716798
48.472322744857365 46.68881902122355
48.84630972389414 46.68881902122355
49.086605356673836 47.185508585279116
49.00099222402686 47.185508585279116
49.64364888306891 47.68219814933469
49.92434576962938 48.17888771339026
50.34470856735824 48.17888771339026
50.352001432666256 48.675577277445825
50.44865738319188 48.675577277445825
51.38066994372077 49.1722668415014
51.24269792471098 49.66895640555697
51.40927040391043 49.66895640555697
51.443482885896515 50.165645969612534
52.399162983575984 50.165645969612534
52.56772857363129 50.662335533668106
52.52294752631357 51.15902509772368
52.936491742148576 51.15902509772368
53.15025369878387 51.65571466177924
53.287439717420845 51.65571466177924
53.64904303668538 52.152404225834815
53.91579256622022 52.64909378989039
53.785118176151286 52.64909378989039
54.30036310463443 52.64909378989039
54.76276625221225 53.14578335394595
54.76793665685655 53.14578335394595
55.05474966159669 53.64247291800152
55.35092891311656 54.139162482057095
55.79825577296702 54.63585204611266
55.78372807402406 54.63585204611266
56.20297522190741 54.63585204611266
56.36299582762462 55.13254161016823
56.50544121646707 55.13254161016823
56.5456896449256 55.13254161016823
57.29991432383427 55.629231174223804
57.261368155368444 56.12592073827937
57.34475229138007 56.12592073827937
57.95899930949142 56.12592073827937
58.0013128298373 56.62261030233494
58.25615682456169 57.11929986639051
58.68257268430592 57.11929986639051
58.59057192032294 57.615989430446085
58.896775203783605 57.615989430446085
59.1746735309527 58.11267899450165
59.23211644340162 58.11267899450165
59.67149250684616 58.11267899450165
59.871127064820925 58.60936855855722
59.926018345790844 58.60936855855722
60.31635288144058 59.106058122612794
60.48575356400548 59.60274768666836
60.79793302025077 59.60274768666836
60.843804496664156 59.60274768666836
60.99220923005152 60.09943725072393
61.12360617788521 60.09943725072393
61.89783330793 60.5961268147795
61.761103133626676 60.5961268147795
61.82834740273953 61.09281637883507
62.255260515874305 61.09281637883507
62.738821353175155 61.58950594289064
62.60558928047042 61.58950594289064
62.56721517870223 62.08619550694621
62.93844580479852 62.08619550694621
63.32201161081801 62.08619550694621
63.7042271376535 62.582885071001776
63.58491307123143 62.582885071001776
63.86733465555058 63.07957463505735
64.52502899157 63.07957463505735
63.97212265181196 63.57626419911292
64.71124883856096 63.57626419911292
64.86094602886756 63.57626419911292
65.32195486424077 64.07295376316848
64.93793032204559 64.56964332722406
65.283973387862 64.56964332722406
65.55523865304694 64.56964332722406
65.85262638547954 64.56964332722406
66.0198144929936 65.06633289127963
66.25052405448415 65.5630224553352
66.56389607660701 65.5630224553352
66.49606374276709 65.5630224553352
66.59937293142127 66.05971201939077
67.02355195924804 66.05971201939077
67.40577737847411 66.05971201939077
67.29628643113564 66.55640158344633
68.03059710999895 66.55640158344633
67.61393628101276 67.0530911475019
67.42324317496667 67.0530911475019
68.19266151734098 67.0530911475019
68.12600740800248 67.54978071155747
68.49734811835256 67.54978071155747
68.80304978090993 68.04647027561305
68.92525187665605 68.04647027561305
69.14659300714601 68.54315983966862
69.54507606062948 68.54315983966862
69.55586111666881 68.54315983966862
69.38519782443473 69.03984940372419
69.84996870567451 69.03984940372419
69.8676901567324 69.03984940372419
70.19381145631397 69.53653896777975
70.44827540039486 69.53653896777975
70.358811552317 70.03322853183532
70.60575237051106 70.03322853183532
70.90103940177572 70.03322853183532
71.04450244090843 70.52991809589089
71.17520105403608 70.52991809589089
71.34585038045527 70.52991809589089
71.63616580999394 71.02660765994646
71.6866107158948 71.02660765994646
72.30084555817285 71.02660765994646
71.92983426755221 71.52329722400204
72.53315562936085 71.52329722400204
72.53326791487652 72.01998678805761
72.79967710489257 72.01998678805761
72.94811110782686 72.01998678805761
73.45680183397559 72.51667635211317
73.16440740764492 72.51667635211317
73.21313488014539 73.01336591616874
73.44230101486482 73.01336591616874
73.94408838643527 73.01336591616874
73.9028397246126 73.51005548022431
74.18989588904013 73.51005548022431
74.3713466025778 74.00674504427988
74.72308408509099 74.00674504427988
74.63459216218487 74.00674504427988
74.64640977682959 74.00674504427988
74.98776228823085 74.50343460833545
75.09720918535916 74.50343460833545
75.30261507217745 74.50343460833545
75.47769648276669 75.00012417239103
75.67156516823573 75.00012417239103
75.4152786190828 75.49681373644658
76.05882912848033 75.49681373644658
75.89631829725677 75.49681373644658
76.02712175557554 75.49681373644658
76.40566427825036 75.99350330050216
76.75730685056925 75.99350330050216
76.70781656723979 75.99350330050216
76.83665638091614 76.49019286455773
76.99465490947271 76.49019286455773
77.11878278929692 76.9868824286133
77.6332818480925 76.9868824286133
77.34097458259714 76.9868824286133
77.45740994407932 76.9868824286133
77.66870207976703 77.48357199266887
78.27749779105342 77.48357199266887
78.18898918115814 77.98026155672444
78.35129965020822 77.98026155672444
78.41748576659631 77.98026155672444
78.64074445450812 77.98026155672444
78.52266347679844 78.47695112078
79.04212053198559 77.98026155672444
78.91692877379221 78.47695112078
78.96560797250959 78.97364068483557
79.43772474379509 78.97364068483557
79.60352691067114 78.97364068483557
79.71860313869956 79.47033024889114
80.00471167668759 79.47033024889114
79.9449476921443 79.47033024889114
80.39794413246284 79.96701981294672
80.55367161764092 79.96701981294672
80.52492670866796 80.46370937700229
80.70183240650506 80.46370937700229
80.86957846055817 80.46370937700229
80.99500445621507 80.46370937700229
81.19125570476133 80.96039894105786
81.35718683736232 80.96039894105786
81.39616677525247 80.96039894105786
81.8443164884441 81.45708850511342
81.82450884305429 81.45708850511342
81.85039045786566 81.45708850511342
81.96668046857877 81.45708850511342
82.09591350354889 81.95377806916899
82.14042278660455 82.45046763322456
82.3584441074272 81.95377806916899
82.48559206646884 82.45046763322456
82.4658337024706 82.45046763322456
82.79174391039835 82.45046763322456
82.88244540700967 82.94715719728013
82.69403197546308 82.94715719728013
83.197145763324 82.94715719728013
83.28914552142334 82.94715719728013
83.2521868355061 82.94715719728013
83.80421462370427 83.4438467613357
83.63398013425856 83.4438467613357
84.0863644816867 83.94053632539128
84.2825376119885 83.94053632539128
84.19331709749558 84.43722588944685
84.49375057497505 84.43722588944685
84.24369742672602 83.94053632539128
84.51755966900409 84.43722588944685
84.94552961968755 84.43722588944685
84.75568167881191 84.93391545350241
85.04700983724317 84.93391545350241
85.40338718868918 84.93391545350241
85.25480505127297 84.93391545350241
85.59406035252364 85.43060501755798
85.44604983566224 85.43060501755798
85.70812980007447 85.43060501755798
85.81049990223859 85.92729458161355
85.92059506989159 85.92729458161355
86.38086241274682 85.92729458161355
86.17898867675495 86.42398414566912
86.34393381601426 86.42398414566912
86.5855105746186 86.42398414566912
86.631014315821 86.42398414566912
86.6968200008661 86.9206737097247
86.98787360440424 86.9206737097247
86.9267061911516 86.9206737097247
87.27483306822703 86.9206737097247
87.44452285073662 86.9206737097247
87.41851574855413 87.41736327378027
87.54066768414792 87.41736327378027
87.68451523915095 87.41736327378027
87.91532549372018 87.91405283783583
87.99010345406853 87.91405283783583
87.86444138287803 87.91405283783583
88.15325239142585 87.91405283783583
88.3836639605831 87.91405283783583
88.50851002455073 88.4107424018914
88.71141246569037 88.4107424018914
88.73222721712693 88.90743196594697
88.98411919907393 88.90743196594697
89.17648790039132 88.90743196594697
89.07061940047804 89.40412153000254
89.1116295700344 89.40412153000254
89.37899701577285 89.40412153000254
89.385084276492 89.40412153000254
89.49836470869305 89.40412153000254
89.4171028318577 89.90081109405811
89.77595747086707 89.90081109405811
90.05888676803549 89.90081109405811
90.39785975378226 90.39750065811369
90.03331050243617 90.39750065811369
90.51673259135083 90.39750065811369
90.51067982812509 90.89419022216924
90.90989018623199 90.39750065811369
90.83773991025846 90.89419022216924
90.72340758256736 90.89419022216924
91.04419453807046 90.89419022216924
91.05980643289264 91.39087978622482
91.20609402643554 91.39087978622482
91.48301978076387 91.39087978622482
91.60400414669255 91.88756935028039
91.55998387027685 91.88756935028039
91.86477449597965 91.88756935028039
91.80295270418563 91.88756935028039
91.66274942777181 91.88756935028039
92.19034709507783 91.88756935028039
92.10440465001903 92.38425891433596
92.13733799275741 92.38425891433596
92.29544476288079 92.38425891433596
92.54650114489684 92.38425891433596
92.95803921728958 92.38425891433596
92.72870847653996 92.88094847839153
93.02074117252998 93.3776380424471
93.08064998381614 92.88094847839153
92.9525560557715 93.3776380424471
93.38269510143967 93.3776380424471
93.52085744826013 93.3776380424471
93.65431971222976 93.3776380424471
93.59457954080698 93.87432760650266
93.74326779287647 93.87432760650266
93.80065878570777 93.87432760650266
93.95648362420538 94.37101717055823
93.77059061322291 94.37101717055823
94.03268369956822 94.37101717055823
94.38585648747502 94.37101717055823
94.51301334457219 94.8677067346138
95.02345903950307 94.8677067346138
94.83817718478875 95.36439629866938
94.75745402089623 94.8677067346138
94.87298312834096 94.8677067346138
94.81953970740989 95.36439629866938
95.3626189237759 95.36439629866938
95.06789292121834 95.36439629866938
95.61468879487958 95.36439629866938
95.26714413387174 95.86108586272495
95.3813935072389 95.86108586272495
95.6757083194002 95.86108586272495
95.75741022335274 95.86108586272495
95.8926425691697 95.86108586272495
96.27156052997405 96.35777542678052
96.10836106044107 96.35777542678052
96.08620587342813 96.35777542678052
96.03229854604069 96.35777542678052
96.23813431904657 96.35777542678052
96.2694656987343 96.35777542678052
96.5810144112308 96.85446499083608
96.79879460384743 96.85446499083608
96.70184836781597 97.35115455489165
96.61572892395068 97.35115455489165
96.94035276599723 97.35115455489165
96.99366302073508 97.35115455489165
97.00893069794742 97.35115455489165
97.28762635281657 97.35115455489165
97.37614511627312 97.35115455489165
97.3345043775636 97.84784411894722
