30.676191182897405 30.29806340738975
30.609909826508634 30.29806340738975
30.611660559310344 30.29806340738975
30.423285026121142 30.29806340738975
31.038152690592497 30.29806340738975
30.38695780076445 30.29806340738975
30.307227915311557 30.29806340738975
30.2518109936605 30.29806340738975
30.235382109782904 30.29806340738975
30.57094487773088 30.29806340738975
30.50360797538653 30.29806340738975
30.364046407347743 30.29806340738975
30.647435727648443 30.29806340738975
30.546413875886927 30.29806340738975
30.44270593628812 30.29806340738975
30.378369335099954 30.29806340738975
30.570560046094528 30.29806340738975
30.654054932451743 30.29806340738975
30.60388220295105 30.29806340738975
30.392369605893343 30.29806340738975
30.465617914375386 30.29806340738975
31.446754072691107 30.29806340738975
30.958451195339926 30.79475297144532
31.333133568563028 30.29806340738975
31.069723041856307 30.79475297144532
30.72806360681747 30.79475297144532
30.744084447127875 30.29806340738975
30.89519484525794 30.29806340738975
31.69579733586597 30.79475297144532
31.417034414844302 31.291442535500888
31.021226547479245 30.79475297144532
31.411086386711524 30.79475297144532
31.280300364113778 31.291442535500888
31.49236348081778 31.291442535500888
31.260602472428864 31.291442535500888
31.608900988220476 31.291442535500888
31.56025002397562 31.291442535500888
31.777879342972454 31.291442535500888
31.521123678908623 31.291442535500888
31.639856150161734 31.291442535500888
31.819593671585025 31.291442535500888
31.556084101742073 31.291442535500888
32.7281236991818 31.291442535500888
32.72227571758146 32.28482166361203
32.14689638179901 32.28482166361203
31.45998456488165 31.78813209955646
32.02976973544595 31.78813209955646
32.42519588103841 31.78813209955646
32.346613368265636 32.28482166361203
33.511841334304606 32.28482166361203
32.65986918412226 32.7815112276676
32.568442073767756 32.28482166361203
32.50618388539185 32.28482166361203
31.682298347739717 32.28482166361203
32.40920051368969 31.78813209955646
32.778783202782904 32.28482166361203
32.45121510256384 32.28482166361203
32.663801185654165 31.78813209955646
31.937619141859088 31.78813209955646
32.2317934438828 31.78813209955646
33.777576404773214 31.78813209955646
32.65984767317412 32.7815112276676
33.06271611512701 32.28482166361203
32.79023616940453 32.7815112276676
32.12204464121638 32.28482166361203
32.22180527135069 32.28482166361203
31.67416507237767 32.28482166361203
32.19801375136817 31.78813209955646
31.93018747261909 31.291442535500888
31.520460224546852 31.78813209955646
31.946061550432567 31.291442535500888
32.15420125189015 31.78813209955646
32.006944377343935 31.78813209955646
32.02307572324354 31.291442535500888
32.12694092592513 31.78813209955646
31.500912506878223 31.291442535500888
31.91602366799532 31.291442535500888
32.04019659895812 31.291442535500888
31.9517096838468 31.291442535500888
31.613123328125397 31.291442535500888
31.364347742267846 31.291442535500888
31.42969129302179 30.79475297144532
31.512571743223447 30.79475297144532
31.753709286469054 30.79475297144532
31.671608777858907 30.79475297144532
31.98203992475036 30.79475297144532
31.675820030118487 30.79475297144532
31.498647131453005 30.79475297144532
31.944887202552863 30.79475297144532
31.784837484532474 30.79475297144532
32.110859556116324 30.79475297144532
32.283697006515084 30.79475297144532
32.06691779182003 31.291442535500888
31.767067663195064 30.79475297144532
32.29331576065934 30.79475297144532
32.46274244789574 30.79475297144532
31.747640007876697 31.291442535500888
32.41275035122718 31.291442535500888
32.563725942852706 31.291442535500888
33.158354822157996 31.291442535500888
32.783518353632715 31.78813209955646
33.09704129293204 31.78813209955646
33.12538012298756 31.78813209955646
33.501866142099246 31.78813209955646
33.26079958615328 32.28482166361203
33.99469513392794 32.28482166361203
33.791281257544476 32.28482166361203
34.67617139524258 32.7815112276676
34.37297689748194 32.7815112276676
34.15955745759372 32.7815112276676
34.80217881414579 33.278200791723165
34.960344042148265 32.7815112276676
34.957717867809336 33.278200791723165
35.64780320821175 33.278200791723165
34.91535729301349 33.77489035577874
35.33778029333121 33.77489035577874
35.878154994840905 33.77489035577874
35.9133109113652 34.27157991983431
36.22076209346105 34.27157991983431
36.978294160757734 34.768269483889874
36.4959099038374 34.768269483889874
37.15827526796916 34.768269483889874
37.346899485632385 35.264959047945446
37.80001516694682 35.264959047945446
37.90852938190004 35.76164861200102
37.641091641621564 36.25833817605658
38.224254118675084 35.76164861200102
38.468459394519016 36.755027740112155
39.04121071390416 36.25833817605658
39.54076835565772 36.755027740112155
39.18067362020173 37.74840686822329
40.316662422559745 37.74840686822329
40.50242034067613 38.245096432278864
40.673813021566424 38.245096432278864
40.640109090822435 38.741785996334436
40.99958191868773 38.741785996334436
41.22269439864263 39.23847556039
41.15772715530328 38.741785996334436
41.31475024520098 39.23847556039
42.65471490747027 39.23847556039
42.23722860930798 40.231854688501144
42.462766942653154 40.231854688501144
43.10208619422225 40.72854425255671
43.82881542610599 40.72854425255671
43.45267095798752 41.72192338066785
43.69268682775973 41.72192338066785
44.00754856486653 41.72192338066785
44.83668159772491 42.218612944723425
44.094098935553404 42.71530250877899
44.87797973373938 42.218612944723425
45.37162284564722 42.71530250877899
45.89724570316406 43.21199207283456
45.70935232679935 43.708681636890134
46.49119317414963 43.708681636890134
46.137047158981744 44.2053712009457
45.90992274090379 44.2053712009457
46.87283231288281 44.2053712009457
47.09862307546351 44.70206076500127
46.962732289002304 45.19875032905684
48.044379272193 44.70206076500127
47.76446235917197 45.69543989311241
48.05401838867753 45.69543989311241
48.17555067759254 46.19212945716798
48.70719297180116 46.68881902122355
49.34800966944614 47.185508585279116
48.956444825439476 47.68219814933469
49.56870650052154 47.68219814933469
49.54272644386718 47.68219814933469
49.575489320944456 47.68219814933469
50.31409843184407 47.68219814933469
50.45581399337489 48.17888771339026
50.84278805143586 48.675577277445825
51.33636607795575 49.1722668415014
50.88416197782128 49.1722668415014
51.550590787507105 49.1722668415014
51.8985289205759 49.66895640555697
52.27004183834566 50.165645969612534
52.06097461746611 50.662335533668106
52.259187016841295 50.165645969612534
52.55401809459666 50.662335533668106
52.74942634864438 51.15902509772368
52.96442624805993 51.15902509772368
52.96350647170757 51.65571466177924
53.08084882924426 51.15902509772368
53.98177968907892 51.65571466177924
54.340993268284464 52.152404225834815
54.164288429914464 52.64909378989039
54.91694540470134 52.64909378989039
54.45411854324061 53.14578335394595
54.91357561736015 53.14578335394595
55.403074770068955 53.14578335394595
55.48008135881441 54.139162482057095
56.23065617875718 54.139162482057095
55.777415653523505 54.63585204611266
56.05177789651539 54.63585204611266
56.93163102194855 54.63585204611266
56.36258979594338 55.13254161016823
56.568814215502954 54.63585204611266
57.298722905889115 55.13254161016823
57.406684032597084 55.629231174223804
57.52428379410836 56.12592073827937
58.03082995018514 56.12592073827937
57.57616358752795 56.62261030233494
58.681008254041345 56.62261030233494
58.83383870027508 57.11929986639051
58.6482792275002 57.615989430446085
58.95138472359815 57.11929986639051
59.3491673181273 57.615989430446085
59.525874680501005 58.11267899450165
59.97897603277185 57.615989430446085
60.052552662014456 58.60936855855722
60.15115074266017 58.60936855855722
60.34273989845427 58.60936855855722
60.81394928201949 59.106058122612794
60.764229084668905 59.106058122612794
61.23753070312104 59.60274768666836
61.44277242072478 60.09943725072393
61.7023433293353 60.09943725072393
61.948701703252794 60.09943725072393
62.13806478267155 60.5961268147795
61.89947999659767 60.5961268147795
61.99160322401653 61.09281637883507
62.76393265818612 60.09943725072393
62.80155767254534 61.58950594289064
62.77485431544253 61.58950594289064
63.438596449818476 61.58950594289064
62.81187507341465 62.08619550694621
63.64251803477054 61.58950594289064
64.00025291394888 62.582885071001776
63.65399029408712 62.582885071001776
64.46260019783693 62.582885071001776
64.6210415787383 63.07957463505735
64.73806183077454 63.07957463505735
65.02051885631596 63.57626419911292
65.26475049431852 63.57626419911292
65.15859001589045 64.56964332722406
65.05198508010571 64.07295376316848
65.40281980068461 64.07295376316848
66.0127080235985 64.07295376316848
65.8816687487923 64.56964332722406
66.64828193287673 64.56964332722406
66.31070470524288 65.5630224553352
66.14077466152966 65.06633289127963
66.8916087426326 65.06633289127963
67.27296790774987 65.5630224553352
67.78384902305912 66.05971201939077
67.67926981596268 66.05971201939077
67.26677452962144 66.55640158344633
67.44514258338877 66.05971201939077
67.60378319136296 66.55640158344633
68.10816998269459 66.55640158344633
68.30770442810653 67.0530911475019
68.64528305637961 67.0530911475019
69.15459762840702 67.54978071155747
69.13304655626483 68.04647027561305
69.35089162274028 68.04647027561305
68.91795515608445 68.04647027561305
69.37100870417791 68.04647027561305
69.71059062155132 68.54315983966862
69.9160002724472 68.54315983966862
70.48111716519955 69.03984940372419
69.8557810555906 69.53653896777975
69.80140408412838 69.03984940372419
70.96191033645277 69.03984940372419
71.17821007493421 69.53653896777975
70.9739286339332 70.03322853183532
71.30915174020373 70.03322853183532
71.41514768139851 70.03322853183532
71.70186494585144 70.52991809589089
72.02551600113851 70.52991809589089
72.14612250243044 71.02660765994646
72.55402477308644 71.02660765994646
72.09392801080129 71.52329722400204
72.38606328307654 71.52329722400204
72.11144728209956 71.52329722400204
73.40181028503943 71.52329722400204
73.04225221179168 72.01998678805761
73.44505011759696 72.01998678805761
72.90009703991008 72.01998678805761
73.88123351358946 72.51667635211317
73.38807295911245 73.01336591616874
73.98031761869855 72.51667635211317
73.67922589285719 73.01336591616874
74.02836349606888 73.01336591616874
74.14180882248903 73.51005548022431
74.32538196870269 73.01336591616874
74.45728815911312 73.51005548022431
74.82067539338667 73.51005548022431
75.44562094270806 73.51005548022431
75.00610313129965 74.50343460833545
75.0722516407022 74.00674504427988
75.72213395612471 74.50343460833545
76.13643463964029 74.50343460833545
76.25833268324465 75.00012417239103
76.12068766740613 75.49681373644658
75.82434961372327 75.49681373644658
76.07050211974318 75.00012417239103
76.36977342621964 75.49681373644658
76.66414567294065 75.49681373644658
76.53171063957885 75.99350330050216
76.82636304858006 75.99350330050216
76.86138916272752 75.99350330050216
77.40513773741397 75.99350330050216
77.89970607162242 76.49019286455773
77.60882552578094 76.9868824286133
78.15057529435184 76.9868824286133
77.74398305904393 77.48357199266887
78.47038234586307 76.9868824286133
78.39288698080776 77.48357199266887
78.27830815432903 77.98026155672444
78.76867593837768 77.48357199266887
78.95737489803325 77.98026155672444
78.94796679992108 77.98026155672444
79.55500091901177 78.47695112078
79.4684167268824 78.97364068483557
80.12203378729855 78.47695112078
80.12992314838513 79.47033024889114
79.77042331940774 79.47033024889114
79.52701557442262 78.97364068483557
79.85336285560685 78.97364068483557
80.42748628717253 78.97364068483557
80.7457617507429 79.96701981294672
80.8069446715838 79.96701981294672
80.65752761448185 80.46370937700229
81.33256543472685 79.96701981294672
80.91818945630806 80.46370937700229
81.64599872534754 80.46370937700229
81.04370264334469 80.46370937700229
81.70875575373191 80.46370937700229
82.2387635226358 81.45708850511342
82.11983379789253 81.45708850511342
81.74820532488977 81.45708850511342
81.98790602979835 80.96039894105786
82.90472604511362 81.45708850511342
82.46256001576664 81.95377806916899
83.02524961267943 82.45046763322456
82.79958666937272 81.95377806916899
82.87528238742615 82.45046763322456
83.46947656964717 82.45046763322456
82.8771372259938 82.94715719728013
83.57082315718347 82.45046763322456
83.58701546575206 82.94715719728013
83.39216404263888 82.94715719728013
84.27639540714958 83.4438467613357
84.35785923753595 83.4438467613357
84.05943453950059 83.94053632539128
84.65001254888116 83.94053632539128
84.59625311157359 83.94053632539128
84.66195858520837 84.43722588944685
85.09560601752926 84.43722588944685
84.89220462812308 84.43722588944685
84.92122919477768 84.43722588944685
85.03181635158093 84.43722588944685
85.82103714616612 84.43722588944685
85.7683008495973 85.43060501755798
85.51214139491896 84.93391545350241
85.90804097507771 85.43060501755798
86.17005257500072 85.43060501755798
85.8944247673905 85.92729458161355
86.32547126628087 85.43060501755798
86.91946064503193 85.92729458161355
86.86716718955002 86.9206737097247
86.73150409683782 85.92729458161355
86.50831276964874 86.42398414566912
87.40073299504698 86.42398414566912
87.54017446075962 86.9206737097247
87.20167143091928 86.9206737097247
88.00140186860074 87.41736327378027
87.53080722990249 87.41736327378027
87.95285985735673 87.41736327378027
87.63880850678333 87.41736327378027
88.03748767495262 87.41736327378027
87.56275445169031 87.91405283783583
88.07989329910774 87.41736327378027
88.35026455101755 87.91405283783583
88.5584219994128 87.91405283783583
89.3722705309661 88.4107424018914
89.45263363333567 88.90743196594697
89.49006005430853 88.90743196594697
89.23541027161056 88.90743196594697
89.28741878447823 88.90743196594697
89.56823696109075 88.90743196594697
88.64664051428028 89.40412153000254
89.75148698228912 88.90743196594697
89.25310920716339 89.40412153000254
90.57051171497334 88.90743196594697
89.71315150264994 90.39750065811369
89.89885735101086 89.90081109405811
90.12184534101428 89.90081109405811
90.80664452796202 89.90081109405811
90.35457272137005 90.39750065811369
90.35852114966565 90.39750065811369
91.00887681562745 90.39750065811369
90.59137278020371 90.89419022216924
90.55702571260652 90.89419022216924
90.94847537380996 90.39750065811369
91.42447986982032 90.39750065811369
91.44283331400574 90.89419022216924
91.70660995003458 91.39087978622482
91.40891934346624 91.39087978622482
92.31653541017295 91.39087978622482
91.72989599012737 91.88756935028039
92.54022920551307 91.39087978622482
92.01251523343126 91.88756935028039
92.33387955983443 92.38425891433596
92.34098522657682 92.38425891433596
92.73701608037898 91.88756935028039
92.41353647993749 92.88094847839153
92.6704161697967 92.38425891433596
92.85619172032864 92.38425891433596
93.61945170726665 92.88094847839153
93.48049334055248 93.3776380424471
93.2034523630031 93.3776380424471
93.23077290047583 92.88094847839153
93.26474341964823 93.3776380424471
93.30495752952135 92.88094847839153
94.054749447685 93.3776380424471
93.738718833082 93.87432760650266
94.38410934359685 93.87432760650266
