30.383015556859725 30.29806340738975
30.300147298430566 30.29806340738975
30.395757055978393 30.29806340738975
30.46731301156175 30.29806340738975
30.15084517106768 30.29806340738975
30.278923335363395 30.29806340738975
30.40327255212469 30.29806340738975
30.60820233297757 30.79475297144532
30.592200029194345 30.29806340738975
30.495224905895 30.29806340738975
30.53585277395608 30.29806340738975
30.162804316735745 30.29806340738975
30.292034447972725 30.29806340738975
30.752926906331645 30.29806340738975
30.36436354254966 30.29806340738975
30.385155406125882 30.29806340738975
30.728383168805067 30.29806340738975
30.549674182272796 30.29806340738975
30.653051979408012 30.29806340738975
30.178061508196826 30.29806340738975
29.977010752692166 30.29806340738975
30.12081732940387 30.29806340738975
30.38403717186783 30.29806340738975
30.00722366157339 30.29806340738975
30.276285298753677 30.29806340738975
30.36523619639263 30.29806340738975
30.364817250451708 30.29806340738975
30.37637426208957 30.29806340738975
30.290075062049006 30.29806340738975
30.102219509315304 30.29806340738975
30.35203252537527 30.29806340738975
30.406537168063252 30.29806340738975
30.76749561957846 30.29806340738975
30.385073595247718 30.29806340738975
30.308138161791504 30.29806340738975
30.2533952700486 30.29806340738975
30.554284560132572 30.29806340738975
30.593883467896127 30.29806340738975
30.71348836362081 30.29806340738975
30.495355152763352 30.29806340738975
30.399102307307373 30.29806340738975
30.674825337449832 30.29806340738975
31.1212259166727 30.29806340738975
31.054053580751727 30.29806340738975
31.009959356588077 30.29806340738975
31.41093955573467 30.29806340738975
31.29828416627963 30.29806340738975
31.283522159844175 30.29806340738975
31.668634567243423 30.29806340738975
31.475398474062928 30.29806340738975
31.870300660073 30.29806340738975
31.696945756324872 30.29806340738975
32.099578582108414 30.29806340738975
31.972178785664006 30.29806340738975
32.40302362389324 30.79475297144532
32.26107372872203 30.29806340738975
32.45923908293718 30.79475297144532
32.64265796280381 30.79475297144532
32.501654384970806 30.79475297144532
32.81059341577595 30.79475297144532
32.91474905535579 30.79475297144532
32.95153864641765 30.79475297144532
33.56744011679412 30.79475297144532
33.424385844697625 31.291442535500888
33.785938844845745 31.291442535500888
33.7284415153094 31.291442535500888
33.816323113501326 31.291442535500888
34.43257092063189 31.291442535500888
34.6054738454723 31.78813209955646
34.949808888577806 31.78813209955646
34.850224595275705 31.78813209955646
34.95088203873954 32.28482166361203
35.289586313913226 31.78813209955646
35.490529864829426 32.28482166361203
35.86742197364087 32.7815112276676
36.30961727420946 32.7815112276676
36.382725918993366 33.278200791723165
36.30137293690982 33.278200791723165
37.24348408773237 33.278200791723165
37.060423559262816 33.77489035577874
37.25376957701681 34.27157991983431
37.404145153276254 34.27157991983431
37.781368755773045 34.27157991983431
38.375811027513095 34.768269483889874
38.57387305764894 35.264959047945446
38.74162782974552 35.264959047945446
38.78700063038945 35.264959047945446
39.48684890948974 35.76164861200102
39.780669974009676 36.25833817605658
39.984452950698 36.755027740112155
40.060798499615274 37.25171730416773
40.40936345731323 37.25171730416773
40.70288488402499 37.74840686822329
40.97929016359296 37.74840686822329
41.52818656511954 38.245096432278864
41.481860122037425 38.741785996334436
41.750820603999145 38.741785996334436
42.10202924908161 39.23847556039
42.10839452171651 39.73516512444557
42.78498434032736 39.73516512444557
42.954937847544436 40.231854688501144
42.90771400075272 40.72854425255671
43.37490624039731 40.72854425255671
43.631291154857536 40.72854425255671
43.7832367791918 41.22523381661228
44.61328458556417 41.72192338066785
44.812234053383065 42.218612944723425
45.08490696117111 42.218612944723425
45.36891976354053 42.71530250877899
45.767619972099375 43.21199207283456
46.016313467959684 43.708681636890134
46.17868309281076 43.708681636890134
46.294194965262584 44.2053712009457
46.6607994987486 44.2053712009457
46.97887193425188 44.70206076500127
47.06837231380263 45.19875032905684
47.529642139808146 45.19875032905684
47.61698927240424 45.69543989311241
48.24523268400426 46.19212945716798
47.99851407132529 46.19212945716798
48.68435962038163 46.68881902122355
49.05620027941807 47.185508585279116
49.09062500795419 47.68219814933469
49.45808446416924 47.185508585279116
49.73430378565604 47.68219814933469
50.056567468397674 48.17888771339026
50.02989513573298 48.17888771339026
50.350796217180985 48.17888771339026
50.66909488790005 48.675577277445825
50.874046502367776 49.1722668415014
51.00587520974789 49.1722668415014
51.20854421858884 49.66895640555697
51.66782281846711 49.66895640555697
51.98403017988308 50.165645969612534
51.8758827212815 50.662335533668106
52.41007863905229 50.662335533668106
52.52529344929388 51.15902509772368
52.71948225910161 51.15902509772368
53.00687264303328 51.65571466177924
53.45962737954074 51.65571466177924
53.85763907212291 52.152404225834815
54.027993426302764 52.64909378989039
54.52552427105988 53.14578335394595
54.35445490468471 53.14578335394595
54.38358340184621 53.14578335394595
54.71365102408679 53.64247291800152
55.28971137699151 53.64247291800152
55.37454519689511 54.139162482057095
55.530440072057566 54.139162482057095
55.65236296795911 54.63585204611266
56.28976747495602 54.63585204611266
56.33832028841222 55.13254161016823
56.56879218840509 55.629231174223804
56.79662850058439 55.629231174223804
57.08014471703691 56.12592073827937
57.747672571059084 56.12592073827937
57.21263934513496 56.62261030233494
57.755328763983 56.62261030233494
58.22380313428249 56.62261030233494
58.45595549630946 57.11929986639051
58.403307524999434 57.615989430446085
58.75717987873749 57.615989430446085
58.81966535215443 57.615989430446085
59.053463615571005 58.11267899450165
59.59716329526384 58.11267899450165
59.49420400376805 58.60936855855722
59.80061095120558 58.60936855855722
60.11133955329804 58.60936855855722
59.92342670469037 59.106058122612794
60.43451871767766 59.60274768666836
60.77557493925054 59.60274768666836
61.01088055714324 60.09943725072393
60.95080060965903 60.09943725072393
61.66719606137664 60.5961268147795
61.47547938910495 60.5961268147795
62.006401780728275 61.09281637883507
61.96567254475006 61.09281637883507
62.259728916618634 61.09281637883507
62.57675139854187 61.58950594289064
62.97663792540848 61.58950594289064
62.686232407467564 62.08619550694621
62.91926337099768 62.08619550694621
63.794565464092706 62.582885071001776
63.719689065814975 62.582885071001776
63.716268591838734 63.07957463505735
63.9250229861252 63.07957463505735
64.13519410383348 63.07957463505735
64.3339191343484 63.57626419911292
64.68008084546139 63.57626419911292
64.67354227146694 64.07295376316848
65.03419304637735 64.07295376316848
65.44067620422165 64.56964332722406
65.59939578190787 64.56964332722406
65.61559299069869 65.06633289127963
66.0698577496261 65.06633289127963
66.01527861840297 65.06633289127963
66.08825889187496 65.5630224553352
66.10570003332958 65.5630224553352
66.60851607969843 65.5630224553352
67.22573539543852 66.05971201939077
67.06566227943601 66.55640158344633
66.84918596021224 66.55640158344633
67.31026049921469 66.55640158344633
67.9766928884347 67.0530911475019
67.8149944852644 67.0530911475019
68.17333231443548 67.54978071155747
67.82058245036251 67.54978071155747
68.69772788634403 67.54978071155747
68.51456651571384 68.04647027561305
68.7778637857345 68.04647027561305
68.92382094809878 68.54315983966862
69.44025791552528 68.54315983966862
69.3609087921004 69.03984940372419
69.60592755774302 68.54315983966862
69.6632115998853 69.03984940372419
70.16961937419381 69.03984940372419
70.35960131332034 69.53653896777975
70.38339366927376 70.03322853183532
70.74278852211384 70.03322853183532
70.76535964443161 70.03322853183532
71.16700513785851 70.52991809589089
71.25941958295796 71.02660765994646
71.39948540565508 71.02660765994646
71.36722144528648 71.02660765994646
71.59063504290548 71.02660765994646
71.77499963660269 71.52329722400204
72.01519490564434 71.52329722400204
72.04282756632657 71.52329722400204
72.58084990504572 72.01998678805761
72.69627466897362 72.01998678805761
72.55879955314491 72.51667635211317
73.01782982704438 72.51667635211317
73.03485952201997 72.51667635211317
73.10795673274544 72.51667635211317
73.02045994124758 72.51667635211317
73.67896813057094 73.01336591616874
73.66630146650479 73.51005548022431
74.02760431500963 73.51005548022431
74.62462216130928 74.00674504427988
74.34377728799376 74.00674504427988
74.46406852081563 74.50343460833545
74.81533053949897 74.50343460833545
74.96283942560194 74.50343460833545
74.86912517967455 75.00012417239103
74.93892652644205 75.00012417239103
75.21480546591741 75.00012417239103
75.47077611577322 75.49681373644658
75.6688467507032 75.49681373644658
75.80261531337634 75.49681373644658
76.02993345385487 75.49681373644658
76.3221698011302 75.99350330050216
76.45505862060708 75.99350330050216
77.03505647104343 76.49019286455773
76.88362005606612 76.49019286455773
76.98840576475784 76.9868824286133
77.11230757520356 76.9868824286133
77.42215664331039 76.9868824286133
77.3836167062406 76.9868824286133
77.67930548597556 77.48357199266887
77.63082947539904 77.48357199266887
78.07492821005222 77.48357199266887
78.07521437826287 77.98026155672444
77.93227608883927 77.98026155672444
78.57170888973992 77.98026155672444
78.74689585739122 78.47695112078
78.90442229603586 78.47695112078
78.77812100947096 78.47695112078
79.10640301840021 78.97364068483557
79.37019284527844 78.97364068483557
79.10919281114347 79.47033024889114
79.49156370873115 78.97364068483557
79.84488513762867 79.47033024889114
80.20786727479513 79.47033024889114
79.68930530340852 79.96701981294672
80.34364320559436 79.96701981294672
80.36133640755313 80.46370937700229
80.28367458018543 80.46370937700229
80.45435384801411 80.46370937700229
80.69319726628302 80.46370937700229
80.82445807836758 80.96039894105786
81.01250553277752 80.96039894105786
81.3689896817684 80.96039894105786
81.26760609191003 81.45708850511342
81.49804373130381 81.45708850511342
81.75202709876221 81.45708850511342
81.81747047104379 81.45708850511342
81.73318163639965 81.95377806916899
82.32946476477952 81.95377806916899
82.52856848113183 82.45046763322456
82.39151456907209 82.45046763322456
82.75235461990884 82.45046763322456
82.87951902420212 82.45046763322456
82.86119639514648 82.94715719728013
83.07331080159636 82.94715719728013
83.54292474160158 83.4438467613357
83.00060407191867 83.4438467613357
83.22950038051245 83.4438467613357
83.73803250498952 83.4438467613357
83.93762250704158 83.94053632539128
84.06770168785123 83.94053632539128
84.46306491741197 83.94053632539128
84.2346135592609 84.43722588944685
84.63263683885818 84.43722588944685
84.71307172906958 84.93391545350241
84.9709597176218 84.93391545350241
85.03810621056431 84.93391545350241
85.21813526342964 84.93391545350241
85.12614487096292 85.43060501755798
85.40185743483943 85.43060501755798
85.30623844400122 85.43060501755798
85.53744063502901 85.43060501755798
85.83985302894006 85.43060501755798
86.23856343996317 85.92729458161355
86.01927039320991 86.42398414566912
86.1307390474336 86.42398414566912
86.30156293181764 86.42398414566912
86.79209492910822 86.42398414566912
86.64672133477994 86.9206737097247
86.91856080251372 86.9206737097247
87.09729576947221 87.41736327378027
87.30300682460162 87.41736327378027
86.89713900865057 87.41736327378027
87.67097527742803 87.41736327378027
87.42012217398872 87.41736327378027
87.6959720813743 87.91405283783583
87.7996140634967 87.91405283783583
87.93155754899335 87.91405283783583
88.23315572513394 88.4107424018914
88.44687764248607 88.4107424018914
88.25028200562086 88.4107424018914
88.39240469647893 88.4107424018914
88.67283229991317 88.90743196594697
88.71790105965073 88.90743196594697
89.13788567432854 88.90743196594697
89.21492880780032 89.40412153000254
89.17944616202492 89.40412153000254
89.49358380476204 89.40412153000254
89.5506168473824 89.90081109405811
89.48501955598718 89.90081109405811
89.86921247688474 89.90081109405811
89.80314060054228 90.39750065811369
90.1528266090776 89.90081109405811
90.39191695046931 90.39750065811369
90.31679615461361 90.39750065811369
90.2847901873938 90.39750065811369
90.2687350627223 90.39750065811369
90.67555791359842 90.89419022216924
90.67136002401362 90.89419022216924
90.97435599323275 90.89419022216924
90.98840835680471 91.39087978622482
91.41427373242846 91.39087978622482
91.49497627400562 91.88756935028039
91.37374077319497 91.88756935028039
91.40152331763885 91.88756935028039
91.72570434367206 91.88756935028039
92.05603553785663 91.88756935028039
91.9190970841203 92.38425891433596
92.02593901017428 91.88756935028039
92.45613736182514 92.38425891433596
92.14438235136844 92.38425891433596
92.47231301762524 92.88094847839153
92.73403846986105 92.88094847839153
93.01577216642804 92.88094847839153
92.85080611018968 92.88094847839153
93.15147999505405 93.3776380424471
93.16595531351977 93.3776380424471
93.1434996768333 93.3776380424471
93.38730946623309 93.3776380424471
93.99519086510617 93.87432760650266
93.62372302676494 94.37101717055823
93.61788535561968 93.87432760650266
94.00676058750587 93.87432760650266
94.17294101044241 94.37101717055823
94.19271574904411 94.37101717055823
94.25115197057275 94.37101717055823
94.5412437396761 94.37101717055823
94.73756842734903 94.8677067346138
