30.552941241264847 30.29806340738975
30.555434310110883 30.29806340738975
30.317237592288848 30.29806340738975
30.610988174605225 30.29806340738975
30.866160198802312 30.29806340738975
30.194324231646988 30.29806340738975
30.417615471938177 30.29806340738975
30.416989821739513 30.29806340738975
30.6220100306151 30.29806340738975
30.209626199588143 30.29806340738975
30.426443977319465 30.29806340738975
30.471801860534526 30.29806340738975
30.3660650300939 30.29806340738975
30.630771571277187 30.29806340738975
30.19074631196225 30.29806340738975
30.38151881611401 30.29806340738975
30.76934837546287 30.29806340738975
30.55474100619174 30.29806340738975
30.37811332193108 30.29806340738975
30.47895982715903 30.29806340738975
30.31195202847406 30.29806340738975
30.14719329912127 30.29806340738975
30.45706564986942 30.29806340738975
30.35261917698648 30.29806340738975
30.14872713174963 30.29806340738975
30.637942163970607 30.29806340738975
30.52056003448824 30.29806340738975
30.53873098349353 30.29806340738975
31.141858488693742 30.29806340738975
30.523607443584524 30.29806340738975
30.780007888162388 30.29806340738975
30.922299463336245 30.29806340738975
30.924977886736883 30.29806340738975
30.920930655697973 30.29806340738975
31.03012829190689 30.29806340738975
30.97829856603837 30.29806340738975
30.98469620564972 30.29806340738975
31.164593443786174 30.29806340738975
31.365747837425694 30.29806340738975
31.031666407300897 30.29806340738975
31.120073753321876 30.29806340738975
31.54251307584253 30.29806340738975
31.254684478714736 30.29806340738975
31.374892413413342 30.29806340738975
31.432613938895166 30.29806340738975
31.280653723191172 30.29806340738975
31.73004519686512 30.29806340738975
31.96598954146981 30.29806340738975
31.491203247357063 30.29806340738975
31.785429971633782 30.29806340738975
31.667956085759492 30.29806340738975
31.888057202001335 30.29806340738975
32.228935368131744 30.29806340738975
32.00856696473957 30.79475297144532
31.95693203059281 30.79475297144532
32.00264900262461 30.79475297144532
32.46776346776307 30.29806340738975
32.396890971232246 30.79475297144532
32.875221513282355 30.79475297144532
32.87882498642256 30.79475297144532
32.87704605846193 30.79475297144532
33.03381984615033 30.79475297144532
33.32830900608754 30.79475297144532
33.02603623587479 31.291442535500888
33.28400393423905 30.79475297144532
33.48992158108024 31.291442535500888
33.60593281170703 31.291442535500888
33.49878230861496 31.291442535500888
34.0301716821569 31.78813209955646
34.25177589153064 31.78813209955646
34.625353232002965 31.78813209955646
34.93321787274 31.78813209955646
34.87709621219219 32.28482166361203
35.11683908592933 32.28482166361203
35.145165382368475 32.28482166361203
35.31891052171758 32.7815112276676
35.62690906448612 32.7815112276676
35.814738686402116 32.7815112276676
36.041044934456465 33.278200791723165
36.15332828924906 33.278200791723165
36.316736074323636 33.278200791723165
36.63791939872833 33.278200791723165
37.103474415526236 34.27157991983431
37.12750658395821 34.27157991983431
37.49180727650414 34.27157991983431
37.5269631343507 34.768269483889874
37.71324276596927 34.768269483889874
38.009524494234384 35.264959047945446
38.26546902465035 35.264959047945446
38.86136893162323 35.76164861200102
38.69578810421997 36.25833817605658
39.08693697999668 36.25833817605658
39.35696612351466 36.25833817605658
39.99703409978639 36.755027740112155
40.11167965658201 37.25171730416773
39.984046855078525 37.74840686822329
40.37331090268781 37.25171730416773
40.50824586208792 37.74840686822329
41.067183226355304 37.74840686822329
40.82686411113979 38.741785996334436
41.437752692615476 38.245096432278864
41.757061912127504 38.741785996334436
41.81258510139416 39.23847556039
41.94557020226022 39.23847556039
42.4985189891318 39.73516512444557
42.540314205536895 40.231854688501144
43.04809947545969 40.231854688501144
43.38883132693597 40.72854425255671
43.33785225144006 41.22523381661228
43.841526683207 41.22523381661228
43.82053943558676 41.22523381661228
44.122424825783156 41.72192338066785
44.39939548163677 41.72192338066785
44.68594259844229 42.218612944723425
44.76220837028629 42.71530250877899
44.99177877318823 42.71530250877899
45.49657969649934 43.21199207283456
45.555431452105225 43.708681636890134
45.795742486312484 43.708681636890134
46.08228364835277 43.708681636890134
46.06742766356152 44.2053712009457
46.45342591392438 44.2053712009457
46.970473709096574 44.70206076500127
46.979810623133254 45.19875032905684
47.338376287296256 45.19875032905684
47.49814307058175 45.69543989311241
48.05102479527763 45.69543989311241
48.06682075603877 46.19212945716798
48.064744918169296 46.19212945716798
48.64479371540831 46.68881902122355
48.6736733057872 47.185508585279116
48.87208095563956 47.185508585279116
49.248378138604735 47.185508585279116
49.291433492625 47.68219814933469
50.033558625325455 47.68219814933469
49.88070566234797 48.17888771339026
50.340279215512346 48.675577277445825
50.634088301760826 49.1722668415014
50.82303093589522 49.1722668415014
51.014361702113234 49.1722668415014
51.00650359572579 49.66895640555697
51.30765899127287 49.66895640555697
51.8461149771026 49.66895640555697
51.88859586010575 50.165645969612534
51.79667303370134 50.165645969612534
52.32910837937473 50.662335533668106
52.424676720698685 51.15902509772368
52.7477984871084 51.15902509772368
53.171881804280105 51.15902509772368
53.060039518383924 51.65571466177924
53.50869598962244 52.152404225834815
53.50604460427325 52.152404225834815
53.91261353253428 52.152404225834815
54.01433406727274 52.64909378989039
54.310206168318715 52.64909378989039
54.581133703900484 53.14578335394595
54.796449028310704 53.14578335394595
55.09043259385961 53.64247291800152
55.05326194748482 54.139162482057095
55.55289825725842 54.139162482057095
55.75660405661532 54.63585204611266
55.804407665220424 55.13254161016823
56.02038944195901 54.63585204611266
56.34924511065806 54.63585204611266
56.631601459670584 55.13254161016823
56.62241296227955 55.629231174223804
57.299033649868164 55.629231174223804
57.14249681945811 56.12592073827937
57.47755236151937 56.12592073827937
57.43818513545877 56.62261030233494
57.769112440723234 56.62261030233494
57.8431249912929 56.62261030233494
58.205456517653715 57.11929986639051
58.62158345822711 57.11929986639051
58.60432293981387 57.615989430446085
58.98990608933009 57.615989430446085
59.274825509939944 58.11267899450165
59.1481872564182 58.11267899450165
59.535794972381055 58.11267899450165
59.36381941645699 58.60936855855722
59.58010652250495 58.60936855855722
59.94395745692984 58.60936855855722
60.28419246477876 59.106058122612794
60.87830816935771 59.60274768666836
60.3134904406727 59.60274768666836
60.669280299076554 59.60274768666836
60.98861570751576 60.09943725072393
61.470537997424564 60.09943725072393
61.45845789818198 60.5961268147795
61.5751160533706 60.5961268147795
61.577229692331855 61.09281637883507
62.10334655861327 61.09281637883507
61.960106571415906 61.58950594289064
62.45778785684718 61.58950594289064
62.46820424400228 61.58950594289064
62.98897009168756 61.58950594289064
62.973019787129545 62.08619550694621
63.29525196065018 62.08619550694621
63.44665388492806 62.582885071001776
63.51945516567697 62.582885071001776
64.076461758452 62.582885071001776
63.85634972339258 63.07957463505735
64.31156627242487 63.07957463505735
64.2536842471131 63.57626419911292
64.67694999181724 63.57626419911292
64.67468630056555 64.07295376316848
64.94832051202621 64.07295376316848
64.88843745631476 64.07295376316848
65.33300155821604 64.56964332722406
65.27995924160192 64.56964332722406
65.611170036848 65.06633289127963
65.7982814891476 65.06633289127963
66.1844515729059 65.06633289127963
66.19068770699671 65.5630224553352
66.25978526020884 65.5630224553352
66.47161711671582 66.05971201939077
66.63490015151181 65.5630224553352
66.61875109399057 66.05971201939077
66.91778363171186 66.05971201939077
67.16504109442654 66.05971201939077
67.19601249294765 66.55640158344633
67.90465174736896 66.55640158344633
67.77872693029575 67.54978071155747
68.03263054526698 67.0530911475019
67.92580233074294 67.54978071155747
68.32082495108237 67.54978071155747
68.7955475172256 67.54978071155747
68.59736520355533 68.04647027561305
68.82628619543222 68.04647027561305
68.88091810212755 68.54315983966862
69.18254903667055 68.54315983966862
69.15274021129233 69.03984940372419
69.49408539990534 69.03984940372419
69.58370981456714 69.03984940372419
69.8013788111076 69.03984940372419
70.30531984719097 69.53653896777975
70.4999288432614 69.53653896777975
70.40857968439299 70.03322853183532
70.45691696325588 70.03322853183532
70.61363960952671 70.03322853183532
70.82114863820735 70.03322853183532
70.91746639066797 70.52991809589089
71.20758238604456 70.52991809589089
71.14293467684821 70.52991809589089
71.57036983920872 71.02660765994646
71.67650633610359 71.02660765994646
71.48575897810998 71.02660765994646
72.14382106113963 71.52329722400204
72.43261097610154 71.52329722400204
72.47101242939196 72.01998678805761
72.54663124173491 72.01998678805761
72.9563821466214 72.01998678805761
72.94813321164925 72.51667635211317
72.47963932816018 72.51667635211317
73.37854684209871 72.01998678805761
73.32229673746386 73.01336591616874
73.70936460203967 73.01336591616874
73.59734912311049 73.51005548022431
73.9707679497975 73.51005548022431
73.74585454736122 73.51005548022431
73.98391626535023 73.51005548022431
74.16990230276942 73.51005548022431
74.06297881137445 74.00674504427988
74.55981200845966 74.00674504427988
74.57555374728832 74.00674504427988
75.14684394371525 74.50343460833545
74.60390283161699 75.00012417239103
75.22191530207662 74.50343460833545
75.58057005231552 75.00012417239103
75.30523769817641 75.00012417239103
75.56883721502956 75.00012417239103
75.96202852652112 75.49681373644658
76.05735989306125 75.99350330050216
75.76952086324518 75.99350330050216
76.63578871044241 75.49681373644658
76.43652077232214 76.49019286455773
76.5097764823868 75.99350330050216
76.72656343993846 76.49019286455773
76.87967229585371 76.49019286455773
76.79405257950819 76.9868824286133
77.03316784543043 76.9868824286133
77.20932880246775 76.9868824286133
77.6374441803261 76.9868824286133
77.59609860438907 77.48357199266887
78.1424513153775 77.48357199266887
77.70393005335265 77.98026155672444
78.25421304336314 77.48357199266887
78.25189457497619 77.98026155672444
78.63498457581461 77.98026155672444
78.55279088372806 78.47695112078
78.92316491835881 78.47695112078
78.64064377547562 78.47695112078
79.03216310309422 78.47695112078
78.98916920881607 78.97364068483557
79.00035847051043 78.97364068483557
79.71054405395073 78.97364068483557
79.73098752045131 79.47033024889114
79.74396218700281 79.47033024889114
79.76569487101364 79.47033024889114
80.09357292422405 79.96701981294672
80.09908239126416 79.96701981294672
80.24628497609217 79.96701981294672
80.5815706285082 80.46370937700229
80.73170025639443 80.46370937700229
80.58709347829827 80.46370937700229
80.5881203839693 80.46370937700229
81.19478476266423 80.46370937700229
81.23292675559246 80.96039894105786
81.16255741430935 80.96039894105786
81.54133863565546 80.96039894105786
81.52982547728239 81.45708850511342
81.89755712285536 81.45708850511342
81.87892845091685 81.95377806916899
81.87966719397336 81.95377806916899
82.02115140335833 81.95377806916899
82.19650478668142 81.95377806916899
82.55732186903165 82.45046763322456
82.59008209274488 82.45046763322456
82.92633038579469 82.45046763322456
82.8213693005827 82.94715719728013
83.2560032703195 82.94715719728013
83.03989037778645 82.94715719728013
83.26717062315356 82.94715719728013
83.36802028801294 82.94715719728013
83.27733182657622 83.4438467613357
83.69152350507846 83.4438467613357
83.78589060699035 83.4438467613357
83.93265595369577 83.94053632539128
83.7780346483337 83.94053632539128
84.29238746739476 83.94053632539128
84.13418973051324 84.43722588944685
84.47016389492258 84.43722588944685
84.55085958116462 84.43722588944685
84.67965970764638 84.43722588944685
84.85269329085 84.93391545350241
85.08786287803778 84.93391545350241
84.8907777663645 84.93391545350241
85.01766798022192 84.93391545350241
85.53174372168355 84.93391545350241
85.63237417623424 85.43060501755798
85.58065852990211 85.43060501755798
85.68660068598493 85.92729458161355
86.06249402685904 85.92729458161355
85.78766338025014 85.92729458161355
86.22654886152492 85.92729458161355
86.20467085248052 86.42398414566912
86.34289613539481 85.92729458161355
86.55833651592982 86.42398414566912
86.63323651104824 86.42398414566912
86.55059812408341 86.9206737097247
86.63256046778385 86.9206737097247
87.07650044995023 86.9206737097247
87.50320771042757 86.9206737097247
87.39358009557381 87.41736327378027
87.13533287010422 87.41736327378027
87.61132266097123 87.41736327378027
87.73336048078804 87.91405283783583
87.80810375624453 87.91405283783583
87.82419941388883 87.91405283783583
88.13710838795839 87.91405283783583
88.15570612107588 88.4107424018914
