33.74595274919135 30.79475297144532
34.833886518169074 30.79475297144532
33.81971782558248 30.79475297144532
34.95288808812689 30.79475297144532
33.83104614331005 30.29806340738975
34.47727964850532 30.79475297144532
34.014206409697046 30.29806340738975
34.98231127685046 30.79475297144532
33.73337322892532 30.79475297144532
34.01722442976702 30.29806340738975
34.15475699027631 30.79475297144532
34.68378701298435 30.79475297144532
34.08915847661389 30.79475297144532
34.03961839309313 30.29806340738975
34.100071226071606 30.79475297144532
34.04154805319524 30.29806340738975
34.56405037972165 30.29806340738975
34.084953773914236 30.29806340738975
33.983894626511336 30.79475297144532
34.28420235240959 30.79475297144532
34.46454204227975 30.29806340738975
34.11275735141128 30.29806340738975
34.76707538090724 30.29806340738975
34.15839165211571 30.79475297144532
34.098802648888736 30.29806340738975
33.920813435882046 30.79475297144532
34.08557326777431 30.29806340738975
34.25753515841565 30.29806340738975
34.16728678549728 30.29806340738975
34.19917367502862 30.29806340738975
34.269501726229834 30.29806340738975
34.254847297660405 30.29806340738975
34.36714699536279 30.29806340738975
34.21051297694728 30.79475297144532
34.27454498107267 30.79475297144532
34.05109054341121 30.29806340738975
34.29430895966578 30.29806340738975
36.17542134274852 30.29806340738975
34.16788750279639 30.29806340738975
34.14380480319967 30.79475297144532
34.180660437339654 30.79475297144532
34.17616467201659 30.29806340738975
33.99611802875381 30.79475297144532
34.68159691110373 30.29806340738975
34.9711892598523 30.29806340738975
34.14380300646743 30.29806340738975
34.03083442431692 30.29806340738975
36.118921345251664 30.29806340738975
34.14167525966827 30.79475297144532
34.091464128457815 30.29806340738975
34.26589603633211 30.29806340738975
35.46417995820223 30.29806340738975
34.50281111727228 30.29806340738975
34.13393990653341 30.79475297144532
34.162952593635964 30.29806340738975
34.321205465700004 30.29806340738975
34.11521453359861 30.29806340738975
33.86794999724285 30.29806340738975
34.299027077950264 30.29806340738975
34.49409206729563 30.29806340738975
34.32042563992525 30.29806340738975
34.041848271006685 30.29806340738975
33.69525763445854 30.29806340738975
34.12053293091758 30.29806340738975
34.16085798151393 30.79475297144532
35.210759074612355 30.79475297144532
33.97997413775556 30.79475297144532
33.96519726427081 30.29806340738975
34.1917202365565 30.29806340738975
34.37447708280072 30.29806340738975
34.00331706972511 30.29806340738975
34.29630135101502 30.29806340738975
34.42520102373644 30.29806340738975
34.4671947857088 30.29806340738975
34.049989018166855 30.29806340738975
34.24766686702091 30.29806340738975
35.87187921949595 30.29806340738975
34.34177888907029 30.29806340738975
33.98954199708744 30.29806340738975
34.3030808200149 30.29806340738975
34.10872184005923 30.29806340738975
34.3393160191325 30.29806340738975
33.88857269991985 30.79475297144532
34.291397530669265 30.79475297144532
34.42187951266533 30.29806340738975
34.473709286240805 30.29806340738975
34.2363138648904 30.29806340738975
34.37654169289461 30.29806340738975
34.30499880382376 30.29806340738975
34.232975406711645 30.29806340738975
34.166936233762506 30.29806340738975
34.97541519316229 30.29806340738975
34.227219698692195 30.29806340738975
34.20772340331398 30.29806340738975
34.273911463924684 30.29806340738975
34.553026020518686 30.29806340738975
34.032585397019915 30.29806340738975
35.80834713496607 30.29806340738975
34.19469109858525 30.29806340738975
34.2330527375086 30.29806340738975
34.63205652864868 30.29806340738975
34.33642263464132 30.29806340738975
34.47410500090049 30.29806340738975
33.959509410874844 30.79475297144532
34.334862041145094 30.29806340738975
34.36988764462749 30.79475297144532
35.83201416561764 30.79475297144532
34.176456819304526 30.29806340738975
34.45590082085657 30.79475297144532
34.51744393302312 30.79475297144532
35.35037436015095 30.79475297144532
35.07115898250397 30.79475297144532
34.092749768153084 30.29806340738975
34.18561495750681 30.79475297144532
34.42934565391585 30.79475297144532
34.32720725105016 30.79475297144532
34.68692362114726 30.79475297144532
34.19272350851796 30.79475297144532
34.588821601505956 30.79475297144532
34.580564750653664 30.79475297144532
34.95507885232494 30.79475297144532
34.777453156909495 30.79475297144532
34.595929268654714 30.79475297144532
34.61574366811793 30.79475297144532
36.070344759807526 31.291442535500888
34.77872777498698 31.291442535500888
34.94389368525592 30.79475297144532
34.89996353507883 31.291442535500888
34.85553263194461 31.291442535500888
34.87360519676349 31.291442535500888
34.945040097742925 31.291442535500888
35.03272451883648 31.78813209955646
34.983319603341876 31.291442535500888
35.30443254910639 31.78813209955646
35.6620343867814 31.78813209955646
35.50219662254478 31.78813209955646
35.71253984033995 31.78813209955646
35.52815930779056 31.78813209955646
35.675671526425745 32.28482166361203
35.65532489342995 32.28482166361203
36.37981538439621 32.28482166361203
36.1101076524623 32.7815112276676
36.11443681369367 32.7815112276676
36.38265878204065 33.278200791723165
36.66649195011229 33.278200791723165
36.973530808125886 33.278200791723165
36.721168735460175 33.77489035577874
36.98092726281072 33.77489035577874
36.97886677373969 33.77489035577874
37.20285268405604 34.27157991983431
37.32394886097162 34.27157991983431
37.898114660760434 34.27157991983431
37.74541764962287 35.264959047945446
38.28291068203869 35.264959047945446
38.29218509933566 35.264959047945446
38.53053717622009 35.76164861200102
38.6958058807485 35.76164861200102
39.2455577788134 36.25833817605658
39.1337477959269 36.755027740112155
39.252070829414734 36.755027740112155
39.41920890150591 36.755027740112155
39.710153318305366 37.25171730416773
39.978360681861986 37.25171730416773
40.18800009732387 37.74840686822329
40.44181981850591 37.74840686822329
40.568577335160924 38.245096432278864
41.30878796307521 38.741785996334436
41.67801630551595 39.23847556039
41.33558093376369 39.23847556039
41.68111509030424 39.23847556039
41.961820888340625 39.73516512444557
42.19533653795658 40.231854688501144
42.337482483747266 40.231854688501144
42.68029118151112 40.72854425255671
42.905451645732 40.72854425255671
43.56164417873469 41.22523381661228
43.15211973498663 41.72192338066785
44.105058996045955 41.22523381661228
43.81347886224306 42.218612944723425
44.570211699119696 42.218612944723425
44.33873739856726 42.71530250877899
44.48655511266971 42.71530250877899
44.97606233748333 43.21199207283456
45.03293032197328 43.708681636890134
45.334598083316926 43.708681636890134
45.72589592983595 44.2053712009457
46.27469553775142 44.2053712009457
46.41493428827676 44.70206076500127
46.686846348574335 45.19875032905684
46.373581697489584 45.19875032905684
47.29738366630971 45.19875032905684
47.21582088030529 45.69543989311241
47.2700603703467 46.19212945716798
47.46067958612366 46.19212945716798
48.622388554041166 46.19212945716798
48.29355844037888 47.185508585279116
48.64455853796368 47.185508585279116
49.01596377572241 47.68219814933469
49.17214594667763 47.68219814933469
49.48156332620307 48.17888771339026
49.60792112494682 48.17888771339026
49.89301596245665 48.17888771339026
50.05844200592096 48.675577277445825
50.38711455035405 48.675577277445825
50.780945777362604 49.1722668415014
50.82518379690744 49.1722668415014
51.02472301808778 49.66895640555697
51.64855296332407 50.165645969612534
51.60904172004871 50.662335533668106
51.85953005016852 50.662335533668106
52.178344380061844 50.662335533668106
52.38661791980445 51.15902509772368
52.6900697130374 51.15902509772368
52.49512140205718 51.65571466177924
53.22198679449808 51.65571466177924
53.158481808890386 52.152404225834815
53.47419389971225 52.152404225834815
53.844258412355295 52.64909378989039
54.21896483152797 53.14578335394595
54.367453013740445 53.14578335394595
54.32442724819741 53.14578335394595
54.87261632237484 53.64247291800152
55.02590028196225 54.139162482057095
55.2850954717852 54.139162482057095
55.02887718012377 54.139162482057095
55.78340729388299 54.139162482057095
55.92643916650617 54.63585204611266
55.996053838566 55.13254161016823
56.46919274561361 55.13254161016823
56.05444026668128 55.629231174223804
56.754401068435484 55.629231174223804
57.018328125707114 55.629231174223804
57.24753082669712 56.12592073827937
57.016862916917994 56.12592073827937
58.009650656095374 56.62261030233494
57.63971721308559 57.11929986639051
57.79370793320362 57.11929986639051
58.24980547426912 57.11929986639051
58.77400691520206 57.11929986639051
58.33186590902201 57.615989430446085
58.62825915057135 57.615989430446085
58.78431139294642 58.11267899450165
59.32312707351157 58.11267899450165
59.80218955315992 58.11267899450165
59.54484647041393 58.60936855855722
59.87347405816324 59.106058122612794
60.439163589158355 59.106058122612794
60.001840776292 59.60274768666836
60.90255936358146 59.60274768666836
60.681112572238746 60.09943725072393
61.09632439122345 60.09943725072393
61.089919835161254 60.5961268147795
61.34836279909922 60.5961268147795
61.782769798796195 60.5961268147795
61.79402814788634 61.09281637883507
61.88972124499851 61.09281637883507
62.11424999914302 61.09281637883507
62.48175870693865 61.58950594289064
62.700025301589925 61.58950594289064
62.75200098005533 62.08619550694621
62.9100876365275 61.58950594289064
63.59670506385247 62.582885071001776
63.21135752029541 62.582885071001776
63.9944659089851 62.582885071001776
63.390570414612085 63.07957463505735
63.55392573006758 63.07957463505735
64.05264672424615 63.57626419911292
64.13356997998197 63.07957463505735
64.50491277651457 63.57626419911292
64.89012197150794 64.07295376316848
64.80458266866991 64.07295376316848
65.03675274620427 64.07295376316848
65.63598415985096 64.56964332722406
65.59251056457353 64.56964332722406
65.52718602235002 64.56964332722406
66.17956968023263 65.06633289127963
65.41154649389081 65.5630224553352
66.40479784943703 65.06633289127963
66.56899022783577 65.5630224553352
66.32949824289449 66.05971201939077
66.91698281751158 66.05971201939077
66.74308840444553 66.55640158344633
67.24251281505069 66.55640158344633
67.38562118473637 66.55640158344633
67.134882667184 67.0530911475019
67.47283906296273 66.55640158344633
67.82468209689077 67.0530911475019
68.4967535799236 67.0530911475019
67.80987549827819 67.54978071155747
68.66405869374638 67.54978071155747
68.6212928963887 68.04647027561305
68.79232839163421 68.04647027561305
69.1596575536151 68.04647027561305
69.62414489900752 68.54315983966862
69.10735658945705 69.03984940372419
69.25617431778765 69.03984940372419
69.16849998689233 68.54315983966862
69.76609280484216 69.03984940372419
69.96860295483404 69.53653896777975
70.21220326673277 69.53653896777975
70.6255188344401 69.53653896777975
70.85717312286265 70.03322853183532
70.61131919252126 70.52991809589089
70.72513531857665 70.03322853183532
71.07337158747355 70.52991809589089
71.19849948505473 70.52991809589089
71.68334845886113 70.52991809589089
71.8138116962787 71.02660765994646
71.76356432628455 71.02660765994646
71.57853739029028 71.02660765994646
71.9539712904288 71.52329722400204
71.60815790393879 71.52329722400204
72.14506713891838 71.52329722400204
72.56078637570903 72.01998678805761
72.95041113865304 72.01998678805761
72.60566486119923 72.51667635211317
72.9841880407964 72.51667635211317
73.21406360102769 72.51667635211317
73.19267854721343 73.01336591616874
73.90031191914014 73.01336591616874
73.5937011530965 73.51005548022431
73.51800211984123 73.51005548022431
74.01977282117342 73.51005548022431
74.54037718165429 74.00674504427988
74.38657267471297 74.00674504427988
74.31712448922217 74.00674504427988
74.61108854424387 74.00674504427988
74.78660938128264 74.00674504427988
74.86232434852042 74.50343460833545
75.30841786312524 74.50343460833545
74.77211008201968 74.50343460833545
75.08840788261524 74.50343460833545
75.38798313074953 75.00012417239103
75.6262629511253 75.00012417239103
75.63674842804681 75.00012417239103
76.09203531722659 75.49681373644658
76.04126250089186 75.49681373644658
76.72133219134972 75.99350330050216
76.49895637576874 76.49019286455773
76.36123857013507 76.49019286455773
77.06114168292711 76.49019286455773
77.21756006449435 76.49019286455773
77.06040673612443 76.9868824286133
77.55886786806256 76.9868824286133
77.40963967971165 76.9868824286133
77.45680720969818 76.9868824286133
77.98827578463172 76.9868824286133
77.67189346191608 77.48357199266887
77.8875922379422 77.48357199266887
77.89522824998559 77.48357199266887
77.93090630248791 77.48357199266887
78.42928816606383 77.98026155672444
78.50547264174047 77.98026155672444
78.98324835623752 78.47695112078
78.82116322662539 78.47695112078
79.4323105431937 78.47695112078
78.95444339870774 78.97364068483557
78.6928565514215 78.97364068483557
79.5754347313191 78.97364068483557
79.51847634439541 78.97364068483557
79.4873509607433 79.47033024889114
80.2105196953922 79.47033024889114
79.95549936496543 79.96701981294672
80.21231614000195 79.96701981294672
80.60016660912437 79.96701981294672
80.24181968925652 80.46370937700229
80.50462303331695 79.96701981294672
80.50472000425769 80.46370937700229
80.65387074328589 80.46370937700229
80.66571692714315 80.46370937700229
80.91138928746336 80.46370937700229
81.33849184800694 80.96039894105786
81.307757032728 80.96039894105786
81.24394938039366 80.96039894105786
81.98848998922325 81.45708850511342
81.3307305778156 81.45708850511342
81.73513539163318 81.45708850511342
82.15030028732683 81.45708850511342
82.56394490095198 81.95377806916899
82.54610691843898 82.45046763322456
82.72792672452194 82.45046763322456
82.54864466743237 82.45046763322456
82.62935096599459 82.45046763322456
82.60121282903918 82.45046763322456
82.63198806223566 82.45046763322456
83.07152372466713 82.94715719728013
82.65586051489325 82.94715719728013
83.32074267232238 82.94715719728013
83.66440574310758 83.4438467613357
83.50655061889036 83.4438467613357
83.59352234611033 83.4438467613357
84.0509295418416 83.4438467613357
83.9356853309373 83.94053632539128
84.43899975663219 83.94053632539128
83.93228057347129 84.43722588944685
84.12388508127347 83.94053632539128
84.54411171980915 84.43722588944685
84.66346031308609 84.43722588944685
84.37225394635004 84.93391545350241
84.84555280219863 84.93391545350241
85.02823335092981 84.93391545350241
85.30025208458333 84.93391545350241
85.28104480162898 84.93391545350241
85.36782505979787 85.43060501755798
85.45751843109025 84.93391545350241
85.47134228170657 85.43060501755798
85.69775869433556 85.43060501755798
85.68102451510605 85.92729458161355
86.02347672114581 85.92729458161355
86.52314969698001 85.92729458161355
86.32092762500756 86.42398414566912
86.4092320095774 86.42398414566912
86.75708353481384 86.42398414566912
86.43609718970049 86.9206737097247
86.8630377106892 86.42398414566912
87.11349421829296 86.9206737097247
87.03202248775297 86.9206737097247
87.01585905122525 87.41736327378027
87.13173367717847 87.41736327378027
87.47326231758576 87.41736327378027
87.6554245115327 87.41736327378027
87.59658658708372 87.41736327378027
87.90607600233963 87.41736327378027
87.61585342964038 87.91405283783583
87.56564212175458 87.41736327378027
87.6290665127945 87.91405283783583
88.36645343723949 87.91405283783583
88.40183914047603 87.91405283783583
88.03094772119337 88.4107424018914
88.5273277350103 88.4107424018914
88.4765941000728 88.4107424018914
88.9210802896211 88.4107424018914
89.18431393871569 88.90743196594697
89.20774478892194 89.40412153000254
89.25655190472536 88.90743196594697
88.87846925835481 89.40412153000254
89.34241355854668 88.90743196594697
89.80218817572087 89.40412153000254
89.44864069068217 89.90081109405811
89.67636497532078 89.40412153000254
90.1091359483847 89.90081109405811
89.72250019053784 90.39750065811369
90.06772361692558 89.90081109405811
89.69761807050821 89.90081109405811
90.37324580687456 89.90081109405811
90.68258664925683 90.39750065811369
90.3533742787688 90.89419022216924
90.99530065868225 90.39750065811369
90.86369145594327 90.89419022216924
91.07979283161232 90.89419022216924
90.715960887602 91.39087978622482
91.25383492104595 90.89419022216924
91.26580218275156 91.39087978622482
91.3868838378092 91.39087978622482
91.76909447069406 91.39087978622482
91.76451795343915 91.88756935028039
91.5472663756851 91.88756935028039
91.59857128550331 91.88756935028039
91.87785914920505 91.88756935028039
92.08490360050794 91.88756935028039
92.67373213894625 92.38425891433596
92.02376873904825 92.88094847839153
92.01425228923812 92.38425891433596
92.19505059717494 92.38425891433596
92.64343426811041 92.88094847839153
92.18584219822564 92.88094847839153
93.0602391343028 92.88094847839153
92.84567804959244 93.3776380424471
92.72556122643974 92.88094847839153
92.70169031325067 92.88094847839153
93.35941920355235 92.88094847839153
93.15049563608042 93.87432760650266
93.28859439439151 93.3776380424471
93.54356531786888 93.3776380424471
93.42303264361419 93.3776380424471
93.74844401135726 93.87432760650266
