34.34919212319643 30.29806340738975
34.17575595293242 30.79475297144532
34.716947586329994 30.79475297144532
34.44968222057859 30.79475297144532
35.361472612564064 30.79475297144532
34.45111737393728 30.29806340738975
34.32134426589981 30.79475297144532
34.026077731683046 30.79475297144532
34.32976573935139 30.79475297144532
34.00497497734633 30.79475297144532
35.67359144702553 30.79475297144532
34.31537863977166 30.79475297144532
34.29849450163908 30.79475297144532
34.42693188979267 30.79475297144532
34.18284771458338 30.79475297144532
33.98153168424406 30.79475297144532
34.00017268856875 30.79475297144532
34.31426124647061 30.29806340738975
34.27977077493203 30.29806340738975
34.486781844437544 30.79475297144532
33.95604299015751 30.29806340738975
34.23677731888366 30.29806340738975
33.95288649112246 30.29806340738975
34.04047144322306 30.29806340738975
34.44942939668955 30.29806340738975
34.36157219455867 30.29806340738975
34.29639269160544 30.29806340738975
34.38035253190125 30.29806340738975
34.501429644223236 30.29806340738975
34.20645496115225 30.29806340738975
34.38535416921993 30.29806340738975
34.20143319850193 30.29806340738975
34.02666973670251 30.29806340738975
34.256455916988585 30.29806340738975
34.281499975347906 30.29806340738975
34.63515119808425 30.29806340738975
34.574198791243326 30.29806340738975
34.15799186932692 30.29806340738975
35.51687733927042 30.79475297144532
34.32211253698199 30.29806340738975
34.18017597526921 30.29806340738975
34.09050310285995 30.29806340738975
34.143639952318495 30.29806340738975
34.42944769691557 30.29806340738975
34.55652360318955 30.79475297144532
34.09798176441219 30.79475297144532
34.14930593157823 30.29806340738975
34.26110002087995 30.29806340738975
34.0687156153587 30.29806340738975
34.477643555421274 30.79475297144532
34.070978011597674 30.29806340738975
34.136314574569234 30.29806340738975
33.996050276313014 30.79475297144532
34.06014055439584 30.29806340738975
34.36448348792531 30.29806340738975
34.18104840686861 30.79475297144532
34.31209653048051 30.29806340738975
34.33050494119907 30.79475297144532
34.35424220270448 30.29806340738975
34.05953539324697 30.29806340738975
34.31654186274992 30.29806340738975
34.368495870365216 30.79475297144532
34.12998263384868 30.79475297144532
34.11094652981991 30.79475297144532
34.20810549451984 30.29806340738975
34.20676938759213 30.29806340738975
34.292284996947906 30.79475297144532
34.3448329224089 30.29806340738975
34.15227330444822 30.29806340738975
34.354598168998194 30.79475297144532
34.18657354216184 30.79475297144532
34.37058244549199 30.79475297144532
34.3037245871357 30.79475297144532
34.41517964417005 30.79475297144532
34.45720235948025 30.79475297144532
33.88052423447435 30.29806340738975
34.17095711262178 30.29806340738975
34.18305403597202 30.79475297144532
34.32869361110003 30.79475297144532
34.09203613012824 30.79475297144532
34.52894870039506 30.29806340738975
34.6700459676285 30.79475297144532
34.892192450421746 30.79475297144532
34.57600223584795 30.29806340738975
34.45659648923822 30.29806340738975
34.29078184663939 30.79475297144532
34.30933596803119 30.79475297144532
34.2250059661111 30.79475297144532
34.233424436669964 30.29806340738975
34.43876292876464 30.79475297144532
34.40837847903611 30.79475297144532
34.447788646963694 30.29806340738975
34.114881443557785 30.79475297144532
34.31612246477133 30.29806340738975
34.27353369043305 30.29806340738975
34.49496040061344 30.29806340738975
34.31071396465204 30.29806340738975
34.58136702594981 30.29806340738975
34.17302237189277 30.29806340738975
33.67897106690482 30.29806340738975
34.536996364222745 30.29806340738975
34.92669432826435 30.29806340738975
35.008553980618515 30.29806340738975
34.14277987657373 30.29806340738975
34.790751480968275 30.79475297144532
34.770278663632595 30.79475297144532
34.42465757244777 30.29806340738975
34.64187457294802 30.79475297144532
34.349174245000896 30.79475297144532
34.865205120568085 30.79475297144532
34.47248757836499 30.79475297144532
33.922510092099984 30.79475297144532
34.67558396200322 30.79475297144532
34.2744746023538 30.79475297144532
34.339773897527486 30.79475297144532
34.11482893642105 30.29806340738975
34.18861119886572 30.29806340738975
34.4662670321997 30.79475297144532
34.34777758404325 30.79475297144532
34.45994430593492 30.79475297144532
34.51881311708098 30.79475297144532
34.65639374331806 30.79475297144532
34.20399983315237 30.79475297144532
34.522775688911594 30.29806340738975
34.4783810691373 30.79475297144532
34.33311314976012 30.29806340738975
34.434271778990066 30.79475297144532
34.30090135323212 30.79475297144532
34.97608277532269 30.79475297144532
34.615425779746005 30.79475297144532
34.22546343914333 30.79475297144532
34.47819498652884 30.79475297144532
34.274579356260695 30.29806340738975
34.415489637227736 30.79475297144532
34.6522508295492 30.79475297144532
34.56452221304002 30.79475297144532
34.53606281658743 30.79475297144532
34.122947005211174 30.79475297144532
34.96183309946642 30.79475297144532
35.364321986367486 30.79475297144532
34.40894179996079 30.79475297144532
34.866737459402664 30.79475297144532
34.392472370720846 30.79475297144532
34.66724135869881 30.79475297144532
34.623399453289856 30.29806340738975
34.790694225729695 30.79475297144532
34.91122847235964 30.79475297144532
34.59255861807615 30.79475297144532
34.62879284687164 30.79475297144532
34.592224569337674 30.79475297144532
34.7682374592264 30.79475297144532
34.80795939442284 30.79475297144532
35.22184473350941 30.79475297144532
34.710135754138506 31.291442535500888
34.68775246011263 31.291442535500888
34.68262058564617 31.291442535500888
35.10116592006963 31.291442535500888
35.045090181325705 31.291442535500888
35.121882345564174 31.78813209955646
36.8631200909668 31.291442535500888
35.05578382790538 31.291442535500888
35.30447461244975 31.291442535500888
35.944392179765245 31.291442535500888
35.48818149817386 31.78813209955646
35.89238588080923 31.78813209955646
35.35937248608378 31.291442535500888
35.34371569201869 31.78813209955646
35.61877913801711 31.78813209955646
35.74951159280193 31.78813209955646
36.08638008728134 32.28482166361203
35.87557598444543 31.78813209955646
36.28386441312757 32.28482166361203
36.274973639800464 32.28482166361203
36.34340690424213 32.7815112276676
36.386319138088425 32.7815112276676
36.59918652306792 32.7815112276676
36.92691014313432 32.7815112276676
37.03706463034788 33.278200791723165
37.01893837165974 33.278200791723165
37.36509621894297 33.77489035577874
37.696558369014944 33.77489035577874
37.71298606094707 34.27157991983431
38.18906451490323 34.27157991983431
37.971325696272885 34.768269483889874
38.86748177106281 34.768269483889874
38.52575845305932 35.264959047945446
38.39092973682026 35.264959047945446
38.93724390928783 35.264959047945446
38.68137501324668 35.76164861200102
38.89151970073707 35.76164861200102
39.2179742277109 35.76164861200102
39.11069290966056 36.25833817605658
40.19518552270825 36.25833817605658
40.33633588042537 36.755027740112155
39.72083823722452 37.25171730416773
40.07436215050588 37.25171730416773
40.4386425126373 37.25171730416773
40.585981850492736 37.74840686822329
41.52012690358451 38.245096432278864
41.706506052013246 39.23847556039
41.87709551030141 38.741785996334436
41.65066064918783 39.23847556039
42.04410424980546 39.23847556039
42.504477290466966 39.73516512444557
42.738348458029954 39.73516512444557
43.04562914193134 40.231854688501144
42.932239484399076 40.72854425255671
43.53834322617122 40.72854425255671
43.55679880180412 41.22523381661228
43.844271563036855 41.22523381661228
44.114293431469726 41.22523381661228
44.4742036413294 41.72192338066785
44.550999595250246 42.218612944723425
44.96740245067225 42.71530250877899
45.44632291602055 42.71530250877899
45.52211812618575 43.21199207283456
45.7406205936469 43.708681636890134
46.334137757278846 43.708681636890134
46.30700631047646 44.2053712009457
46.181696976401284 44.70206076500127
46.68032179462934 44.2053712009457
46.91612191234266 44.70206076500127
47.33201405848848 45.19875032905684
47.119981278082875 45.69543989311241
47.64700969859488 45.69543989311241
47.66354107968354 45.69543989311241
48.13390837909 46.19212945716798
47.97677455947306 46.68881902122355
48.318787609307954 46.68881902122355
48.784436740555556 46.68881902122355
48.79134838642895 47.185508585279116
49.131594416180796 47.68219814933469
49.525163994549956 47.68219814933469
49.64467182392153 48.17888771339026
49.873712195582996 48.17888771339026
50.63358251092919 48.675577277445825
50.28570920131167 49.1722668415014
50.173570264647594 49.1722668415014
50.71413610095023 48.675577277445825
51.28832452063449 49.66895640555697
51.57456685631915 49.66895640555697
51.58622702010106 50.165645969612534
51.916852984137236 50.662335533668106
52.308265203601735 50.662335533668106
52.26674446698789 50.662335533668106
52.858617296922276 51.15902509772368
53.18732125460159 51.65571466177924
52.854990834695876 51.65571466177924
53.57968574895497 51.65571466177924
53.16262923399791 52.152404225834815
54.14660166945156 52.152404225834815
54.575027141644185 52.64909378989039
54.29197295914328 53.14578335394595
54.49418238420877 53.14578335394595
54.66225282150954 53.14578335394595
55.42005817527719 53.64247291800152
54.866344309308005 54.139162482057095
55.6602530951299 53.64247291800152
55.57146391996941 54.139162482057095
56.07671822398002 54.139162482057095
56.19632872188155 55.13254161016823
55.89292539221621 54.63585204611266
56.596569110440214 54.63585204611266
56.917466674892765 55.13254161016823
57.17809691688292 55.629231174223804
56.54562772226459 56.12592073827937
57.75614878969957 55.629231174223804
57.484926775457005 56.12592073827937
57.912948488090834 56.12592073827937
57.86539224659083 56.62261030233494
58.30601512193671 56.62261030233494
58.84404817012242 57.11929986639051
59.15562038890275 57.615989430446085
58.547140063824855 58.11267899450165
58.97028369645797 57.615989430446085
59.596051087786236 58.11267899450165
59.7996632034902 58.11267899450165
60.33608111702116 58.60936855855722
60.027998484127394 59.60274768666836
60.21067278686856 59.106058122612794
60.40213261289532 59.106058122612794
60.77452260362474 59.60274768666836
60.40466787258646 59.60274768666836
61.18587328529869 59.60274768666836
61.17522865420261 60.09943725072393
61.37281575128178 60.09943725072393
61.74058822382224 60.5961268147795
62.31337618023206 61.09281637883507
62.096606140491026 61.09281637883507
62.298283371381245 61.09281637883507
62.45655206006552 61.58950594289064
62.91500778182342 61.58950594289064
63.117141183170176 61.58950594289064
62.84183920833132 62.08619550694621
62.77049426199498 62.08619550694621
63.680956639340856 62.08619550694621
63.984955686129936 62.582885071001776
63.99748678674449 63.07957463505735
64.20853088084749 63.07957463505735
63.907470653813675 63.07957463505735
64.52877699492298 63.07957463505735
64.38159032755118 63.57626419911292
64.58769786704238 63.57626419911292
65.12003064949452 63.57626419911292
65.42308478750752 64.07295376316848
65.59652569193628 64.56964332722406
65.77482812886502 64.56964332722406
65.43132903145946 65.06633289127963
66.14306905357009 65.06633289127963
66.46275191732916 65.06633289127963
66.26394683574648 65.5630224553352
67.0320971294665 65.5630224553352
66.9214815535349 66.05971201939077
67.50495651520215 66.05971201939077
67.08028302316559 66.55640158344633
67.31165691092815 66.55640158344633
67.26666224892787 66.55640158344633
67.83368588602613 66.55640158344633
67.71947458592751 67.0530911475019
68.03140193027271 67.0530911475019
68.06342068124145 67.0530911475019
68.82545928815671 67.54978071155747
69.04773379899093 68.04647027561305
68.89839354694011 68.54315983966862
68.91092849822864 68.04647027561305
69.39306864623157 68.04647027561305
69.07609615078508 68.54315983966862
69.14361043998512 68.54315983966862
69.36597155717739 68.54315983966862
69.86253493458995 69.03984940372419
69.96783253587965 69.03984940372419
71.0195635400862 69.53653896777975
70.76486237899826 70.03322853183532
70.56625659888097 70.03322853183532
70.81537300955922 69.53653896777975
70.67030869592524 70.52991809589089
71.13108400777739 70.52991809589089
70.91005006213001 70.52991809589089
71.11831705248635 70.52991809589089
71.81234532084524 70.52991809589089
71.82206727292646 71.02660765994646
71.67583165636167 71.02660765994646
72.41940199729207 71.52329722400204
72.37785891423275 71.52329722400204
72.38318269909877 72.01998678805761
73.09641257425677 72.01998678805761
73.01526861357553 72.51667635211317
73.23005913283671 72.01998678805761
73.2531255722897 72.51667635211317
73.3712841784529 72.51667635211317
73.95964386668766 73.01336591616874
73.55027021385698 73.51005548022431
73.88909940268786 73.01336591616874
73.98876284891257 73.01336591616874
74.05236545768192 73.01336591616874
74.18939155455188 73.51005548022431
74.53678092573423 73.51005548022431
74.29186179033319 74.00674504427988
74.96150755894585 74.00674504427988
75.09288367528761 74.00674504427988
75.15321131988884 74.50343460833545
75.32406031411384 74.50343460833545
75.74253121568042 75.00012417239103
75.5069849754257 75.00012417239103
75.98173749150013 75.00012417239103
76.39992596687219 75.49681373644658
75.94719094319751 75.99350330050216
76.3238537022691 75.49681373644658
76.299394469169 75.99350330050216
76.11865653361642 75.99350330050216
76.60342082421133 75.99350330050216
76.9408151542841 76.49019286455773
77.11321984989848 76.49019286455773
77.62446245379708 76.49019286455773
77.58218271623198 76.9868824286133
77.42607118872044 76.9868824286133
77.86919681917661 76.9868824286133
77.65443131053188 77.48357199266887
77.60591454075369 77.48357199266887
78.00142036721947 76.9868824286133
78.3981449201086 77.48357199266887
79.00550845522666 77.98026155672444
78.33232168362437 78.47695112078
78.75766048461466 77.98026155672444
79.91095322774595 78.47695112078
78.8650015217794 78.97364068483557
79.2196617620757 78.47695112078
79.80752913184804 78.97364068483557
79.24191409063958 79.47033024889114
79.63174862720143 79.47033024889114
79.95179024589753 79.47033024889114
79.94354851267353 79.47033024889114
80.38281406960863 79.47033024889114
80.8098058802502 79.96701981294672
80.22351376630532 80.46370937700229
80.43497096433413 79.96701981294672
80.58633680840946 79.96701981294672
81.36684436872537 80.46370937700229
81.27737003127213 80.96039894105786
81.24344788137857 80.96039894105786
81.07229476240802 80.96039894105786
81.82815805907381 80.96039894105786
81.37151457357255 80.96039894105786
81.88239183769602 81.45708850511342
82.30584096997757 81.45708850511342
82.44972284983109 81.95377806916899
82.23134368940707 81.95377806916899
82.00682275702457 81.95377806916899
82.46971139814964 81.95377806916899
83.21889061852843 81.95377806916899
82.80774356412888 82.45046763322456
83.26997758856604 82.45046763322456
82.84895215622461 82.94715719728013
83.92492204423323 82.94715719728013
83.24259646380577 83.4438467613357
83.94189680294036 82.94715719728013
84.15290183335948 83.4438467613357
83.94926523856547 83.4438467613357
84.17581308309951 83.4438467613357
84.10713686510415 83.94053632539128
84.72479360379201 83.94053632539128
84.35285779152619 84.43722588944685
84.1772342279688 83.94053632539128
84.71928286698639 83.94053632539128
84.99865169678041 84.43722588944685
84.78078448215126 84.43722588944685
85.25467459077922 84.93391545350241
85.34798987700388 84.93391545350241
85.46150593247127 84.93391545350241
85.75349588976562 85.43060501755798
85.65167070636953 85.43060501755798
85.76930498013373 85.43060501755798
86.03625618712732 85.92729458161355
86.15258520882868 85.92729458161355
86.7095535500001 85.92729458161355
86.6100740816348 86.42398414566912
86.74449517004582 86.42398414566912
86.80496415588699 86.42398414566912
86.9397063665769 86.9206737097247
86.98298969480666 86.9206737097247
86.82708634377813 86.9206737097247
87.57777163955303 86.9206737097247
87.31038167582321 86.9206737097247
87.51095307681297 86.9206737097247
87.79947114595912 87.41736327378027
87.54511661362493 87.41736327378027
87.63616929866703 87.41736327378027
88.0770785162328 87.41736327378027
88.41226993574054 87.91405283783583
88.33672366566428 87.91405283783583
88.51460483810716 88.4107424018914
88.96867487632463 88.4107424018914
88.7524190143246 88.90743196594697
88.62863734392667 88.90743196594697
89.19566469373272 88.4107424018914
89.35034109561536 88.90743196594697
89.01391961776605 88.90743196594697
89.25647703205829 88.90743196594697
89.11677595212775 89.40412153000254
89.40724040612393 88.90743196594697
89.22749395621841 89.40412153000254
90.06799084962996 89.40412153000254
90.05964508641416 89.90081109405811
90.02875184717878 89.90081109405811
90.21237543080044 89.90081109405811
90.32501073532262 90.39750065811369
90.53566380607063 90.39750065811369
90.6121217295603 90.39750065811369
90.56024346360041 90.39750065811369
91.00836910516328 90.39750065811369
