34.35534859246673 30.79475297144532
34.059005223368736 30.79475297144532
34.04362403599502 30.79475297144532
34.13804523687296 30.79475297144532
34.306428290503 30.79475297144532
34.113155365064145 30.79475297144532
33.9510072041815 30.79475297144532
33.96384066784333 30.29806340738975
34.86636813378326 30.79475297144532
33.75083483755561 30.79475297144532
34.157010791685664 30.79475297144532
34.152708352221794 30.79475297144532
35.70244363854754 30.79475297144532
34.462317112035365 30.79475297144532
34.16961839865646 30.79475297144532
34.23048176650006 30.79475297144532
33.953913411335584 30.79475297144532
34.09365678553861 30.79475297144532
34.39299557063392 30.79475297144532
34.40183709295842 30.29806340738975
34.05783571549987 30.79475297144532
34.1739391092907 30.29806340738975
34.25204737487384 30.29806340738975
34.28356405254472 30.79475297144532
33.87630929947991 30.29806340738975
33.93821299617597 30.29806340738975
34.07857066644348 30.29806340738975
33.89867841653606 30.29806340738975
35.133057033210974 30.79475297144532
34.300799240720885 31.291442535500888
34.05620711245999 30.79475297144532
34.13772228564731 30.79475297144532
34.08924307868638 30.29806340738975
35.21689951579948 30.29806340738975
34.00687276825431 30.79475297144532
34.24742439270699 30.29806340738975
34.48194443371787 30.79475297144532
34.316011945420804 30.79475297144532
34.19170407387222 30.29806340738975
34.22314695972241 30.29806340738975
34.40680743838513 30.29806340738975
34.48890128073672 30.29806340738975
34.24741293475649 30.29806340738975
33.91143045607853 30.29806340738975
34.05950147064836 30.29806340738975
34.91909249784808 30.29806340738975
34.58566464386059 30.29806340738975
34.3465702399554 30.29806340738975
34.41683220517832 30.29806340738975
34.315484413015106 30.29806340738975
34.23280784755671 30.29806340738975
34.057887715406636 30.29806340738975
34.32545149792898 30.29806340738975
34.04557539339471 30.29806340738975
34.40978745640534 30.29806340738975
34.02274593146011 30.29806340738975
34.68133816179128 30.29806340738975
34.20576393445068 30.29806340738975
36.07493701897823 30.79475297144532
34.432334892925724 30.29806340738975
34.42376916893929 30.29806340738975
34.20408887798133 30.79475297144532
34.16308486919663 30.29806340738975
34.79003219278181 30.29806340738975
34.11385410952067 30.29806340738975
34.40407241040104 30.29806340738975
34.298557581111424 30.29806340738975
34.29226999698081 30.29806340738975
34.21255814908021 30.29806340738975
34.104308052216695 30.29806340738975
34.10204520370432 30.29806340738975
34.55413538243433 30.29806340738975
34.21007206416424 30.29806340738975
34.02873523807191 30.29806340738975
34.12891000937698 30.29806340738975
34.23076065280001 30.29806340738975
34.424570890212486 30.29806340738975
34.06753245964067 30.29806340738975
34.4108452815081 30.29806340738975
34.022680328522696 30.29806340738975
34.04794539087452 30.79475297144532
34.05558055091265 30.29806340738975
34.32433478163495 30.29806340738975
34.27891741141265 30.29806340738975
34.15629955599281 30.29806340738975
34.16850115363353 30.29806340738975
34.41240675018802 30.29806340738975
34.22657363493686 30.29806340738975
34.10165465619609 30.79475297144532
34.52745716366902 30.29806340738975
34.28261736193956 30.29806340738975
34.41700606612312 30.29806340738975
34.18311151627101 30.29806340738975
34.1840232629634 30.29806340738975
34.95260978990821 30.29806340738975
34.455258587473594 30.29806340738975
34.34470961219519 30.29806340738975
34.0736508416139 30.29806340738975
34.23096685033499 30.29806340738975
34.18951110965911 30.29806340738975
34.1324138223417 30.29806340738975
34.15654176766231 30.79475297144532
34.48740263864311 30.29806340738975
34.82522918311844 30.29806340738975
34.1662838949276 30.79475297144532
34.10474777189532 30.29806340738975
34.3542041984561 30.29806340738975
34.307232689749156 30.79475297144532
34.19526621443438 30.79475297144532
34.199861950728994 30.79475297144532
34.26245452521381 30.29806340738975
34.21473625434077 30.29806340738975
34.27761095248324 30.29806340738975
34.02530572446728 30.29806340738975
34.25395066122403 30.29806340738975
34.60985958257685 30.29806340738975
33.99150628893415 30.29806340738975
34.25604003623929 30.29806340738975
34.041427108702194 30.29806340738975
34.16935996615225 30.79475297144532
34.43384990266553 30.29806340738975
34.35761670093027 30.29806340738975
34.3818260964873 30.29806340738975
34.1618351853016 30.29806340738975
34.36093973649044 30.29806340738975
34.238075026799315 30.29806340738975
34.286633819727264 30.29806340738975
34.069381370681825 30.29806340738975
34.07253023730162 30.29806340738975
34.29521131313375 30.29806340738975
34.84408766522539 30.29806340738975
34.31695736889596 30.29806340738975
35.889440784957976 30.29806340738975
34.25932422797108 30.79475297144532
34.134922108828015 30.29806340738975
34.367482526617714 30.29806340738975
34.54169898642367 30.29806340738975
34.74443361373017 30.29806340738975
34.66821073033422 30.79475297144532
34.18164833442453 30.29806340738975
34.423170120213065 30.29806340738975
34.2187451489054 30.29806340738975
34.28119713780177 30.79475297144532
34.43127114994349 30.29806340738975
35.660515873922506 30.79475297144532
34.46918979432289 30.29806340738975
34.47777378187775 30.29806340738975
34.34925881215148 30.79475297144532
34.32436510759182 30.29806340738975
34.30782318542536 30.79475297144532
34.400757397188904 30.29806340738975
34.55870293836944 30.29806340738975
34.201326139531986 30.29806340738975
34.63331404727043 30.79475297144532
34.29741202783227 30.79475297144532
34.36299869589493 30.29806340738975
34.41048325952947 30.29806340738975
34.44867791101004 30.79475297144532
34.08213777577907 30.79475297144532
34.22470509626427 30.29806340738975
34.713070087582466 30.79475297144532
34.53519277138803 30.79475297144532
34.43996691787526 30.79475297144532
34.437306146598814 30.79475297144532
34.6657359926516 30.79475297144532
34.3966119948611 30.79475297144532
34.55950588744744 30.79475297144532
34.751491400636326 30.79475297144532
34.544190997584074 30.79475297144532
34.44545374707047 30.79475297144532
34.74106433349349 30.79475297144532
34.790222989460545 30.79475297144532
34.68891754328712 31.291442535500888
34.32711625174769 31.291442535500888
34.914158126751985 31.291442535500888
34.92270678340684 31.291442535500888
35.146038458958465 31.291442535500888
35.08969475530232 31.78813209955646
35.040420192007474 31.78813209955646
35.13876337249246 31.291442535500888
34.99931909601398 31.291442535500888
35.33519422249239 31.78813209955646
35.40172829257699 31.78813209955646
35.658170995607534 31.78813209955646
35.602401367990566 31.78813209955646
35.717940965696776 32.28482166361203
36.293753392913885 32.28482166361203
35.59807914402966 32.28482166361203
35.640202253456565 32.28482166361203
35.64707324315933 32.28482166361203
36.24984652457256 32.28482166361203
35.96398341995072 32.7815112276676
36.000834777906086 32.7815112276676
35.94378002808766 32.7815112276676
36.27704652233769 33.278200791723165
36.716300924948214 33.278200791723165
36.9037856836964 33.77489035577874
37.02505610980893 33.77489035577874
37.03032989295387 33.77489035577874
36.942534428810674 33.77489035577874
37.62889538801659 33.77489035577874
37.559579696227885 34.27157991983431
37.64578527347824 34.768269483889874
37.4397917434534 35.264959047945446
37.72343209671037 34.768269483889874
37.87341545328129 34.768269483889874
38.37134177631164 35.264959047945446
38.71537158540071 35.264959047945446
38.45465025707553 36.25833817605658
38.505653327283376 35.76164861200102
38.813368044389776 36.25833817605658
39.297587840466726 36.25833817605658
38.84580635739696 36.755027740112155
39.63332813232813 36.755027740112155
39.35576344907595 37.25171730416773
39.395501899238695 37.25171730416773
39.9105112960965 37.25171730416773
41.03335231746269 37.25171730416773
40.21256660591216 38.245096432278864
40.89421270168459 38.245096432278864
41.36826813485897 38.741785996334436
41.01249486456995 39.23847556039
41.3580423892675 39.23847556039
41.83729057098691 39.23847556039
41.51452720991207 39.73516512444557
41.90540221174549 39.73516512444557
42.17587354747052 39.73516512444557
41.95530976043302 40.231854688501144
42.53085034823617 40.231854688501144
43.01368077777039 40.72854425255671
42.81937862909065 41.22523381661228
43.13494513361085 41.22523381661228
43.13996784715466 41.22523381661228
43.5301064386624 41.72192338066785
44.13927038812254 41.72192338066785
44.41296584949628 42.71530250877899
43.75371749367561 42.71530250877899
44.632832465011845 42.218612944723425
44.285100511052626 42.71530250877899
45.53623922871195 42.71530250877899
45.10193075970581 43.708681636890134
45.34735626735045 43.708681636890134
45.441474926200534 44.2053712009457
45.71107646020546 43.708681636890134
46.23903789992873 44.2053712009457
46.383351201262215 44.70206076500127
46.29528412155993 45.19875032905684
47.05103557670868 44.70206076500127
47.024796350997946 45.69543989311241
47.99418935529512 46.19212945716798
47.5985266897333 46.19212945716798
48.134572994731215 46.68881902122355
48.05435334353066 46.68881902122355
47.956902000193665 46.68881902122355
48.77953972284473 46.68881902122355
48.627717619840105 47.68219814933469
48.515171845793134 47.185508585279116
48.81685918904749 47.185508585279116
49.212896661073835 47.68219814933469
49.6599490341049 48.17888771339026
49.48508426177459 48.675577277445825
50.61736841875496 48.17888771339026
50.08853361677012 49.1722668415014
50.57986763887537 49.1722668415014
50.06574831645433 49.1722668415014
51.70528925539844 49.1722668415014
50.7463024165444 50.662335533668106
51.30865259168556 49.66895640555697
51.74709011191671 50.165645969612534
51.699208457377715 50.662335533668106
51.7945904979933 50.662335533668106
51.64007996928831 50.662335533668106
52.15670976971097 50.662335533668106
53.507243199226934 51.15902509772368
52.36919901071775 52.152404225834815
52.96474848560106 51.65571466177924
53.27591205078444 51.65571466177924
53.91596860652294 52.152404225834815
53.67357448367035 52.64909378989039
54.438317925154934 52.64909378989039
53.94878253491228 53.14578335394595
54.967150858061686 53.14578335394595
54.44304046322425 53.64247291800152
54.73613352362338 53.64247291800152
54.863733054068575 53.64247291800152
54.96534249307622 53.64247291800152
55.8329729300885 54.139162482057095
55.57694979536794 54.63585204611266
56.100370391715586 54.63585204611266
56.01229946629827 55.13254161016823
56.33762463106984 55.13254161016823
56.06379726839864 55.13254161016823
56.356615891138574 55.13254161016823
56.917334912744 55.13254161016823
57.06361942227977 56.12592073827937
57.833788773223446 56.12592073827937
57.37374053041006 56.62261030233494
57.29219080143868 56.12592073827937
57.89953972783145 56.62261030233494
57.953269551647836 57.11929986639051
58.16432906797996 57.11929986639051
58.28797618769406 57.11929986639051
58.72743094736207 57.11929986639051
58.82867551714649 57.615989430446085
58.58969971231201 58.11267899450165
59.072357206503604 57.615989430446085
59.36515348355855 58.11267899450165
59.50129603413841 58.60936855855722
60.02343090799778 58.60936855855722
60.00615323371383 59.106058122612794
60.46383630471994 59.106058122612794
60.34489074774408 59.60274768666836
60.1331300155783 59.106058122612794
61.372000509632066 59.60274768666836
60.45326990469889 60.09943725072393
61.56026354489858 59.60274768666836
61.15449989656831 60.5961268147795
61.91668810979403 60.09943725072393
61.34233468529197 61.09281637883507
61.83496016492025 60.5961268147795
61.8045631978121 61.09281637883507
62.1772399967991 61.09281637883507
62.18067478825986 61.58950594289064
62.50626974613648 61.58950594289064
62.84565318932248 61.58950594289064
63.43403251147812 62.08619550694621
63.300595584796746 62.582885071001776
63.47117049623057 62.582885071001776
63.52277493886154 63.07957463505735
63.60431669439387 62.582885071001776
63.429132919349286 62.582885071001776
63.9756882344958 63.07957463505735
64.01138501962077 63.57626419911292
64.46712794921896 63.57626419911292
65.15918335760801 63.57626419911292
64.87074448450284 64.56964332722406
65.05166099128036 64.07295376316848
64.73640405245416 64.07295376316848
65.08058584664974 64.07295376316848
66.78233067600318 64.56964332722406
66.00508399595012 65.5630224553352
66.04399460076043 66.05971201939077
66.25775650334239 65.5630224553352
66.4097013064883 66.05971201939077
65.81317243443684 66.05971201939077
66.78517860619803 65.06633289127963
66.84821132240437 66.05971201939077
66.30479661299532 66.05971201939077
67.81612535452314 66.05971201939077
67.41265196690976 67.0530911475019
67.3840916652671 66.55640158344633
67.28417559543347 66.55640158344633
67.43250182294081 66.55640158344633
67.92742206454324 66.55640158344633
68.00200361942586 67.0530911475019
68.48621160815404 67.54978071155747
67.88735969795708 67.54978071155747
67.9638312566494 67.54978071155747
68.77368497750975 67.54978071155747
68.65290207882286 68.04647027561305
68.87876371186955 68.04647027561305
69.4376514166201 68.04647027561305
69.75111109835555 68.54315983966862
69.93005152983336 69.03984940372419
70.7921021347262 69.53653896777975
69.7832616744643 70.03322853183532
69.13058612827032 69.53653896777975
70.6097897605102 69.03984940372419
70.32018678834585 69.53653896777975
70.87758781253108 70.03322853183532
70.76089192962347 70.52991809589089
70.46903177243269 70.52991809589089
70.4771520756987 70.03322853183532
71.29999525724644 70.03322853183532
71.551522638892 70.52991809589089
71.21536857562224 70.52991809589089
71.55705806863091 71.02660765994646
72.18528709295524 71.02660765994646
72.12160589919446 71.52329722400204
71.36118917635717 71.52329722400204
72.57562972186561 71.52329722400204
72.43846806441823 72.01998678805761
72.56676214860752 72.01998678805761
72.83780149252888 72.01998678805761
73.1465659733778 72.51667635211317
72.94086955374817 72.51667635211317
72.63627860572413 72.51667635211317
74.38353645185173 72.51667635211317
73.28167999698151 73.51005548022431
73.4560151452543 73.01336591616874
74.10152379474728 73.01336591616874
73.5879924871583 73.51005548022431
74.24534901462732 73.51005548022431
74.13528682186326 74.00674504427988
74.72177391552114 73.51005548022431
74.6090644707002 74.50343460833545
75.0851849942177 74.00674504427988
75.45987361594845 74.50343460833545
74.38319256401225 75.00012417239103
74.8874615334563 74.50343460833545
75.00956219893567 74.50343460833545
76.1916928385067 75.00012417239103
75.87683638910691 75.49681373644658
75.77115443954911 75.49681373644658
75.69856148458813 75.49681373644658
76.25941224721659 75.00012417239103
76.09972434355619 75.49681373644658
76.20061532704484 75.99350330050216
77.39664519785995 75.99350330050216
77.18955014205956 76.9868824286133
76.84564891391605 76.9868824286133
76.90191082672283 76.49019286455773
77.2454618735671 76.9868824286133
77.21866034383109 76.9868824286133
77.10068459542157 76.9868824286133
77.55527517686949 76.9868824286133
77.60892159072526 76.9868824286133
77.75949129800934 77.48357199266887
77.65889925277416 76.9868824286133
78.8443468050449 77.48357199266887
77.928335535723 77.98026155672444
78.3518104821389 77.48357199266887
78.81567493308643 77.98026155672444
78.60683340896576 78.47695112078
79.03806558022379 78.47695112078
78.3964793343198 78.47695112078
79.23494853021728 78.47695112078
79.78533705128513 78.97364068483557
78.96785591890709 79.47033024889114
79.99269590906651 78.97364068483557
79.32422654842077 79.47033024889114
79.8771099872017 79.47033024889114
80.268973779791 79.47033024889114
80.38724674083566 79.96701981294672
80.05816998270562 79.96701981294672
79.99760627284167 79.96701981294672
80.54553723817574 79.96701981294672
80.49504977652411 79.96701981294672
80.8177384183189 80.46370937700229
80.8382439036121 80.46370937700229
81.16976856249389 80.96039894105786
81.03762488858148 80.96039894105786
82.04286420141229 80.96039894105786
81.50708512993808 81.45708850511342
81.84370721291366 81.45708850511342
81.63969830033831 81.45708850511342
81.82649995643561 81.45708850511342
81.97205297861763 81.45708850511342
82.2882866133633 81.95377806916899
81.76213657910024 81.95377806916899
82.37868278917823 81.95377806916899
83.09074876988595 82.45046763322456
82.50884287617922 82.94715719728013
83.002332761614 82.45046763322456
82.89286385108781 82.94715719728013
83.34497590119437 82.94715719728013
83.02005754131088 82.94715719728013
83.06593428982286 82.94715719728013
83.06691997627746 82.94715719728013
83.535166440624 82.94715719728013
83.3462151883922 83.4438467613357
83.51858461276576 83.4438467613357
83.21364182128856 83.4438467613357
83.59709275595989 83.4438467613357
84.18534024886945 83.94053632539128
84.41076827074693 83.94053632539128
84.865104296348 84.43722588944685
83.94132659776193 84.93391545350241
85.35402300140547 83.94053632539128
84.93378636998473 84.93391545350241
84.60129737452829 84.93391545350241
84.98525517699655 84.43722588944685
85.09142370292979 84.93391545350241
85.24707964821326 84.93391545350241
