35.58000083545655 30.79475297144532
34.12537778317135 30.79475297144532
34.12725888463079 31.291442535500888
34.044179641439136 30.79475297144532
34.14877876418928 30.79475297144532
34.0192778778903 30.79475297144532
34.04537068200944 30.79475297144532
36.401841854554725 30.79475297144532
35.09919356501572 30.79475297144532
34.80426338893874 30.79475297144532
34.36738878866554 30.79475297144532
34.139274197629774 30.79475297144532
33.873285552774306 30.79475297144532
34.02663392025242 30.79475297144532
34.7563605268195 30.79475297144532
34.46343142049335 30.79475297144532
34.08549315731872 30.79475297144532
34.54723723306674 30.29806340738975
34.35630364384065 30.79475297144532
35.19537864998935 30.79475297144532
35.02459841560012 30.79475297144532
33.948346620182605 30.79475297144532
34.098457644257934 30.79475297144532
34.13175277336718 30.79475297144532
34.52342416641384 30.79475297144532
34.117322255500376 30.29806340738975
34.29336999484029 30.29806340738975
34.46696429351731 30.29806340738975
34.566640769642895 30.29806340738975
33.94762882066357 30.29806340738975
35.997398156940264 30.29806340738975
34.21558865001195 30.79475297144532
34.18104438628286 30.29806340738975
34.29060764188868 30.29806340738975
34.57921968910513 30.79475297144532
33.93149988499699 30.29806340738975
34.3366833772293 30.29806340738975
33.83929217953944 30.29806340738975
34.02979671704233 30.29806340738975
34.094377415850985 30.29806340738975
34.02028850482761 30.29806340738975
34.41112838309884 30.79475297144532
34.29103281821924 30.29806340738975
33.971326902590064 30.29806340738975
34.26361493694531 30.29806340738975
34.12856611414056 30.29806340738975
34.12528087695011 30.29806340738975
34.28449503610697 30.29806340738975
34.07278900631447 30.29806340738975
33.903771173523204 30.29806340738975
34.33806228991528 30.29806340738975
33.95526562091932 30.29806340738975
34.06715723541834 30.29806340738975
34.05137664022043 30.79475297144532
34.893831661937796 30.29806340738975
34.08442638674589 30.29806340738975
36.00018641240686 30.79475297144532
34.19307392733667 30.79475297144532
34.226339038790535 30.29806340738975
35.28573224259799 30.29806340738975
34.18577607269232 30.29806340738975
33.93100349480474 30.79475297144532
34.39303772127577 30.29806340738975
34.078513397321224 30.29806340738975
34.908937294417406 30.29806340738975
34.774083292911875 30.29806340738975
34.41858835098962 30.29806340738975
34.56465653625964 30.79475297144532
34.22034558632379 30.79475297144532
34.012033949197765 30.29806340738975
36.09949716808668 30.29806340738975
33.96925930124284 30.29806340738975
34.190907470806195 30.29806340738975
34.85533002420676 30.29806340738975
34.57823903405912 30.29806340738975
34.0197557130227 30.29806340738975
34.07662923915448 30.29806340738975
34.32353921302492 30.29806340738975
34.59480603162424 30.29806340738975
34.372401026807026 30.29806340738975
34.00669115099637 30.29806340738975
33.88061313320625 30.29806340738975
34.28474457085344 30.29806340738975
34.33769368432778 30.29806340738975
34.5843542992708 30.79475297144532
34.22377182542667 30.79475297144532
34.094899847944056 30.29806340738975
34.864136458771334 30.29806340738975
34.476706802287275 30.29806340738975
34.271051748559984 30.29806340738975
34.39020756849133 30.29806340738975
34.34581132380991 30.29806340738975
33.99909292202968 30.29806340738975
34.22885348484286 30.29806340738975
34.33918385748222 30.29806340738975
34.46908741099874 30.79475297144532
34.469539619685136 30.29806340738975
34.35765994890365 30.29806340738975
34.172091295690294 30.79475297144532
34.62243043442827 30.29806340738975
34.48002022781153 30.29806340738975
34.286887641827825 30.79475297144532
34.10226961122165 30.29806340738975
34.2458012079662 30.29806340738975
34.396278375262895 30.29806340738975
34.38052613135108 30.29806340738975
34.09266025326082 30.29806340738975
34.30236883838191 30.29806340738975
34.398872242619206 30.79475297144532
34.1481468822438 30.29806340738975
34.1975388719032 30.29806340738975
35.56241784617872 30.79475297144532
34.02944101621982 30.29806340738975
34.262833959127406 30.79475297144532
34.65791208248544 30.29806340738975
36.32859846356178 30.29806340738975
34.138994564054194 30.29806340738975
34.221818282719546 30.79475297144532
34.213115533827676 30.29806340738975
34.37859013483359 30.29806340738975
34.236356280820544 30.79475297144532
34.48896115549487 30.29806340738975
34.13498155216765 30.29806340738975
34.358980540853075 30.29806340738975
34.46537618548776 30.29806340738975
34.2588799282905 30.29806340738975
34.50134029340521 30.29806340738975
34.519451318686784 30.29806340738975
34.24244183458978 30.29806340738975
34.285919305736996 30.29806340738975
34.13671171277888 30.29806340738975
34.256573889030804 30.29806340738975
35.38986978403433 30.29806340738975
34.222473939552096 30.79475297144532
34.19666833091321 30.29806340738975
34.26932040847169 30.29806340738975
34.20321075499111 30.79475297144532
34.671638894153205 30.79475297144532
34.266262941711844 30.79475297144532
34.671581143562946 30.79475297144532
34.27964891452474 30.79475297144532
34.452734336421805 30.79475297144532
34.29500258594992 30.79475297144532
34.44111687626332 30.79475297144532
34.35114780593224 30.79475297144532
34.804241331905814 30.79475297144532
34.58993302142582 30.79475297144532
34.44149679166026 30.79475297144532
34.501724685366064 31.291442535500888
35.2120585039215 31.291442535500888
37.42037880292953 31.291442535500888
34.79352976148614 31.291442535500888
34.60700119206429 31.291442535500888
34.491793511146 31.291442535500888
34.54295384683304 31.291442535500888
34.88510374032546 31.291442535500888
34.70964758410361 31.291442535500888
34.78225862988733 31.291442535500888
35.162082433161565 31.78813209955646
34.593822331327324 31.78813209955646
34.83787044563038 31.78813209955646
34.66196472415749 31.78813209955646
35.296573803771274 31.78813209955646
35.24451862825607 32.28482166361203
35.33311887208115 32.28482166361203
35.788653146985425 32.28482166361203
35.332235021051275 32.28482166361203
35.07607869658112 32.28482166361203
35.4125047201202 32.28482166361203
35.653320284548755 32.7815112276676
35.74004288530925 32.7815112276676
35.55730077204213 33.278200791723165
35.704471623112845 32.7815112276676
36.49630105848254 33.278200791723165
36.00419612931198 33.278200791723165
35.9734098623179 33.77489035577874
36.24848950892206 33.278200791723165
36.4821415212851 33.77489035577874
36.231163094226865 34.27157991983431
36.8890342923446 34.27157991983431
36.83140322565024 34.768269483889874
36.993785838807206 34.27157991983431
37.20095408796783 34.768269483889874
37.39064633624905 34.768269483889874
37.80317044360459 35.264959047945446
37.82701178709851 35.76164861200102
37.79475226440182 36.25833817605658
38.18466719118022 36.25833817605658
38.266875306095066 36.755027740112155
39.335236090087804 36.755027740112155
38.60666462692076 37.25171730416773
38.3938678326853 37.25171730416773
38.966624251482884 36.755027740112155
39.25676711343616 37.25171730416773
39.689160589755254 37.74840686822329
39.476616018647334 38.245096432278864
39.31235936443646 38.245096432278864
40.26946179279349 37.74840686822329
40.212526084307626 38.741785996334436
41.16912388847208 38.741785996334436
40.40306150895239 39.23847556039
40.726827074535315 39.23847556039
42.059403498161764 39.73516512444557
41.32491307110235 40.72854425255671
41.57772815717263 40.72854425255671
41.528608872192144 40.72854425255671
42.86872062908388 40.72854425255671
41.97965906920692 41.72192338066785
42.911021123070505 41.22523381661228
43.32972536340559 41.72192338066785
42.29116679476444 42.218612944723425
43.32119522300308 41.72192338066785
43.663251564840856 42.218612944723425
43.48468634849079 42.71530250877899
44.44346348313121 42.71530250877899
44.23781064648186 43.21199207283456
44.49146594244403 43.21199207283456
44.50444195112112 43.708681636890134
44.86433576512681 43.708681636890134
45.47744685798614 44.2053712009457
45.84368380575677 44.70206076500127
46.1438071201677 44.70206076500127
45.93192280052254 45.19875032905684
45.69435084981329 45.19875032905684
46.91247439146733 44.70206076500127
46.833728588648064 46.19212945716798
47.73656322405027 46.19212945716798
47.31801695590286 46.68881902122355
47.57516091847275 46.68881902122355
47.475692954431324 46.68881902122355
48.06986536846463 46.68881902122355
49.17121224513406 47.185508585279116
48.76516288500123 48.17888771339026
49.33424359371011 48.17888771339026
49.3045775552036 48.17888771339026
49.3618917686593 48.675577277445825
49.87589545873709 48.675577277445825
49.71401795282611 49.1722668415014
49.75687487620176 49.1722668415014
50.17812012328327 49.1722668415014
50.546413248368474 49.1722668415014
50.738465008236986 49.66895640555697
50.96585682873451 50.165645969612534
50.77276749777435 50.662335533668106
51.68769857519173 50.165645969612534
51.98923425485292 50.662335533668106
52.29654363292529 51.15902509772368
52.03453033081254 51.65571466177924
52.520055067283785 51.65571466177924
52.6139063730422 51.65571466177924
53.01906953821952 52.152404225834815
52.960614516963865 52.152404225834815
53.30699645487169 52.152404225834815
53.2617022065194 52.64909378989039
53.97381151916496 52.64909378989039
54.525878107757165 53.14578335394595
54.092312408082435 53.64247291800152
54.10095385652415 53.64247291800152
54.75541079617978 53.64247291800152
54.97373733922578 54.139162482057095
55.51373323097522 54.63585204611266
55.38561596932618 55.13254161016823
56.5879501555625 54.139162482057095
55.74416937459337 55.629231174223804
56.38355112499495 55.13254161016823
56.407762248439624 55.629231174223804
56.706948045738415 55.629231174223804
56.9210390436174 55.629231174223804
56.94821864306837 56.12592073827937
56.89850775869599 56.12592073827937
57.1308741103825 56.12592073827937
58.39273984565951 56.12592073827937
58.07572320841372 57.11929986639051
58.84421456638299 57.615989430446085
58.33534624171266 58.11267899450165
58.51723107503912 57.615989430446085
58.65266184397119 58.11267899450165
59.756509105100385 58.11267899450165
59.06331560920681 59.106058122612794
58.81915477008023 58.60936855855722
60.132498393101535 58.11267899450165
59.50974562799823 59.106058122612794
60.42663860043184 58.60936855855722
60.142391428838664 59.60274768666836
60.065376558856286 59.60274768666836
60.98827073927589 59.60274768666836
61.037788279959926 60.5961268147795
61.227910608186384 60.5961268147795
61.520939672465985 60.5961268147795
61.7646414547867 60.5961268147795
61.671022953790285 61.09281637883507
61.947745471200314 61.09281637883507
61.74991243089165 61.09281637883507
62.49581699826752 61.58950594289064
62.671878489051466 62.08619550694621
63.18279987588127 62.08619550694621
62.80071698434994 62.582885071001776
62.54481880701462 62.582885071001776
63.2940432729563 62.582885071001776
64.37704569385458 63.07957463505735
63.81799828490035 64.07295376316848
64.28018733494388 63.57626419911292
63.729660351990674 63.57626419911292
64.0249474601659 63.07957463505735
63.8520566387545 63.57626419911292
64.8411884160419 63.57626419911292
65.05146897299589 64.56964332722406
65.33891876965717 64.56964332722406
65.78204799380354 64.56964332722406
65.33052883437084 65.5630224553352
65.87295855602729 65.06633289127963
65.38171135316964 65.06633289127963
66.08948020199392 65.06633289127963
66.59362562375227 66.05971201939077
66.580299073426 66.05971201939077
66.33836010331588 66.05971201939077
67.00621459772626 66.55640158344633
66.72431664760238 66.05971201939077
67.3219868588958 66.55640158344633
66.86007965191284 67.0530911475019
67.41381680940498 67.0530911475019
67.76714297740425 67.0530911475019
68.10534885777525 67.0530911475019
68.13330683987232 68.04647027561305
68.51898074590197 67.54978071155747
68.19137166004612 68.04647027561305
69.56035965227031 68.04647027561305
68.98667832005425 69.03984940372419
69.12843929933027 69.03984940372419
69.02888198644419 69.03984940372419
69.35643306971949 68.54315983966862
69.85718174356832 69.03984940372419
69.78455189551552 69.03984940372419
69.87208925902807 69.03984940372419
70.68683299037173 69.53653896777975
70.08023095813347 70.52991809589089
70.5000248007528 70.03322853183532
70.81693666155142 70.52991809589089
70.77354591105944 70.52991809589089
70.37450044459331 70.52991809589089
71.11019819894362 70.03322853183532
71.50613740544553 70.52991809589089
71.70523142332848 71.02660765994646
72.55259831513295 71.52329722400204
71.9950724470144 72.01998678805761
72.04575515507193 72.01998678805761
72.56364520039645 71.52329722400204
72.58443519272858 72.01998678805761
73.1498471484769 72.51667635211317
72.81257376655265 73.01336591616874
72.4600907624201 73.01336591616874
72.88779211943738 72.51667635211317
73.17323135170042 73.01336591616874
73.47625958759775 73.01336591616874
73.67636330818873 73.51005548022431
73.3274448765537 73.51005548022431
73.29920991707493 73.51005548022431
74.01145157441812 73.01336591616874
73.9164419706061 73.51005548022431
74.65105850262889 74.00674504427988
74.55639405048858 74.00674504427988
74.37180720735758 74.50343460833545
74.56866838526906 74.00674504427988
74.98414597974367 74.50343460833545
75.44555332808913 75.00012417239103
75.08664110588906 75.00012417239103
75.83857513463163 75.00012417239103
75.59581038962615 75.49681373644658
76.23028846628254 75.49681373644658
76.30398113005857 75.99350330050216
76.4944071014876 75.99350330050216
76.55797586044132 76.49019286455773
76.42734564049381 76.49019286455773
76.21013468732038 76.49019286455773
76.37104189811097 75.99350330050216
77.49349853628486 76.49019286455773
77.70201072778588 77.48357199266887
77.7711033351799 76.9868824286133
77.2802872453511 77.98026155672444
77.83609821729166 77.48357199266887
77.50953532901957 77.48357199266887
77.87977811885122 77.48357199266887
78.18465670836544 77.98026155672444
78.64357096519878 77.98026155672444
78.83217374655014 78.47695112078
78.39858258354502 78.47695112078
78.28228960395094 78.47695112078
78.58322812857277 78.47695112078
79.61601192617057 78.47695112078
78.62942997140736 79.47033024889114
79.44900930614725 78.97364068483557
79.52323629679074 78.97364068483557
79.87831264106242 79.47033024889114
79.83818747354404 79.96701981294672
79.89847009102404 79.47033024889114
80.46811171465215 79.96701981294672
80.57742919251065 79.96701981294672
80.15406410920869 80.46370937700229
80.17845868181193 80.46370937700229
81.03455504549682 79.96701981294672
80.47714574997705 80.96039894105786
82.07896500617906 80.96039894105786
81.44271236338814 81.95377806916899
81.37299519992214 81.95377806916899
81.55921576855191 81.45708850511342
81.09784237329202 81.45708850511342
81.8962017767346 81.45708850511342
81.94024226509492 81.45708850511342
82.80103696986085 81.95377806916899
82.4819037600848 82.45046763322456
82.18912225746362 82.45046763322456
82.14768099111534 82.45046763322456
82.77969418707812 82.45046763322456
83.08801578430538 82.94715719728013
83.10663441410132 82.94715719728013
83.09118971057062 83.4438467613357
83.13578061983327 83.4438467613357
83.58078527562616 82.94715719728013
83.36734980040148 83.4438467613357
84.12747761681369 83.94053632539128
84.02783727610716 84.43722588944685
83.93507631655041 84.43722588944685
84.57992243839097 84.43722588944685
84.38663125027338 84.93391545350241
84.14525900931261 84.43722588944685
84.1225772530557 84.43722588944685
84.67713722026345 84.43722588944685
84.86517306466942 84.93391545350241
84.92226987215636 84.93391545350241
85.19259599786366 84.93391545350241
85.71571437797431 85.43060501755798
85.50916210159407 85.92729458161355
86.03424800753596 85.92729458161355
86.05849568645009 86.42398414566912
85.5494952587631 86.42398414566912
85.90263477509176 85.92729458161355
86.38405451221081 85.92729458161355
85.67774197572503 86.42398414566912
86.86622728273487 85.92729458161355
85.84541431484047 86.42398414566912
87.11070375700795 86.42398414566912
86.70252677709182 87.41736327378027
86.83054423752036 86.9206737097247
87.22113395381426 87.41736327378027
86.85833678337698 87.41736327378027
87.01982192448683 87.41736327378027
87.13330773165399 87.41736327378027
87.60433914751826 87.41736327378027
87.08035948207744 87.91405283783583
87.0878351921564 87.41736327378027
87.54385318213212 87.41736327378027
88.14202466697037 87.91405283783583
88.06210912071893 88.4107424018914
88.24577855118015 88.4107424018914
88.48074330567928 88.4107424018914
88.81375021555385 88.4107424018914
88.7737015277975 89.40412153000254
88.54074551956705 88.90743196594697
88.82107669950501 88.90743196594697
89.37340995048899 88.90743196594697
89.17086371157838 89.90081109405811
89.68942920674927 89.40412153000254
89.54243289686896 89.90081109405811
89.25538084848804 89.90081109405811
88.81983415729877 89.90081109405811
90.11471171690577 89.90081109405811
90.37775330677175 90.39750065811369
89.80195127142775 90.39750065811369
89.99618243129976 90.39750065811369
90.54905701847301 90.39750065811369
89.68893688772592 90.39750065811369
91.0790701780997 90.39750065811369
90.66642764153173 91.39087978622482
90.67612992907335 90.89419022216924
