70.47201781575694 42.0
77.70928256041388 41.0
80.87315394102984 41.0
82.55306669653017 42.0
83.72017784667942 41.0
84.42269829664238 41.0
84.65307992521564 41.0
85.36084253109682 41.0
85.74053323990623 41.0
85.86985923341378 40.0
86.11622942633826 41.0
86.38660428308424 41.0
86.57816330288344 41.0
86.58914751914985 44.0
86.63883395674355 42.0
86.66114378653339 41.0
86.66070528423015 41.0
86.51260885684734 41.0
86.68989802335109 41.0
86.75542783890481 41.0
86.81426400730723 41.0
86.72139795404405 41.0
86.79475952455735 41.0
86.73647462283351 41.0
86.69042542122641 41.0
86.50847090022405 42.0
86.2654115143056 41.0
86.33188281647224 41.0
85.74523373996979 40.0
85.457727150126 41.0
85.45665324335755 41.0
85.20999997886314 41.0
84.88655568647857 41.0
84.48914925299651 41.0
84.10058720388767 40.0
84.02016104171715 41.0
83.50847235338315 41.0
83.0402563528881 41.0
82.7797950146903 41.0
82.20782712594439 41.0
81.9744731444223 41.0
81.58659901914476 41.0
81.47457852223329 40.0
80.62778056491904 41.0
80.2337050828372 40.0
79.37973134485705 40.0
79.65268460586326 41.0
79.623184144636 42.0
78.84202197287925 41.0
77.88120401838195 40.0
77.40952861624824 41.0
76.80275817625193 41.0
77.04727058797602 41.0
76.51366194546618 40.0
75.43761857892108 41.0
74.89625848182858 41.0
74.95940596657982 42.0
74.954412420304 41.0
74.4936855691638 51.0
73.92835238308874 58.0
72.4309430647013 61.0
71.66661317778822 61.0
73.31862088394627 61.0
73.38881632252648 61.0
71.31424221863719 61.0
71.2095039610237 61.0
71.6507798517 61.0
72.24103717790378 62.0
72.58864928289051 63.0
72.93807007764728 64.0
71.78638474250793 65.0
70.77994104245155 65.0
70.95863992810783 65.0
71.43786024412029 66.0
71.51394749800978 66.0
71.06787669608838 66.0
71.11464311165275 66.0
69.97586339761662 66.0
69.38309862156072 67.0
69.05548651430554 66.0
68.2421384720357 66.0
67.4898477911321 66.0
68.81374479765152 66.0
68.97610041131011 67.0
68.78747647082024 67.0
68.33182261664743 67.0
68.9868957653435 67.0
69.96070809067994 67.0
71.5590066365618 67.0
70.78657881592355 68.0
71.18481896160776 67.0
73.03192558364228 67.0
75.00447649040208 67.0
77.38078451192126 67.0
78.9990072901382 67.0
80.57677589515815 68.0
82.50788973278496 68.0
83.3641741311637 68.0
84.18461129454589 69.0
84.9178707266742 68.0
85.69663383984414 69.0
86.17680690461296 68.0
86.37768322594295 69.0
86.19351454665687 69.0
86.1417623080279 69.0
86.1702388098521 69.0
85.7626648938258 69.0
85.39937600903303 69.0
85.25631193574714 69.0
84.86241168311388 70.0
84.43476809988655 70.0
83.68692652184579 70.0
82.58123417270228 69.0
81.4232294520173 69.0
79.57705201191702 69.0
78.02466229748127 70.0
76.42640017818705 69.0
74.76228360386094 70.0
73.85585589914952 70.0
74.05011519716544 70.0
73.81463365641089 70.0
73.74333426402154 70.0
73.86403596320677 70.0
72.76311087597823 70.0
71.97066101050184 71.0
71.72821623372255 71.0
70.66815451110985 70.0
71.08611039888159 71.0
71.41043462655023 71.0
71.77848494526873 70.0
71.94139860140749 71.0
71.23330328992373 70.0
71.12056746454937 71.0
71.06225258920489 71.0
71.17439673920377 71.0
72.05011929243229 71.0
72.36050018426346 71.0
72.5247100053011 71.0
72.35560542170182 71.0
72.27479261637436 72.0
71.71759522894374 71.0
71.78789041505837 72.0
71.64593334824306 71.0
71.67069607229138 71.0
71.9592051299597 71.0
72.05737718560795 72.0
72.45075310843256 72.0
73.07671962000758 72.0
74.10860483029147 72.0
75.10965009125667 73.0
75.61821764045075 72.0
76.41721734933199 73.0
77.49821773658854 72.0
78.32501484497354 73.0
78.58044106290124 73.0
79.13651340977246 73.0
79.73315114631693 72.0
80.33611275494755 73.0
80.62599407545628 72.0
81.06498407667351 72.0
81.40206194690478 73.0
81.81407138945839 72.0
81.62098629186929 72.0
81.69509690610334 73.0
82.18104036455901 73.0
82.49839217232275 73.0
82.32687856943028 72.0
82.21542136674483 72.0
81.85420090625509 73.0
81.65681868766517 73.0
81.7362281180545 73.0
81.91943773769297 73.0
81.6286789311458 73.0
81.54956847827151 73.0
81.02153992032328 74.0
81.07813084382524 73.0
81.11227441117623 74.0
80.6835618450662 74.0
80.78451572398161 74.0
80.65090732289181 74.0
80.79942205115753 74.0
80.47302806261402 74.0
79.98622549444357 75.0
79.75278348719588 74.0
80.12969999423503 75.0
79.70624736567815 75.0
79.70893185510184 74.0
79.36403108927747 74.0
79.24060662790477 75.0
79.12473892577856 75.0
78.9771293340791 75.0
78.65695564970935 75.0
78.6564239089881 75.0
78.48918470852357 75.0
78.40973262687395 76.0
77.89009143971035 75.0
78.05955415911717 75.0
77.8508012228021 75.0
77.7570416614118 75.0
78.12268403568905 75.0
77.38967675722793 75.0
76.85058876242856 75.0
76.29295460143973 76.0
76.44194822835398 76.0
76.57473039005257 75.0
76.76120418411128 76.0
76.6304327867459 76.0
76.97628143762576 76.0
76.94039663404554 76.0
76.64513938935434 76.0
76.94130177450654 76.0
76.91123255800265 76.0
76.9071002242435 76.0
77.02801828877466 76.0
76.95470541073936 77.0
76.84466324246611 77.0
76.70342732040535 77.0
76.85180931217405 76.0
76.75823549072575 77.0
76.87599884472542 77.0
76.94794848547593 77.0
76.9271332620703 77.0
76.93024938242965 76.0
76.96858838433702 77.0
76.97315410236163 77.0
76.92668363050089 77.0
76.94674258054525 77.0
76.93170352784972 77.0
77.02812035839719 77.0
77.08570586839272 77.0
76.99248115301144 77.0
77.1471620580852 77.0
77.12618081493753 77.0
77.05705140754861 77.0
77.2277749905087 77.0
77.67185323129321 77.0
77.61767835630634 77.0
77.6285565942757 78.0
77.55539810082165 78.0
77.60255869449568 78.0
77.76512357544765 77.0
77.82351290121638 78.0
77.95703362892742 78.0
78.08925784578759 78.0
78.1254878819374 78.0
78.3747828463869 78.0
78.59658910670946 78.0
78.5790674595424 78.0
78.5115539586504 78.0
78.32998380983993 79.0
78.30521500186366 79.0
78.41790965274481 79.0
78.40434203500195 78.0
78.46708057782345 78.0
78.56140309502905 78.0
78.55381183878889 79.0
78.65680475991867 79.0
78.78242111792338 79.0
78.71430627627991 79.0
78.7430870662901 78.0
78.82469146314367 79.0
78.94080088623056 79.0
78.9160393259508 79.0
79.0649811349774 80.0
79.36101076967186 79.0
79.23621078487348 79.0
79.20709391028859 79.0
79.2791619449789 80.0
79.27400483152793 79.0
79.26159138274028 79.0
79.22853579928164 79.0
79.20450078505007 79.0
79.29798010842838 80.0
79.24352374285313 79.0
79.4861738917021 80.0
79.75438602960557 80.0
80.26445633602037 80.0
80.7364237248127 80.0
80.81198686560802 80.0
80.8471515826176 81.0
81.08696780324976 81.0
81.15007593668204 81.0
81.31242088108196 81.0
81.40978701006694 81.0
81.57165156987435 81.0
81.62945792669855 81.0
81.70677783160039 81.0
81.79606759961007 82.0
81.99058001238662 81.0
82.06744685607671 82.0
82.10740407461707 82.0
82.23701187070722 82.0
82.73127951911765 82.0
82.86555353713564 82.0
82.84409880109901 83.0
83.0128674914487 83.0
83.2808877936102 83.0
83.34850034730235 83.0
83.39655761927244 84.0
83.58703591566712 83.0
83.75226664423971 84.0
83.938945197232 84.0
84.0784169397443 84.0
84.21704291205343 84.0
84.34396918011015 84.0
84.48370273960877 85.0
84.61233161215051 84.0
84.7882230265456 85.0
85.0267568803093 85.0
85.1580012542594 84.0
85.26754337843296 85.0
85.50057440063728 85.0
85.687319179059 85.0
85.85019725750637 86.0
85.7968351715814 85.0
85.8528003254415 85.0
85.89593197678374 86.0
86.00149040833375 86.0
86.03184495063836 86.0
86.0583314129473 86.0
86.19447575045155 86.0
86.27098494293891 86.0
86.28633607154953 86.0
86.29474693503069 86.0
86.33326931816556 86.0
86.40070477820397 86.0
86.38526527626803 86.0
86.38792225697411 87.0
86.46466392425378 87.0
86.53121642146743 87.0
86.64332484062547 87.0
86.80042675684366 87.0
86.93465395538466 87.0
87.07452299615566 87.0
87.1748922161363 87.0
87.18304941856421 88.0
87.1881598995391 87.0
87.19773274967858 87.0
87.1403225652965 87.0
87.17486320955273 87.0
87.2951640117952 88.0
87.5288087805169 87.0
87.54570512562785 88.0
87.50225407582329 88.0
87.53246244117838 88.0
87.51915643595956 88.0
87.49968293199917 88.0
87.62148033883689 88.0
87.65233076849754 88.0
87.80049919623603 88.0
88.0637774843011 88.0
88.17527809270868 89.0
88.20566471368329 88.0
88.19701121947026 89.0
88.21425839480015 89.0
88.28795037730941 89.0
88.29901295464984 89.0
88.42725033293534 89.0
88.4696772042392 89.0
88.53807053815954 89.0
88.6809080599148 89.0
88.6831123459017 89.0
88.66540148463876 89.0
88.75546631783115 89.0
88.77216926795376 89.0
88.85511456418935 89.0
88.94876709814774 89.0
88.99873187455468 89.0
89.09178028692291 89.0
89.11686851152994 89.0
89.10893299897539 89.0
89.20091261084171 89.0
89.2214745125409 89.0
89.18477734360214 89.0
89.17639250394903 90.0
89.22039061405337 90.0
89.37577615840469 90.0
89.45749372026515 90.0
89.61298194573588 90.0
89.86152072628296 90.0
89.95774315079122 90.0
90.01448479413338 90.0
90.08926001982786 90.0
90.1671195442299 90.0
90.21073065214648 90.0
90.13413512681292 90.0
90.06376260721018 90.0
90.14585413225556 91.0
90.1262361695995 90.0
90.09794848711333 90.0
90.12894702864233 91.0
90.2043644159651 91.0
90.34053963351465 91.0
90.38871373197111 91.0
90.40752924863946 91.0
90.53113910703354 91.0
90.59133653322242 91.0
90.68315455619316 91.0
90.83583121786735 91.0
90.90060279214775 91.0
90.9903231123621 91.0
90.95355053515537 91.0
90.93158971670064 92.0
91.0477888219979 91.0
91.0692546908861 91.0
91.10903777149281 91.0
91.14842524651522 91.0
91.18772033247402 91.0
91.37389367764126 92.0
91.4258711678616 91.0
91.39336578765804 92.0
91.44760916976304 92.0
91.4561437787887 92.0
91.4966851294278 92.0
91.72935230648402 92.0
91.76895755390203 92.0
91.81317845326826 92.0
91.76885147574745 92.0
91.76008167043719 92.0
91.87608212799091 92.0
91.90944285034557 92.0
92.19511623907364 92.0
92.27947411822724 93.0
92.34077665391999 93.0
92.44286874938453 93.0
92.61667539029102 93.0
92.85742665409907 93.0
92.97737408919025 93.0
93.05637019857731 93.0
93.15189021730632 94.0
93.20388342520164 94.0
93.25672014348211 94.0
93.38434949518553 94.0
93.42416984336803 94.0
93.48685661844377 94.0
93.76822429521405 94.0
93.74353270030205 95.0
93.6821273464874 94.0
93.6286648694112 94.0
93.60435373795399 94.0
93.6801817498363 94.0
93.69254341844905 94.0
94.13640616297015 94.0
94.66443885167351 95.0
94.83680948178784 95.0
94.95398552548005 95.0
95.14971264144548 95.0
95.54106418379895 96.0
95.97851102295223 96.0
96.10860116644287 96.0
96.09779235743817 96.0
96.1551193907145 97.0
96.13768391904107 97.0
96.18050416613055 96.0
96.32423609467969 97.0
96.40005364454949 97.0
96.47516930678253 97.0
96.4635086772569 97.0
96.48818057141652 97.0
96.66233677587032 97.0
96.80689202089776 97.0
96.8245272303708 97.0
96.83109006590271 98.0
96.81474892710345 97.0
96.85054022632404 98.0
96.8008238684064 97.0
96.75145165552036 98.0
96.79289632014732 97.0
96.80492924151123 97.0
96.88627001719392 97.0
96.93101865250509 97.0
96.95464982420985 97.0
97.07221374794294 98.0
97.2249187413033 98.0
97.25538086407629 98.0
97.3122195742761 98.0
97.32135265135861 98.0
97.39999544088988 98.0
97.53365558558328 98.0
97.60896755090462 98.0
97.70352294967901 98.0
97.7247643651963 98.0
97.72243455764806 99.0
97.80241493646298 98.0
97.84272747422703 99.0
97.86835272393463 99.0
97.97452109763339 99.0
98.03214452150578 98.0
98.08971619502987 98.0
98.07206587076644 99.0
98.06113470485388 99.0
98.14366360594855 99.0
98.20076499168579 99.0
98.27520867803639 98.0
98.2992554904395 99.0
98.29294012843528 99.0
98.38263998047248 99.0
98.37911600094013 99.0
98.33959495098759 99.0
98.4197411201096 99.0
98.44988980632506 99.0
98.49131569953006 99.0
98.51441717541674 99.0
98.53421513471048 99.0
98.59590915519752 99.0
98.57671551227263 99.0
98.53918075328497 99.0
98.60805229789649 99.0
98.66321481565517 99.0
98.7129989299868 99.0
98.71503606551317 99.0
98.7004401171757 100.0
98.77936854460958 99.0
98.75788893925244 99.0
98.72103618059697 99.0
98.80007082989717 99.0
98.86105217226607 99.0
98.89278309352723 99.0
98.91641948028261 99.0
98.91478496311693 100.0
99.00309645004619 100.0
98.98732524105137 99.0
98.95359683033722 100.0
99.0216883209662 100.0
99.05084363859139 100.0
99.04970871334669 100.0
99.07469563207258 100.0
99.06973549408845 100.0
99.17057670996687 100.0
99.16079709417112 100.0
99.12452308713709 100.0
99.194440813197 100.0
99.23167659229414 100.0
99.2218012480433 100.0
99.24486082942575 100.0
99.21700728094737 100.0
99.31063365158482 100.0
99.31481759894695 100.0
99.24851848939225 100.0
99.24646905152426 100.0
99.25814831353313 100.0
99.27220643123275 100.0
99.32452342757344 100.0
99.30618800268296 100.0
99.38460570613582 100.0
99.36693741995514 100.0
99.31284387415063 100.0
99.35815326588332 100.0
99.39427369662336 100.0
99.38649459432861 100.0
99.36642950652694 100.0
99.36245024879307 100.0
99.41035504783942 100.0
99.39603722784203 100.0
99.36169158470491 100.0
99.40337333095948 100.0
99.45299592481871 100.0
99.44970335496009 100.0
99.42111965480814 100.0
99.41259952335496 100.0
99.45643247412812 100.0
99.44088681603799 100.0
99.38769941033613 100.0
99.41448823331817 100.0
99.42270390633519 101.0
99.36808844293132 100.0
99.29445990059709 100.0
99.31045686118132 100.0
99.37221047115153 100.0
99.348338728209 100.0
99.30560294001071 100.0
99.33468016283196 100.0
99.38841507221275 100.0
99.38203445683668 100.0
99.33059650505761 100.0
99.33976208997986 100.0
99.36507825540828 100.0
99.341854566271 100.0
99.3116780476199 100.0
99.35336243481865 100.0
99.41138466717264 100.0
99.4063897593687 100.0
99.35118551165894 100.0
99.36798045762079 100.0
99.4200731432456 100.0
99.44972185368019 100.0
99.44725603118609 100.0
99.47956256239401 101.0
99.54940192416484 100.0
99.58267460148791 100.0
99.63184178923281 101.0
99.71306842734641 101.0
99.82221705052815 101.0
99.94629306276929 101.0
99.8812211013879 101.0
99.7955452620901 101.0
99.80064120994547 101.0
99.80525776274439 101.0
99.7696143906997 101.0
99.69318537754303 100.0
99.67442389896982 100.0
99.62046919428877 101.0
99.61231886262738 101.0
99.62547549772366 101.0
99.65074641657642 100.0
99.61011000396071 100.0
99.5811730048833 101.0
99.5721452629029 101.0
99.61325660656621 101.0
99.5860964430326 100.0
99.5711135491641 100.0
99.58999198545354 100.0
99.64265282117779 100.0
99.61589115611079 100.0
99.58349889790374 101.0
99.56967180837441 100.0
99.59189405616347 101.0
99.54820845502748 101.0
99.517258901821 100.0
99.53266566489046 100.0
99.58825168885065 101.0
99.56158437701806 100.0
99.53882847598555 101.0
99.53440152197791 101.0
99.58613638682289 101.0
99.55377408166135 101.0
