59.30444868972244 39
56.79964317913028 39
70.89754966934369 56
79.40420154291573 70
88.52538234232881 78
98.15242232779363 88
101.72808162985704 98
102.27888436306011 101
102.1642338570359 101
102.02058959984667 101
101.84816033243217 101
101.57186400503272 101
101.59328873137761 100
101.73025616503543 100
101.77936754213847 101
100.89013093148368 100
95.2329929623875 100
85.04477344309562 95
86.29780260877004 90
96.88790853387587 89
94.63264046837828 95
88.43907282301417 93
98.4322723464104 92
86.3924417148026 96
95.58227046317663 90
96.94561232836607 96
83.08639161114706 94
94.9165679598568 88
100.81583196374818 95
101.68146622574271 99
101.7539306966565 101
101.63425635537368 100
101.48389054803287 100
101.54539805610048 100
101.630145839906 100
97.79796711167647 100
82.17802714699484 97
68.27797513506303 90
68.02602960115397 85
67.91155207734616 79
68.51305843569608 73
69.27349860644921 68
85.62272226932757 67
99.8662435246286 87
101.53475362913522 98
101.31129581849179 100
101.23604151338198 100
101.21564703548056 100
101.23019470410682 99
101.36918581886182 100
99.12116760984149 100
88.55793183228211 97
87.00549815120993 92
97.8903772940429 89
101.76948789396684 97
101.77896179844372 100
101.51862696279825 101
101.4815057717248 100
101.7067270153606 100
101.11989941493734 100
93.44509866113567 100
83.38184937028751 95
96.03098061600139 89
101.60342646497128 96
101.72149819895034 100
101.48402102274812 101
101.59633657843587 100
101.60265973791343 100
96.6181387017621 100
80.02421472639926 96
88.13353630659017 90
100.96360029443653 92
101.80438441001995 100
101.55716436508284 100
101.44525535457197 100
101.67344553351037 100
100.34184626930984 101
91.94169485275039 99
84.1211326738825 94
75.69449412309322 88
70.36339473226543 83
57.98893615345371 78
51.26127036286653 72
51.9413143242657 66
53.48960604578245 62
54.318923461235514 57
53.53759272887665 54
54.11755701880258 51
54.44499551510147 48
54.07728260581253 47
52.158559748699304 45
54.836322094144606 44
56.0164011500612 44
56.468252892709 43
58.11315063955969 43
58.26005037184386 42
60.14884289027053 43
59.31057498915572 42
58.78500667717808 42
59.43574131075985 44
58.90012963119821 43
