-46.87711168871311 49
-58.68208775770221 50
-84.87072306037493 50
-38.4875639925057 49
-52.07909062428971 49
-37.32921040043398 50
-56.662126038176766 50
-42.918767472876354 50
-36.90077926454378 49
-40.34423926502927 49
-38.93512786355974 50
-40.02868620010226 49
-42.01465938570357 49
-40.44933344458191 49
-30.280660670788517 50
-36.57585216388156 49
-39.79234166033818 51
-37.3172859980343 51
-38.69870366525654 51
-23.346955613394474 51
-14.085082912762982 51
-13.621524002235514 51
-15.41128132705694 52
-16.724079187434473 51
-9.307924516953653 52
-5.829551633590857 53
-4.744415141591796 53
-3.3738105746296725 53
2.2252988124322606 53
5.250692094537159 54
3.532928690018638 54
4.3103454753220705 54
10.63076968800593 54
11.738971471974892 54
16.127607026176843 54
15.556716552589247 54
15.029235209111505 54
14.615846610512644 54
14.780202904140978 55
14.4622000723443 54
16.234919291880995 55
16.589211486282267 54
17.24819314187652 54
18.010918618623336 54
15.927493281204683 55
17.944423673206057 54
18.464787831582598 55
18.06850290166329 55
17.924573191241848 55
19.422329468143047 55
20.056114187559146 55
19.984796246355117 55
20.947118016716615 55
18.770238005964927 55
19.56290332261451 55
18.87081385449038 55
19.821365018036985 55
20.123105772727897 55
19.226451351104622 55
20.53224413065407 55
19.123994474458975 56
20.036558880761252 55
20.192149845541906 55
21.320424949457397 55
22.224844570408756 55
22.179748486929757 56
21.741385151144797 55
20.826144705323877 55
20.83362021472823 55
21.656783339365262 55
21.082683514342197 55
21.122785244510183 56
20.072336135694385 56
22.12341093195031 56
22.614923930984553 56
23.74681653954898 56
23.163084258082396 56
23.09075951820698 56
24.409766517078886 56
23.25659588827058 56
24.23725539515555 56
24.256247137492075 56
24.269131067945928 56
24.405611501014533 56
23.443389295749665 56
24.858246884219092 56
24.244179267643982 56
24.0910552073191 56
22.95751486104092 56
24.010687238676326 56
24.493005407228935 57
25.588900417054795 57
24.979964806844556 56
27.143766708966638 56
27.63700660451653 57
27.563287607779095 56
26.339019535638272 57
26.964647584325622 57
27.564410675024007 57
27.63446755191484 57
29.768196856589007 58
30.30607502535919 57
30.33612226384653 57
30.5536057078238 57
29.70416771370313 58
29.76628713138342 57
29.44671365910129 58
30.05724804773195 57
29.711382492671646 58
30.089118546678108 57
29.89449647807362 57
29.542345028177003 57
29.763180710512952 58
30.27493023650411 58
30.540324499749254 58
30.9295533926751 58
32.19678677372527 58
33.553993581570026 58
33.41742837903337 58
34.37362189995825 58
33.85129833805593 58
34.782127546175985 58
35.11269675199879 59
35.008155901696384 59
35.082287028137486 58
35.50331215881041 58
35.45051059353908 58
35.64715090159411 59
36.28065689304079 59
36.90814891553218 59
37.19524948014696 59
37.72759985540024 59
38.024457427043465 59
37.19573123483302 60
37.88508049016126 59
38.224753309396874 60
38.05461099456407 59
37.777238019253545 59
37.98800369023687 59
38.14481533970901 59
38.30770221158891 59
38.47117679310217 59
38.755928579235245 59
38.470261084976244 60
38.97232630386261 60
39.43202488455866 60
39.43724485235667 59
40.059677650972596 60
40.085125736958844 60
39.558384088448705 60
40.27160355864565 60
41.14936031978754 60
41.07457073639754 60
41.17955085258533 60
40.823725638967616 60
41.08304418661277 61
41.60640477517883 61
41.54249550982297 61
41.48039976990404 60
42.29151443147978 61
42.933309579122046 60
43.051957077846126 61
43.30925058994221 61
43.67759378761513 61
43.85855238014876 61
43.983975529625724 61
43.612512154465904 61
43.8314079630309 61
44.20883646744501 62
44.144335872630045 61
44.58107287581868 61
44.79587473373841 62
44.74456711449911 61
44.82978692806887 62
44.70633645897375 62
44.655134008622845 61
44.872733236891634 62
44.895228447625016 62
44.904961770293845 61
45.13007144828639 61
45.050980038918205 61
45.312919596050996 62
44.9857234686516 61
44.95936088408702 61
44.906597898422014 61
44.918380367225765 62
45.24957817178577 61
45.20551647875486 62
45.25984263159983 61
45.51780503113462 61
45.51005892624267 62
45.31900628247294 61
45.50524963141446 62
45.513394224696725 61
45.72942902638104 62
45.43783347502975 62
45.44724919080225 61
45.158174292356826 62
45.65444568371461 62
45.129417634046774 62
45.90845055518823 62
45.80289601610201 62
45.74021464634492 62
45.85437926813623 62
45.987679399449384 62
46.00816163098056 62
46.46157848996169 62
46.80044190699081 62
47.084625988974345 62
47.12985077513558 62
46.9388758334764 62
46.75188355672334 62
46.72525838238114 62
47.02793165195012 62
47.24138883258419 62
47.37506129353321 62
47.4066832447647 63
47.3522943911817 63
47.70908704295475 63
47.95369419144126 62
48.480257781046575 63
48.44167130512878 62
48.81586639598084 63
48.75231103685473 63
48.61524992218281 64
49.07121595918334 63
48.80885630957022 63
48.962633417136004 62
49.00666610858365 62
49.08845100827268 63
48.977333941578074 63
49.4066515395642 63
49.52436438822115 63
49.53352171532397 63
49.54614746964084 63
49.473555043590636 63
49.60911703014589 63
49.72778109872601 63
49.92358470278545 63
49.56415556299226 63
49.7679813306803 63
49.860861834257584 63
50.10636379376568 63
50.227877651283556 63
49.950044888409664 63
50.05482121554479 63
49.967802700057284 63
49.9953368051286 63
49.93446772669511 63
49.968613890416165 63
49.818232071955315 63
50.14483956158671 63
49.87950076651031 63
50.138976693182606 64
50.35530111627814 63
50.42344828259046 63
50.388131937546135 63
50.28831018078465 63
50.33371784533219 63
50.207065304516895 63
50.71430925961338 64
50.54818780259781 63
50.78183570295417 63
50.741413733349 63
50.34226229376224 63
50.593355270230724 63
50.42801231993099 64
50.81901277909756 64
50.59845125563751 64
50.99069321940574 64
51.350015778211315 64
51.57917199556053 64
51.598581395022165 64
51.6831694598934 64
51.680710678363326 63
51.6568791672238 64
52.06396337536659 64
52.171605906947136 64
52.22562587767048 64
52.040201314663605 64
52.01702411092904 64
52.021211163870056 64
52.00104211056526 64
52.35366093910916 64
52.185869388107974 64
52.363279820269454 64
52.2887073905364 64
52.476690314667856 64
52.40492391276858 64
52.46004930535066 64
52.81070960453272 64
52.8293290197658 63
52.846690718333406 64
52.54674143936049 64
52.663298104136224 64
52.59934116186343 64
52.79319595690161 64
52.593019218515344 64
52.95687861787134 64
53.070938510331985 64
53.024407131211106 64
53.063813327232964 64
52.7089366902814 64
53.07662282086396 64
53.104233886300406 64
53.07673310237665 64
52.950727479446485 64
53.322378617329285 65
53.37918201298666 65
53.226315960284865 64
53.05972722713059 65
53.2567803226626 65
53.50505748439457 64
53.441796557905114 65
53.52662143179454 65
53.51970453469741 65
53.647696573835546 64
53.764440406427525 64
53.83005957724974 65
53.92282114985663 65
54.13704545277752 65
54.07436934574644 65
54.00253341803043 64
54.15012694796097 65
53.98548030466525 65
53.920551680963094 65
53.962465574540545 65
54.20315695249901 65
54.18474218007542 65
54.36688527071247 65
54.5026427900983 65
54.97203928239788 65
55.080269799130065 65
55.16338915430572 65
55.10943172653964 65
55.17523105566377 65
55.2001468773399 65
55.30563838880644 66
55.3409828805423 65
55.85408487547227 66
55.66329072799288 65
55.81972019573257 66
55.50137900467955 66
55.73802272597493 66
55.8231893935631 65
56.030520787506646 66
56.220740843796506 66
56.25950233528768 65
56.27408379070435 65
56.415326556072394 65
56.35725541149122 65
56.4790012703059 66
56.52150525527794 66
56.55161966993194 66
56.88922868476607 66
57.01490828988152 66
57.0756485511225 66
57.21382626834107 66
57.37054792545785 66
57.655832522858724 66
57.73058413218916 66
57.833029850542694 66
57.73040719678544 66
57.91743663043415 66
57.88683370214477 67
58.03701095444126 67
58.052557599254754 66
58.24081196886987 67
58.24070356577481 67
58.11924881305573 66
58.02219295589501 67
58.08686005025443 67
58.20818516770295 67
58.21604934640834 67
58.211702180253404 67
58.21638270799688 67
58.223924589068346 66
58.21682760745357 67
58.25086932565733 66
58.15138536989515 67
58.25861826993308 67
58.40341666593731 66
58.38032074623378 66
58.36694604125829 67
58.412109059646525 67
58.43740581219094 67
58.50927058775581 67
58.41574590446112 66
58.42208309715219 67
58.460637376371395 66
58.81755201456955 67
58.50197639966517 67
58.494308464810125 67
58.557497016515214 66
58.6109165043118 67
58.5868599161233 67
58.560581765988715 67
58.86648036555607 66
58.643775317015134 67
58.6667581852248 67
58.54291992240326 67
58.705455804836745 67
58.565587866613704 67
58.67778347333545 67
58.775605741224346 67
58.88394760366693 66
58.936167163102766 67
58.73620148454119 67
58.94813241580082 66
58.80623852151909 67
58.86663944191173 67
59.258635261490504 67
59.291847384080626 67
59.50108665725037 67
59.427471932756646 68
59.48201359466032 67
59.51436586503058 67
59.48547579570033 68
59.52586247865411 67
59.639996531921526 68
59.61494711748581 68
59.658902377937686 67
59.73379933300272 67
59.815933128863804 67
59.753640464221746 68
59.68357380284158 67
59.809274548640616 67
59.87670402437409 67
59.92828442776859 67
59.91427220649009 67
59.80399698490078 68
59.889257319940974 68
60.00750642400013 67
60.04832672857174 67
60.129501238668944 68
60.27263811423613 68
60.23471954418717 67
60.25836390697325 67
60.2765874912554 67
60.40462857456019 68
60.41737853497541 67
60.3826655494768 67
60.560810899603965 67
60.51924167066173 68
60.48742771668694 68
60.30250620278581 67
60.51629187174643 68
60.6358481042707 68
60.643093482733754 68
60.694941966108864 67
60.847553519948214 67
60.90392076686182 68
60.827225688242535 68
60.814651596758765 68
60.89319037053059 68
60.94814322346104 68
61.08565697120905 68
61.17497397708496 68
61.25101600514709 68
61.24723257982651 68
61.20060532722419 68
61.113466078000386 68
61.38713157227528 68
61.27191043453074 68
61.42197632994885 68
61.32504201016613 67
61.624247977713445 68
61.594090205445475 68
61.48093633628313 68
61.48721971228247 68
61.546243129450815 68
61.61535590530882 68
61.66380101777478 68
61.732697482192684 68
61.61440169196141 68
61.86000164862002 68
61.90334823824334 68
61.81949827296296 68
61.93889270522562 69
61.9559401496453 69
61.975260839876384 68
62.13905231485797 68
62.14436124391145 68
62.22249410970791 69
62.1226555226325 69
62.22995115633552 69
62.26796466142513 69
62.43716091399308 69
62.32278922082304 69
62.50069858211384 69
62.47653722286483 69
62.4823603222658 68
62.61649237725882 69
62.559999394082226 69
62.70378352444617 69
62.99297143255144 69
63.12062275380585 69
63.15091282999158 69
63.20027509940615 69
63.25141899264735 69
63.24186541368689 69
63.191738499125435 69
63.269589227305744 68
63.338280127343296 69
63.30255594625112 70
63.37496856787753 69
63.36477637801551 69
63.462897141787124 68
63.40660524839913 69
63.42879671446224 69
63.43555953282766 69
63.4960340399925 69
63.55819154448234 69
63.59006283785368 69
63.76076614715234 70
63.85320260936226 70
63.91011531409348 70
63.90045982301086 69
63.91219560446356 70
63.85687145249222 69
63.810147972314724 69
63.86294342577951 69
63.82954300732404 70
63.933851717501106 70
63.89361050303145 69
64.01313777978488 69
64.03151199672548 70
64.15178767402638 70
64.28549316054605 70
64.31186160091616 69
64.41294794188525 69
64.59989422086764 70
64.66037861334671 70
64.82732507183734 70
64.96135768444088 70
64.82731588413424 70
64.95814863618183 70
65.14190663623825 69
65.1693391425689 70
65.14291208701445 70
65.22240792123992 70
65.14703925953552 70
65.17636635829457 69
65.04027086801243 69
64.95818513207219 70
65.03309834865932 70
64.97167039937095 69
65.0200577833365 70
64.91880526651823 70
64.86283796823064 69
64.8445502578278 69
64.84861674383764 70
64.84041834461495 70
64.92250645312555 70
65.13123882756241 70
65.50482499747088 71
65.89551989371817 71
66.14636213745122 71
66.28827094170576 71
66.33420877387809 70
66.54733294210706 71
66.7639881369143 71
67.07603115036702 71
67.19458958387483 72
67.32508391186458 72
67.52808635244403 71
67.64527890498127 72
67.72321262353215 72
67.77560086529715 71
67.86147104959272 71
68.18708358052649 72
68.38678951123765 72
68.34910191594089 72
68.30313980025319 72
68.30434320899786 72
68.35090362936496 71
68.420829810863 72
68.65327943548618 72
68.70662465429344 72
68.71370224629399 72
68.76688115717361 72
68.88501383191327 72
69.00674363746079 72
69.14341392381525 72
69.24927094545288 72
69.24915065282846 73
69.29045760877737 72
69.35828833474818 73
69.37243325247502 72
69.45491382939865 73
69.61139735587754 72
69.60722161938706 72
69.70210455389189 72
69.71733907561219 72
69.68445902340756 72
69.76242102978635 73
69.69083408940588 73
69.77183639643832 72
69.86037075934489 73
69.88997273798941 72
69.970250459829 73
70.02561335967802 73
70.0935780637179 73
70.02508998449117 72
70.08940751478028 73
70.02685153957742 72
70.1785456813513 73
70.22515199322376 73
70.24704206303569 73
70.28983274726536 73
70.28785985007471 73
70.3232709588365 73
70.35646133504777 72
70.41263878231383 72
70.48834216297281 73
70.47486733401553 73
70.60472156526006 73
70.64637243774749 73
70.7807526243873 73
70.7831265280445 73
70.92448263982178 73
71.05055444351106 74
71.15428850607445 73
71.27912561689313 73
71.45943406260383 74
71.50883504582768 73
71.61629546099005 73
71.69010409126128 74
71.73160525887894 73
71.78035716451988 74
71.81414344317069 73
71.88151099696799 74
71.85888443850271 74
71.88053853479622 73
71.9253006307626 73
71.90470674494924 74
71.98285290615728 74
72.09648421069404 74
72.19984652585612 74
72.21095797831725 74
72.1938186206578 74
72.16251767575835 74
72.20272585579114 74
72.2517939558578 74
72.36514537184279 74
72.38470266172291 74
72.39616834947819 74
72.52193626418233 74
72.56661465759703 74
72.57964356037763 74
72.68978447481545 74
72.82786109625155 74
73.04076106231864 74
73.21822064235847 75
73.37247095640852 75
73.34051728471107 74
73.37134947266038 75
73.35464498889611 75
73.47649000880503 74
73.55560771698126 75
73.58363051123668 75
73.62759526250574 75
73.62286197408869 75
73.61649576410801 75
73.68974491436015 75
73.68097960753501 75
73.76802787229158 74
73.78041386545166 75
73.82836268626156 75
73.85746309722221 75
73.87836802480832 75
73.857730628386 75
73.9027195344078 75
73.90227962364816 75
73.9406074079914 75
73.93260162732906 75
73.96860974530428 75
73.92318756714312 75
73.95921885280484 75
73.92731205769243 75
74.02088009173026 75
74.00465594283992 75
74.01032967444345 75
74.073849844917 75
74.0369961256578 75
74.00679027023291 75
74.01555394022373 75
74.00390116987377 75
74.10466143695542 75
74.19094616467115 75
74.23437185902841 75
74.27092179321998 76
74.22087724331537 75
74.21994995267463 75
74.25850151459687 75
74.27897739553929 75
74.3041609269413 75
74.37139730239582 75
74.35673715392451 75
74.41424381082558 75
74.43361652039982 75
74.44445445360512 75
74.47454670188398 75
74.48565104950754 76
74.5153818201341 75
74.54604786588433 75
74.66999528756573 75
74.67709421652712 75
74.72976292384783 75
74.68151045481358 75
74.74988787284049 75
74.79433518446831 75
74.8171760497769 76
74.82354354057955 76
74.8638530543502 75
74.9025988742449 75
74.93764631760467 75
74.94520941892661 75
74.91950182634679 76
74.92457175199193 76
74.95828631813539 75
74.97559088030846 76
74.99403078469865 76
74.96333118053491 76
74.96921285578688 75
75.00523635585193 75
75.01327946069915 76
75.14740821863029 76
75.27804907040748 76
75.33034917955675 76
75.32450748249738 76
75.32297504122634 76
75.3019707496823 76
75.36928405068815 76
75.42989468871546 76
75.48383454347739 76
75.59409064138782 76
75.58471017231034 76
75.58667689984559 76
75.60202791991156 77
75.74911758406417 77
75.95613961916106 76
76.10076048976055 77
76.55527699567077 76
76.61929859246311 77
76.65399128348787 77
76.63193654901393 77
76.65503234789621 78
77.06929184443167 77
77.51783815508121 77
77.89635701703642 78
78.00146416869288 78
78.07438292449602 78
78.11679342791481 78
78.28027385978831 78
78.37991296558708 78
78.59645006972076 79
78.76649312071538 78
78.9042505500354 79
78.98619414588717 79
79.14804298200232 79
79.24766236249725 79
79.28626268155008 79
79.33016257605328 79
79.40410625645868 79
79.46941865047714 79
79.47488507154527 79
79.5389720297812 79
79.52406744206593 79
79.61996121001002 79
79.72626134868267 79
79.79792873774814 79
79.87715166079134 79
79.93766526563428 79
80.02943009655708 79
80.08721159765578 79
80.05205167290902 80
80.12457944855115 79
80.2079578360832 79
80.22161366144604 79
80.28180383500009 79
80.33427987388572 80
80.32529414639875 80
80.3478927895177 80
80.44695328542987 80
80.63442972911386 80
80.70186073270492 80
80.75723164006948 80
80.84201676730424 80
81.04813239890946 80
81.20177693727607 80
81.21126131105461 80
81.18302042102641 80
81.22964005523679 80
81.32159260642476 80
81.43981620148571 80
81.53538657979786 80
81.55222811499769 81
81.55316380304639 80
81.54920145075089 81
81.61054734386967 81
81.74970386805798 81
81.90677264528738 81
81.98790602810605 81
81.99591391017944 81
81.9997140936787 81
82.01546406191711 80
82.04812320695521 81
82.07728986060282 80
82.1222624974164 80
82.17331028774771 81
82.20900479125731 81
82.26753227901258 81
82.35775335433735 81
82.40627134137438 81
82.47172779268438 82
82.60857639312194 81
82.66134513538836 81
82.66915920046416 81
82.67604161769074 82
82.69222600858164 82
82.74720649303772 82
82.7890136627645 81
82.84563736182014 82
82.9988985321134 81
83.10319681967343 82
83.1853602025511 82
83.21133850472279 81
83.22203366049457 82
83.25614148122202 81
83.32715131939247 82
83.37609024141392 81
83.41165459401665 81
83.41893874789565 82
83.44001150320935 82
83.5028260366756 82
83.6845016377527 82
83.79851854721477 83
83.82610202151952 82
83.84793590620805 82
83.88183044947783 82
83.9146983182487 82
83.92236472662827 82
83.91990811352204 82
83.89483693179828 82
83.91676842664768 82
83.93848245206982 82
83.96118530063441 82
83.98195388374879 82
83.97857503361509 83
83.96626995153122 82
84.00894148228984 83
84.07773452637427 82
84.14689404810845 82
84.18835991158593 83
84.24987357195195 83
84.27175987960396 82
84.26882522467311 82
84.25963707244671 82
84.26091530120519 82
84.28247933797186 83
84.35776699415088 82
84.46910971460916 83
84.5565437602651 83
84.59055943530261 83
84.58366828064455 83
84.59791316484376 83
84.64341612888217 83
84.74722246182635 83
84.86021279296786 83
84.86289491968073 83
84.86325965489534 83
84.866650552589 83
84.86555572483101 84
84.89004476816604 83
84.96522903705014 83
85.03421596262454 83
85.09313957082321 84
85.1194016606068 84
85.16101974573317 84
85.25306770336482 84
85.4446923960216 84
85.5696523776015 83
85.57466138021867 84
85.5792743688204 84
85.61195348378163 84
85.68179274127077 84
85.69432005173043 84
85.69709157472556 84
85.71625136698387 83
85.72722279755459 84
85.76110857731757 84
85.85257767229618 84
85.91873812305222 84
85.94882475877036 84
86.02481703091541 84
86.14563744052992 85
86.29084912035937 85
86.37428751820926 85
86.41944730935091 84
86.45170877541538 84
86.47591868166853 84
86.49184653798662 84
86.48109917733557 84
86.48531792341346 85
86.50265401066017 85
86.53030926957271 85
86.60802997580043 85
86.73450703684247 84
86.81093637806495 85
86.82398697696166 85
86.80399174700996 85
86.80677270392543 85
86.81404593040526 85
86.85881177233185 85
86.95637454278031 85
87.07392992353817 85
87.07179017817411 85
87.05926949855636 85
87.10341773552068 85
87.1917823510273 86
87.31593337724759 85
87.35201053873753 86
87.36139774227951 85
87.38450485638987 85
87.41398005786182 85
87.51809292676168 86
87.62074589417438 85
87.65736641891561 85
87.6665174308127 85
87.70085223056316 85
87.7572712082358 85
87.79738714416197 85
87.82431468740916 85
87.83180763037875 86
87.8605605593034 86
87.95934901627177 86
88.00457974455236 85
88.03242354814364 86
88.03915521061319 86
88.02926213975427 85
88.03872355348078 86
88.08338033342261 86
88.1391317567104 86
88.18583553657446 86
88.23593219204831 86
88.24489146338125 86
88.25828148947905 86
88.33274337108472 86
88.36212338953963 87
88.36780179731264 86
88.38757658643532 87
88.44282647798244 86
88.53272661786967 86
88.5456192708543 86
88.53020549549146 87
88.52724163491317 86
88.54093322252118 86
88.57883471222252 87
88.59901674660726 86
88.63702100306679 86
88.66075427639578 86
88.6900369926189 86
88.73575347596046 87
88.88610784737061 86
88.93066257972286 87
88.94011528885432 86
88.95245651848286 87
88.96463840287728 86
88.95884022433712 86
88.95407923250491 86
88.95059885988381 87
88.9477589748168 87
88.97852820107889 87
89.04669990891294 87
89.09930346766812 86
89.12498760829514 87
89.13631332238259 87
89.13580527467707 87
89.14977856746553 86
89.2076883369339 87
89.31458317438141 87
89.3826162172053 87
89.41364211341742 87
89.41758548648662 87
89.41417949414429 87
89.41713323916026 87
89.44494414095587 87
89.49301294767582 87
89.5355337993017 87
89.59472316865437 87
89.64099548658834 87
89.7019163200099 88
89.76318595459423 87
89.78021641336439 87
89.79679404401509 88
89.84304611314928 88
89.91443373726042 87
89.96191878587588 87
90.0052233519854 88
90.0227477467354 88
90.01941274556381 88
90.15672759099878 88
90.60092479778591 88
90.77087194518234 88
90.70767946035409 89
90.69972693707227 89
90.69133908860547 89
90.71877974834968 88
90.78506668142455 89
90.89280350503353 89
90.93855477421486 88
90.98482150577118 88
91.10321791139965 90
91.218921273275 89
91.25926925070712 88
91.26457574084988 89
91.3597730181902 89
91.42133414448656 89
91.45481572946599 89
91.5048895737145 89
91.56653806911514 90
91.62305243607443 89
91.68162763062358 89
91.74085713315444 90
91.79334515990087 90
91.8873885996849 89
92.02632289194932 89
92.10939751841198 90
92.17398761765457 90
92.20733156264707 90
92.24296610830558 90
92.36418851667077 90
92.50511627798865 90
92.52291773975227 90
92.52115176562012 90
92.51676169791672 90
92.50857333472837 90
92.48759728343693 90
92.46357103729511 90
92.537738879631 90
92.62203368404484 90
92.63881975071723 90
92.63799134894114 91
92.64039570853339 91
92.62526626994641 90
92.6724875292575 91
92.73003129222974 90
92.80577382877736 91
92.86019897898171 91
92.92118171201858 91
92.97424951452938 90
93.02301436526909 91
93.04047997605032 91
93.04397960361223 91
93.0747511217053 90
93.14309980412591 91
93.26040168572662 91
93.33717222060086 91
93.37653683986821 91
93.39838110091566 91
93.41918388458517 91
93.51207858941993 91
93.5880409523442 92
93.63877442793043 91
93.68081184291245 92
93.78421280993518 91
93.90246070695869 92
93.90644162512359 91
93.90611309794978 92
93.92818092148325 91
93.98354968283871 92
94.0706505248531 92
94.11311469836845 92
94.1279542931064 92
94.1355306674185 91
94.13275503226279 92
94.15086903636215 92
94.19684836518677 92
94.28340675029433 92
94.3610782057823 92
94.37560558034494 92
94.39523056943115 92
94.39041804882136 92
94.4793309459065 92
94.61357425558903 92
94.65334321729293 93
94.6669220536981 93
94.66911540439702 93
94.66664833953314 93
94.66158032956143 92
94.67243067214815 92
94.68570418699728 92
94.73673242135875 92
94.78531350302548 93
94.85028118195538 93
94.89520293083433 93
94.92305082171973 93
94.91895462314284 92
94.93495171447051 93
94.98646365477063 93
95.05824188005221 93
95.09242213148765 93
95.08849671475193 93
95.1103051704939 92
95.1730461805958 92
95.2248325266361 93
95.24756106471403 93
95.29180196319338 93
95.3783559123716 93
95.42154376200033 93
95.42908910160618 93
95.42532020774891 93
95.45849157407503 94
95.51077057019975 93
95.53924858942702 94
95.56785996363921 93
95.63125816879324 93
95.68716769814952 93
95.6975756023985 93
95.6800378935069 94
95.6703152767009 94
95.7303269972746 93
95.81126286798984 93
95.85261134513586 94
95.90500514942445 94
95.97490443371706 94
95.98065149123767 93
95.97130195110928 94
95.9784610947957 94
95.9999983187587 94
96.0328017752087 93
96.05074114330452 94
96.08566827777099 94
96.13113843507512 94
96.15911696358246 94
96.16525204254836 94
96.15903556688302 94
96.16867548935562 94
96.19620979421055 94
96.24591315450297 94
96.31359785971013 94
96.39306693775583 94
96.39958955236322 95
96.40126673479257 94
96.4385655907266 95
96.51294405894075 94
96.58351881806823 94
96.64944541062525 94
96.70967259695765 95
96.73157455300463 94
96.7337587935589 95
96.77583981284363 95
96.80769563349008 95
96.80789576841754 95
96.80119853712888 95
96.84764059509453 95
96.86633345731252 95
96.84888993043356 95
96.8577861580514 95
96.87948247928136 95
96.9179090931184 95
96.96190032401056 95
97.05361518220448 95
97.09083439791557 95
97.1003647954074 95
97.09862883224702 95
97.11770046074119 95
97.17217538824754 96
97.23150286510112 95
97.3315291805732 95
97.37858200585012 96
97.38398211230256 95
97.37388044978462 95
97.406017236263 95
97.43130873841933 96
97.46626184616458 96
97.50471450387843 95
97.51907142762147 96
97.54112170866418 96
97.54431353055851 95
97.54908827485079 96
97.56427607098846 95
97.60248664632898 96
97.62637861670811 95
97.62839827925858 96
97.6451148701675 96
97.66364262949722 95
97.6776942522786 96
97.69958880189739 96
97.75821429407154 95
97.78594346619596 96
97.8105286309811 96
97.82815175583976 95
97.84789336419416 96
97.86291173121968 96
97.86240548712784 96
97.87728412766535 96
97.90245608086641 96
97.9220878642748 96
97.9343567131007 96
97.9538300407337 96
97.95094159459404 96
97.87696468532147 96
97.90430483894411 96
97.95298282942149 96
97.98198200137656 96
98.0045407719811 96
98.01479447705667 96
98.07313552033534 96
98.10737093996833 96
98.08796332316564 96
98.11667099056868 97
98.16498965123728 96
98.24210548618902 97
98.28592488854358 97
98.31236737758752 96
98.33681165125078 96
98.3855529400823 97
98.38774753006749 96
98.41053626586205 97
98.46438558485362 96
98.55999740240532 97
98.66654110229454 97
98.6861661260488 96
98.67692164973246 97
98.67068278835426 97
98.71358660218556 97
98.76681482850039 97
98.78953414537779 97
98.79809254656037 96
98.84525127617079 97
98.8860552479743 97
98.88279034898984 97
98.9199050141908 97
99.02896274665208 97
99.07620659768139 97
99.07755466808882 97
99.07805874669606 97
99.09584584575911 97
99.12345989601934 98
99.18299607606463 98
99.23496030220748 98
99.26596003195169 97
99.2820386085807 98
99.2781676867435 98
99.36902715439152 97
99.40797408309707 98
99.3688772108583 98
99.39529719852969 98
99.46522777927889 98
99.51096293347825 97
99.51222282272408 97
99.54825816114335 98
99.57437298070509 98
99.58855907732804 98
99.58524566336321 98
99.64195928830046 98
99.71204653119304 97
99.73092756000788 97
99.80959445788676 98
99.86051345928439 97
99.87035560507084 98
99.85120499951577 98
99.89046306473321 98
99.96246821880747 98
100.02238256807097 98
100.06136186989511 98
100.08934859898733 98
100.11984634018344 98
100.1298727009106 98
100.12308019848365 99
100.15517622869716 98
100.22080104426365 98
100.27277726944078 98
100.29083877179684 98
100.31507303306518 98
100.3365776628859 98
100.32408689630711 97
100.3498713935264 98
100.41129776939775 98
100.4635129337832 98
100.46251996123681 98
100.47018705143599 98
100.48195460930485 98
100.5076524594974 98
100.51241491882102 98
100.53164473380687 98
100.55877009213846 98
100.553843963922 98
100.54254206239642 98
100.56366183002616 98
100.58818670077733 98
100.58305312721319 98
100.59965213973834 98
100.66534963391686 99
100.68171551560916 98
100.68033046374768 98
100.67619729253052 98
100.68890589824383 98
100.6903399804857 99
100.67858988563881 99
100.71442329750778 98
100.74023470883832 99
100.7354609596295 98
100.72011372120542 99
100.74161136844148 98
100.78063744224266 98
100.76425888328943 99
100.78302349837323 99
100.84683964777923 98
100.88802440436481 99
100.9063462400315 99
100.9127263747668 99
100.94662570358551 98
100.97824537781557 99
100.98899671336872 99
101.01925580150053 99
101.0402555729609 98
101.04341571199879 99
101.03125407390834 99
101.05827535252779 99
101.06882408854582 99
101.04244542183496 99
101.05165464987545 98
101.10313399442893 98
101.14137064622082 99
101.170343031354 98
101.18802917509154 98
101.2027103152646 99
101.20946855673866 98
101.22681990102686 99
101.24827850556738 98
101.26254214495248 99
101.26480921359561 99
101.23888957250712 99
101.25683322207263 99
101.32370466096486 99
101.29416033972605 99
101.30357872601024 99
101.33488443951569 99
101.36790946070157 98
101.37702574991175 99
101.38197797932698 99
101.39432362991771 98
101.42073809347892 99
101.42693656003178 99
101.44420224199544 99
101.47763290926059 99
101.50797975013924 98
101.49467342564543 99
101.50205404047978 99
101.53317497942028 99
101.507343443623 99
101.52436594912615 99
101.5509476043822 99
101.57299229939865 99
101.57402395036007 99
101.56553196008396 99
101.57771092068253 99
101.57688962077344 99
101.57552069765893 99
101.57544068155164 99
101.57995689609236 99
101.57794339710478 99
101.53080538542756 99
101.51605916561911 100
101.52977092950124 99
101.4938215805583 99
101.50702587601872 99
101.52547272452358 99
101.54604947075265 99
101.5426750213367 99
101.52733631447722 98
101.53372527379506 99
101.52620824100205 99
101.52553169026326 98
