30.12799038092473 33.0
34.87880898343665 32.0
33.76020030420197 35.0
30.149366669980225 35.0
29.458392677104314 33.0
30.147028994975884 33.0
29.73333234029245 32.0
29.292882756828604 33.0
30.14372555374544 33.0
29.508372617479566 33.0
29.64882814821665 33.0
29.542446677290087 32.0
29.862346244910057 32.0
29.79546057919451 32.0
30.005077332483282 32.0
29.358407259502485 33.0
30.117945841554018 32.0
29.382684381639365 32.0
29.904790843566573 32.0
29.443765782703238 32.0
29.5695143666927 32.0
29.5507360101375 32.0
29.408804376151096 32.0
29.932058086477497 32.0
29.28903672507444 32.0
29.80072508324413 32.0
29.686842962121105 32.0
29.63182690199615 32.0
29.589724386097174 32.0
29.506055188697673 32.0
29.0687462166145 32.0
29.76340535066234 32.0
29.270560169339632 32.0
29.63914749188413 32.0
29.468802608996057 32.0
30.015497228761006 32.0
29.785514191925117 32.0
29.669711698125326 32.0
29.38227068351469 32.0
29.48489803443165 32.0
29.983940680775945 32.0
30.09092350252172 32.0
29.425133918001308 32.0
29.399543109636653 32.0
29.501611829891402 32.0
29.53494673665726 32.0
29.045590118717854 32.0
29.419089259441904 32.0
29.519246732614135 32.0
29.68857678627731 32.0
29.759344052669306 32.0
29.400168558705346 32.0
29.453757517006252 32.0
29.776533103396687 32.0
29.488435147335835 32.0
29.32667900813965 32.0
29.221048236686556 32.0
29.359472251303657 32.0
29.140229644270406 32.0
29.57024813271761 32.0
29.56810228204752 32.0
29.216037307152874 32.0
29.83291266249678 32.0
29.316990911511013 32.0
29.13422331379239 32.0
29.4987134592522 32.0
29.469853146395025 32.0
29.865245019077094 32.0
29.53738900612865 32.0
29.209919833859303 32.0
30.130326929564447 32.0
29.800990270129105 33.0
29.619374650040697 32.0
29.50227312269297 32.0
29.498274039661055 32.0
29.53896052156861 32.0
29.41680829085253 33.0
29.40531006755775 32.0
29.047056283574165 32.0
29.76813610502427 32.0
29.72864982358813 32.0
29.990863439698288 32.0
29.75459455918029 32.0
29.571024621290107 32.0
29.266506235357454 32.0
29.76535387373879 32.0
29.45822717157671 32.0
29.63229885613876 32.0
29.583507798232247 32.0
30.15516476591573 32.0
29.62109270825063 32.0
29.211020524731055 32.0
29.397866816216137 32.0
29.492884994889366 32.0
29.455413025313504 32.0
29.31943530756847 32.0
30.391864647033458 32.0
29.45221538004111 32.0
29.621091937496175 32.0
29.972054888240578 33.0
29.585489418300924 32.0
29.445908958433776 32.0
29.374172084375502 32.0
29.609266956533176 32.0
29.61491350275938 32.0
29.946247976537336 32.0
29.832257577787985 32.0
30.136621020868148 32.0
30.057854872925162 32.0
29.90535008501675 32.0
29.920318644074484 32.0
30.089837819900765 33.0
29.777102566276227 32.0
29.95669807432367 33.0
30.0871226324565 32.0
30.41236493148034 32.0
30.214594920564906 33.0
30.301858795698195 33.0
30.14913943117108 32.0
30.29278832489092 33.0
30.10811059587043 32.0
29.71957772196467 32.0
30.096137302875746 32.0
30.16165513020455 32.0
30.50528716287792 33.0
30.694580990937297 33.0
30.91955661761628 33.0
31.083977932356433 33.0
30.992909828306196 33.0
31.26547935626221 33.0
31.04837260003967 33.0
31.339009724114035 33.0
31.400120585644416 33.0
31.35042067839713 33.0
31.959403412596473 33.0
31.83907073327834 33.0
31.962613519420756 34.0
32.34493271038537 34.0
32.494426551933735 34.0
32.343273800824676 34.0
32.92641491312713 34.0
33.13800441575005 34.0
33.18319039405927 35.0
33.58197019801075 35.0
33.50522803764059 35.0
33.89807051921697 35.0
34.08950731825555 36.0
34.36819285165636 35.0
34.636919293034616 35.0
34.933117999467825 36.0
35.1222401700699 36.0
35.308381872228765 36.0
35.383336595887954 36.0
35.80956287865182 36.0
35.972150080828115 36.0
36.23358450082737 37.0
36.622259113924045 37.0
36.86068436284734 37.0
37.08768514106143 38.0
37.4435716999633 37.0
37.63457882886284 38.0
38.005391130906155 38.0
38.30951379838619 38.0
38.499956362936565 38.0
38.86227719770399 39.0
39.177713634740485 39.0
39.439357587091024 39.0
39.57516208065268 39.0
39.99159930414273 40.0
40.190776102305875 40.0
40.53895677621887 40.0
40.843012708747096 41.0
41.078587785123226 41.0
41.245659845666864 41.0
41.60585033915021 41.0
41.900726098720675 42.0
42.12780892699164 42.0
42.47309785088524 42.0
42.652766320489775 42.0
43.00588662558971 43.0
43.241702322831244 43.0
43.49192762401718 43.0
43.858758320482856 44.0
44.071954624178396 44.0
44.31263348144629 43.0
44.62178604808268 44.0
44.92310190000236 45.0
45.11710626703177 45.0
45.41102514037738 44.0
45.64522326422785 45.0
45.92458579994158 45.0
46.156770360437946 45.0
46.428887067146576 46.0
46.688310926095696 46.0
46.91678154712516 47.0
47.15957257932037 46.0
47.44787721513517 47.0
47.64471852908003 47.0
47.968319712692214 47.0
48.18841318136122 47.0
48.41975881273957 48.0
48.68592107440715 48.0
48.919101301788814 48.0
49.128997466914505 49.0
49.43182751785201 49.0
49.6769170781059 49.0
49.89069508816048 49.0
50.14748899359602 50.0
50.39363591251515 50.0
50.60173473414754 50.0
50.843939298557885 50.0
51.07901870924464 51.0
51.30103228362985 51.0
51.55866441458474 50.0
51.8013900018497 51.0
51.99301503037895 52.0
52.22843553910066 51.0
52.45888693283125 52.0
52.68024283003999 52.0
52.92151214205753 53.0
53.15948642801388 53.0
53.3797374414995 53.0
53.58655801317561 53.0
53.81020861266243 53.0
54.03543052242344 54.0
54.26634387597975 53.0
54.48686263969954 54.0
54.70436229120298 54.0
54.92647844612808 54.0
55.17987327731598 55.0
55.37365268713564 55.0
55.59588700849256 55.0
55.82280777706396 55.0
56.05173825608309 55.0
56.26722651226156 55.0
56.48808677731112 56.0
56.69572337828565 56.0
56.90452682183728 56.0
57.11215993712202 57.0
57.317973807149755 56.0
57.52544242908507 56.0
57.73040430153853 57.0
57.93909317510946 57.0
58.136053612956104 57.0
58.33002619115919 58.0
58.528183336657676 58.0
58.73461107566732 59.0
58.92274153649973 58.0
59.13708299448379 59.0
59.333978357588045 58.0
59.52495485059205 59.0
59.74138788078602 59.0
59.92539838152676 60.0
60.12065078457363 60.0
60.32481468012535 59.0
60.518090643927806 59.0
60.70011366140604 60.0
60.91513614561323 60.0
61.09757812811662 61.0
61.25074109423287 60.0
61.4571866818907 61.0
61.6439507891326 61.0
61.98505906604113 61.0
62.078863474729765 61.0
62.24590876802229 62.0
62.38720307934086 62.0
62.61735872999712 62.0
62.793544782353884 62.0
62.9959569903457 62.0
63.17567554426583 63.0
63.34688947811244 62.0
63.55121279380384 63.0
63.69089063589345 63.0
63.87208883312429 63.0
64.07290627391933 64.0
64.24672675304937 63.0
64.4711759910893 63.0
65.0286288697152 65.0
64.88036343343448 64.0
65.0174185559832 64.0
65.19777971209211 65.0
65.39110918615475 65.0
65.56469651101074 65.0
65.75643298463788 65.0
65.91677080486764 66.0
66.07796332637719 65.0
66.28452624574948 66.0
66.36142527174844 66.0
66.63631130597582 66.0
66.80067171027544 66.0
66.98262894647328 66.0
67.14273778430598 66.0
69.46125408439784 66.0
67.8023718026791 68.0
67.64661886511176 67.0
67.82390968942602 67.0
67.97966683520433 68.0
68.15612842559511 67.0
68.32934464521298 68.0
68.49103019129822 68.0
68.65719074939581 68.0
68.89118169885374 68.0
68.99150187680716 69.0
69.15375714174392 69.0
69.31718344783224 69.0
69.56110769615157 69.0
69.64943028953667 69.0
70.09035707535419 69.0
70.02256355564472 70.0
70.13740917027206 69.0
70.29162133806952 70.0
70.45767276442524 70.0
70.62745480436308 70.0
70.78708022976772 70.0
70.95156018289947 70.0
71.11312001835597 71.0
71.27686309134782 71.0
71.43430332701757 71.0
71.5933566659301 71.0
71.7479032424281 72.0
71.91544990271215 72.0
72.06638369626525 71.0
72.22526198942259 72.0
73.09806929772924 72.0
74.6230078305424 72.0
72.69029233847836 73.0
72.84027618467012 73.0
73.00488614001233 72.0
73.16513930483913 72.0
73.31663035540068 73.0
73.47533267132626 73.0
73.63429782552215 73.0
73.78779943707144 73.0
73.93881810530434 74.0
74.08300624303236 74.0
74.22344297167176 74.0
74.36508828941732 74.0
74.50288212394216 74.0
74.64965165826268 74.0
74.80319296654315 75.0
74.95174080669601 74.0
75.09619820012891 75.0
75.2484195667621 75.0
75.39817379404528 75.0
75.54946036935442 75.0
75.70613310793372 75.0
75.85532577620302 76.0
76.00957542058383 76.0
76.15990045808482 76.0
76.30679048615423 76.0
76.45227990738293 76.0
76.6056256457183 76.0
76.7557807516209 76.0
76.90502802758684 76.0
77.05665311779386 77.0
77.20579131979318 77.0
77.34652596229782 77.0
77.49509360355022 78.0
77.64064864292058 77.0
77.78587122493046 78.0
77.93244520144232 78.0
78.07897202966689 78.0
78.2251128739329 78.0
78.36749314255093 78.0
78.50969795858232 78.0
78.65208967273061 78.0
78.79545043329627 78.0
78.93291506777558 79.0
79.07222279120482 79.0
79.21261672913474 79.0
79.35453755807104 79.0
79.49356325810703 80.0
79.63406428878932 80.0
79.7738455403499 79.0
79.91412405945324 79.0
80.05311333251845 80.0
80.18610302514129 80.0
80.33192479612163 80.0
80.4666817884912 80.0
80.60008232340323 80.0
80.73659979183765 80.0
80.87339886000522 81.0
81.01016628534074 81.0
81.14369666135102 81.0
81.28280202859719 81.0
81.42055599337047 81.0
81.55138167555864 82.0
81.68855580017558 82.0
81.83516312950957 82.0
81.95539382930365 82.0
82.08813338875413 82.0
82.22397791602991 82.0
82.35338817096022 82.0
82.4877607796508 82.0
82.61841594574551 82.0
82.74834774504333 83.0
82.8764879016103 83.0
83.0147260348873 83.0
83.14016859613656 83.0
83.27825291647407 83.0
83.40121903041451 83.0
83.54055598184489 83.0
83.66206964341855 83.0
83.79471918404342 84.0
83.90599608317913 84.0
84.04055654472921 84.0
84.16410126913755 84.0
84.2991011513429 84.0
84.42079827097618 84.0
84.55728691641539 84.0
84.67838280932322 84.0
84.80766797273768 85.0
84.93444422052542 85.0
85.0680902415348 85.0
85.19262727888888 85.0
85.32547795864554 85.0
85.447301345761 85.0
85.57913550456958 85.0
85.70201413768285 86.0
85.83568149322981 86.0
85.9512659442201 86.0
86.08922125274798 86.0
86.21039791346811 86.0
86.34024770327837 87.0
86.46543892495416 86.0
86.59023435572512 87.0
86.72123816702826 86.0
86.84098020808833 86.0
86.97169666868734 87.0
87.09185422592883 88.0
87.20882521302153 87.0
87.34901436879076 87.0
87.47253921495728 87.0
87.59817754190131 88.0
87.72084175868935 88.0
87.84191966905917 88.0
87.96880549304704 88.0
88.09785243790641 88.0
88.2204595908986 89.0
88.34161184523835 89.0
88.47568128195859 89.0
88.5935241492422 89.0
88.72732345449234 89.0
88.85377468027656 89.0
88.98247981169412 89.0
89.10801797404153 89.0
89.22965503044078 90.0
89.36495261522023 90.0
89.48851666914044 90.0
89.61564550003195 90.0
89.7422059655979 90.0
89.8694275474259 91.0
89.99680124888268 90.0
90.1300566102822 91.0
90.25403922806336 91.0
90.3833811267544 90.0
90.51697239139773 91.0
90.64166954472024 91.0
90.77366041093916 91.0
90.9025365203575 92.0
91.03373346203925 92.0
91.16397246306502 91.0
91.30712167570266 92.0
91.43246592033607 92.0
91.56039468218489 92.0
91.7011065199415 92.0
91.82836380061498 92.0
91.96937097863419 93.0
92.09916143018276 93.0
92.24321026542819 93.0
92.37445470741278 94.0
92.52306910953044 94.0
92.65233142533364 94.0
92.79072015056752 93.0
