31.524027190019922 31.0
30.527039039422817 32.0
30.310518045757377 32.0
30.927313534126256 31.0
30.80572920416516 31.0
30.751735605848424 31.0
31.331636919333135 32.0
30.74441752234764 31.0
30.63402780087955 31.0
30.633549688341375 32.0
30.634149393289718 32.0
30.336744573550263 31.0
30.09769270610873 32.0
30.266801384859306 31.0
30.31029509015778 31.0
30.193988081666078 32.0
30.171640429636895 32.0
30.381326072677467 32.0
30.13337416817609 31.0
30.560654698636206 31.0
30.493316155220704 32.0
29.727114341087443 32.0
30.393958663325634 31.0
29.602129746357562 31.0
30.20625621008365 31.0
29.825283382184878 31.0
30.09777644412523 31.0
30.253646984515022 31.0
30.28551149074437 31.0
30.298758566285144 31.0
30.2522152914227 31.0
29.43151837280373 31.0
30.084386402340797 31.0
30.214056767301393 31.0
29.629678485359676 31.0
30.098523422581465 31.0
30.32742783129649 31.0
29.76447539598807 31.0
30.3011447013091 31.0
30.245480016877664 31.0
30.102030855608348 31.0
30.090084834814277 32.0
30.0886372514938 32.0
30.24206291253475 32.0
29.913049988339488 31.0
30.196004494822517 31.0
29.749158063672063 31.0
30.021779436952556 31.0
29.990743240489827 31.0
30.089391918903004 31.0
29.890550289880338 32.0
30.17522636250763 31.0
30.80385890234585 32.0
30.173901547357772 31.0
29.846459172703177 32.0
29.673462398607697 31.0
29.99800693209359 31.0
30.206603757977348 31.0
29.804138567100892 31.0
30.22502542500385 31.0
29.77044524400504 31.0
29.89981496781523 31.0
29.86462103381065 31.0
29.616212428372464 31.0
29.840424964031413 31.0
29.76297538332114 31.0
29.90398482078045 31.0
29.881183299770782 31.0
29.365479974810057 31.0
29.59913140289727 31.0
29.774552971365694 31.0
30.122130048409012 30.0
30.03270706940235 31.0
29.9099032647635 31.0
29.8174575785892 31.0
30.163359043643823 31.0
29.978023680766157 31.0
30.000535823600927 31.0
29.69210272908142 31.0
29.751687264790803 31.0
29.603118290382923 31.0
29.569082993226218 31.0
29.935436280110494 31.0
29.639951161152297 31.0
29.960363088325288 30.0
29.638450337780945 31.0
29.408916112758924 31.0
29.610236063316677 31.0
29.827414574805275 31.0
29.500810117948923 31.0
29.07613080473905 31.0
29.159514216180966 31.0
29.21916142865411 31.0
29.08609138296486 31.0
29.258539489326644 31.0
29.310766290834678 31.0
29.539305213227507 30.0
29.8017689691111 31.0
29.54455210984385 31.0
29.54604692384327 31.0
29.532978049170914 30.0
29.6143780354909 30.0
29.989074042543976 31.0
29.25292868097865 31.0
29.55254326780252 31.0
29.59598502461303 31.0
29.712851040775774 31.0
29.80502463957246 31.0
29.395797876889418 31.0
29.43317509550875 30.0
29.71277663883418 31.0
29.294819657485235 31.0
29.463024833860054 31.0
29.678491930357964 30.0
29.63224292367056 30.0
30.105579081826406 31.0
29.95834925315188 31.0
29.64396289962511 31.0
30.052688470755342 31.0
29.92732202402143 31.0
30.271485836032276 31.0
30.103027022928664 31.0
29.86073322112562 31.0
30.1236996378258 31.0
29.937446886316593 31.0
30.400312917212055 31.0
30.548075182704636 31.0
30.561619103667887 31.0
30.841002265715098 31.0
30.747655282412794 31.0
31.12058260508696 31.0
31.174370124865256 32.0
31.13942785758764 32.0
31.30044022192949 32.0
31.5107418031249 32.0
31.37414349190403 32.0
31.685676694286897 32.0
31.559759311069797 32.0
32.00704012802197 32.0
31.79203035930096 31.0
32.54053198014167 31.0
32.62357368888561 32.0
32.3749516681412 32.0
32.90617130580891 32.0
33.01387971494248 32.0
33.152258234708526 32.0
33.146248992804686 32.0
33.689989111695965 32.0
33.62092055763631 32.0
33.94190098627691 33.0
34.72025637658286 33.0
34.76764825485583 34.0
34.608010673256686 33.0
34.7664890968269 33.0
35.113597447925244 34.0
35.21569333644432 33.0
35.39406592512887 33.0
35.93789229268887 34.0
36.39073262197887 34.0
36.35857316534742 35.0
36.70065469399161 35.0
37.0561203882731 35.0
37.18532670144109 35.0
37.82935272270977 35.0
38.42589222370129 35.0
38.22850854675069 37.0
38.214855762941696 36.0
38.62944865794963 36.0
38.82123057223706 37.0
38.90747579117791 37.0
39.56167888735294 37.0
39.61190741099597 37.0
40.24122708856334 38.0
40.66689316713436 38.0
40.940006436561255 38.0
41.03990773186564 39.0
40.828066526141484 39.0
41.519292657779204 39.0
41.97983369026183 40.0
41.91958189228815 40.0
42.547023869953456 40.0
42.616656167447424 40.0
43.38957163978529 41.0
43.21308043721842 42.0
43.58232443958931 41.0
43.794135401202766 41.0
44.44489815337226 42.0
44.23148122489702 42.0
44.47968943838736 43.0
45.02599799802617 42.0
44.65640707473808 44.0
45.505788795881784 43.0
45.985664825053846 44.0
46.00408226429159 44.0
46.211560605153494 44.0
46.59320805352835 44.0
46.18571744229385 45.0
47.32718418227626 45.0
47.13425668243214 45.0
47.281583699097744 46.0
47.538078679582895 46.0
48.344187836207304 46.0
48.64168863646416 47.0
48.6283278744791 47.0
48.766958474875274 47.0
49.310280597840645 47.0
49.06179009686534 48.0
49.678028713799215 48.0
50.20747031588873 48.0
50.024763591805126 48.0
50.44815552137358 49.0
51.09365246835485 49.0
50.519980796681374 49.0
51.34743389159659 49.0
51.94284289247462 50.0
51.662388682670354 51.0
52.006702173998036 50.0
52.11869909666725 51.0
52.69201936983894 51.0
52.65863595505613 51.0
52.35912707511074 51.0
53.14145313942695 51.0
52.93585835815782 52.0
53.55776936612234 52.0
53.95256611022093 52.0
54.20169847724683 52.0
54.060404630836786 53.0
54.46062994724678 53.0
54.79906051114524 53.0
55.17095391655549 53.0
55.23098897599843 54.0
55.56879137894464 54.0
55.66546619701304 54.0
56.105189726087076 55.0
55.810183223537194 54.0
56.56567563208499 55.0
56.54895217489941 55.0
56.90721703838979 56.0
57.01092852963326 55.0
56.99677480716755 56.0
57.42351683368568 56.0
57.94539020612205 56.0
57.804842661504004 56.0
57.81666671541393 56.0
58.80667925121635 57.0
58.578698712884474 57.0
58.16226283639013 58.0
58.76054927964243 57.0
59.146746170513524 58.0
59.451420538050485 58.0
59.70020830542519 58.0
59.583646943822444 58.0
60.29703947448283 59.0
60.587257797892 59.0
60.17825128003055 59.0
60.919024959641824 59.0
60.964057913468295 60.0
61.11729022073493 60.0
61.257644287073084 60.0
61.20916120084139 60.0
62.12140802740608 61.0
61.8458679706971 60.0
62.10667798378035 61.0
62.43707165998786 61.0
62.435862481436686 61.0
62.791281009324365 61.0
62.638520373981294 62.0
62.596534887039006 62.0
63.784881224100914 62.0
63.201936096196654 63.0
63.904042237419524 62.0
62.99667056798195 63.0
64.16137597230798 62.0
63.55419874038414 63.0
64.29328907513252 63.0
64.35455453921222 63.0
64.34452658690894 63.0
64.83292431859554 64.0
65.26905715529026 64.0
65.7321993026467 64.0
65.40835482932701 64.0
66.0751482981657 64.0
65.6945521896303 65.0
65.77050916671698 65.0
66.56367550625995 65.0
66.40189555765431 65.0
66.15411007565986 65.0
66.79261519435447 65.0
66.96457564145334 65.0
67.24862392659193 66.0
67.27060159824879 67.0
67.09615563703416 67.0
67.6988556449022 66.0
67.78516527443396 67.0
68.45964227658958 67.0
68.09943130667233 67.0
68.63454564756599 68.0
68.82624685514789 67.0
68.8686703639095 68.0
69.60954625781926 68.0
69.35237946860128 68.0
69.13650886907293 68.0
69.24112072878894 68.0
69.26945690059338 68.0
69.85248782502539 69.0
69.7858401103432 69.0
70.44970034169563 69.0
70.59808825049505 70.0
70.67943589133405 69.0
70.6406836555409 69.0
70.92337856143085 70.0
71.36225285936493 70.0
70.85687285079463 70.0
72.09059785660823 70.0
71.67050770389747 71.0
71.5300901669105 71.0
71.72963518534533 71.0
71.77211121169813 71.0
71.5915573813453 71.0
72.22452057825289 71.0
72.87977537743078 71.0
72.63508640550245 72.0
72.45096855112705 72.0
73.08594497065558 72.0
72.99223249090889 72.0
73.27247282089847 72.0
73.8833251091606 73.0
73.51023735483332 73.0
73.6493813473084 73.0
73.69914046630836 73.0
74.6561804806953 73.0
74.34788185533304 73.0
74.21355417318333 74.0
75.01753795000815 73.0
74.875082904943 74.0
74.9938685423484 74.0
75.39765177121187 74.0
74.84856862815536 74.0
75.1052725919328 75.0
75.30209742887023 74.0
75.69510328286074 74.0
76.15191620550485 75.0
76.09969461273172 75.0
75.96399284751327 76.0
76.69376015113612 75.0
76.38822204830284 76.0
76.74223088959465 75.0
77.31706936869061 76.0
77.43743227354733 76.0
77.24101227585072 77.0
77.71666608214753 77.0
77.44179873413341 76.0
77.62088755945031 76.0
78.06291112856516 77.0
77.7673774616836 77.0
78.05042069557652 77.0
77.72483890327872 77.0
78.1443698035439 77.0
78.6778996323293 78.0
78.41532616913673 78.0
79.02400401411512 78.0
78.92069917937093 78.0
79.3359074584888 78.0
78.75456002283173 79.0
79.09712343448436 78.0
79.72493122923268 79.0
79.54506739532748 79.0
79.71034280171608 79.0
79.94557195392625 79.0
79.65063223059073 80.0
80.261795646615 79.0
80.53243140759726 80.0
80.53561805279618 80.0
80.58899861768991 79.0
80.72433417180646 80.0
80.47447776043789 80.0
80.88661045964118 80.0
80.86462385946825 80.0
81.67988108465754 80.0
81.16357916716467 81.0
81.85743722524572 81.0
81.52824391461594 81.0
81.38788568548566 81.0
81.95225269103008 81.0
82.37205341286445 81.0
82.43846840143479 82.0
82.52842038065016 82.0
82.75307526813302 82.0
82.56045340750603 82.0
82.65456101490642 82.0
82.97571183281569 82.0
82.50027706852698 82.0
83.08340633720901 82.0
83.0335759729156 83.0
83.76480547470065 83.0
83.34785547911203 83.0
83.53569765623575 83.0
83.69446614798973 83.0
84.16232760620271 83.0
84.0252475669648 84.0
84.48357432242778 84.0
83.69238949975696 84.0
84.29016827056707 83.0
84.471093708967 83.0
85.00028810118098 84.0
84.56582996564615 84.0
85.03907199027614 84.0
85.24027196201448 85.0
85.33008956311635 85.0
85.19620401765542 85.0
85.81119677537502 86.0
85.23297956608567 85.0
85.72037869984536 85.0
85.79494841634072 85.0
85.7685245146187 85.0
86.26532694566599 85.0
86.3117600444997 85.0
86.44854254258975 86.0
86.39552376310047 86.0
87.02636824948459 86.0
86.57250386060464 86.0
87.26930842578611 86.0
86.77650784977963 87.0
87.07130153869316 87.0
87.46186214363206 87.0
87.33796467656691 87.0
87.4444195410979 87.0
87.66280036644147 87.0
87.73085264246338 88.0
87.80953629343428 88.0
87.90120225154328 87.0
87.51590712091415 87.0
87.7790281093881 87.0
88.63865354927177 88.0
88.52488175326822 88.0
88.32865929866598 88.0
88.47954635908816 88.0
88.61679175139487 89.0
89.0402164639066 89.0
88.83451668409653 89.0
89.32278791885447 89.0
89.25494927380547 89.0
88.86320415216802 89.0
89.74041147984809 88.0
89.85971643718318 90.0
89.63253841269508 90.0
90.02170697402002 90.0
89.9513292005977 90.0
89.93368884837906 90.0
90.14452105695042 90.0
89.66816866727635 91.0
90.62031038370807 90.0
91.0763326312151 90.0
90.70876660568175 91.0
91.20332434143046 91.0
91.2632683943734 91.0
91.17730276093646 91.0
90.84859777737255 91.0
91.35143525375894 91.0
91.75166415167855 91.0
91.35546268758893 92.0
92.0473645068652 92.0
91.78703966290017 91.0
91.58173389775779 92.0
91.93783023494218 91.0
91.92991620502774 92.0
92.247737870876 92.0
92.4686836912845 93.0
92.27379612952214 92.0
92.21906179397043 92.0
92.2873356560947 93.0
92.31084637010979 92.0
92.62970300476607 92.0
92.86040617502303 93.0
93.18093220955717 93.0
92.7049817985781 93.0
92.69168475035892 93.0
93.43699279088128 93.0
93.30170825581453 94.0
93.22559509689705 93.0
93.70738484134365 93.0
93.42756456680677 93.0
93.9774282892696 94.0
