30.087253340919574 30.29806340738975
30.192687637974167 30.29806340738975
30.008257281925097 30.29806340738975
30.12020114053132 30.29806340738975
30.204466345434412 30.29806340738975
30.593073134834142 30.29806340738975
31.072230997543073 30.29806340738975
31.32628774991513 30.79475297144532
30.952866026417084 30.79475297144532
31.281670555818046 30.79475297144532
31.653460406326573 30.79475297144532
32.1825541078523 31.291442535500888
32.44537148519153 31.291442535500888
32.278994144015876 31.78813209955646
32.65019253017057 31.78813209955646
32.90809514855812 31.78813209955646
33.23080639048582 31.78813209955646
33.80288565479292 32.28482166361203
34.09855376796071 32.28482166361203
34.600102783659146 32.7815112276676
34.52621651849464 33.278200791723165
34.54494947294814 33.278200791723165
35.21377083575298 33.278200791723165
35.361087312480386 33.77489035577874
35.25039403438634 34.27157991983431
35.472682988281385 33.77489035577874
36.04324539756404 34.27157991983431
35.868539200881735 34.27157991983431
36.292329728945276 34.27157991983431
36.589514758588194 34.768269483889874
37.121662975448054 35.264959047945446
37.471932338487 35.76164861200102
37.607807381738255 36.25833817605658
37.105314766047236 36.25833817605658
37.85660245008014 35.76164861200102
38.45042167928201 36.25833817605658
38.272066563152286 36.755027740112155
39.89828038257177 37.25171730416773
39.59319599918987 37.74840686822329
39.79646839465121 37.74840686822329
39.33678749926792 38.245096432278864
40.06572093328682 38.245096432278864
41.313126173855736 38.741785996334436
40.04642228303205 39.23847556039
41.01709456689211 39.23847556039
41.18500467667734 39.23847556039
42.04648032802254 39.73516512444557
41.5402247765202 40.231854688501144
41.959763852088045 40.231854688501144
42.500053563963995 40.72854425255671
43.028019971251375 40.72854425255671
42.97470562433577 41.22523381661228
43.27436330711581 41.72192338066785
43.86022921186403 41.72192338066785
43.96747396130678 42.218612944723425
44.45962381092143 42.71530250877899
44.33297713524825 43.21199207283456
44.98126982143101 43.21199207283456
44.47514900684029 43.21199207283456
44.782475889184504 43.21199207283456
45.749666479218455 43.21199207283456
45.783288702983484 44.2053712009457
45.81881305198217 44.2053712009457
45.8089650106606 44.70206076500127
46.354012892000505 44.70206076500127
46.507290506794405 45.19875032905684
46.453252365213594 45.19875032905684
46.76230551077211 45.69543989311241
47.13621172193146 45.69543989311241
47.471539706763295 46.19212945716798
48.0521687799884 46.19212945716798
47.88935868109465 47.185508585279116
47.95572788797333 46.68881902122355
48.49914981275741 47.185508585279116
49.08168721912648 47.68219814933469
48.85488620718781 47.68219814933469
48.30177794767923 48.17888771339026
49.20709353984623 47.68219814933469
49.93679156292379 48.17888771339026
50.29981186782709 48.675577277445825
50.17139176302931 49.1722668415014
50.35240996209387 49.1722668415014
50.94006530463913 49.66895640555697
50.59886489647831 50.165645969612534
51.33148607559154 50.165645969612534
51.69726213562207 50.662335533668106
51.35957470462908 50.662335533668106
52.32168850534195 50.662335533668106
51.78975106519758 51.15902509772368
52.74418865287143 51.15902509772368
53.0864064957515 51.65571466177924
52.978249593945264 51.65571466177924
53.20011997174515 52.152404225834815
53.668058777290184 52.64909378989039
53.44796214931341 52.64909378989039
53.58538704993019 53.14578335394595
54.507318830036404 53.14578335394595
53.638824854784374 53.64247291800152
55.03924564110124 53.14578335394595
54.167795043317156 54.139162482057095
54.80789103381895 53.64247291800152
55.25605096321219 54.139162482057095
55.57132563677031 54.139162482057095
55.78031781555305 54.63585204611266
55.17825512503147 54.63585204611266
56.365112613225094 55.13254161016823
56.219922179432686 55.629231174223804
56.32797379913466 55.629231174223804
56.45138173056675 55.629231174223804
56.69870164385369 56.12592073827937
57.40723167131814 56.12592073827937
57.83915649332393 56.62261030233494
57.47993195705705 56.62261030233494
57.470905481083776 57.11929986639051
58.114679766141364 57.11929986639051
58.397984195336626 57.615989430446085
59.16187230568781 57.615989430446085
58.260728508623416 58.11267899450165
59.08055371199916 57.615989430446085
58.979224747639805 58.60936855855722
59.24787205678796 58.60936855855722
58.872569566889716 58.60936855855722
60.069250232619815 59.106058122612794
59.73403853007605 59.106058122612794
59.82822201300777 59.106058122612794
60.82090394561065 59.60274768666836
60.88519233879279 60.09943725072393
60.880469553233866 60.09943725072393
61.22881542211691 60.09943725072393
61.006134760652955 60.09943725072393
61.55643890365575 60.5961268147795
61.840427330651465 60.5961268147795
61.05891242265403 61.09281637883507
61.43099004429018 61.09281637883507
62.222866324019535 61.09281637883507
62.44884949002366 61.58950594289064
62.47507299450268 62.08619550694621
62.57449900384926 62.08619550694621
62.880516729680174 62.08619550694621
62.624830191123074 62.582885071001776
63.0152014791195 62.582885071001776
63.079106998136666 62.582885071001776
63.868234041759905 62.582885071001776
63.97897937346559 62.582885071001776
64.40624948449553 63.57626419911292
64.12286443317238 63.57626419911292
64.02001550818058 64.07295376316848
64.8290602743566 64.07295376316848
64.97265847889429 64.56964332722406
65.01714052168676 64.56964332722406
65.57662893332198 64.56964332722406
65.50975951914987 65.06633289127963
66.22507560662632 65.06633289127963
65.60447111090684 65.5630224553352
65.6921337986791 65.5630224553352
65.77637517456293 65.5630224553352
66.79195001200226 65.5630224553352
66.0746612360091 66.05971201939077
66.662362392671 66.05971201939077
66.51595740116576 66.55640158344633
67.68389379241464 66.55640158344633
67.44915397836292 67.0530911475019
67.45613128344868 67.0530911475019
67.79054632050001 67.0530911475019
67.84119660458444 67.54978071155747
67.31133403819103 67.54978071155747
67.63403843251103 67.0530911475019
68.11522709948606 67.54978071155747
68.73255841168776 68.04647027561305
68.94748488543755 68.54315983966862
69.57436988609572 69.03984940372419
69.18159805374827 69.03984940372419
68.87065050116557 69.03984940372419
69.39662291728548 68.54315983966862
69.51933812663478 69.03984940372419
69.45560840754595 69.03984940372419
69.67432195721454 69.03984940372419
69.86012380359834 69.53653896777975
70.04835862851043 70.03322853183532
70.16385049613793 70.03322853183532
70.7151231936295 70.03322853183532
70.81857035373449 70.52991809589089
70.71462454265945 70.52991809589089
71.25951497353513 70.52991809589089
71.75568997569034 71.02660765994646
71.88590688751893 71.52329722400204
71.9797919123094 71.52329722400204
71.57843227582364 72.01998678805761
71.99259330333412 71.52329722400204
72.60176065109647 71.52329722400204
72.09041180286587 72.01998678805761
72.10901804963255 72.51667635211317
72.73556704811335 72.01998678805761
72.39829942731222 72.51667635211317
72.66140070891876 73.01336591616874
72.87682745104938 72.51667635211317
73.04973582812516 72.51667635211317
73.6293314713317 73.01336591616874
73.90108525369466 73.51005548022431
73.5577519097782 73.51005548022431
74.54641917920635 73.51005548022431
73.76150498595557 74.00674504427988
74.3733912325613 74.00674504427988
74.9972305412718 74.00674504427988
74.82389854964869 74.50343460833545
74.33461252710534 75.00012417239103
75.03492154730566 74.50343460833545
74.67668956066464 75.00012417239103
75.04085545860268 75.00012417239103
75.25692635617958 75.00012417239103
75.3747387372744 75.49681373644658
75.64166710855953 75.49681373644658
76.41426981519191 75.49681373644658
76.26530475496037 75.99350330050216
75.46410094211538 76.49019286455773
76.5569150031142 75.49681373644658
76.48400576203144 76.49019286455773
76.21630851696514 76.49019286455773
76.4318322598582 76.49019286455773
77.1384276962282 76.49019286455773
77.19169031073724 77.48357199266887
76.72816103462303 76.9868824286133
77.93145336461065 76.9868824286133
78.56731054301801 77.98026155672444
77.16575257953174 77.98026155672444
77.77231797313404 77.98026155672444
78.67348309038269 77.98026155672444
78.1008954566025 78.47695112078
78.09958904446584 77.98026155672444
78.60363747746122 78.47695112078
78.59599375987843 78.47695112078
79.23562945914661 78.47695112078
79.7382941565062 78.97364068483557
78.4578808540272 79.47033024889114
78.92967945186145 78.97364068483557
79.58217073597086 78.97364068483557
80.03246964221951 79.47033024889114
79.89232614237022 79.96701981294672
80.04127001600426 79.47033024889114
79.67975216272521 79.96701981294672
80.10436550407925 79.96701981294672
80.29561410031029 79.96701981294672
80.77895296361352 79.96701981294672
80.56590124934887 80.96039894105786
81.1598847973199 80.46370937700229
80.77920898634883 80.96039894105786
80.08933362455448 80.96039894105786
81.58102240514228 80.46370937700229
81.7143619467605 81.45708850511342
81.4461397783339 81.45708850511342
81.64195527106841 81.45708850511342
81.64608413753348 81.95377806916899
82.64147186809195 81.95377806916899
81.67254793839645 82.45046763322456
82.82324098522264 81.95377806916899
82.79769162467703 82.45046763322456
82.3168975911517 82.94715719728013
82.99327071672673 82.45046763322456
82.68145828419986 82.94715719728013
83.4830635235752 82.94715719728013
82.9234673264969 83.4438467613357
83.00518671646219 82.94715719728013
83.28769022315208 82.94715719728013
83.30641037642833 83.4438467613357
83.62452027392347 83.4438467613357
83.81690638069338 83.94053632539128
84.02609113202354 84.43722588944685
84.02190510512088 83.94053632539128
84.31562909147738 84.43722588944685
84.33988402744193 83.94053632539128
84.47146558400591 84.43722588944685
84.64766579212211 84.43722588944685
84.76318999950081 84.93391545350241
85.48872059566884 84.93391545350241
85.20901051039615 85.43060501755798
85.28882190602174 85.43060501755798
85.60417028418786 85.43060501755798
85.65128990918724 85.43060501755798
85.72817279102404 85.43060501755798
85.69495155055296 85.43060501755798
86.11699915805411 85.92729458161355
86.18641669501486 85.92729458161355
85.80149715850663 86.42398414566912
86.8005604533963 85.92729458161355
85.64297985697297 86.9206737097247
86.10483380481901 86.42398414566912
86.81862907350713 86.42398414566912
87.29562718384655 86.9206737097247
87.03002603891872 86.9206737097247
87.29306209110004 87.41736327378027
87.86282745812308 87.41736327378027
87.42134142987118 87.91405283783583
87.19348694664717 87.41736327378027
87.81741376933876 87.91405283783583
88.06715921130478 87.91405283783583
87.58893723732386 88.4107424018914
87.89206473516595 87.91405283783583
87.34634731761685 87.91405283783583
87.89471873065631 87.91405283783583
88.21225496402525 87.91405283783583
88.881438706214 88.4107424018914
88.71497129276904 88.90743196594697
88.39733755581362 88.90743196594697
88.630610110074 88.90743196594697
89.25189825101795 88.90743196594697
89.42675020998271 88.90743196594697
89.03638123573577 89.40412153000254
89.39106254085075 89.40412153000254
89.43152789272904 89.40412153000254
