28.49379282497894 31.0
28.314060022521033 32.0
28.394909367671588 31.0
28.24134210927562 31.0
28.234350702367408 31.0
27.98608030187326 31.0
28.001912941905402 31.0
27.97234915467611 32.0
28.321302577175956 31.0
28.311854836713906 32.0
27.93860430806032 31.0
27.845318470354087 31.0
28.003972000735743 31.0
27.926714766921975 31.0
28.39573982292079 31.0
27.97176135959984 31.0
28.392067034555268 31.0
27.970007839089874 32.0
27.89412506656562 31.0
28.49822376675887 30.0
28.034132784656578 31.0
28.22594979417555 31.0
28.013739655522073 31.0
28.370240028266394 31.0
27.929256784291056 31.0
28.248165684667853 31.0
28.42176705147577 31.0
28.121713582380096 32.0
28.07742989361242 31.0
28.081616571046723 31.0
28.163152738953357 31.0
28.103202064363472 31.0
28.365269951234254 30.0
28.24403952429323 31.0
28.03018181199539 31.0
28.079537367913105 31.0
28.24438670040705 31.0
28.03758651642427 31.0
27.82665466168592 32.0
27.68440150882975 31.0
28.23494451639546 31.0
28.143798966923 31.0
28.582845092440778 31.0
28.488203911171695 31.0
28.194477298923147 32.0
28.159618976473453 31.0
28.028728841784698 31.0
28.432121943845573 32.0
28.35645624729773 32.0
27.853437041230748 32.0
28.024480096774795 31.0
28.05181548598216 31.0
28.11073034468373 31.0
28.349979731229155 31.0
28.32715698502396 31.0
28.217913096952415 30.0
28.256723029177067 31.0
27.92469324872934 32.0
28.461689021018145 31.0
27.880289486664708 31.0
28.062940685371416 31.0
27.99320822744353 31.0
28.227316567432936 31.0
27.87209897949029 31.0
28.08773294733001 31.0
28.340677276057733 30.0
28.298062245676363 31.0
28.092235009641115 32.0
28.39529049860684 32.0
28.201536563821207 31.0
28.49187839762169 31.0
28.14454279357689 31.0
27.93741171693894 31.0
28.06749604587658 31.0
27.86638547524997 31.0
27.99510695979599 31.0
28.233005573813358 30.0
28.276907531012668 31.0
28.28495337956673 32.0
28.077085333121403 31.0
28.378500055087756 32.0
28.06064338123886 31.0
28.348147164103935 32.0
28.07616009097623 31.0
28.315846727948824 31.0
28.01901013837991 31.0
28.06775460855077 31.0
28.246840514071096 31.0
27.978171591023226 31.0
28.460720402340684 31.0
27.906794822637877 32.0
28.178276351873365 31.0
27.98731142359115 31.0
28.151510443908506 31.0
28.47314417794081 31.0
28.46472613833363 31.0
28.337145918248638 31.0
27.795050516788805 31.0
28.033316411530876 31.0
27.745654575418996 31.0
27.811199779718876 31.0
28.099382116029005 31.0
28.075596952030892 31.0
28.43727424669639 30.0
28.40883940605535 31.0
27.76243582344651 31.0
28.187661500577136 32.0
28.163164454345548 31.0
28.47027474924387 31.0
28.189748081380642 31.0
28.094179358898245 31.0
28.389474999669787 31.0
28.426138931935967 31.0
28.401509494781507 31.0
28.32274706745241 31.0
28.278017015964522 32.0
28.3435153955882 32.0
28.44652262540461 32.0
28.658152594547232 31.0
28.678215639070928 31.0
28.682744964990462 31.0
28.63113620870206 31.0
28.957213113388576 32.0
28.862561862320817 32.0
28.761436108752534 31.0
28.832268363568303 31.0
29.055378033318462 31.0
29.025472033576335 31.0
29.46199648753081 31.0
29.360339281556065 32.0
29.445784261286278 31.0
29.66167617726282 32.0
29.851307380063204 32.0
29.685683589251497 32.0
30.07517222266371 31.0
30.54297165273472 32.0
30.667238659738857 32.0
30.429300974387445 32.0
30.68193828995588 32.0
30.93796528906566 31.0
31.080011291010024 31.0
31.317593754090723 32.0
31.49593196379186 32.0
31.52932090119802 32.0
32.10521469170554 33.0
32.22272979113555 33.0
32.345835856957436 32.0
32.62735071764996 32.0
32.82493290754576 32.0
33.29586893738898 32.0
33.37672875363892 33.0
33.70469826409176 33.0
33.85698074979813 33.0
34.371884115551865 33.0
34.501926509351996 34.0
34.85879611050943 34.0
35.13746851861063 34.0
35.579990719991066 33.0
35.716837195683944 34.0
36.100062346605704 34.0
36.430416997501105 34.0
36.81247111365544 34.0
36.955333521045254 34.0
37.3848341408555 35.0
37.641257937702015 35.0
37.977149065935535 35.0
38.351811696161164 35.0
38.57357191281756 36.0
39.07541196087159 36.0
39.341928177161975 36.0
39.705582187358644 37.0
40.04145174270904 37.0
40.3976014977937 37.0
40.67018827216225 37.0
41.04107576035182 38.0
41.309713715638736 38.0
41.655263641128506 39.0
42.076926892393274 39.0
42.33868688949194 40.0
42.73249478294175 40.0
43.068301517743386 40.0
43.298289832646766 40.0
43.66786867631468 40.0
44.00429775182762 41.0
44.34825450125908 41.0
44.66245900211905 42.0
44.95722783805017 41.0
45.281943431970895 42.0
45.57750505489808 42.0
45.87973475372606 42.0
46.2217441882001 43.0
46.5712344891127 43.0
46.83123167211562 43.0
47.13490538914179 43.0
47.47802773525119 43.0
47.78074946640486 44.0
48.04360396104453 44.0
48.38527821594204 44.0
48.671293748196064 44.0
48.985190092386716 45.0
49.31852474030091 46.0
49.60510918387857 46.0
49.9728957412586 47.0
50.18957242446707 47.0
50.494629098328886 47.0
50.77121224558713 47.0
51.07651601868808 48.0
51.36803664994768 47.0
51.65682536858582 48.0
51.970833124508076 48.0
52.23745899917753 49.0
52.53743307071272 48.0
52.82152312637421 49.0
53.06553635894254 49.0
53.37569209763298 50.0
53.64377468055376 50.0
53.91354259096904 50.0
54.18868951880774 51.0
54.473080993368455 51.0
54.758528086931165 51.0
55.017404246569065 51.0
55.30226507480543 52.0
55.569553453435475 52.0
55.81350411784106 52.0
56.104281391937874 52.0
56.37365689554358 53.0
56.634835175008945 53.0
56.90466493912109 53.0
57.18570533472535 53.0
57.436370343798586 54.0
57.70011834783362 54.0
57.9527317412239 54.0
58.216475063077986 54.0
58.483602061413016 55.0
58.73335722491148 55.0
58.99683389171523 55.0
59.246254038103764 56.0
59.49791482479032 56.0
59.75571505173269 55.0
60.00698193418799 56.0
60.26974960994427 56.0
60.51061034982072 57.0
60.76465164141939 57.0
61.00054918574405 57.0
61.2553885587581 58.0
61.49494701275003 58.0
61.74390686222938 58.0
61.98775656449101 58.0
62.22175786206058 58.0
62.45652892955174 59.0
62.71649476421483 59.0
62.96055300255831 60.0
63.19084636005093 59.0
63.431614155902494 60.0
63.658565107990036 60.0
63.899486761416966 60.0
64.13607087974276 60.0
64.37270602937411 60.0
64.61309713117267 61.0
64.8405122199109 61.0
65.07744632522531 61.0
65.29770645760546 62.0
65.52534026933233 62.0
65.75782292285191 62.0
65.98682448357542 62.0
66.21422728389652 63.0
66.44421766871965 63.0
66.66756334472338 63.0
66.89334381003368 64.0
67.11666874239695 64.0
67.33672758038111 64.0
67.56026215626441 64.0
67.78381744099103 64.0
68.00436683305435 64.0
68.22194646959971 64.0
68.44027866447654 64.0
68.65799825278049 64.0
68.8764839953816 65.0
69.09214400105472 65.0
69.31021470150469 66.0
69.52420827725439 65.0
69.73612325214222 66.0
69.94628461137123 67.0
70.16154661955282 66.0
70.37229810579238 66.0
70.5798341603068 67.0
70.79141402489519 67.0
70.99876303714774 67.0
71.20798394769304 67.0
71.4134958660327 68.0
71.61949174096316 68.0
71.82796109865855 68.0
72.03281129525578 69.0
72.23903130382013 69.0
72.4440675372184 68.0
72.64608879321104 69.0
72.84772421068317 69.0
73.04914271654886 70.0
73.25439630167071 69.0
73.45555457925485 70.0
73.65536097751246 70.0
73.8576761260164 70.0
74.06438174453028 71.0
74.26919653061836 71.0
74.47194394573742 71.0
74.67566647478633 71.0
74.877310844389 71.0
75.08189813038729 72.0
75.28655810774427 72.0
75.48952161602674 72.0
75.69264475494232 72.0
75.89628534940682 72.0
76.09832569666415 73.0
76.2994986438096 73.0
76.50141442492748 73.0
76.70097725231567 73.0
76.90269906323631 73.0
77.10028209767053 73.0
77.29934250378192 74.0
77.49732396110792 74.0
77.69446310089666 74.0
77.89100303625916 74.0
78.08766106907977 74.0
78.28225888222836 74.0
78.47629085250661 74.0
78.66913781588865 75.0
78.86222162436661 75.0
79.0547199820843 75.0
79.24393457957403 75.0
79.43534282255618 76.0
79.62577896624614 76.0
79.81397757947225 77.0
80.00212064366708 76.0
80.18973414102123 77.0
80.37598458962857 76.0
80.56035078376456 77.0
80.744302192278 77.0
80.92921879203382 77.0
81.11207131041573 77.0
81.29625383435676 78.0
81.47827793540128 78.0
81.66057999307678 78.0
81.84101780885268 78.0
82.02071689169668 79.0
82.20184354396345 78.0
82.3797255261168 79.0
82.55948808988735 79.0
82.73681672592458 80.0
82.9130317384808 80.0
83.08916707149038 79.0
83.26458211067967 79.0
83.4410752557057 80.0
83.61471503085382 80.0
83.78861419450936 81.0
83.9625076939853 80.0
84.13458110387354 80.0
84.30696228826653 81.0
84.47944265366144 81.0
84.65170942818109 81.0
84.82361833008864 81.0
84.99493936923159 82.0
85.1655304349272 82.0
85.3361087214681 82.0
85.5043615268419 82.0
85.671619496857 83.0
85.83987938869566 82.0
86.00766620851743 83.0
86.17500428888944 83.0
86.34150753853541 83.0
86.50801772953729 83.0
86.67368414096089 84.0
86.83933382892539 83.0
87.00523820257507 84.0
87.17051781118678 84.0
87.33401807014877 83.0
87.49823924932272 84.0
87.66156101329916 85.0
87.8248773543516 85.0
87.98650573214702 85.0
88.14969384300002 85.0
88.31088788305526 85.0
88.47153608722157 85.0
88.63286701730668 85.0
88.7936090059253 86.0
88.95340048155784 86.0
89.11238671893648 86.0
89.27142664200629 85.0
89.43026752236885 86.0
89.58874006842234 87.0
89.74568052382567 87.0
89.90305571697573 87.0
90.0595777855484 87.0
90.21550743557898 87.0
90.3720056457219 86.0
90.52548376240647 87.0
90.68089451273501 88.0
90.83615054212075 87.0
90.98995849166579 87.0
91.14358409831075 88.0
91.29741664823622 88.0
91.44887383162202 88.0
91.60128833890482 88.0
91.75350052499117 89.0
91.90481370655188 88.0
92.0544409108907 89.0
92.2060876169676 89.0
92.35603110377595 89.0
92.506065802257 89.0
92.65568503649689 89.0
92.80331635737173 90.0
92.95230021861998 90.0
93.10008361206786 90.0
93.24694993213043 90.0
93.3939078023615 91.0
93.54078200945526 91.0
93.6855351562807 91.0
93.83105758949843 91.0
93.97709490443363 91.0
94.12226470216567 91.0
94.2660472668873 91.0
94.40929295121308 92.0
94.55240709504339 92.0
94.69395271374464 92.0
94.83554561282148 92.0
94.97705325898266 92.0
95.11781548365003 92.0
95.25862611482877 92.0
95.39869118879811 92.0
95.5390227665788 92.0
95.67828262598348 93.0
95.81741805272587 93.0
95.9546164242371 93.0
96.09241808434174 93.0
96.22931638944938 94.0
96.36585775172155 94.0
96.50215082513967 94.0
96.63811418868508 94.0
96.77330465587208 94.0
96.90834336061806 94.0
97.04286898371569 95.0
97.1766580179301 94.0
97.30808775522446 95.0
97.4418867019086 95.0
97.5748807526007 95.0
97.70588221462121 95.0
97.83766173751653 95.0
97.9688307909715 95.0
98.09902238818884 96.0
98.22964722489563 96.0
98.35862282842203 96.0
98.48552870477714 96.0
98.61572561145907 96.0
98.7440860946676 96.0
98.87104417707889 97.0
98.9990243611756 97.0
99.12535655684061 97.0
99.25063226478373 98.0
99.37530941188068 97.0
99.5027735746001 98.0
99.62740318203204 98.0
99.75032596143406 98.0
99.87263012569221 98.0
99.99546784788653 98.0
100.1186101758181 98.0
100.24080368417592 98.0
100.36180004232676 99.0
100.48303618584104 98.0
100.60346023650204 99.0
100.72346230417038 99.0
100.84304276740237 100.0
100.96222645984527 99.0
101.08064251575739 100.0
101.1980867571843 100.0
101.31568827436267 101.0
101.43206817589261 101.0
101.54759224842843 100.0
101.66027990885578 101.0
