24.24742879978154 48
23.567177339088055 49
22.88320778448795 51
25.042470788792023 52
25.010739314518244 51
32.159286430476456 51
37.23326613166958 52
37.6508117881657 52
36.59276363186924 54
38.28695339722167 55
40.85614768840965 55
44.41866669267634 56
45.95521190265821 55
49.034497290725824 56
52.18179135676153 56
52.15067053302051 56
52.56113205060308 56
52.26537557844352 56
52.30086689327196 56
51.95743614410904 56
52.22129407301373 56
52.66100967623399 56
52.725116064616884 56
51.85851004907669 56
52.43501121562669 56
52.02078134963715 56
52.261424003237806 55
52.37322071375005 56
52.486345572256816 56
52.55401774073788 57
52.42218266534087 57
53.06848328177705 57
53.62173289403224 57
53.78942089382665 57
53.88121593363954 57
53.89800061917206 57
53.86765077888526 57
54.6162489304103 57
53.735319646771266 57
53.952634135865054 57
54.144747561775745 57
53.985397963673634 57
54.200976639697274 57
54.864879169093356 57
55.41535789179177 58
55.158915916587574 57
55.465239432371845 58
55.82938653867424 58
56.58912507480292 58
57.78472338874739 58
57.43937376535747 58
57.65290582423866 59
57.496476895850364 59
57.769558628396766 59
58.44993291506677 58
58.815010316971126 59
58.68061705750858 59
58.714512847062124 59
58.962427308662164 59
59.25945931018755 59
59.57510087739317 60
59.39867825276614 60
59.55047713613106 60
59.36806856862404 59
59.91034992703172 59
60.078570699862055 60
60.411733153951666 60
60.35248317501173 59
60.58140368586349 59
60.63672752399754 60
60.74510974036447 60
60.85199528604076 59
60.852446000455444 60
60.885657755680384 60
61.079339537447666 60
61.33513000946374 60
61.60084599236107 60
61.781141513223794 60
61.70732440374722 60
61.79120109929976 60
61.51906948103623 60
61.674371794403775 60
61.67260291215226 60
61.65442232405716 60
61.72251000020617 60
61.548467523121744 60
61.50623450701347 60
61.67440760532586 60
61.725217457063465 60
61.54074144360066 60
61.53410084976989 60
61.728369691308444 60
61.87017656046366 60
61.5969866387963 60
61.6004184425109 60
61.56406376620984 60
61.70756496690555 60
61.778615077675276 60
61.762447010551526 60
61.77515595938359 60
61.675652443104255 60
61.60552289814348 60
61.002251152696594 60
61.374498427286575 60
61.57480286628289 60
61.44026410428535 60
61.46650540036799 60
61.357378525371935 60
61.2190905182142 60
61.486583948785984 60
61.654606648038495 60
61.75759771493119 60
61.94816291684552 61
62.05534540950523 61
61.94332908269021 61
62.320881773248054 61
62.29147331895157 61
62.53366819946432 61
62.856701989443934 61
62.808373266478924 61
63.03882318980837 61
63.322632740720486 62
63.81906432829062 62
64.08108780295672 62
64.43543929617299 62
64.57142167990857 61
64.68608509359672 62
64.77915763376612 61
64.85393930697289 62
65.36446580426602 62
65.37926903844748 62
65.73117166629356 62
65.62356648718878 62
65.79243630714421 62
65.74782526226939 63
66.0069468940265 63
65.95926765965426 62
66.0832901130374 63
66.10855542371038 63
66.15023226230673 63
66.41811863897992 63
66.70741016399327 62
66.89818099472879 63
66.99525167092725 62
67.09008405388273 63
67.05951155302452 63
66.90597130035877 63
67.04287724457173 63
67.14058220047251 63
67.14892749704671 63
67.09232285467822 62
67.04799435980459 63
67.15993753707482 63
67.37642137790313 63
67.28901908744088 63
67.30051156961936 63
67.44308055486097 63
67.51844711095474 63
67.57662910126446 63
67.58914200239803 63
67.48852484760242 63
67.64629116819347 63
67.54003216439223 63
67.63642673579095 64
67.79229788002523 64
67.7990112756943 64
67.9847602472723 64
67.85998868169811 63
68.08179867794708 64
68.05086688150104 63
68.37237190721801 63
68.36652785875614 63
68.3710055913725 64
68.30033217848587 64
68.24784244240605 64
68.46781040511873 64
68.62716813366644 64
68.76657903875841 63
68.78248823003014 64
68.75862261879004 64
68.86559868667028 63
68.98802966038782 64
68.99444108219336 64
68.9522479708046 64
68.9846323834928 64
69.04881605869596 63
69.0073805299433 64
69.16143821852826 64
69.13849704067073 64
69.19919947598945 64
68.9377303736729 64
69.17595162647595 64
69.39329082962341 64
69.28116255090507 64
69.44481829725498 64
69.395966607583 64
69.48788250955008 64
69.4200375854952 64
69.298120114444 64
69.44108567309613 64
69.36042785238686 64
69.41338847690909 64
69.32469333464876 64
69.54975666908366 64
69.60060009954657 64
69.4166029766748 64
69.76131678423486 64
69.61866713886346 64
69.82359795893026 64
69.87397807996369 64
69.73416582932352 64
69.69920055699261 64
69.86449007517004 64
69.83810380419538 64
69.7574722566498 64
69.76661223567692 64
69.83305150687522 65
69.77747170597166 64
69.87565365541644 64
70.00399134842384 64
69.69159025828803 64
69.97399230442495 64
69.91085528439055 64
69.82814550971487 64
69.91732289123065 64
69.91248551990222 64
69.97616003996104 64
69.9565663047512 65
70.0468347847138 65
70.0012799236026 64
70.07798695316419 65
70.23416415015448 64
70.2895431069104 65
70.35118462153578 65
70.47755237851935 64
70.41332241678259 65
70.48244446762268 65
70.46888148980585 65
70.44968572158291 65
70.46100535310255 64
70.54517835603755 65
70.61062429662597 65
70.60985612827069 64
70.45828996839478 65
70.60293055622607 65
70.53668499433837 65
70.54688734218645 65
70.73427381713675 65
70.82373667661662 65
71.03292920317975 65
71.05657936471518 65
70.96717946989719 65
70.95917409031 65
71.04254209967023 65
71.09349711311572 65
71.10995026513818 65
71.15322246208177 65
71.28780815367759 65
71.34838278160287 65
71.38714475643931 65
71.4509796353373 66
71.38487878044639 65
71.51047702741106 65
71.58621608322042 66
71.61088479956162 65
71.48556629553043 65
71.39172218138609 66
71.55494647756824 66
71.61224438704384 66
71.61427141645248 66
71.81937401712474 65
71.92597076281868 66
71.95403968385449 66
71.82543879001881 65
71.77315701369425 65
71.8330085346133 66
71.99799587417347 66
72.0591845024209 65
71.96730873617953 66
72.03806760702928 65
72.08718199190596 65
72.20961614304255 66
72.16925596261156 66
72.23959785827621 66
72.2976897659821 66
72.2527833472493 66
72.27702978250973 65
72.31151660113228 66
72.37943992466103 66
72.29532079366899 66
72.4045487638011 65
72.45934223970829 65
72.49583343839461 66
72.4862589238927 66
72.5699977960062 65
72.47634111937361 65
72.44475498921207 66
72.44987228240109 66
72.54144366599516 66
72.5325639998257 66
72.63793264660771 66
72.59603613596231 66
72.68176150400768 66
72.64260818590567 66
72.67149293230321 66
72.54765100775258 66
72.74189642175122 66
72.695096461275 66
72.74370895883983 66
72.76470130195608 66
72.78126201916662 66
72.7083174403493 66
72.74329295842107 66
72.72719163226758 66
72.82577475072807 66
72.9034894291976 66
72.8568330631429 66
72.95723169237 66
72.91832696765049 66
72.89833556534481 66
72.87764057277658 66
72.88556985771793 66
72.94879308565098 66
73.01464808168635 66
73.04144396111747 66
72.99421718855226 66
72.93825073766813 66
73.02858347265283 66
73.00474691111336 66
72.99895506297135 66
73.01968014895039 66
73.09562536715326 67
73.16915093849653 67
73.12243587479361 67
73.2256724421893 66
73.23431578216072 66
73.32467176858083 67
73.29111519397661 67
73.37882946399822 66
73.31974925989216 66
73.40783292226904 66
73.2542910709678 67
73.33336942235739 66
73.42485233195734 66
73.40952378386525 67
73.47355246556043 66
73.50153539806864 66
73.50585397271854 66
73.57087283811657 66
73.64965520617856 67
73.53855545092698 67
73.62277977058648 66
73.62005429809095 66
73.65022343627417 67
73.6444123989823 67
73.57717171916221 67
73.57911343061873 66
73.60603384836871 67
73.62675801373359 67
73.66317003190296 67
73.68405190212934 66
73.70286955958615 67
73.65369543996283 66
73.63776899731134 67
73.67053613825232 67
73.6191465625866 66
73.74673405784078 67
73.83282105861129 67
73.84040542502282 67
73.840596099403 67
73.83895096359376 67
73.86585155821179 67
73.87584985273556 67
73.9178170187395 66
73.909236836865 67
73.85529872616627 67
74.0325359429325 67
73.99306122845283 67
73.98811252657151 67
73.89846182557322 67
73.96519259413633 67
73.9425049064067 67
73.94425908703222 67
73.97110303660418 67
74.03245533508124 67
74.03989795531822 67
73.93553623583807 67
74.00743892580807 67
74.0944464357472 67
74.1526331774885 67
74.27966498610968 67
74.2758231151412 67
74.26130396433622 67
74.30761090508933 67
74.54140415663792 68
74.7187964894364 67
74.55521666671635 68
74.65394193853602 67
74.66203671376957 67
74.60856834922713 67
74.64418838615124 67
74.66633246773102 67
74.6730886334017 68
74.73755829129381 67
74.71946990239041 67
74.69522620979677 68
74.73223377854217 67
74.68038229059385 67
74.70722214279122 67
74.64273981815644 67
74.7327260640948 68
74.69462866162245 67
74.71577640759429 67
74.93938478395653 67
74.96546605614785 67
74.93386960546556 68
74.94595079763539 67
74.93420169248853 67
74.99893548177984 67
75.09062757805356 67
75.11500426111064 68
75.05409299549565 68
75.1795831761989 68
75.06642303768022 68
75.10635095212318 67
75.05869324774211 67
75.1094255327054 68
75.14444996466209 67
75.11316239423313 67
75.15016489336297 67
75.2065702087222 68
75.07590425101543 67
75.10592164122856 68
75.15327942425805 67
75.15941535038495 68
75.11093979049662 68
75.23186700351296 68
75.24132783489549 68
75.26683708868573 68
75.18179153692608 67
75.23292894432896 68
75.25621129935489 68
75.43970477023626 68
75.48840052046481 67
75.50760774075475 68
75.3808164593288 67
75.4060219695412 68
75.46735242062499 68
75.43347733829793 68
75.42676372862017 68
75.56031200677259 68
75.63027544471589 68
75.58950427038491 68
75.63069953878949 68
75.73689635499991 68
75.66289313310551 68
75.72910259281065 68
75.71854451471977 68
75.796970774931 68
75.80158918750567 68
75.78194843168271 68
75.85290749859925 68
75.8506661281601 68
75.88361514487264 68
75.9342030799844 68
75.96493172398814 68
75.99214385891972 68
75.99550832152977 68
76.02132805847178 69
75.95779846600556 68
76.04725415774195 69
76.06099958381593 68
76.021983866999 68
76.16307161462872 68
76.08542662846052 68
76.12964366105166 68
76.22067055318696 68
76.1181792395704 68
76.16374357724814 68
76.18044223756735 68
76.27491519814298 68
76.32068707052878 68
76.26093939267439 69
76.22091404138487 68
76.23429505390878 69
76.31455277439339 68
76.34959830945704 69
76.46413747719211 69
76.54110115815266 69
76.5547232941102 69
76.57340880566538 69
76.45865948064858 68
76.52861462635994 68
76.60653761156364 69
76.65070631487238 68
76.76585654577185 69
76.69169819731901 68
76.73136183704356 69
76.65890580833022 69
76.68761557743805 68
76.61922096910396 69
76.770597379881 69
76.77027696189776 69
76.85451546858859 68
76.89986338405612 69
76.8800654062978 69
76.8246254971063 69
76.91922208170052 68
76.94552684937831 69
76.95916501704086 69
77.05170758244947 69
77.17874505980052 69
77.11127183140282 69
77.11917099450974 69
77.12945756034397 69
77.08929448975513 69
77.20394647630125 69
77.17920109210954 69
77.29848954311845 69
77.31319400340062 69
77.30042419420576 69
77.28356278022306 68
77.29123979958304 69
77.3553730217005 69
77.36980737609922 69
77.3321853947696 69
77.3823384656741 69
77.30308003502121 69
77.3918874750185 69
77.29442279255889 69
77.28835081436824 69
77.29332604553608 69
77.35409649604057 69
77.37559268092258 69
77.32575273825451 70
77.41363645148694 69
77.32648187415195 69
77.29469844436453 69
77.31128625451872 69
77.38325771643552 69
77.44466292209671 69
77.4630842370976 69
77.49168431870586 69
77.439247938098 69
77.45767013049806 69
77.56118297500599 70
77.61267909587941 69
77.64566395292051 69
77.67478310163062 69
77.66246043244747 69
77.70142005298415 69
77.643756937539 70
77.67674424435762 69
77.77225763969393 69
77.84363390358861 70
77.88361666973769 69
77.83489063081957 69
77.86080507978342 69
77.9050819369211 69
77.99751662557009 69
78.03306708123273 70
78.04666289876661 69
78.17071011482508 70
78.16901693070801 69
78.23685424231685 70
78.25311317277878 69
78.17880771930004 70
78.17326081819121 70
78.2450444774092 70
78.24397092949697 69
78.29116666749546 70
78.31313544229982 69
78.28245335650655 69
78.29338866161821 70
78.33604187067945 70
78.29869615132915 69
78.33970521575176 69
78.40020704664994 70
78.40171863686653 70
78.47146141185621 70
78.48939266123875 69
78.53116959454809 70
78.53556979614203 70
78.51996466689033 70
78.52695476521978 70
78.54430520410091 70
78.58901527094099 70
78.6050267197635 70
78.65969465421165 70
78.61160297100635 70
78.69251704200836 70
78.71090976873619 70
78.80995557257839 70
78.85679253034263 70
78.88380228553058 70
78.91480863635293 70
78.85541807204456 70
78.87872439455447 70
78.91127171573325 70
78.89845633911257 70
78.93440939652113 70
78.98403950246275 70
78.95440650143199 70
78.98179183174668 70
78.93429424351324 70
78.91993320681313 70
78.91559406339387 70
78.98273571237996 70
79.02047057194487 71
79.03602819999693 70
79.0315232695329 70
79.02107538427259 70
79.06454982372534 71
79.14650867110417 71
79.11208585598764 71
79.1921514824884 70
79.21573453096629 70
79.13479601709247 71
79.25604388991893 70
79.25703723461156 71
79.29737093818932 70
79.27517989464695 70
79.25803863957732 70
79.34255654210978 71
79.37258976270775 70
79.32313524579365 71
79.36771907493832 71
79.31557107929586 71
79.41098931501787 71
79.4261632545676 71
79.4700358589115 71
79.49888196711197 70
79.50518482469147 71
79.45723951050222 71
79.55054887156433 70
79.541468556507 71
79.50081195119583 71
79.53044719008193 71
79.57678121734142 70
79.63779396726557 71
79.64040066524359 71
79.61993769975547 71
79.61641712519022 70
79.61885063249557 71
79.65426569119396 71
79.73196980727407 71
79.69041010432356 71
79.6750781890189 71
79.67825374039245 71
79.63807820729231 71
79.68509284779942 70
79.69691666222406 71
79.73849532948395 71
79.74711621622191 71
79.7491638817291 71
79.83062159170193 71
79.8005098452916 71
79.86557374522715 71
79.89197978167668 71
79.97130718497604 71
79.97557310951996 71
80.0200887430268 71
80.04536742202112 71
80.00423561491593 71
80.00104758347629 71
80.07198065164191 71
80.02944038921464 71
80.06665643323052 71
80.0686988262253 71
80.10890200417235 71
80.09011654081048 71
80.13502499794113 71
80.11825837886047 71
80.13289860513838 72
80.18683815662818 71
80.23089066703648 71
80.21274074852388 71
80.19385808134831 71
80.19758679662438 71
80.16934578771034 72
80.23559819774121 71
80.25378100100008 71
80.33009540226374 71
80.35262025430353 71
80.35333306594643 71
80.52265686914387 71
80.46338549879714 71
80.5334409062773 71
80.55602005916953 71
80.65876106146989 71
80.63770904275017 71
80.70649935768999 71
80.683841034513 72
80.762341741122 71
80.75616130862608 71
80.80278568864654 71
80.83126414029869 72
80.85750478550179 72
80.90535129054766 72
80.95295468808148 72
81.10463343234292 72
81.2311813642444 72
81.20453320441118 72
81.26524057637342 72
81.26887268383464 72
81.28786555168492 71
81.31189610663897 72
81.3526703633046 72
81.32795338137532 72
81.31297673676846 71
81.39782737564235 72
81.39696607871178 72
81.41773081638016 72
81.43070227143438 72
81.44249939025181 72
81.48653260749197 72
81.45103552199218 72
81.50132370342428 72
81.47493342962433 72
81.56163573358086 73
81.66549691790931 72
81.70051538878327 72
81.7950446139629 73
81.73945842902705 73
81.74891247390393 72
81.7780401665853 72
81.80927748496748 73
81.79105970603216 72
81.82957118167704 72
81.88975620357839 72
81.91550956786331 73
81.86248134697473 73
81.86351714407407 72
81.89736235343875 72
81.91492954022861 73
82.01878827301053 73
82.08551614433149 73
82.10623009363376 73
82.08940937750003 72
82.0737652922167 73
82.0792182921612 73
82.06978917563902 72
82.09757660350112 72
82.13581856877718 72
82.17387039784671 72
82.20745217870731 72
82.21069206968858 73
82.23396700150793 73
82.2201298708447 72
82.26684966979542 73
82.3072464610148 73
82.31329190545543 72
82.35020687858403 73
82.31886683035229 73
82.32666823508316 73
82.3812673597329 72
82.42142299637146 73
82.5018641152299 73
82.69390412373888 73
82.79899565139907 72
82.77423287825572 72
82.7283202234176 73
82.74600635467701 73
82.74606476060187 73
82.82033421432237 73
82.8826536119911 73
82.95335500308612 73
82.92007861241623 74
82.94412323190767 73
82.95246139733236 74
82.99337104099158 73
82.99822440274467 73
83.04837946590175 74
83.05972957468343 73
83.08518034200206 73
83.10843800931464 73
83.18372245193964 74
83.23256870306558 73
83.27954451833868 73
83.33128196465177 74
83.42644123286391 74
83.45550800802803 74
83.50856425744836 73
83.51112009338856 73
83.511644590228 74
83.50834464376905 73
83.51851641971169 74
83.51952015260203 73
83.56507370118648 74
83.51341469169023 74
83.5523065267376 74
83.5075691085429 74
83.56078415971206 74
83.52763520977318 73
83.52394381032573 74
83.54525322431725 73
83.61604554887066 74
83.60984900350216 73
83.59788718357993 73
83.58064580671233 74
83.58234232962822 73
83.5938724812636 74
83.62869134419326 74
83.66999885619948 74
83.71392778931208 74
83.76813507155263 73
83.7904702124252 74
83.78809842808164 74
83.81363916824505 74
83.81241162499555 74
83.86818728531654 74
83.84730138979548 74
83.86516547394577 74
83.85861673900743 74
83.88623155105235 74
83.86248913020204 74
83.88887400431176 74
83.91375017794438 74
83.91660752252457 74
84.02864149032673 74
84.06203096892314 74
84.03969655733377 74
84.03528391537645 74
84.03554442880665 74
84.0744784390752 74
84.09634581731689 74
84.20118005770719 74
84.29258860284799 74
84.30986842092955 75
84.34254515523804 75
84.29868065043436 75
84.43396214206119 75
84.56425261874028 74
84.62217728773308 74
84.62587971416988 75
84.6579213825372 75
84.62284917477147 75
84.63204592977844 75
84.61718597030944 75
84.6465129915525 75
84.72028258419236 75
84.77342720897687 75
84.80825207690181 75
84.72548366500568 75
84.73893205563408 74
84.78037454409738 74
84.81116304482154 75
84.82915359892888 75
84.85906782113575 75
84.8887335233344 74
84.89095105789305 75
84.88523919889263 75
84.87117893941253 75
84.90608684712903 75
84.89618410293217 75
84.95877949666698 75
84.95264706723815 75
84.98871109501346 75
85.01363784659259 75
84.9839764069779 74
84.98466732910833 75
85.00138426231769 75
85.04188774217853 75
85.04387459146145 75
85.0544249139067 75
85.03709518656794 75
85.05741378171636 75
85.04642965946368 75
85.0669337554182 75
85.10632888294793 75
85.13377618501372 75
85.15979202327847 75
85.17883222403755 75
85.17862919984366 75
85.15091369588392 75
85.1954609342383 75
85.20936405358736 75
85.23253944800484 75
85.29539538176442 75
85.32461129367702 76
85.36866027907804 75
85.36630993020749 75
85.42115889204328 76
85.40178355171605 75
85.42226368025526 76
85.45481464930631 75
85.47786769832572 75
85.50242227151205 75
85.53817249269827 76
85.49496918791704 76
85.49637570433941 75
85.49644298210711 75
85.52327262778805 75
85.55761414251887 75
85.57813544072465 76
85.585791303419 75
85.54480590830791 76
85.57255752529015 75
85.5938528438471 76
85.59756206235573 76
85.63026306861532 75
85.65841278057832 76
85.68094979249274 75
85.68351840050349 75
85.68558590053217 76
85.68320901884894 75
85.7199903181025 76
85.76885098664863 75
85.80300639632127 75
85.85867753304885 76
85.85211465947411 75
85.84270346619354 75
85.83404926974018 76
85.84228434691262 75
85.87482146712573 76
85.92001052056995 76
85.93067204967632 75
85.9061521324686 75
85.88919979817943 76
85.88128010957072 76
85.88567415713344 76
85.94947093919635 76
85.99968406429385 75
86.04175812592125 76
86.04957937620117 76
86.04870657483306 77
86.06259994443278 76
86.0373777033074 76
86.04603058946111 76
86.07181904596234 76
86.14156573678483 76
86.16624963399636 76
86.1585752700831 75
86.1992355019418 76
86.16909536052299 76
86.14217815843259 76
86.18475656374548 76
86.15655833105362 76
86.18570823046726 76
86.19663788658744 75
86.20082447912995 76
86.22272369192082 76
86.28755660094397 76
86.31572448168988 76
86.35822260127799 77
86.3706098514411 76
86.42653807723684 77
86.50363718082232 77
86.87513446189185 77
87.35426590044027 77
87.36525222572917 76
87.38527245390307 76
87.3659844002947 77
87.41017332168028 77
87.47895028852278 78
87.60278545734161 77
87.69903797163387 78
87.82958416075559 78
88.08752311573338 78
88.1743147279426 77
88.2235949702577 77
88.26311674499078 78
88.26995771821552 77
88.2706348868906 78
88.2331561681759 78
88.12616051076431 77
88.03576060029359 78
88.04803165345902 78
88.11535400666756 77
88.14548009859918 78
88.12483985307836 78
88.12238911117106 78
88.10481777484037 78
88.06829233936811 78
88.11203808971472 78
88.29442774117025 78
88.510660056012 78
88.62463731106001 79
88.76985085397975 78
88.8143518254435 78
88.93942794211235 79
89.14769164537049 78
89.29025331339705 78
89.27634234385278 78
89.31499765585123 79
89.3314286721101 78
89.33496314414326 79
89.30089566433568 79
89.37212078765619 78
89.46432119270563 79
89.5356202158215 79
89.55203606970521 79
89.58922759262798 79
89.66926859823764 79
89.78426442381034 79
89.90499134413069 79
89.9245961109355 79
89.97912541021859 80
90.02444697723391 79
90.0617419196402 79
90.07685417473098 79
90.10307031910332 80
90.19890696228943 79
90.28407155779252 80
90.34191169304613 79
90.35511395699075 79
90.37520481855374 80
90.3643677196317 80
90.38947975624124 80
90.44757815070433 80
90.45645061740859 80
90.51650755085979 80
90.60945266480202 80
90.63563056653277 80
90.67159675036044 80
90.71629009507029 80
90.78425060464096 80
90.7899180287165 80
90.8303703966768 80
90.8410012265359 80
90.87933398320139 80
90.91304219715268 80
90.97230666593559 80
91.00758102514115 80
91.04127785603909 80
91.06846288743074 80
91.09352079100555 80
91.13906077043582 80
91.19297965484014 80
91.22591017171409 81
91.24943959375408 81
91.25809956833137 80
91.25927686107201 81
91.27485990346773 81
91.27676267025636 81
91.31138845164952 80
91.39786471811298 81
91.43185216366473 80
91.45088317815822 81
91.44647254581139 80
91.46598004057574 81
91.49249210638395 80
91.49152934024315 81
91.52020929861663 81
91.54923036604005 81
91.54902345186397 80
91.54497711533043 80
91.53891659921656 80
91.5780374454956 81
91.61734251647974 81
91.66569269686036 81
91.69619027857955 81
91.75150175823448 81
91.75696338476301 82
91.76372282195726 81
91.79522140440282 80
91.84439087574404 81
91.8906376033749 81
92.00065356741672 81
92.07719267756572 81
92.09998793149039 81
92.08065134321492 82
92.08816147705677 81
92.22898351955075 81
92.43904204908486 81
92.51040196308833 81
92.53263851238276 81
92.52821912909072 82
92.5146131253426 82
92.51469703324796 82
92.53214523848085 81
92.56483441072112 81
92.57844060332907 81
92.5906167600294 81
92.63537788293398 82
92.63674470456445 81
92.63987688512702 81
92.63883953339146 81
92.7232814164274 82
92.76475934055154 82
92.767551054738 81
92.78382588561178 82
92.78389977607787 82
92.79235618565515 82
92.89291204154829 82
93.00626572032057 82
93.00669075880391 82
93.03080052785 82
93.01751069093922 83
93.0489417939029 83
93.0369384406651 82
93.0499837291695 83
93.22202567512711 83
93.3196071567442 82
93.32390535727613 83
93.34724460912557 82
93.35630598805432 82
93.35881425789148 82
93.37067973590908 82
93.37317741139952 82
93.40585876371306 83
93.46208215831909 83
93.51914172952063 83
93.56777688391273 83
93.60082638394155 82
93.61121771161146 83
93.65065662566933 83
93.65366197964299 82
93.67805566255873 82
93.72386807060596 83
93.75653066852598 83
93.77788717173942 83
93.83863387136877 83
94.06162555768957 83
94.08611570921326 83
94.08913334217632 83
94.10733114665817 84
94.11026314894485 83
94.11436012623184 83
94.13803240244867 83
94.15595109325307 84
94.14736455240455 83
94.14665374363341 84
94.16548801496732 84
94.17754098886412 83
94.20850506940505 83
94.2176855577646 83
94.22144302926867 83
94.20635547214442 84
94.17827344338747 83
94.1898223416708 84
94.19419561516398 83
94.20781753117696 83
94.20583420845523 84
94.21179137598992 83
94.21597299330492 84
94.20275635791279 83
94.18565692680993 84
94.1859664713937 84
94.19540959812903 83
94.2171440720411 83
94.22198716399305 83
94.23350210089 83
94.23311573969917 83
94.29538803319325 84
94.37588037628217 84
94.37628600745704 84
94.37985472162175 84
94.38319518938208 83
94.40302724897593 83
94.40470196093635 83
94.40751476651918 83
94.39537358744089 83
94.39394546500839 84
94.42102886069961 84
94.43753791989565 84
94.46030515194093 84
94.47330940481996 83
94.46856581720466 84
94.45577029696915 84
94.4621349864727 83
94.498452954206 84
94.55238921784762 84
94.587067328547 84
94.62695153064956 84
94.67510292752932 84
94.69929334702275 84
94.72941621578941 84
94.75208583683983 84
94.7878000976924 85
94.81736598876495 84
94.8488197296715 84
94.87270476196164 84
94.87242834661498 84
94.8691162756004 85
94.89966595350754 84
94.92524475874845 84
94.93978849656611 85
94.95177526638402 85
94.9735935256324 84
95.00738436684607 85
95.01550306351979 85
95.04170600308639 84
95.06282206071354 84
95.09123664272622 84
95.1148485660832 84
95.1220093139273 85
95.13677673714409 85
95.12929021608522 84
95.1239348301257 85
95.129047466313 84
95.15137801183597 85
95.17235728251329 84
95.1798600788483 85
95.19607276999616 84
95.21088632519047 85
95.20119713680727 85
95.19995029793037 84
95.20575455441899 85
95.21618334107006 84
95.24105008412326 84
95.27731131039602 85
95.282701748568 85
95.29147446622855 85
95.2645857054496 84
95.2670410782691 85
95.30678614045543 85
95.39700979515493 84
95.43896101341397 84
95.44238000858323 85
95.4449097181286 85
95.43296066121002 85
95.42294544659373 85
95.43774502915097 85
95.50992035986383 85
95.59045609284578 85
95.62553377007504 85
95.6861194716857 86
95.720832902757 85
95.75886347231429 85
95.85542841845538 85
95.8966143319403 86
95.9097638665611 85
95.91701417922324 85
95.92788601098957 86
95.97617928874789 85
96.06443301786393 86
96.0741389763129 86
96.06309122226337 86
96.09036492527524 86
96.19437512398336 85
96.24534081612018 85
96.24589722952439 85
96.23791955886604 85
96.22328878169336 86
96.21666497113833 86
96.2697920600207 87
96.34509337123018 86
96.38389178799264 86
96.39029903472374 85
96.40248490643896 85
96.38631405187448 86
96.38361509019657 85
96.3736356175091 85
96.38063560662744 85
96.39969682862302 86
96.41883764116209 86
96.43545469042203 86
96.44371357708069 86
96.44578537014613 85
96.45682947820661 86
96.49626875827762 86
96.51661624811035 86
96.5171285685872 86
96.5368960462456 86
96.67564942131206 86
96.85246072832336 86
96.85757259613474 86
96.85057413467965 87
96.85573869685568 86
96.89222669213856 87
96.94178634191545 87
96.97360712942556 86
96.98600164669938 87
96.96653426073854 86
96.97073656399623 86
96.98667150637169 86
96.98419195663473 86
96.93280111150492 86
96.97394581666498 86
97.01725902492385 87
97.00146146917568 87
96.97398410697618 87
96.9621721776096 87
96.97810883467072 86
97.0108637975123 87
97.09977426821214 87
97.21236756740652 87
97.26218076743534 87
97.25458390539143 87
97.26444732806578 87
97.40808976770904 87
97.49266834071925 87
97.52769857615769 87
97.61044829868275 87
97.79823033952937 88
97.94342326330062 88
97.94407168940467 87
97.93334036188668 87
97.94058711193435 87
97.95751894253715 88
98.02926498598973 88
98.06377978298045 88
98.0704740564328 88
98.20460062948362 88
98.34373039324034 88
98.36259964772626 88
98.37151271149028 88
98.42117791717567 88
98.45956158541259 88
98.50159478409049 89
98.54648187664587 89
98.73625955135167 89
98.98950187624911 88
99.01766158807231 88
99.04830601392516 88
99.08623828782538 89
99.15053199399198 89
99.18171595398874 89
99.20572027217496 89
99.2968973234147 89
99.577481095384 89
99.71146832451551 90
99.6948933833235 89
99.69322196672812 90
99.69630154632002 90
99.71415846608801 90
99.78151443250954 90
99.8729478207617 90
99.94177133952877 90
99.97854453593456 90
100.03687682039669 90
100.13702611751285 90
100.20492080307783 90
100.23627566671917 90
100.2565947376892 90
100.34143724928926 90
100.41654315636839 90
100.46773795618286 90
100.54838274598939 90
100.59097395726317 91
100.61365153732403 91
100.67830689165282 91
100.89778518361769 91
101.16543942336614 91
101.17338132369395 91
101.17810916066746 91
101.18069845792425 91
101.1824331087786 91
101.19145252578875 92
101.29385006061683 91
101.39493104936855 91
101.43034700952168 92
101.43278173957816 92
101.43841278185548 91
101.4626883938417 91
101.49760599678973 91
101.56865001427394 91
101.56501997237505 91
101.57456200928644 92
101.58607843856223 91
101.60227460200973 92
101.62831826264942 92
101.6888991654042 92
101.69375997938687 92
101.68977735625846 91
101.73042807773156 92
101.80943319309215 92
101.80565967892774 92
101.80641262352162 92
101.83760430907415 92
101.86552291168442 92
101.86735743837707 92
101.86722284164313 92
101.90900763454587 92
101.94067862441068 92
101.94509283690499 92
101.9493958746056 92
101.97305577814711 92
102.00730187950424 92
102.09621421932098 92
102.1699351977391 92
102.18155935764972 93
102.17044718621173 92
102.17203790233903 92
102.2142934486148 93
102.22359120549513 93
102.21608623891879 92
102.23715269478588 92
102.27231325859378 92
102.29120090080096 93
102.29624966917193 93
102.32149250243054 93
102.35029403297092 93
102.3397373664563 93
102.3299330940216 93
102.3695637131408 93
102.43507655925794 92
102.45609371579378 93
102.48010827083962 93
102.56241215986536 93
102.59103215336702 93
102.59445989774153 93
102.59166532413028 93
102.60297128065707 93
102.63549988277276 93
102.69356530493366 93
102.75128070133734 93
102.7567647439273 93
102.73477536004285 93
102.73856957037317 93
102.78640812674408 94
102.82044263745672 93
102.81181032151173 93
102.80674101200637 93
102.82533240402944 93
102.83966015672577 94
102.88274360395235 93
102.9176525680797 93
102.93494679563952 93
102.94824502028365 93
102.9593588472183 93
102.97496078560849 93
103.00447529628003 94
102.99653407990357 93
103.0379813044984 94
103.13044222541282 94
103.21957375474632 94
103.21952738725997 94
103.2031692710507 94
103.21515914083905 94
103.22518158807533 94
103.32978119520236 94
103.54398777639972 94
103.5702111224339 94
103.579109968161 95
103.57923528158577 94
103.58073558547821 95
103.59717153737918 94
103.62597570831443 94
103.65181409182657 94
103.68432805151576 94
103.69749171662419 95
103.68571977688882 94
103.71165052010068 95
103.73282211157239 95
103.73373125567937 95
103.74104672147848 95
103.7722844315062 95
103.86908037383249 95
104.17674649936465 95
104.30595224025951 95
104.30551493291283 95
104.29176655007154 95
104.25739580299451 95
104.21577757338284 94
104.18010262026861 95
104.13963510315631 95
104.11712920341016 95
104.12702593757467 95
104.15479141367243 95
104.15443129924552 95
104.1601775254051 95
104.19860301323041 95
104.28487143632161 95
104.35217281476295 95
104.38417322032429 95
104.40003491611755 95
104.41976020593799 95
104.41346341929481 95
104.40648085161226 95
104.4606642947115 95
104.49152288834954 95
104.48184841254215 95
104.48913375690539 96
104.53568909365501 96
104.56262723901409 96
104.60467665985199 96
104.6551279650103 96
104.69301333360707 95
104.71570399823149 95
104.74259705921662 96
104.7782863843909 96
104.82563149789644 96
104.8340899593103 96
104.83890982164638 96
104.87443281945559 97
104.92518149991457 96
105.02730353010517 96
105.22300597340049 96
105.25257080638609 97
105.23043079235109 96
105.21313852693218 97
105.2212731590658 97
105.24850839289971 97
105.30437206151015 97
105.48952942968796 96
105.55604446729572 97
105.56084293883181 97
105.54182236440752 96
105.49732832381515 96
105.49407251240743 97
105.52184227882049 97
105.49449068793086 96
105.58245382298233 97
105.7284782615275 97
105.74623613991324 97
105.79205108413646 97
106.0534735955696 97
106.16974734058294 97
106.16015519053676 97
106.15275177553572 98
106.14629443924471 97
106.16090448410816 97
106.21513106458107 98
106.27125574145191 97
106.28773642551616 97
106.3034287823426 97
106.33489451559129 97
106.33993734372696 98
106.37588690527055 98
106.39288244226584 97
106.45619381627718 97
106.49702401245429 98
106.5233349378512 98
106.51532105999956 98
106.53497060529965 97
106.56528113215025 97
106.57079102548695 98
106.5696499258161 98
106.60027097926431 97
106.66213149862472 97
106.7082149591927 98
106.72794346842082 97
106.75503427106898 97
106.78690705143248 97
106.84856245924396 97
106.89173032986567 98
106.93003295544898 98
106.97031917336419 98
107.08424081095087 98
107.17801981713717 98
107.17602345202722 98
107.16420639973167 98
107.17384839598373 98
107.18157198370092 98
107.21184412088816 98
107.28395274216801 98
107.27701481894904 98
107.268102188597 98
107.29066640553427 98
107.33594467657697 98
107.38925137145883 98
107.43017238782767 98
107.45507234716513 98
107.47030920933096 99
107.51354562078143 98
107.57415467386805 98
107.60573292909544 98
107.61513619653472 99
107.61513833484557 99
107.62967462211166 99
107.68054321145695 98
107.68649730941402 99
107.65208376376263 99
107.67639490837055 98
107.73899804563113 98
107.76086070178695 98
107.84319644886241 99
107.93416325120383 99
107.9565832213796 99
107.94665879545977 98
107.94963023662817 98
107.97547395906527 99
107.9961951383927 99
108.02327077726746 99
108.0385472080794 99
108.06578827797516 98
108.07127626488908 99
108.05418651374282 98
108.05489311206783 99
108.08125307248207 99
108.11976383855614 98
108.13907920336716 99
108.14772261220367 99
108.15076693585524 99
108.15233832220962 98
108.15416516467963 98
108.15181389233557 99
108.16257828097338 99
108.1721169910734 98
108.16390148615386 99
108.17450216338767 99
108.17609781930125 99
108.15419318335202 99
108.15526147347413 99
108.1556582531335 99
108.16843582281481 99
108.1790554062647 99
108.18859941926114 98
108.18482701524204 99
108.15804928922495 99
108.1238433905587 99
108.11101500893767 98
108.09270503138305 99
108.06225408613274 99
108.06679885988186 98
108.05932693790338 99
108.02497753127003 99
108.00533335110157 99
108.0351879511354 99
108.04248894352779 98
108.01718128890909 98
107.96258305693479 98
107.90836223729336 98
107.8814568398935 98
107.83672080037063 98
107.81985417677106 98
107.80062646642651 99
107.81205650879014 99
107.82553427830078 99
107.84753180812508 98
107.86850248448886 99
107.86282566896249 98
107.83086566558877 98
107.8160566550585 98
107.81196215298364 98
107.81303302585812 99
