30.378616728917535 33.0
30.339999963770794 32.0
31.477108445316915 32.0
30.36336209387433 33.0
30.68843788508167 33.0
30.28305764230909 33.0
30.706087619096465 33.0
29.790473148779014 33.0
30.312596071196495 32.0
29.955136182616087 33.0
30.003883581864244 32.0
30.2436388501781 32.0
29.78551256669708 32.0
30.108104274253492 32.0
30.06215535474547 32.0
29.494750787008783 32.0
30.05938515884195 32.0
29.675974693354334 32.0
30.237757460153844 33.0
29.884855731111315 32.0
30.365856878497908 33.0
30.29248111645576 33.0
30.521913363043524 33.0
30.053528098053306 32.0
30.593453036473846 33.0
29.956838537204135 32.0
29.839041763664753 33.0
29.965569386054682 32.0
30.094150445134247 33.0
30.017571170606914 33.0
29.836327712569854 33.0
30.013680696895634 32.0
29.998133645745 32.0
30.122631487448587 32.0
31.061891330460327 32.0
30.46500053673195 33.0
30.14537577952619 32.0
30.27578901995055 32.0
30.208760102253876 32.0
30.285791145237525 32.0
30.139845466444257 32.0
29.761878521602185 33.0
30.133734031328885 32.0
30.100929191901912 32.0
30.130854134143945 32.0
30.029776836083016 33.0
30.09765660723056 33.0
30.649096177016673 32.0
30.369220190646786 33.0
30.417611693518523 32.0
29.942213935476317 32.0
29.975284032561092 32.0
29.904952379272743 32.0
30.00496514107104 32.0
29.578821742993483 32.0
29.922618410675426 32.0
29.75423962891233 32.0
30.131412232839878 32.0
30.11603622129853 33.0
29.60862273529868 33.0
30.058361588895067 32.0
30.087004293839172 32.0
30.05743766251078 32.0
30.26778379476896 33.0
30.05457401051592 32.0
29.658944136328586 32.0
30.11849662027072 32.0
29.998187040323558 32.0
29.83175769028057 32.0
30.23716131396351 32.0
29.868373716174233 32.0
29.8477073474032 32.0
29.92233779654123 32.0
29.848072821805914 32.0
30.084070640160775 31.0
29.87070412845243 32.0
30.08794420877551 32.0
30.068625042344166 32.0
29.960386453233937 32.0
29.875334002293158 32.0
29.96274761812768 32.0
30.071492339256054 32.0
29.96512454583427 32.0
30.503907336299207 32.0
30.308360866003184 32.0
30.294303086546137 32.0
29.76053523281402 32.0
29.94527790486447 32.0
30.271165459662413 32.0
29.8184992962712 32.0
29.550935062595457 32.0
29.85126784785622 32.0
29.637256942915656 32.0
29.62066812137492 32.0
30.153806472398344 32.0
29.633451550231868 32.0
30.024552896556045 32.0
29.719721560457003 32.0
30.152610937423333 32.0
30.145105315072726 32.0
29.759407423694213 32.0
29.864774746698274 32.0
30.11175918111057 32.0
29.700968862817348 32.0
29.901081921664257 32.0
30.177927314241728 32.0
29.819676309449235 32.0
29.804275305684598 32.0
30.679427264549417 32.0
30.158894991877986 32.0
30.071401312215627 32.0
30.437169065058384 32.0
29.889095223056643 33.0
30.232396897848616 32.0
30.392179737665344 32.0
30.00089266177247 33.0
29.91553574117374 32.0
29.477224630120148 33.0
29.926712748878003 32.0
29.55755233252563 32.0
29.85873529581265 32.0
29.68287326821647 32.0
30.311942675832057 32.0
29.803396607647926 33.0
30.151895738078238 32.0
29.77359410014573 32.0
30.06784155328073 32.0
30.16200986926502 32.0
30.414524037263803 32.0
30.257601532666598 32.0
29.82260901277202 32.0
29.95587787959346 32.0
29.880739195595595 32.0
30.328859656700416 32.0
30.11313295351978 33.0
30.378232795733012 31.0
30.875975480719404 32.0
30.01719601207769 32.0
30.430880371727284 32.0
30.30367709411641 32.0
30.05178416875529 33.0
30.121569340614656 32.0
30.197229869008254 33.0
30.248313057091636 32.0
30.503406619792074 33.0
30.1297583383937 32.0
29.839895094071125 32.0
30.789240465556034 32.0
30.685630317913663 32.0
30.291241760255588 32.0
30.789697152279032 32.0
30.841181631577953 33.0
30.770643431460513 32.0
30.458829334345893 32.0
30.68945871551351 32.0
30.74211449881615 32.0
31.081275573072375 32.0
30.813606629158983 32.0
31.0271262160568 32.0
31.417156679754108 33.0
31.4037445868195 32.0
30.88382652336952 32.0
31.267879810691554 32.0
31.7449940066236 33.0
31.7694711343986 33.0
31.646253395224832 32.0
31.833679614579744 33.0
31.988275707856786 33.0
32.41988260991073 33.0
32.5704302747488 33.0
32.502163636681665 32.0
32.78254088302322 33.0
32.861825086912724 33.0
32.90938543876237 33.0
33.216636393552676 33.0
33.5117109725147 33.0
33.5705128261441 34.0
33.709936005061266 33.0
34.01350225547161 34.0
33.89898663595738 34.0
34.28774792027674 34.0
34.61446370584419 33.0
34.626906405492186 34.0
35.01508446809997 35.0
35.179207059716205 35.0
35.31738494057488 35.0
35.596996901427225 35.0
35.88719559623222 35.0
36.023436815058155 35.0
36.372440552084875 35.0
36.74875814488309 36.0
36.85885988433103 36.0
37.011897002292535 37.0
37.31192569409062 37.0
37.50000605236978 37.0
37.831710230208564 37.0
38.05871267621687 37.0
38.376554581040935 37.0
38.60725451458233 38.0
38.88818150722527 38.0
39.13345754579065 39.0
39.360640985846196 38.0
39.648201027563736 39.0
39.91019751596096 40.0
40.19388492505186 40.0
40.44791071618767 40.0
40.6554807895045 41.0
40.94662513796861 41.0
41.1672999584627 41.0
41.48072445483757 42.0
41.74847710240254 42.0
41.972637453403735 42.0
42.29774300463207 43.0
42.72012649124383 43.0
42.85078516633469 43.0
43.08521620940119 44.0
43.33402862728054 44.0
43.59561200521789 44.0
43.88592286823888 44.0
44.10935234991891 45.0
44.393624571014236 45.0
44.68632815348659 45.0
44.91074895213729 45.0
45.16192487724382 46.0
45.427202217285256 46.0
45.66755409199846 47.0
45.929348242307064 46.0
46.18942738255569 46.0
46.43608455580252 47.0
46.6770451026531 48.0
46.95081468789381 48.0
47.20808587525819 48.0
47.44922205544724 48.0
47.68731112609587 49.0
47.954717582718935 49.0
48.20896718749347 49.0
48.45078118014448 49.0
48.69799808386533 49.0
48.947589264607615 50.0
49.204331813243755 50.0
49.44365580985948 51.0
49.68960265145009 51.0
49.925961388620365 51.0
50.16253022964526 51.0
50.41162261530937 51.0
50.64786959140272 52.0
50.888258744778184 52.0
51.13224711580666 52.0
51.372797648519196 53.0
51.60921590383456 53.0
51.84298741732669 53.0
52.07952385050877 53.0
52.30845326637204 53.0
52.544392969417785 54.0
52.77522077474198 54.0
53.01247362847622 54.0
53.24373458328011 54.0
53.467655477634196 55.0
53.707665438794805 55.0
53.92466847370713 56.0
54.15848941764696 56.0
54.38186912728028 56.0
54.6033103524966 56.0
54.831836591914794 56.0
55.05162586197157 57.0
55.273628696989086 56.0
55.51102333286414 57.0
55.728168117541145 57.0
55.944134018890416 57.0
56.15758770860554 58.0
56.38428039533776 58.0
56.59824984256027 58.0
56.824328461822034 59.0
57.03105558777948 59.0
57.249167098865044 59.0
57.46914442431156 59.0
57.68685943616554 59.0
57.89381149645086 59.0
58.10781952206719 60.0
58.317678566660625 60.0
58.53544074703429 60.0
58.74066204988536 60.0
58.95051558699577 61.0
59.16082939822396 61.0
59.36869337391844 61.0
59.57603613905674 61.0
59.7860251568311 62.0
59.98981874560102 62.0
60.19585476426329 62.0
60.39746884540224 62.0
60.60263515095484 62.0
60.80850377274626 63.0
61.01119785300456 63.0
61.214621231157096 62.0
61.41484898530483 62.0
61.61445312873882 63.0
61.8120840405856 64.0
62.01127193972358 64.0
62.20497527065615 64.0
62.40307874262323 64.0
62.6020565347265 64.0
62.79800142289939 64.0
62.99230391900603 65.0
63.18605762791136 65.0
63.379799920152195 65.0
63.57444407969196 66.0
63.76575600142219 65.0
63.961964864083974 66.0
64.15120400373677 66.0
64.34275023717134 66.0
64.53003006600147 66.0
64.71761214507549 66.0
64.90987776572655 67.0
65.09646971837735 67.0
65.28900279932526 67.0
65.47330986086173 67.0
65.65864324501798 68.0
65.84510632985683 68.0
66.03094653400241 68.0
66.21597389007181 68.0
66.39897063627856 68.0
66.58255613020646 69.0
66.76635266610734 68.0
66.94900343882489 69.0
67.1316456503766 69.0
67.31008418295647 69.0
67.4906704412776 69.0
67.66864330031501 69.0
67.85020155344449 70.0
68.02943757256963 70.0
68.20552915063544 70.0
68.38262932608315 70.0
68.56084289179256 70.0
68.73750281565249 70.0
68.91328699806614 71.0
69.08764885958965 71.0
69.2624454051507 71.0
69.43865065457518 71.0
69.61315907752542 71.0
69.78585935996165 71.0
69.95894269798106 72.0
70.13267510108324 72.0
70.30452265751461 72.0
70.47387510857479 73.0
70.64498571717928 73.0
70.81570222568081 72.0
70.98555628694429 73.0
71.15472156993721 73.0
71.32485832264571 73.0
71.49236401408976 74.0
71.66171166663673 74.0
71.8277623268624 74.0
71.99557053930475 74.0
72.16057722723775 74.0
72.32709926398701 74.0
72.49322684580387 74.0
72.65831287689105 74.0
72.82301289041364 75.0
72.98774537023334 74.0
73.1512179372355 75.0
73.31306825351601 76.0
73.47716510252351 75.0
73.63821356379634 76.0
73.80086638878595 75.0
73.96223649770404 76.0
74.12497290878581 76.0
74.28641887078872 76.0
74.44600233875697 77.0
74.60605344424913 77.0
74.76534694681604 77.0
74.92426022076268 77.0
75.08321040265531 77.0
75.24111763143372 77.0
75.40046883049692 78.0
75.55628212501449 77.0
75.71410808634481 77.0
75.87072701039813 78.0
76.02698736291508 78.0
76.1834228374711 78.0
76.33911122282522 78.0
76.49363669908857 79.0
76.6475162740816 79.0
76.8013849879985 78.0
76.9559014675456 79.0
77.10830254503594 79.0
77.26061797633979 80.0
77.412929609271 79.0
77.56390015373913 79.0
77.71619852381353 79.0
77.8660255879856 80.0
78.0159495817072 80.0
78.16565826815514 80.0
78.31444616158481 80.0
78.46249485613853 81.0
78.61199616251767 81.0
78.76000852904582 81.0
78.9078299856341 81.0
79.05339881667818 81.0
79.2022878626365 81.0
79.34840500726929 82.0
79.4936033281487 82.0
79.638375584265 82.0
79.78352413661419 82.0
79.92781026683562 82.0
80.07275102246918 82.0
80.21642344769126 83.0
80.35849559124647 82.0
80.5012343625303 83.0
80.6447507342877 82.0
80.78756254569093 83.0
80.929080938695 83.0
81.07116730818309 83.0
81.21228291861064 83.0
81.35351771292574 84.0
81.49345350082464 84.0
81.63502362583438 84.0
81.77499401010031 84.0
81.91405203711847 84.0
82.0535404964275 85.0
82.19304345590407 84.0
82.33180617998774 84.0
82.47078306667203 84.0
82.60802356132594 85.0
82.7451608365107 85.0
82.88314191535866 86.0
83.02020433721114 86.0
83.15734384689866 86.0
83.29454137040669 85.0
83.43017523057355 86.0
83.56586435406602 86.0
83.70130034128964 87.0
83.8368607099372 86.0
83.97161936915039 86.0
84.10637182071594 87.0
84.24017520446229 87.0
84.37373698852795 87.0
84.50734462851837 87.0
84.64078697438808 87.0
84.77345771011653 87.0
84.905595746676 88.0
85.03881552796642 88.0
85.17077407455777 87.0
85.30226428526115 88.0
85.43345578506782 88.0
85.56378763889342 88.0
85.69480104105952 88.0
85.82561821180046 88.0
85.95458510960223 89.0
86.08428479880264 89.0
86.2139460554157 88.0
86.34257061295284 89.0
86.47042882651849 89.0
86.59903247257733 89.0
86.72587390409487 89.0
86.8535879791812 89.0
86.9817980695714 90.0
87.10844533512937 90.0
87.23477705520165 90.0
87.36131401099293 90.0
87.48788795658162 90.0
87.61340990027266 90.0
87.73880955219092 90.0
87.86227468640861 91.0
87.9870556688059 91.0
88.1113452417252 91.0
88.23458588966366 91.0
88.35852872328876 91.0
88.48210227251839 92.0
88.60527456582324 91.0
88.72743372160072 91.0
88.84884695642378 92.0
88.97138734176339 92.0
89.09317223426027 92.0
