104.10294736390202 2
29.342161280861745 2
29.3618857964794 2
29.321579023997458 2
29.555607608768668 2
29.566371767125972 32.0
29.896572703277002 32.0
29.513719999628606 32.0
29.499986412737826 32.0
29.3391235028989 32.0
29.44214998086288 32.0
29.619508704865012 32.0
29.487756947648904 32.0
29.246726832325564 32.0
29.453768578075113 32.0
29.741224421144054 32.0
29.80529641524525 32.0
29.46951186664826 32.0
29.501172928257816 32.0
30.341025564010337 32.0
30.448184431670285 32.0
29.777840449175898 33.0
30.232800277130195 33.0
30.128045739237123 32.0
29.91701871731871 32.0
30.0069321882618 32.0
29.91761786460107 32.0
29.839544897695077 32.0
29.776114071932525 32.0
30.24066687277464 32.0
30.063295741606666 33.0
30.232676459015778 33.0
29.330322132902765 32.0
29.604145509255048 32.0
29.748357457541744 32.0
29.504082629852377 32.0
29.596243869608912 32.0
29.93764720499553 32.0
29.763067431211837 32.0
30.143474717941515 32.0
29.541061967919916 33.0
29.680739419638073 32.0
29.348711743113526 32.0
29.754705339644687 32.0
29.54957175763417 33.0
29.619014453572973 32.0
29.490829098917942 32.0
29.869305559787676 32.0
29.7921032642639 33.0
30.092572386011526 32.0
29.483551213846297 32.0
29.758270593227422 32.0
30.511297887678722 32.0
29.637337951659745 33.0
29.30774072634277 32.0
29.596564175968638 32.0
29.7795389513024 32.0
29.420209903533205 32.0
29.489864152033988 32.0
29.422724636918304 32.0
29.77777322972551 32.0
29.74150226409536 32.0
29.40503358697603 32.0
30.219009623088652 32.0
29.724271636340575 33.0
29.922801064225126 32.0
29.76536852147605 32.0
29.7231297547999 33.0
29.372376240301804 33.0
29.21632898773703 32.0
29.270764472073637 32.0
29.06970133175068 33.0
29.63872049932219 32.0
29.91510618500061 32.0
29.94731131384897 32.0
29.449893285003057 32.0
29.26349459945287 33.0
28.93491946386885 32.0
29.185564263320018 32.0
29.385022221984244 32.0
29.195480648123052 32.0
29.511813184027375 32.0
29.553133855386847 32.0
29.11206672166354 32.0
29.49696181358877 32.0
29.64503502163454 32.0
29.7595240511434 32.0
29.357483453609817 33.0
29.353968050048195 32.0
30.175214362791422 32.0
29.597405572942378 32.0
29.74993840217489 32.0
29.189462617218012 32.0
29.628852714705204 32.0
29.702780888273864 32.0
29.534547752202883 32.0
29.55802237946783 32.0
29.33760571611323 32.0
29.535908383418416 31.0
29.195963498883685 31.0
29.435089230299283 31.0
29.534149150150753 32.0
29.57889998623392 32.0
29.665288385346983 32.0
29.274907794350256 32.0
29.666628117132632 32.0
29.344450036474655 32.0
29.626610575849952 32.0
29.173895164102476 32.0
30.14360096249709 32.0
29.465159493043004 32.0
29.50447215891512 32.0
29.800043758451665 32.0
29.42411763438909 32.0
29.668762579775162 32.0
29.491521902586456 32.0
29.799289808036605 32.0
29.57343752520569 32.0
29.399725317616387 32.0
29.996580888357727 32.0
29.359638041945175 33.0
29.496464916011305 32.0
29.398208273128077 32.0
29.45044197222758 32.0
29.332976045282564 32.0
29.097800192261786 32.0
29.308639204397906 32.0
29.613588349287113 32.0
29.497817256530126 32.0
29.922297201332043 32.0
29.906871546169484 32.0
29.553844407610484 32.0
29.786561014273815 32.0
29.35856153767746 32.0
28.812702126315827 32.0
29.542942431619082 32.0
30.000651368308638 32.0
29.098343283636154 32.0
29.058649452309453 31.0
29.803830408865608 32.0
29.58385582863086 32.0
29.653406794722216 33.0
29.516748373603306 32.0
29.162340379254346 32.0
29.551087860831757 32.0
29.467624822882485 32.0
29.36409165402084 32.0
29.459158890856358 32.0
29.28364258236236 32.0
29.538427483214562 32.0
29.829257856097257 32.0
29.64152380250043 33.0
29.245170635594008 33.0
29.719549392184618 32.0
29.446743705209798 32.0
29.70851055209212 32.0
29.527284708884423 32.0
29.71993127335442 31.0
29.49821732967831 32.0
29.173690851975323 32.0
29.26123988034341 32.0
29.85707791267069 32.0
29.289966085358344 32.0
29.76149475938712 32.0
29.69132284149046 32.0
29.788227424089712 32.0
29.473111434688548 32.0
29.338788773750565 32.0
29.83143424796387 32.0
29.458577433786957 33.0
30.36228113301405 32.0
29.6644005144056 33.0
29.903045879699377 33.0
30.273034523667263 33.0
29.72405543447222 32.0
30.1673714081291 33.0
31.391017569190247 32.0
30.664676933812515 33.0
30.217924064005132 34.0
30.41203369073044 33.0
30.269439170339837 33.0
29.918232563018975 33.0
29.86936279193054 33.0
30.379179181607725 34.0
30.174044353425316 34.0
30.361611645025974 34.0
30.503708624974493 33.0
30.493736767059232 34.0
30.498212461393678 34.0
30.467512345589213 34.0
30.28409995076052 35.0
30.778085741656724 35.0
30.95020071527935 35.0
30.766172911024313 35.0
30.78706993862008 36.0
31.031591847429453 36.0
30.882680158976115 36.0
31.59435590530162 37.0
31.3271193475868 37.0
30.983644092785397 37.0
31.446779768020136 37.0
31.272058014836844 38.0
31.49723116659846 39.0
31.745246165157397 38.0
31.681181822948226 40.0
31.916193957438786 40.0
32.03107329767416 40.0
32.09897638311455 40.0
32.41930773287323 40.0
32.37423851429645 41.0
32.873301836419664 41.0
32.82532715102123 41.0
33.01111381701263 42.0
33.174744159613745 42.0
33.541623954063525 42.0
33.56108783622397 43.0
33.79665406165395 43.0
34.06415828559631 43.0
34.29161857929244 44.0
34.30800944131973 44.0
34.435925576462 44.0
34.57431666176681 44.0
34.818876606020595 45.0
35.03133529959832 45.0
35.21208429200166 45.0
35.36435578013769 46.0
35.65275700820878 46.0
35.79061838582778 46.0
35.91676975016961 47.0
36.29102630433999 47.0
36.357431365547235 47.0
36.702311225558546 48.0
36.9294599557773 48.0
37.116982930141766 48.0
37.24473650741848 49.0
37.52088097217057 49.0
37.684225050255705 49.0
37.950240519817854 49.0
38.16638861832719 50.0
38.38032598438174 50.0
38.60041099101137 50.0
38.866253133247184 51.0
39.058321656738855 51.0
39.30290471002807 51.0
39.40640810076736 51.0
39.67126616895407 51.0
39.905312176567136 52.0
40.14681404322013 53.0
40.36425156545463 52.0
40.58085561601381 52.0
40.80543683645023 52.0
41.02749589101248 53.0
41.24517471557706 53.0
41.4949090186743 54.0
41.74073995615919 54.0
41.9690970351439 54.0
42.20577106074426 54.0
42.43409271090311 55.0
42.60506412849025 55.0
42.84060017641249 55.0
43.031683047798296 55.0
43.25881095361568 56.0
43.4782313388483 56.0
43.705169295063264 56.0
43.94159705521007 56.0
44.13619655500917 57.0
44.360508570004654 57.0
44.58726932346963 57.0
44.79291629067549 57.0
45.012928528173845 58.0
45.26812822379341 58.0
45.43665460723021 58.0
45.672189512691766 58.0
45.88908447546031 59.0
46.09223413590084 59.0
46.329373770965304 59.0
46.531174559367074 59.0
46.750332662249306 60.0
46.95020353944454 60.0
47.17049525169827 59.0
47.39664069020548 60.0
47.57451567251963 61.0
47.78928206698615 60.0
47.99219056960078 61.0
48.19789454517157 61.0
48.41186871187938 61.0
48.614162566672256 61.0
48.815156466316665 61.0
49.0190903245092 62.0
49.241252155504924 62.0
49.44112844346631 62.0
49.63348012700742 63.0
49.83765586190206 62.0
50.04869331326131 63.0
50.23514536321706 63.0
50.445097671374526 63.0
50.64811212989856 63.0
50.83566497379466 64.0
51.03778466261498 64.0
51.23209659339932 64.0
51.428017358883054 65.0
51.6274317857722 65.0
51.829313658646434 65.0
52.01723446190382 65.0
52.20906418995692 65.0
52.39950297189472 65.0
52.58813400453668 66.0
52.78569318649279 66.0
52.98614211891 66.0
53.16861297607013 67.0
53.363454264854944 66.0
53.554432888105026 67.0
53.73215186838712 67.0
53.92023798811208 67.0
54.10952740808163 67.0
54.30378699283861 67.0
54.48654982218126 67.0
54.67711391408265 68.0
54.86514873260489 68.0
55.04832065760062 68.0
55.23209597520451 68.0
55.41902085039857 69.0
55.60024738217247 69.0
55.777214873356776 68.0
55.96207289708941 69.0
56.13860472821369 69.0
56.31911232500222 70.0
56.495589141792294 70.0
56.68133746817779 70.0
56.86174679219185 70.0
57.03669999696332 70.0
57.21217909846184 71.0
57.387951664080646 70.0
57.56339443385053 71.0
57.73812782909645 70.0
57.91649963073109 71.0
58.08764890525949 71.0
58.260077781379614 72.0
58.43563170454866 72.0
58.607831414863426 71.0
58.783971862929995 72.0
58.95294246202516 72.0
59.12342017740731 72.0
59.297078937463965 73.0
59.46322494001639 73.0
59.63292658541719 73.0
59.802203363142105 73.0
59.969925673083466 73.0
60.13517426240362 73.0
60.307481574322715 73.0
60.47107021212763 74.0
60.635706368848794 74.0
60.804705996348616 74.0
60.96443940615079 74.0
61.13072811360722 74.0
61.29567168722697 75.0
61.45937540488567 75.0
61.62123831544627 75.0
61.78455090252755 75.0
61.94213519707998 76.0
62.106238504374936 75.0
62.26447587253672 76.0
62.426022445621435 76.0
62.587516217493146 76.0
62.74230778102221 76.0
62.90194235993382 76.0
63.05903514034713 77.0
63.21803256827076 76.0
63.371916946043996 77.0
63.526567105038446 77.0
63.68326102160397 77.0
63.839664222262016 77.0
63.99420421537332 78.0
64.14835765591368 78.0
64.30161308746108 77.0
64.45741691153208 77.0
64.60791380217951 78.0
64.76044010559647 78.0
64.9146513204363 78.0
65.06689049882084 78.0
65.21870674363976 79.0
65.36818063866603 79.0
65.51955214593114 78.0
65.67116932161395 79.0
65.81991424413144 79.0
65.96639745588041 80.0
66.11553436366131 79.0
66.26258860604369 80.0
66.40877169890852 79.0
66.55551199182621 80.0
66.69932734458214 80.0
66.84523197891 80.0
66.98683621482027 81.0
67.12968577280843 81.0
67.27048068073755 81.0
67.41250725049785 81.0
67.55699746157322 81.0
67.69609965016244 81.0
67.8369110834545 81.0
67.97555075705344 82.0
68.11416828226619 82.0
68.25022705557438 82.0
68.3885935051438 82.0
68.52338105157415 82.0
68.65881469324042 82.0
68.79470658454136 83.0
68.92969542252692 83.0
69.0648374512788 83.0
69.19854217848616 83.0
69.33623970312817 83.0
69.46933940499312 83.0
69.60347276425975 83.0
69.73614799508321 84.0
69.86998662545115 83.0
70.00276309042059 83.0
70.13653930648888 84.0
70.2701106702465 84.0
70.4028537877497 84.0
70.53701047755347 84.0
70.67324435361024 84.0
70.80843051036214 85.0
70.94567930361514 85.0
71.08338738968098 85.0
71.22325044257198 85.0
71.36626763100651 85.0
71.50843542974314 86.0
71.65528907276727 85.0
71.80545355871622 86.0
71.95698676132182 86.0
72.11497691481314 86.0
72.27708533225741 86.0
72.4403293149293 87.0
72.60744964747923 87.0
72.77975059384858 87.0
72.95608492068199 87.0
73.1329172047131 87.0
73.30970717002432 87.0
73.48808638153221 87.0
73.66746073295093 87.0
73.84891571900324 88.0
74.02630849807095 88.0
74.19989724982834 88.0
74.37436290094956 89.0
74.55374729434972 88.0
74.72835341763933 89.0
74.89590934941364 88.0
75.06632994570268 89.0
75.2352322185137 89.0
75.40522196963663 89.0
75.57546696749718 90.0
75.73986221933646 90.0
75.9066321462771 90.0
76.06910043702312 90.0
76.22861914794981 90.0
76.38857306479294 91.0
76.54359332826078 91.0
76.70176872889176 90.0
76.8559162863904 91.0
77.00793370724858 91.0
77.15958930774643 91.0
77.31160906762824 91.0
77.4608233154556 92.0
77.61457274311513 92.0
77.76836944715585 92.0
77.91898604201894 92.0
78.06602466560246 92.0
78.2126528882167 92.0
78.3554041426638 93.0
78.49724218587393 93.0
78.63580429138517 93.0
78.77456234466025 93.0
78.91236028740832 93.0
79.05203315914834 93.0
79.18747965609492 94.0
79.32227834277691 94.0
79.45508951929088 93.0
79.59010456100278 93.0
79.72043997161052 94.0
79.84953730640594 94.0
77.99498656413921 94.0
29.347049455987857 91.0
29.938025590615794 85.0
29.380201526884065 79.0
29.65704261545639 73.0
29.187781823012372 68.0
29.286753709731357 63.0
29.658305785717985 58.0
29.936915311682995 53.0
