27.511242871400654 31.0
27.48636249939984 31.0
27.53909291009459 31.0
27.616835637222735 30.0
27.65111356064517 31.0
27.490701000218777 31.0
27.765816374142737 31.0
27.15936787141355 31.0
27.499379423006893 31.0
27.37117266855639 31.0
27.48401774887261 31.0
27.566453169461283 31.0
27.54584129782058 31.0
27.50659367705657 31.0
27.49677403265158 31.0
27.458868357003844 31.0
27.84514678863831 31.0
27.73920286378899 31.0
27.40795303013705 31.0
27.391468285468846 31.0
27.574352497528608 31.0
27.290637789742874 31.0
27.34552859347395 31.0
27.511072847279962 31.0
27.239260288825776 31.0
27.44766325343369 31.0
27.43162312623572 31.0
27.413305531638684 30.0
27.437398882096915 31.0
27.400847471992236 31.0
27.346961774277958 31.0
27.688477947897546 31.0
27.52554992265543 31.0
27.444465598908728 31.0
27.572472128879134 31.0
27.302963230816815 31.0
27.402078640212252 31.0
27.330974583442696 31.0
27.738112424845696 31.0
27.232837342085887 31.0
27.574442045245334 31.0
27.669717288640378 31.0
27.362584641948665 31.0
27.448588011015076 31.0
27.58042595397567 31.0
27.494976301174475 31.0
27.461467310289066 31.0
27.660370863768904 31.0
27.623992653214607 31.0
27.418836836783925 32.0
27.255085752356266 31.0
27.24034439756406 31.0
27.58021321507146 30.0
27.435826272617916 31.0
27.52457811468917 31.0
27.40669071088262 31.0
27.269426809645857 31.0
27.318676257186183 31.0
27.25192685606632 31.0
27.384113305418097 31.0
27.52659070618715 31.0
27.330001711271606 31.0
27.24457834857425 31.0
27.291248682175016 31.0
27.58865087865371 31.0
27.23762295503689 31.0
27.358495468924673 31.0
27.464536818946783 30.0
27.37346806788979 31.0
27.513346323362526 31.0
27.352105301770933 31.0
27.505202152520482 30.0
27.79031939482006 31.0
27.468163878467948 31.0
27.13420827288418 31.0
27.452230035901877 31.0
27.454813160058535 31.0
27.38249301969548 31.0
27.52132669380977 31.0
27.501510698078583 31.0
27.414715744236304 30.0
27.6168933257522 31.0
27.123540034736017 31.0
27.537822747965777 31.0
27.484320834460263 30.0
27.365602174149522 31.0
27.392809780863644 31.0
27.64400212659376 31.0
27.73080500091993 31.0
27.462582499853994 30.0
27.44738725280593 31.0
27.710813615256505 31.0
27.437280722707193 31.0
27.673456084137158 31.0
27.5700185371795 31.0
27.590882678203975 31.0
27.73376782984625 31.0
27.703787957277967 31.0
27.384336971795996 31.0
27.51184347951925 31.0
27.17666455235795 31.0
27.780391588260457 31.0
27.33140914244482 31.0
27.74743381753747 31.0
27.622195607689804 31.0
27.680586353868243 31.0
27.634456755772433 31.0
27.966393653650968 31.0
27.82929097090701 31.0
27.91260665288469 31.0
28.006511666442165 31.0
27.93863952793145 31.0
27.800283540367474 31.0
28.02197413226984 31.0
28.733581202553566 31.0
27.992882865251175 32.0
28.66800116773635 31.0
28.43816095731915 32.0
28.49751385798953 31.0
29.003057458738816 32.0
28.84271580989799 31.0
29.050942600317377 31.0
28.889646259999736 31.0
29.582716107736836 31.0
29.033423790418198 31.0
29.578660469685218 31.0
29.404953232188618 32.0
30.05872925726254 32.0
30.35983111448654 32.0
30.381610574988322 32.0
30.157702660992555 32.0
30.497605395662568 32.0
30.476469299019072 32.0
30.87684964052299 32.0
30.741000038488714 32.0
31.413022344312857 32.0
31.426795171061364 32.0
31.281781084627248 33.0
31.848568929413887 33.0
32.2733150680668 32.0
32.59176660861341 33.0
32.73778990266732 33.0
33.020427112033545 33.0
33.53371416925976 34.0
33.55496823990781 34.0
34.14813548049503 34.0
34.43918967668114 34.0
34.185796401934496 35.0
34.55618981858215 35.0
34.45465415883296 34.0
35.07765780592119 34.0
35.01041390876047 35.0
35.534043750085345 35.0
35.88654671092452 36.0
36.216653626501646 36.0
36.59601288006703 35.0
36.84145869314045 36.0
37.020158218698064 36.0
37.64346988421542 36.0
38.221758255140756 36.0
38.18730372465625 37.0
38.182107045144974 38.0
38.69657583934351 37.0
38.67748225710256 38.0
39.03169087359818 37.0
39.48948199940124 38.0
39.39940896442894 38.0
40.36518938089446 38.0
40.51743615004876 39.0
40.95861204387461 39.0
40.9496031884144 40.0
40.821149139210156 40.0
41.667373676712415 40.0
41.79106662061584 40.0
41.951848173249886 41.0
42.60686745014776 41.0
42.46049801419571 42.0
43.52381157673586 42.0
43.14110456656482 42.0
43.668426577513394 42.0
43.95454865940702 43.0
44.380982229374474 42.0
44.14147715379647 43.0
44.501863199221376 43.0
45.041051846964294 43.0
44.627039787544355 43.0
45.592661638653645 43.0
45.88837486091502 44.0
46.20748754644805 45.0
46.369011955552935 45.0
46.643485056545614 45.0
46.40675145461194 46.0
47.201635354664 46.0
47.2524121324553 46.0
47.13794372547154 46.0
47.622746916145275 46.0
48.56928061936498 46.0
48.567209007004685 48.0
48.71019398922485 47.0
48.94872608268284 48.0
49.40193631560214 48.0
49.210087754134115 48.0
49.823733597682086 49.0
50.02487649866738 49.0
50.16993853179435 49.0
50.66980658808386 49.0
50.891053452730766 50.0
50.628862752905384 50.0
51.310828487709564 50.0
51.98651317273315 51.0
51.656847328934134 51.0
52.14161486130426 51.0
52.124950850981 52.0
52.660608851749735 51.0
52.725605523542214 52.0
52.417676950597446 52.0
53.335360708392884 52.0
52.87481613607347 52.0
53.694919641342445 52.0
53.93245339884928 53.0
54.43012883684179 53.0
54.02019327629954 54.0
54.523791528681784 54.0
54.93332500560661 54.0
55.32206261685006 54.0
55.190373396523924 54.0
55.59817099365929 54.0
55.87682574226957 55.0
56.1356352380948 55.0
55.82449029390349 55.0
56.64407542258277 55.0
56.56201319534562 55.0
56.93280734250648 56.0
57.13066323745187 56.0
57.11802942247621 57.0
57.55675410442506 56.0
58.022343039318145 57.0
57.76107830321762 57.0
57.98471144760411 57.0
58.685663804889344 57.0
58.75358689739622 58.0
58.17040450685107 58.0
58.88730654960733 58.0
59.15528374001131 58.0
59.42424923329764 59.0
59.85291945855207 59.0
59.52238903017416 59.0
60.32661963896417 59.0
60.584586605059386 59.0
60.29582140013269 59.0
61.01980444523011 60.0
61.116731148899774 60.0
61.14222689966866 61.0
61.27436543528388 61.0
61.58624837147437 60.0
61.94906232444096 61.0
61.92782619327543 61.0
62.28715132335715 61.0
62.289346856986256 62.0
62.47413252565018 62.0
62.875429504931596 62.0
62.57832494100708 62.0
62.84229925103032 63.0
63.84195594022039 63.0
63.19556684262978 63.0
63.946828742880236 63.0
63.095669572878904 63.0
64.23578979344609 63.0
63.59928827860436 63.0
64.52038611362273 64.0
64.47047561093842 64.0
64.43018712462916 64.0
64.95474354197788 64.0
65.43480514943842 64.0
65.582073579476 65.0
65.67278017881577 65.0
66.0846028213491 65.0
65.79312020466108 65.0
65.81658068177296 65.0
66.66632892193289 65.0
66.42884281062044 66.0
66.26273470106536 66.0
66.97969556479046 66.0
67.08221713477079 66.0
67.32608167165247 67.0
67.27579021744924 67.0
67.30018558258553 67.0
67.79934510968049 67.0
67.88597864184193 68.0
68.48662591092591 67.0
68.3593914291633 68.0
68.54367747572317 68.0
69.13290381611358 68.0
68.78940222921668 69.0
69.62991244197968 69.0
69.48774860862498 69.0
69.20196572627178 69.0
69.32239791711082 69.0
69.32628954549345 69.0
69.89797135886985 69.0
69.93033598921252 70.0
70.53926111066625 70.0
70.61122487707621 70.0
70.83981748968833 70.0
70.51138836361983 71.0
71.13700146920766 70.0
71.44842011457958 71.0
70.9800723312173 71.0
72.11280397973493 71.0
71.6330491754359 71.0
71.63957245638917 71.0
71.78667661336823 71.0
71.83017141688279 71.0
71.66872544304373 72.0
72.25642896582896 72.0
73.05017999682414 72.0
72.64190310690819 73.0
72.61029308712457 72.0
73.22227140037876 72.0
73.21543757364894 73.0
73.32603856731083 73.0
73.87253027967806 73.0
73.63904798545224 73.0
73.71319245760378 73.0
73.99631018423767 73.0
74.587762907577 74.0
74.55839965101009 74.0
74.3070669558214 74.0
74.96021351781391 74.0
75.03164978058177 74.0
75.0833369462198 75.0
75.36511051889923 75.0
74.97718133871517 74.0
75.02135790757326 75.0
75.44060833699871 75.0
75.83965976749991 75.0
76.06405608707392 76.0
76.03676210688148 76.0
76.31565213174318 76.0
76.59632396927927 76.0
76.2378669285205 76.0
76.79975482390111 76.0
77.34719181166741 77.0
77.59655207078788 77.0
77.34159041215698 78.0
77.70665462444992 77.0
77.57256509024354 77.0
77.72769927767419 77.0
78.03131940879378 77.0
77.88172848102424 78.0
78.23471544628401 77.0
77.75055375491345 78.0
78.3017177384264 78.0
78.66953172735677 78.0
78.54227201494535 78.0
79.21659099206684 78.0
79.02911146926975 79.0
79.2952817077853 78.0
78.833600165895 79.0
79.27909837776954 78.0
79.74590277486534 79.0
79.73894988394377 79.0
79.74032211190176 80.0
80.03692853667371 80.0
79.86705977288256 80.0
80.33197661301499 80.0
80.5540312195284 80.0
80.61633820699402 80.0
80.66080708819806 81.0
80.76464514287811 80.0
80.58331869541666 81.0
80.82385780484653 81.0
81.2239734024678 81.0
81.65822972349919 81.0
81.09651524648065 81.0
81.95481887237096 81.0
81.55694316687685 82.0
81.50818730255732 81.0
82.04274281844091 81.0
82.45856064596309 81.0
82.45492548777045 82.0
82.73324712535582 82.0
82.86198813942468 83.0
82.67154211502772 82.0
82.76275223114469 83.0
82.95166006120391 83.0
82.46359026722104 83.0
83.21990434861776 83.0
83.07214056905048 83.0
83.93091733651254 83.0
83.30511655851218 83.0
83.76737352864994 83.0
83.6162113084002 84.0
84.42947174324262 83.0
83.96046585060894 84.0
84.66671419211795 84.0
83.61237131214676 85.0
84.26349679970367 84.0
84.61187576082284 84.0
85.02144351282809 85.0
84.62025027639521 85.0
85.14735688301998 85.0
85.20434831649109 85.0
85.43123742538575 85.0
85.33899774508089 86.0
85.7589191690485 85.0
85.35120391314308 85.0
85.79513273208967 85.0
85.83743280073209 86.0
85.9700855780406 86.0
86.26200633909514 86.0
86.40587965786862 86.0
86.52762014912868 87.0
86.426098600928 87.0
87.09375482195777 86.0
86.55858847458852 87.0
87.34653401859755 87.0
86.90565768639675 87.0
87.07491564201858 87.0
87.56645333026695 87.0
87.35992610282649 87.0
87.44875510865485 87.0
87.75297909401135 88.0
87.84910875077613 87.0
87.82752490158731 87.0
87.82260941170223 88.0
87.77599710134795 88.0
87.71648819583562 88.0
88.78183968516979 88.0
88.43448055561302 88.0
88.35156201133597 89.0
88.54201164414135 89.0
88.60087895677175 88.0
89.20146508093988 88.0
88.88875585663916 89.0
89.32944744784788 89.0
89.38619250659792 89.0
89.03949963482263 89.0
89.80766141187698 89.0
89.98805930542488 90.0
89.50821170931219 90.0
90.03716891903609 90.0
90.13455737947574 90.0
89.85798731771021 90.0
90.21790470321781 90.0
89.72839868492781 91.0
90.76034686616997 90.0
91.14153166398751 91.0
90.6431786230529 91.0
91.35480645906632 91.0
91.2588228997949 92.0
91.19593954030877 91.0
90.83962269123388 91.0
91.4971383303952 91.0
91.77977173111368 92.0
91.46187349250212 92.0
92.08686129283342 92.0
91.85599991691151 92.0
91.48550460051126 92.0
92.08933985968758 92.0
91.87876826065603 92.0
92.35027051290147 92.0
92.65445416975356 93.0
92.2326172263086 93.0
92.263307671853 92.0
92.40230767055905 92.0
92.3235477863293 93.0
92.81465656717786 93.0
92.88516233820815 94.0
93.20608862026876 94.0
92.66930308255425 93.0
92.7792483058592 93.0
93.54853720739754 93.0
93.33789068940742 94.0
93.46929039074747 93.0
93.6759343702602 94.0
93.44094781944985 93.0
93.61241603876822 94.0
