27.065206919998694 31.291442535500888
30.52459209196026 30.29806340738975
27.89149935428238 31.291442535500888
27.233132239157634 30.79475297144532
26.481357566576307 30.29806340738975
27.633983106466218 30.29806340738975
27.253638623264955 30.29806340738975
28.107847230078157 30.29806340738975
28.849882924332732 30.29806340738975
28.984741425913967 30.29806340738975
28.634302112138016 30.29806340738975
29.044106975639856 30.29806340738975
29.060311922461857 30.29806340738975
29.11451842577467 30.29806340738975
29.56605175535936 30.29806340738975
29.486217401886663 30.79475297144532
29.675092613506052 30.79475297144532
29.94664165983899 30.79475297144532
30.163399341002012 30.79475297144532
30.206520186228943 30.79475297144532
30.79650471492674 30.79475297144532
31.137352637805435 31.291442535500888
30.602134238339985 31.78813209955646
31.001263179634236 31.291442535500888
30.961484386951092 31.291442535500888
31.613397348789746 31.291442535500888
31.337388537180246 31.291442535500888
32.16332613425478 31.78813209955646
32.05541961657785 32.28482166361203
31.93479074857595 32.28482166361203
32.76890781240594 31.78813209955646
33.23320918370534 32.7815112276676
32.98142735781549 33.278200791723165
32.95794192749838 32.7815112276676
33.246787106890224 32.7815112276676
33.55273810450593 33.278200791723165
34.060313960526884 33.278200791723165
33.820971153279515 33.77489035577874
34.91279674339992 33.278200791723165
35.35574790506639 34.27157991983431
34.60160338003264 34.768269483889874
34.75694791861043 34.27157991983431
35.77685805242287 34.27157991983431
35.989771694738835 35.264959047945446
36.23067474937416 35.76164861200102
35.88912903125457 35.76164861200102
36.166585151365375 35.264959047945446
37.04093210012018 35.76164861200102
36.98740549382804 36.25833817605658
36.907002999944226 36.25833817605658
37.80293553474781 36.755027740112155
37.764328423209385 36.755027740112155
37.70987025780594 36.755027740112155
37.98641968062519 37.25171730416773
38.67914401884468 37.25171730416773
38.46704178946336 37.74840686822329
39.23806620383798 37.74840686822329
39.79742834320138 38.245096432278864
39.568626144344556 38.741785996334436
39.674225738756746 39.23847556039
40.400904878817514 39.23847556039
40.000375762723856 39.23847556039
40.55162690933974 39.23847556039
40.81874444604612 39.73516512444557
40.55047216072608 39.73516512444557
41.712018635180534 39.73516512444557
41.13257954543656 40.72854425255671
41.604149952536275 40.231854688501144
41.54804784203935 40.72854425255671
42.21935688272161 41.22523381661228
42.44865476383521 41.22523381661228
42.96716352656957 40.72854425255671
43.0282884012529 42.218612944723425
42.51316813449057 42.218612944723425
43.22842194514655 42.218612944723425
43.71210200604732 42.71530250877899
44.31083397874205 42.71530250877899
43.86285509704616 43.21199207283456
44.34216770663073 43.21199207283456
44.081593504001994 43.708681636890134
44.65284200537028 43.708681636890134
45.28902769717686 43.708681636890134
45.18875768088038 44.70206076500127
45.271625179505875 44.70206076500127
46.088037643010395 44.70206076500127
46.16471619498794 45.19875032905684
46.99145475919873 45.69543989311241
46.85961364952294 46.19212945716798
46.89980154083922 46.68881902122355
46.90507578505328 46.19212945716798
47.25307030644483 46.19212945716798
47.847131302838505 46.68881902122355
47.52768656967637 47.185508585279116
47.47487427769288 47.185508585279116
47.7587277287999 46.68881902122355
48.60165244015555 47.185508585279116
48.501422959468314 47.68219814933469
48.63149063302689 48.17888771339026
49.57830102531725 48.17888771339026
49.415481469585615 48.675577277445825
49.57131430031188 48.675577277445825
49.37607278690254 48.675577277445825
50.80183189487095 49.66895640555697
49.9148986925833 50.165645969612534
50.37057201190643 49.66895640555697
50.820466374820896 49.66895640555697
50.762638474560646 50.662335533668106
50.772749869764084 50.165645969612534
51.0307301060304 50.165645969612534
51.49075427640947 50.662335533668106
52.608645170976004 51.65571466177924
51.698313359617586 51.65571466177924
52.14558725670659 51.65571466177924
52.73633165365945 51.65571466177924
52.78380662769891 52.64909378989039
53.17688451550964 52.152404225834815
53.399451513063426 52.64909378989039
53.575706637998195 52.64909378989039
53.85184150498723 53.64247291800152
53.55247667642016 53.64247291800152
53.734934118191546 53.14578335394595
54.058176587114765 53.64247291800152
54.216037780120146 53.64247291800152
55.202407693701176 54.139162482057095
54.625486153555755 54.63585204611266
55.15658854360575 54.63585204611266
55.29006340319761 54.63585204611266
55.64556482636172 55.13254161016823
55.221403674975136 55.13254161016823
55.54875638861601 55.13254161016823
56.268193415037935 54.63585204611266
56.661430699353794 55.629231174223804
56.744960141774946 56.12592073827937
56.26346336651899 56.12592073827937
56.63406321075343 56.12592073827937
57.02081604353047 56.62261030233494
56.94948083336024 56.62261030233494
57.564651489314315 56.62261030233494
57.8369789944324 57.11929986639051
57.32181879229124 57.615989430446085
57.82859271343338 57.615989430446085
57.714008231916 57.615989430446085
58.82811141483336 57.615989430446085
58.00531366935812 58.60936855855722
59.00405934864679 58.11267899450165
59.185245647937435 58.60936855855722
59.272735562411 59.106058122612794
59.50655697731581 59.106058122612794
59.37042015675938 59.60274768666836
60.116429628753735 59.60274768666836
59.822068088972976 60.09943725072393
60.32210895207023 59.60274768666836
60.08533126158319 60.09943725072393
60.82470544403589 59.60274768666836
60.75462133950467 60.5961268147795
60.489950012104416 60.5961268147795
60.71330605516237 60.5961268147795
61.19095717761428 60.09943725072393
61.255763129254994 60.5961268147795
61.72527404974716 61.09281637883507
61.45471007188184 61.58950594289064
62.28860641556265 61.58950594289064
62.41200886947907 62.08619550694621
62.480357982502596 62.08619550694621
62.768501854808704 62.08619550694621
63.09410732965344 62.582885071001776
62.18376917527087 63.07957463505735
62.40130624324045 62.08619550694621
63.166588546204956 62.582885071001776
63.39090419639296 62.582885071001776
63.73843817806819 63.07957463505735
64.34348396931219 63.57626419911292
64.09251406674996 64.07295376316848
64.18181795473568 64.07295376316848
63.85928008053637 64.07295376316848
65.02851757747324 64.07295376316848
65.73990215055662 65.5630224553352
65.52007706171925 65.5630224553352
65.07617800183287 65.5630224553352
65.62381752943132 65.5630224553352
65.32440089641953 65.5630224553352
65.0311465478701 65.5630224553352
65.77575466123052 65.06633289127963
65.68392190771797 65.5630224553352
65.76891912201191 65.5630224553352
67.08017517365512 65.5630224553352
66.51571208757585 66.55640158344633
66.43018530918812 66.55640158344633
66.77038987921878 66.55640158344633
66.80483159025658 66.55640158344633
66.887633703596 67.0530911475019
66.8760043799864 67.0530911475019
67.49575088073144 67.0530911475019
67.08254903596843 67.0530911475019
67.48389178802373 67.0530911475019
67.61519589157227 67.54978071155747
67.92646215301095 67.54978071155747
68.07496214410209 67.54978071155747
68.56769069861248 68.54315983966862
69.22026884156332 69.03984940372419
69.4116945171945 69.03984940372419
69.83936184257463 69.53653896777975
68.7968442496919 69.53653896777975
69.23729703133552 69.03984940372419
69.1717506370723 69.53653896777975
69.82803809478092 69.53653896777975
69.8453832692873 70.03322853183532
70.03331070852592 70.03322853183532
69.49201764801339 70.03322853183532
70.08157557928905 69.53653896777975
70.6206767688838 70.52991809589089
70.22239001472461 71.02660765994646
70.27282868113575 70.52991809589089
71.29774542737447 70.52991809589089
71.08311497702506 71.02660765994646
70.98036415386638 71.52329722400204
70.82329452101014 71.02660765994646
72.06085844966036 72.51667635211317
71.05498861766117 72.01998678805761
71.93696023461767 71.52329722400204
72.1032771922798 72.01998678805761
72.25423488256058 72.01998678805761
71.61513110485528 72.51667635211317
72.37808228722491 72.01998678805761
73.57710774081649 72.51667635211317
72.20161801723252 73.51005548022431
72.81695341201822 72.51667635211317
73.2746024959982 73.51005548022431
73.14243410818698 73.01336591616874
73.23713456792697 73.51005548022431
73.27575038346635 73.51005548022431
74.253089505778 73.51005548022431
74.01217727842798 74.50343460833545
73.98752872705809 74.50343460833545
74.43882626352577 74.50343460833545
73.7738892900838 74.00674504427988
73.90750832371252 74.50343460833545
74.86378914391207 74.00674504427988
74.92177919605084 75.00012417239103
75.25556299023124 75.00012417239103
74.84555713995809 75.49681373644658
75.43039631876424 75.00012417239103
75.21521251253847 75.99350330050216
75.07657083220366 75.99350330050216
75.86664270960719 75.49681373644658
76.51469246298777 76.49019286455773
76.29396326968663 76.49019286455773
75.883789814056 76.9868824286133
76.2973731419447 76.49019286455773
76.4278896770934 76.49019286455773
76.29769006345111 76.49019286455773
76.15363887753949 76.49019286455773
76.79293270297048 76.49019286455773
76.9638089505988 76.9868824286133
76.62695511279529 76.9868824286133
77.05778199486812 76.9868824286133
77.93852162811767 77.48357199266887
77.05044214405125 77.98026155672444
77.54462432523059 77.98026155672444
78.23377226715671 77.48357199266887
77.90834317059942 78.47695112078
77.8756363061323 77.98026155672444
77.70596589006497 78.47695112078
79.05302182122067 77.98026155672444
78.40557909914882 79.47033024889114
78.13790742793651 78.97364068483557
78.91618254701959 78.97364068483557
78.7320655618811 78.97364068483557
79.21239577997314 79.47033024889114
79.45661565027476 79.47033024889114
79.3865915299352 79.96701981294672
79.24268241589188 79.96701981294672
79.12841534168291 79.47033024889114
79.63962033624874 79.47033024889114
79.8557583096227 79.47033024889114
79.67861687587244 79.96701981294672
80.41712753298077 79.96701981294672
80.42702426997585 80.46370937700229
80.51236378547632 80.96039894105786
81.02653602893555 81.45708850511342
80.76569879255025 81.45708850511342
80.80083948580243 81.45708850511342
80.9336058721283 81.45708850511342
80.77729422523849 81.45708850511342
81.6810335623698 80.96039894105786
81.13311489422038 81.95377806916899
81.0469461501485 81.95377806916899
81.67368521730226 81.45708850511342
82.22892095563913 82.45046763322456
81.89643559321605 82.45046763322456
82.11941570805891 82.45046763322456
82.31947751305495 82.94715719728013
82.44248511245397 82.94715719728013
81.93527124980734 82.94715719728013
82.13729988314977 82.45046763322456
82.53522429865019 82.45046763322456
82.35175418108496 82.94715719728013
82.73013001249994 82.45046763322456
82.17441947786375 83.4438467613357
82.33925758494311 82.94715719728013
82.98765346743336 82.94715719728013
83.42299717926254 83.4438467613357
83.78265494025243 83.94053632539128
83.69879464126036 84.43722588944685
83.8527832328694 83.4438467613357
84.48681642920079 84.93391545350241
83.68004204478187 84.93391545350241
84.01178315070943 83.94053632539128
84.19121538475031 84.93391545350241
84.00983969867842 84.93391545350241
84.05305150155274 84.43722588944685
