33.143220340184314 34.0
32.7525367334066 34.0
32.663151089673775 34.0
32.16997295597912 34.0
32.894735850853564 34.0
33.01624857623538 34.0
33.32188187090865 34.0
33.582711751000865 34.0
33.00594638996422 34.0
33.63237630037087 33.0
33.245791529225166 34.0
33.12989971421533 34.0
33.91601489559811 35.0
33.210224127600576 34.0
32.9059637960176 34.0
33.10708279586635 34.0
33.1521494972735 34.0
32.97469759185329 34.0
33.08246998375651 34.0
32.978134833847534 34.0
33.30521312137932 34.0
32.99744882708286 34.0
33.06170355738892 33.0
33.262747257010886 34.0
32.983967092319645 33.0
32.96767333700612 34.0
33.04203665823182 34.0
33.08594090932782 34.0
32.85701743151986 35.0
33.30653794110155 34.0
32.84467298333836 34.0
33.040269431920876 34.0
33.03136245027603 34.0
32.60194652366843 34.0
33.12296224730858 34.0
33.329196954430515 34.0
32.683764310075816 34.0
32.65449902269446 34.0
32.74191197485113 34.0
33.13016121590651 34.0
33.139132322133705 34.0
33.021595956014885 34.0
32.77476170250851 34.0
33.173725203514294 34.0
32.834074767438615 34.0
33.14180350634008 34.0
33.20998980127225 35.0
33.02315209399322 34.0
33.02484489595632 34.0
32.721622610550455 34.0
33.041340383732674 34.0
33.24458127252446 34.0
32.8800143727651 34.0
32.96984150910839 33.0
32.92977686134535 34.0
32.725134478455864 34.0
33.45295850099488 34.0
33.02777793159102 34.0
33.160865438911706 34.0
32.90610513972787 34.0
32.73837822181042 34.0
32.955290010753295 35.0
32.99576138270137 34.0
32.92444813839677 34.0
33.121736066827424 34.0
33.13308414580676 34.0
33.16886781493863 34.0
33.13321574572345 34.0
32.93092336533847 34.0
32.77973247509738 33.0
32.92814228246318 33.0
33.0474266562296 34.0
32.59584062246088 34.0
33.56590542622364 34.0
32.68898121705406 35.0
32.852759633094415 34.0
33.04814053497875 34.0
32.90348665094995 34.0
32.69232298747612 34.0
33.191069346988925 34.0
32.91811166379867 34.0
33.13892434505897 34.0
32.87676912436926 34.0
32.77513686826842 33.0
33.03010413035679 34.0
32.78848765631618 34.0
33.49739519457664 34.0
33.17710162490115 34.0
32.790760922122516 34.0
33.06769451317959 34.0
33.31868238464484 34.0
33.369415469964885 34.0
32.923383761952536 34.0
32.98865574627652 34.0
32.95969328590152 34.0
32.94235591267878 34.0
32.75489485291924 34.0
33.067846493740845 34.0
32.975779036173776 34.0
33.071231374949186 34.0
33.02355719991326 34.0
32.91224103344139 34.0
32.7587410707493 34.0
33.056335163992955 34.0
33.10166563183297 34.0
33.00479640340468 34.0
32.972222240124665 34.0
33.10727178205952 34.0
32.96051832185672 34.0
32.95710423146385 34.0
32.902238199395114 34.0
33.1881733216845 34.0
33.355346685108486 34.0
33.11345823950326 34.0
33.400474199608524 34.0
33.367916687770524 34.0
33.63056026606842 34.0
33.33431729128976 35.0
33.35880590615329 35.0
33.40833857646789 34.0
33.75064771000271 34.0
33.52171281292336 34.0
33.41169158242859 34.0
33.81022460554844 35.0
33.83579996364943 34.0
34.191169792794355 34.0
34.01067581500391 34.0
33.778089016280745 35.0
34.04143730209935 35.0
35.43859598579206 34.0
35.003831392617364 36.0
34.34405018435864 35.0
34.46773529334322 34.0
34.518473389698904 34.0
34.85202322851044 35.0
34.853418401722394 34.0
35.168125411062185 34.0
35.328002243555055 35.0
35.4789472856428 35.0
35.62606768107061 35.0
35.78072492361579 35.0
36.06300823028185 35.0
35.93396858467499 35.0
36.100808098974085 35.0
36.44122620233003 35.0
37.164547967908064 35.0
37.26938627077565 36.0
37.38058564717686 35.0
37.580066813929164 35.0
37.96409032202956 36.0
38.00951184286148 36.0
38.178605185771744 36.0
38.66515045172734 36.0
39.03393310249214 36.0
39.08185205056732 36.0
39.65777067544088 37.0
39.64784224045442 37.0
40.114569249300786 37.0
40.45856366057613 37.0
40.63822824488204 38.0
40.87649331865979 38.0
41.32699320404829 38.0
41.325039311252425 39.0
41.549027529465974 39.0
42.09465572854079 39.0
42.11478403661633 39.0
42.575609913739 40.0
42.78123358480318 39.0
43.21546575639723 40.0
43.29209657703228 41.0
43.749273138982105 40.0
43.965779993991774 41.0
44.35184314965751 40.0
44.816674876002665 42.0
44.7557791784108 42.0
45.147715416902834 42.0
45.563374831431815 42.0
45.81706336909353 43.0
46.31146360276772 43.0
46.263952367278954 42.0
46.71525313680759 44.0
46.988299969542894 43.0
47.46452997179205 44.0
47.449755523941576 44.0
47.70995838228715 45.0
48.37827999336126 45.0
48.27742182961981 46.0
48.71384722818968 45.0
48.92951725325521 45.0
49.254573526549414 46.0
49.55004534673116 46.0
49.859145879550944 47.0
49.99136770654089 47.0
50.149206836018756 47.0
50.63477075471753 47.0
50.809069889830944 47.0
51.240727877386874 47.0
51.52809112403999 49.0
51.60945244693261 49.0
51.89846156330066 49.0
52.24257685984177 49.0
52.5360217234371 49.0
52.830817200248504 49.0
52.79544261934533 50.0
53.264715906371706 50.0
53.520116933407095 51.0
53.972504978957915 51.0
54.100056369416464 51.0
54.43139649451743 51.0
54.54359402580678 51.0
54.82359763290367 52.0
55.39029185145118 52.0
55.519873967080926 52.0
55.67021720372879 53.0
55.79693342056197 53.0
56.19601776614499 53.0
56.384040575622755 53.0
56.60090678827378 54.0
57.263069334731995 54.0
57.49356874326646 54.0
57.214547891363694 54.0
57.713139646221265 54.0
57.93811807042977 55.0
58.31236208649723 55.0
58.479746991475714 56.0
58.74288325404264 56.0
58.87608482648821 56.0
58.80704805664178 56.0
59.399212117087686 56.0
59.42605321885536 57.0
60.04950354265998 57.0
59.91279072341014 57.0
60.41731839877618 58.0
60.390918679150474 57.0
60.81922271034708 58.0
60.90942250033974 58.0
60.88683127263681 59.0
61.43040950207512 58.0
61.38473065931697 59.0
61.74742993444075 58.0
61.96643934926111 59.0
62.482648551906344 60.0
62.56928976402084 60.0
62.86546792568127 60.0
62.65084647611653 60.0
63.23762594583373 60.0
63.5273628717035 60.0
63.408446601475944 61.0
63.725544256122205 61.0
64.27796648583538 61.0
64.20800294441585 62.0
64.49323778721046 61.0
64.80052657453973 62.0
64.93081719549524 62.0
65.13989893678742 62.0
65.01257815234476 62.0
65.59137205408142 63.0
66.13278456526274 63.0
65.87282113492383 64.0
66.2167596174001 64.0
66.29292093534097 64.0
66.4779849638393 64.0
66.71826428219245 64.0
67.13185543097755 64.0
67.09203045623983 64.0
67.52297279239642 65.0
67.79099046522752 64.0
67.7566706286863 65.0
68.08319393978518 65.0
68.07655564804716 66.0
68.467048024605 66.0
68.6105657745756 65.0
68.53117944329045 66.0
69.04250978593291 66.0
69.0929300293236 66.0
69.52563671514622 66.0
69.15800547660048 66.0
69.92253559295298 67.0
69.84342552618723 67.0
70.02121448004763 67.0
70.21662374289569 67.0
70.43071456727566 68.0
70.88010482453171 68.0
70.96950290574092 68.0
71.11747007995001 68.0
71.0823049895371 68.0
71.50312662329918 69.0
71.63745813260896 68.0
71.62666355135218 69.0
71.84046498598116 69.0
72.41541342829359 70.0
72.21467321215202 69.0
72.49170108740773 70.0
72.67259802388939 70.0
73.06197423959958 71.0
73.10576598396045 70.0
73.02850523089027 70.0
73.41741421060499 70.0
73.58300780038218 71.0
73.74096313283334 71.0
73.91758030614281 71.0
74.39518276699005 72.0
74.22562373501852 71.0
74.62434280529637 72.0
74.65201375017251 73.0
74.8716600189147 72.0
74.91914298324518 73.0
75.02569913455159 72.0
75.49865486594143 73.0
75.45982699558456 73.0
75.68164933336467 73.0
75.96853472120081 73.0
75.97026458097537 74.0
76.33144880063055 74.0
76.08661083457315 74.0
76.69190849758519 74.0
76.63280443411612 74.0
76.65265373021391 74.0
77.17606822570147 75.0
77.24192336242125 75.0
77.21080324994581 74.0
77.4185236279818 75.0
77.66671388348098 75.0
77.76052940007607 75.0
78.1321842784774 75.0
78.19388949275285 75.0
78.08867334028444 76.0
78.54375051886996 76.0
78.77315408423893 76.0
78.7377751305574 76.0
79.04364456694105 76.0
79.324168072343 76.0
79.37871574519784 77.0
79.2719123447706 76.0
79.70302266165177 77.0
79.91408646657004 77.0
79.93596239178983 78.0
79.99057513498086 78.0
80.32309924154053 78.0
80.22085018768732 77.0
80.75241731169058 78.0
80.76906963844236 79.0
80.70578852956936 79.0
80.81246877159512 78.0
81.41313870266518 79.0
81.20585389708415 79.0
81.46928489604336 79.0
81.64137023828752 80.0
81.99461079993435 79.0
82.25485563795624 80.0
82.07496473965777 80.0
82.43542793272323 80.0
82.45770600506792 80.0
82.82649310634085 80.0
82.55332911638189 81.0
82.5786261125834 80.0
83.19207685640168 81.0
83.10829270440857 80.0
83.38957898789013 81.0
83.5733814566432 81.0
83.49364426094468 81.0
83.71523479705968 81.0
83.90666909455284 81.0
84.08163945838757 82.0
84.15461947064013 82.0
84.18340323326481 82.0
84.54385001998288 82.0
84.25540727104861 82.0
84.69072679017039 82.0
84.70487082490055 83.0
84.75035218823764 82.0
85.10414456503719 82.0
85.31673804713189 82.0
85.46602771944299 83.0
85.57241453979549 83.0
85.82150951035912 83.0
85.84641238883512 84.0
85.87877965634017 83.0
86.0841569419295 83.0
86.13532019675716 84.0
86.54624787538263 84.0
86.53033082138867 84.0
86.57507252769085 85.0
87.04113274459948 84.0
86.66761080217762 85.0
87.1945641175964 85.0
87.19207960503148 85.0
87.30715544762964 85.0
87.42408190756854 85.0
87.47653952471023 85.0
87.97888321432723 86.0
88.06290410849405 85.0
88.08986485298487 86.0
88.15591865202434 86.0
88.45901426649542 86.0
88.60483112724535 86.0
88.51783040079785 87.0
88.65000186148661 87.0
88.67738209312424 86.0
89.00486174369794 87.0
89.02899348273661 87.0
89.21901486880074 87.0
89.23837841299004 87.0
89.56174551800578 86.0
89.66442901009873 87.0
89.65595472747682 88.0
89.4822316891864 88.0
89.72843693598968 87.0
90.38232392257562 88.0
90.22836964798222 88.0
90.2319263385541 88.0
90.34407801905799 88.0
90.63082395053135 89.0
90.78159614943922 88.0
90.73684792556777 89.0
90.75268504534613 89.0
91.00720798560253 88.0
91.18700934183903 89.0
91.28402879951847 89.0
91.56164574969883 89.0
91.69388354584048 89.0
91.7543304704997 89.0
91.87568845699859 90.0
91.8289330347587 89.0
92.06720096777185 89.0
92.39262509095497 90.0
92.19337279986173 90.0
92.31962777721117 90.0
92.42448233043145 90.0
92.68289823104095 90.0
92.78575042602732 90.0
92.88689780793003 91.0
93.07716673439316 91.0
93.11341378904052 90.0
93.4079968549526 91.0
93.48447827202938 92.0
93.34923538654976 91.0
93.6894547603855 91.0
93.64233557695289 91.0
93.74614064450499 92.0
93.89528267703713 92.0
94.17660904779568 91.0
94.33721807328064 93.0
94.36897683135271 93.0
94.53077567935848 92.0
94.51470652332527 92.0
94.71355942878233 92.0
94.83610295934218 92.0
95.03126205069196 93.0
94.89257185386732 93.0
95.26119936554149 93.0
95.16525370774491 93.0
95.41826617372593 93.0
95.5765818182128 93.0
95.3453349205957 93.0
95.75274689450919 94.0
96.0520621592923 94.0
96.0107122446696 94.0
96.25229450277438 94.0
96.31758217517765 94.0
96.3148168061263 95.0
96.30407372708278 95.0
96.61465359375984 94.0
96.75012964103554 95.0
96.53058447131295 95.0
96.79496244028051 94.0
96.87494985352454 95.0
97.31170440556825 95.0
97.13186798985224 95.0
97.23503692095733 96.0
97.39619246569508 96.0
97.66962855673466 96.0
97.7167815368185 96.0
97.58845489037405 95.0
97.92214273311863 95.0
97.62239239897944 96.0
97.92458927256668 96.0
98.17640396002813 96.0
98.18788251854636 96.0
98.27589700863618 97.0
98.17790593476823 97.0
98.23920087452692 97.0
98.60736669288747 97.0
98.59077274317187 97.0
98.9037993977458 97.0
98.92072369486114 97.0
98.72999576705813 98.0
