60.89102247257339 39
63.2874458688888 38
65.68929559828074 39
66.92802816032004 39
67.68738072238752 39
68.47278414122651 39
68.78167600238606 39
69.38803019923358 39
69.53392406480569 39
69.85389949903575 39
70.38605131731804 39
70.49387962693751 38
70.6747638289685 39
70.66566728587098 39
70.93358211710657 39
71.01615342394003 39
70.91107865126699 39
71.19919962505054 39
71.00606493244473 39
71.05645690213606 38
70.82831949623781 39
71.12408256897041 39
70.63419398956634 39
70.66840140438467 39
70.46193492791119 39
70.07463431195836 39
69.73559957983811 38
69.4168611952505 38
69.49865607859536 39
69.0718520253639 39
69.00677186994884 39
68.48254154748658 39
67.98394369854837 39
67.41845893151715 39
67.22954400667861 39
67.33207748658789 39
66.8332575097594 39
66.52291506535596 39
66.16213464318022 39
65.82639142688895 38
65.98179966915504 38
65.69049710458222 38
65.78439060424687 38
65.60553222491816 38
64.99329586763861 39
65.6117229191678 39
64.59571541420567 40
64.2520514201471 39
64.55972138072912 39
63.6031611509769 39
63.056196429981334 39
63.10359908948509 39
62.571979894014184 39
61.982694906524785 40
61.754203730046896 39
61.703754104328326 39
61.88783568858546 40
60.418825730853044 39
60.03820815736163 39
59.978395909363954 38
58.66542044247615 39
58.68772731449853 39
58.66274239213459 39
57.74076628265319 39
57.2241850216535 39
57.029450639018016 40
56.43297447458525 39
57.07484203645535 42
57.036976370676285 44
57.915782823007284 50
58.32273067415648 52
59.90143588301376 54
60.04113663552475 55
62.02053757680051 57
62.115281693535415 58
61.92114258871948 58
62.59267032968261 59
62.36634455704797 59
62.24099386340662 59
62.31021773470576 59
63.20444653609015 60
63.39070743564962 60
63.59296602488888 60
63.34997663269522 60
64.02742198769187 61
64.0796901551958 61
64.0441580227921 61
64.41354820102677 61
64.50497726286864 61
64.58617904043666 61
65.13825632087516 62
65.69670999514173 62
65.61719757078338 62
66.09498231912738 62
66.118033797641 62
66.38385665342366 63
65.53888695261418 62
65.53487461376662 62
65.71389401381421 63
65.49791555308491 63
65.76621043833634 63
65.79170760827974 63
65.70918541763481 63
66.24081636415353 63
65.94915040623249 64
66.12710656213136 63
66.01426466437599 64
66.26003423070972 63
66.28742795127131 64
66.47799477384306 64
66.5964344301434 64
66.77547922761383 64
66.87642116713019 64
66.8494969892719 65
67.29964789787027 64
67.03410221771684 65
67.17155481304887 65
67.28209075122324 65
67.31788838079467 65
67.6089589687164 65
67.59379741356028 66
67.67178884329076 65
67.74812597403685 65
67.92649374675403 65
68.13718334047252 66
68.27437295136559 66
68.18332362472346 66
68.32191150712296 66
68.6450273583216 66
68.63880436223229 66
68.78330388981655 67
68.8477499506074 67
68.97343580587511 67
69.0327928095773 67
69.13247132408688 67
69.40501504745058 67
69.45108512487276 67
69.8228409097886 67
69.67145053190185 67
69.87332443300559 68
69.80964053285456 68
69.92711751941744 68
69.97454262813459 68
70.01923645186262 68
69.96531174322931 68
70.18181557865793 68
70.17463516499018 68
70.31253646072088 68
70.27120673128285 68
70.4053632498245 69
70.7448088615454 68
70.64142321067078 69
70.77606529578314 68
70.75560590099397 69
70.98610824743358 69
71.14595335576604 69
71.10451261093814 70
71.21473134216069 69
71.46858166261845 70
71.43954436060226 69
71.6026792203496 70
71.68628580808124 70
71.89421459322877 70
72.00771966442296 70
72.23633188251767 70
72.4343582672159 71
72.58754458202127 71
72.63688686639036 71
72.8084365813912 71
72.84678299988047 71
72.90857702041552 71
73.11136073970421 71
73.09777872083671 71
73.14731651240766 71
73.17160938013288 71
73.41586917759392 71
73.47618878765422 71
73.66465440554917 72
73.70123062176104 72
73.71255547811677 72
73.79418214284509 72
73.9429271252942 72
74.0275002003773 72
74.0745330464297 72
74.16178416198834 72
74.21847977838736 72
74.23618224473569 72
74.3562958365574 72
74.35851177966313 73
74.4860841831272 73
74.57048992830454 72
74.62657350321561 73
74.7420902924543 73
74.83264325980471 73
74.79831471941897 73
74.91503748751168 73
74.97625556997988 73
75.04834624600741 73
74.98902924310975 73
74.98772952300193 74
75.02204287022721 73
75.02835013278272 73
75.1348380345205 74
75.07934114098386 73
75.07587079428056 73
75.35774121160395 73
75.46884565880009 74
75.39810657672683 74
75.54780587583167 73
75.65533336500026 74
75.68358012888612 74
75.96203470672354 74
76.04360937325751 74
76.00594536713174 74
76.0907040551745 74
76.16770271371993 74
76.2610792778594 74
76.2877664550063 74
76.27185300563927 74
76.4333108685236 74
76.40297745767974 75
76.37551938688298 75
76.45960988168389 75
76.60544538587138 74
76.52684966876105 74
76.5061489379481 75
76.7053433905831 75
76.70197988566738 74
76.64834375394317 75
76.80873972804605 75
76.88370233338011 75
76.72299545116726 75
77.09247552567332 75
76.92500292324364 75
77.0497208720661 75
76.92719763796774 75
77.01481552191933 75
77.16084774189208 75
77.05234234854879 75
77.06366167830647 75
77.0839259648714 75
77.15252129189334 75
77.05120644167351 75
77.16804922183145 75
77.29137480626116 75
77.29516736149407 75
77.697342790101 75
77.71990858626995 75
77.80279713123927 76
78.31010964498526 76
78.086761968021 76
78.15095592764607 76
78.22345978294202 76
78.00008956057786 76
78.40067321084692 76
78.38609700589474 76
78.31850387599063 76
78.50275589059382 77
78.48621459140251 77
78.81968612454824 77
78.83015345736302 77
79.0931268863981 77
79.23357336129993 77
79.25275155265226 78
79.44880973590637 77
79.39900076740416 78
79.47728275637827 78
79.46879071189709 78
79.46131458173161 78
79.45464787541059 77
79.53621102957757 78
79.64236352325884 77
79.5874846146872 78
79.59368653094566 78
79.84860706247974 78
79.94203289245513 78
79.96020463427388 78
80.30422864345871 78
80.35582572703866 78
80.46547515580293 79
80.62788194024891 78
80.70728241036164 79
80.72032710813068 78
80.81337977956994 79
80.773528795081 79
80.91771235004366 79
80.92573506462533 79
80.97712453342521 79
81.02970689347146 79
80.98996712763643 79
81.04118952472957 79
81.10208895840495 79
81.16622835589148 79
81.28094612911497 80
81.38408114200277 79
81.60230281775416 80
81.63813744173913 80
81.59508698730605 80
81.67255912862996 80
81.72075549651704 80
81.80357822148787 80
81.8451386832221 80
81.87180526412548 80
81.98860611007707 81
82.03155922004638 80
82.02687550224162 80
82.06506179578462 80
82.35941881590038 80
82.36852534099324 80
82.3840511962916 81
82.34981947092223 81
82.37521708111362 81
82.42053714838522 80
82.3937027714604 81
82.37849426017335 81
82.43751191717658 80
82.45412635944173 81
82.5434787468594 80
82.54556023748586 81
82.64701089804852 81
82.77739734048257 81
82.94925269019288 81
83.2467575424698 81
83.64947405994394 82
83.61648355155127 82
83.65876026586585 82
84.31856969570654 82
84.98230579644803 83
85.56475149323954 83
85.8579202225684 84
86.29586464193558 84
86.3534048510402 85
86.34908004802676 85
86.6143696629479 85
86.62838570499676 85
86.79174116392687 85
87.35317749723038 86
87.42304918231278 86
87.51100467584673 86
87.77386515349424 86
88.01407018399784 87
88.32376753996435 87
88.59620200109208 87
88.68421501807194 87
88.93269367105327 87
89.10732322919388 88
89.18450016080503 88
89.32353134094816 88
89.67833412187261 88
89.79436586030805 88
89.78623632863054 88
89.84192189102126 89
90.02764516223823 88
90.21594804790035 89
90.55648782242551 89
90.61004193162367 89
90.62815688745816 89
90.77347866638104 89
90.9867248994281 90
91.037307642991 89
91.1022291031139 90
91.14243500560148 89
91.29325425167616 90
91.4429312904002 90
91.53577531183734 90
91.73037205375815 90
91.83542168682155 90
91.96028345610556 90
92.03839490424735 91
92.17870332069018 91
92.2648350226445 90
92.36916440420597 91
92.49930405865494 91
92.59058908960685 91
92.55854042494501 91
92.59207290091416 91
92.61754018817014 91
92.64454418261396 91
92.80613773895563 91
93.02972698964054 92
93.12763288131433 91
93.27685811975347 92
93.52069004421061 92
93.71368445146939 92
93.71549260003535 92
93.73946798316493 93
93.84371914759528 92
93.9840961803327 93
94.16109108585576 93
94.53565115980686 93
94.66821109573661 93
94.71634821194246 93
94.7246073687293 94
94.80151280441864 93
94.83857667879091 94
94.92392857845793 93
95.04645740742293 93
95.30398432622296 94
95.54919722612382 94
95.67644243840614 94
95.80950231616154 94
95.8566428695477 94
95.93529268872255 94
96.02097745960242 95
96.17114902983351 95
96.30687140522627 95
96.41852163895119 95
96.6228063753353 95
96.7516581504403 95
96.83055185627664 95
96.86315931159139 96
96.92702240373474 95
97.09358396948461 96
97.23464116622098 96
97.23012293486352 96
97.34740294670205 96
97.46710925964328 96
97.62082507224258 96
97.7507855438983 96
97.74175709262803 96
97.7526732318162 96
97.96582927723462 96
97.96024851820222 96
98.26604122604492 96
98.30203829758122 97
98.30912186498568 97
98.34546063023399 97
98.4613809819277 97
98.54457149953089 97
98.56941671709265 97
98.58988957226947 97
98.66309954982042 97
98.83617302244147 97
98.89265968772168 98
98.98372182832719 98
99.11394842611088 98
99.28566765505587 97
99.46514614607759 98
99.55922210929967 98
99.79192545158652 98
99.86036810662165 98
99.97257140148369 98
100.10636696564298 99
100.24065315781982 99
100.24067737858074 98
100.29926272444355 99
100.29039462067173 99
100.36092106548668 99
100.45709567671298 99
100.4898576294184 99
100.56875566445825 99
100.65781903798823 99
100.75328865464185 99
100.88305547957196 100
100.92184043343377 100
101.02842817201291 99
101.03542282809333 99
101.05547760859501 99
101.09701734070568 100
101.10588701240468 100
101.14842787254526 99
101.19659832884035 99
101.18219388526684 100
101.25825975436653 100
101.30167703535626 100
101.30505892336966 100
101.33265816138403 100
101.35069710238335 100
101.39555576188963 100
101.43974577462338 100
101.40755394159197 100
101.41950033550584 100
101.41389534790159 100
101.41576415502267 100
101.43354195776487 100
101.44433251583142 100
101.45561174169077 101
101.49800066670485 100
101.47032325975348 100
101.49317980377843 100
101.49139413545326 100
101.49002213796429 100
101.49833155351122 100
101.50090161337272 101
101.4991940373739 100
101.53534791432637 100
101.49860988995896 100
101.52827397882275 100
101.53140713190646 100
101.53047219861645 100
101.53521147370505 100
101.52954901485768 101
101.52321530474629 100
101.5526628811123 100
101.5230010344895 100
101.552149956574 100
101.56574145598107 100
101.53149327653956 100
101.52397055326246 100
101.5104803537177 100
101.49375592149276 100
101.51528196438399 101
101.48551026765955 100
101.51389766398664 100
101.52926984750763 100
101.52588012001034 100
101.5184832177677 100
101.51256895233315 100
101.49157291274152 100
101.51678560928292 100
101.48514069657372 100
101.50183670982918 100
101.51396393695143 100
101.50221049879266 100
101.49914152651107 100
101.48788960422218 100
101.47061494802065 100
101.49719630702025 100
101.46988009909936 100
101.48089587963545 100
101.50156578373026 100
101.49064171962682 100
101.48671686251748 100
101.48305341064041 100
101.47083954191145 100
101.49606575755296 100
101.47281534451923 100
101.49890064029381 100
101.50752950445698 100
101.50005172529407 100
101.49576006376556 100
101.48125183038286 100
101.46703304568658 100
101.49810158336757 100
101.47246779557952 100
101.50012957229144 100
