26.326134130785285 32.0
26.208350367601632 32.0
26.474071156238253 32.0
25.96250657618794 32.0
25.676298394492406 31.0
26.141277950173844 32.0
25.792641705510107 31.0
26.144406403197642 31.0
25.759214439525735 32.0
26.193589422288476 31.0
25.82666969996287 32.0
26.110310852544863 32.0
25.804658008330605 31.0
25.854824259130893 31.0
25.67432259008141 32.0
25.863340287582787 31.0
26.01956574504436 31.0
25.71915393779574 31.0
25.90940584962118 31.0
25.934473412454324 32.0
25.837744715680778 31.0
25.985031927015342 32.0
26.000238552693943 31.0
25.700597998894118 32.0
26.058180713644077 32.0
26.51842280611885 32.0
26.002718598620483 32.0
26.017912627196523 32.0
25.981811237011577 31.0
25.59811906311087 32.0
25.775597364942897 31.0
25.961525253650194 32.0
25.79275942008657 32.0
25.951274323920828 31.0
25.766848440496766 32.0
25.900185167067534 31.0
25.497391119682057 32.0
25.701477881315782 32.0
26.05018948201834 32.0
25.991036502331617 31.0
25.82207318739156 32.0
26.219448159894988 31.0
25.84359234833248 31.0
25.714410525548573 31.0
26.014554693881053 32.0
25.744795452378654 32.0
25.799435865592628 32.0
26.030221092561668 32.0
26.134506350380427 32.0
25.918213624162235 32.0
25.603963036732047 32.0
25.858422880897734 32.0
25.798148588563862 31.0
25.613867992448036 31.0
25.482972533348978 31.0
25.739235580687648 31.0
25.96872110117556 31.0
25.938488276786067 31.0
26.044832991477882 32.0
25.628497691703714 32.0
25.771225571698444 32.0
25.98854370352599 32.0
25.809242665055976 32.0
26.080446336255683 31.0
25.958614111025227 32.0
25.654100151086865 31.0
25.690092523981967 32.0
26.121356295435284 31.0
25.976260248416203 31.0
25.879113507339397 32.0
25.82433937433585 32.0
25.707860328020978 31.0
26.11666095601263 31.0
25.961806691610157 31.0
25.777340036883416 32.0
25.614294527226207 32.0
25.805401215550496 31.0
25.954182055490747 32.0
25.607276158225538 32.0
25.657581876250397 31.0
25.763954913519484 31.0
26.126052668769155 32.0
26.083001077723836 32.0
25.868544350573828 31.0
25.931317955014066 31.0
25.926089010921388 32.0
26.330461435674373 32.0
25.983297712947824 32.0
26.168499276347923 31.0
25.863791610935493 31.0
25.892704301952527 32.0
26.060725314106897 31.0
25.782717972077904 32.0
25.689559126264257 31.0
26.15649231447098 32.0
25.432581475630357 31.0
25.741174514455913 31.0
25.80587001699034 32.0
25.854548321751068 32.0
25.936516122361283 32.0
25.66347645720606 31.0
25.98660724096623 31.0
25.855562106222557 32.0
25.88084558501825 31.0
25.81363036387002 32.0
25.721193760644866 31.0
26.013310124720853 31.0
25.88723395606373 32.0
25.618592962430156 32.0
25.70147644195935 31.0
25.722344817684757 32.0
26.166868488097755 32.0
25.76354411239413 31.0
26.281219576435348 32.0
26.247575606524762 32.0
25.86018627756237 32.0
26.067230756884925 32.0
26.158422163183886 32.0
25.896524308558455 32.0
26.20928777775334 32.0
25.948681707351184 32.0
26.12263392052231 31.0
26.286848573201034 32.0
26.375545256638425 32.0
26.284045016547253 33.0
26.37421466297419 32.0
26.524210164696882 32.0
26.623250518119313 33.0
26.722366105996592 32.0
26.698008777074875 33.0
26.678515018461752 32.0
26.77481775643362 33.0
26.868586788118314 33.0
26.880862695016532 33.0
27.292217134990324 33.0
27.220405268289944 33.0
27.386118737404317 33.0
27.147643220699436 33.0
27.36958870716458 33.0
27.708405505299822 34.0
27.86633651390386 34.0
28.10769918266419 34.0
27.947856986465503 34.0
28.239890612560124 34.0
28.56228932645373 35.0
28.60216610336949 35.0
28.873568396835708 35.0
28.96383027628825 36.0
29.22143147219738 35.0
29.4042207992201 36.0
29.827003986050123 36.0
29.856656202942133 36.0
30.15570423290631 36.0
30.061796302976553 37.0
30.315903488139107 37.0
30.494132692144063 37.0
30.726698180121765 37.0
31.222406016553784 37.0
31.4562722278165 38.0
31.64186541355906 38.0
31.66681192642848 38.0
32.053553815004946 38.0
32.472866211554646 39.0
32.52344992750862 39.0
32.90132973568284 40.0
33.05189756852465 40.0
33.33430035411821 40.0
33.603181989759996 40.0
33.86572126253264 40.0
34.160810683334006 41.0
34.373123223467665 41.0
34.57894331254343 41.0
34.70837165573026 41.0
35.000477050806 41.0
35.40864752764158 42.0
35.5955600865551 42.0
35.83219187027721 42.0
36.20187678265948 43.0
36.49334435762478 43.0
36.79251588598541 43.0
36.83084708860972 43.0
37.21150598055026 44.0
37.48525700505464 43.0
37.71651798770294 44.0
37.91088767377543 44.0
38.26180479667579 44.0
38.604325713783375 45.0
38.739551112613455 45.0
38.9953100330282 45.0
39.27618946336812 45.0
39.54531623421553 46.0
39.74792699768442 46.0
40.085724815946406 46.0
40.25353178055423 47.0
40.543381600645134 46.0
40.77674897530147 47.0
41.06849249218603 47.0
41.242528060821854 47.0
41.61822044383777 48.0
41.79342545431399 48.0
42.03697722893716 49.0
42.304975478740495 48.0
42.61475477947366 49.0
42.79437253142526 49.0
42.99537974594878 49.0
43.262172572500866 49.0
43.5179584532668 50.0
43.77896336432216 50.0
43.9951466330297 50.0
44.25899840977962 50.0
44.49208708926221 51.0
44.689951306026686 51.0
44.91902820214477 51.0
45.2021838532187 51.0
45.40224600678177 51.0
45.63688907045017 52.0
45.84274524991991 52.0
46.0809401950052 53.0
46.33626691153943 53.0
46.59331002436085 53.0
46.80323755117727 53.0
47.03260027429793 53.0
47.25651536463783 53.0
47.41135026074855 54.0
47.66717502251619 54.0
47.90762313501153 54.0
48.17626886320633 55.0
48.370883558311604 54.0
48.59894891487674 55.0
48.822996015865655 55.0
49.0283935075109 55.0
49.230973522202106 55.0
49.47263869927614 56.0
49.671385627136075 56.0
49.88154776173619 56.0
50.12449268656613 56.0
50.34297541379227 56.0
50.536187646414795 56.0
50.74675275389796 57.0
50.93989672629789 57.0
51.178725881768514 57.0
51.375083782648176 58.0
51.579490176471 58.0
51.79047586878601 58.0
52.00260115302095 58.0
52.20969040958187 59.0
52.4044980243804 59.0
52.62555631490354 58.0
52.83308979510003 59.0
53.04477690694602 59.0
53.21931976697877 59.0
53.439506943610006 59.0
53.639832876645805 60.0
53.843348867136655 60.0
54.03093138128032 60.0
54.23734044818031 61.0
54.441170759823045 61.0
54.64009775148385 61.0
54.80343356032734 61.0
55.01979997143291 61.0
55.22597598324233 62.0
55.41337875450886 61.0
55.61512270588267 62.0
55.804173208807896 62.0
55.99581492317711 62.0
56.19178739477218 63.0
56.35875153977079 63.0
56.57152183742558 63.0
56.74733747138754 63.0
56.936416279718586 63.0
57.139448982424426 63.0
57.321195058134535 64.0
57.50285486584065 63.0
57.68504504954396 64.0
57.8687968804966 64.0
58.064289468591326 64.0
58.23581820687506 65.0
58.426308905798976 65.0
58.61231636878895 65.0
58.788794527228546 65.0
58.97556632459741 65.0
59.15455288877126 66.0
59.32815813563739 65.0
59.510666604465925 66.0
59.68935653131571 66.0
59.85817168440751 66.0
60.04467584644486 66.0
60.22263361732688 67.0
60.391688721802254 67.0
60.57525516245313 67.0
60.74990368279983 67.0
60.91997179691356 67.0
61.09980189571079 67.0
61.267385623640706 68.0
61.438661507103134 68.0
61.61446124751073 68.0
61.78727099383384 68.0
61.95368849911332 68.0
62.130412567706486 69.0
62.30005227777544 69.0
62.46290013446669 69.0
62.64215850201727 69.0
62.80872430125575 69.0
62.97414462665216 70.0
63.140040810425646 69.0
63.30990003134224 69.0
63.471254325231804 70.0
63.63951074199039 70.0
63.80677957152128 70.0
63.96907234990417 70.0
64.13514883912141 71.0
64.29248116149235 70.0
64.45830164882179 71.0
64.62206976685266 71.0
64.7835103111104 72.0
64.94151881537427 72.0
65.1049305840962 71.0
65.26579468657012 72.0
65.42485169757876 72.0
65.58251709070936 72.0
65.74430613704459 72.0
65.89818680365958 73.0
66.05756718744946 72.0
66.21115318192116 73.0
66.3746044536879 72.0
66.52143510931697 73.0
66.68296199839344 73.0
66.8334321405115 73.0
66.98164324479805 73.0
67.1408040034018 73.0
67.29191484317792 74.0
67.43774756855015 74.0
67.59124864543612 74.0
67.7392178246495 74.0
67.88932013960846 74.0
68.03319291772371 75.0
68.1669394845001 75.0
68.27381704812584 75.0
68.37761360012055 75.0
68.5038789625296 75.0
68.63920043499165 75.0
68.7795918316769 76.0
68.91585502119688 75.0
69.05808985374081 76.0
69.20270178502312 76.0
69.34575883824971 76.0
69.48876057648351 76.0
69.62962854746527 76.0
69.7725301562632 77.0
69.91566180284245 77.0
70.05936555914477 77.0
70.19903633233577 76.0
70.34379837526015 77.0
70.48386857162713 77.0
70.6262959774967 77.0
70.76437556659411 77.0
70.90583878711425 78.0
71.04268591912387 77.0
71.18348946039183 78.0
71.32581201602726 78.0
71.46554996583615 78.0
71.60225782198648 78.0
71.74169911415065 79.0
71.8818544766579 79.0
72.01992539778564 78.0
72.15350252957026 79.0
72.29355218459916 79.0
72.43097863068337 79.0
72.56941464239625 80.0
72.70354289054725 79.0
72.84358816958955 80.0
72.97781727377946 80.0
73.11199202737114 80.0
73.2466876639036 80.0
73.38171012007984 80.0
73.5176302600215 80.0
73.64927115154731 81.0
73.78122678190411 81.0
73.91147942090461 81.0
74.03832396910292 81.0
74.1669880318672 81.0
74.29655424366747 81.0
74.42545074079864 81.0
74.55560785208506 81.0
74.68488192727852 82.0
74.81295280805814 82.0
74.94149459338098 82.0
75.06944650061403 82.0
75.19600362835962 82.0
75.3259228866089 82.0
75.45013153722698 82.0
75.57796210474349 83.0
75.70311904037318 83.0
75.82997849677598 83.0
75.95509862781327 82.0
76.08216430617027 83.0
76.20703034742381 83.0
76.33411175623058 84.0
76.45957716183725 84.0
76.58239169483423 83.0
76.70780545038295 84.0
76.83196343268126 84.0
76.95637710981248 84.0
77.07981126050498 84.0
77.20433873657417 84.0
77.32843089198452 84.0
77.45127784396463 85.0
77.57546299852615 84.0
77.70038016003893 84.0
77.82071782130392 85.0
77.94297500006265 85.0
78.06436203599279 85.0
78.18631644935346 86.0
78.30728728113841 85.0
78.42790148065136 86.0
78.5496673278038 86.0
78.67085134222012 85.0
78.7911053213409 86.0
78.91217013206679 86.0
79.0346997719965 86.0
79.15475787542545 87.0
79.2745446616872 87.0
79.39513298812378 87.0
79.51608230415478 87.0
79.6352628888039 87.0
79.75415408205218 87.0
79.87294269983417 87.0
79.99423306991116 87.0
80.11417813326226 88.0
80.23260704174507 88.0
80.3536223410724 87.0
80.47316647790618 88.0
80.5923916656223 88.0
80.71029065196706 88.0
80.82810386955258 88.0
80.9479827950679 89.0
81.06608520237538 89.0
81.18537065556747 89.0
81.3050067800516 89.0
81.42292591122884 89.0
81.54058405319087 89.0
81.66039321799353 89.0
81.77778441641316 90.0
81.89876099659939 89.0
82.01475630467351 89.0
82.13733812070365 89.0
82.25623077613494 90.0
82.37758982644264 90.0
82.4970862403785 90.0
82.61641930744071 90.0
82.73608384210631 91.0
82.85450549311099 91.0
82.97497151926305 91.0
83.09613040295584 91.0
83.21614301034529 91.0
83.33740182210582 91.0
83.4582001035002 91.0
83.58111440717862 91.0
83.70501041291959 92.0
83.82845400330683 91.0
83.95111030192534 92.0
84.07254196304707 93.0
84.19531038682851 92.0
84.32469090433068 93.0
84.4446348230874 93.0
84.56837833720488 93.0
84.69703797470268 93.0
84.82493491985323 93.0
84.95214083046598 93.0
85.08134178634296 94.0
85.21283265832218 93.0
85.34249265477075 94.0
85.47613424246371 94.0
85.60945884950134 94.0
85.40645219741641 95.0
