95.50273937697185 2
32.52915153100304 2
32.53335868436658 2
31.881368895004982 2
33.18867068686917 2
32.331847403019395 33.0
32.92406112969992 32.0
32.78414279838847 33.0
32.45048604891712 33.0
32.61762755439237 33.0
32.721662960409574 33.0
32.50849461729087 33.0
32.62277862056306 33.0
32.462672173322474 33.0
32.51084956981115 33.0
32.29665742886358 33.0
33.00277852841185 33.0
32.17256816277553 33.0
32.97625568817478 33.0
32.84790745730753 34.0
32.70900557869615 34.0
32.19375468545554 33.0
32.12854945711603 33.0
32.575211506605555 32.0
33.02197766580027 34.0
32.397373987819876 33.0
32.24276196410596 34.0
32.2728285313271 33.0
32.30649095672824 33.0
32.516491234194504 33.0
32.608770644290566 33.0
32.840545732265085 33.0
31.989772132577023 34.0
32.50183008693185 33.0
32.193406711178234 33.0
32.731951425663524 33.0
32.93554370716568 33.0
33.24258755598195 33.0
32.0853657824569 34.0
32.42324710130843 33.0
31.937743199616797 34.0
32.027739052452006 33.0
32.28810282526393 33.0
32.20701135505432 33.0
32.52685807365354 33.0
32.706484952526445 33.0
32.487049203481845 33.0
32.69131501716082 33.0
32.065397080765564 34.0
39.85094829832065 33.0
34.063192602308995 40.0
32.781087512497784 37.0
32.22953542046725 35.0
32.82915344147308 34.0
32.15056466135279 34.0
32.264732732025294 33.0
32.177275335734954 33.0
32.55572485334284 33.0
32.49072966950786 33.0
32.621284261775024 33.0
32.49481818893621 33.0
32.19351678885401 33.0
32.3717464947982 33.0
32.014961186349154 33.0
32.34751562212218 33.0
32.15763157793049 33.0
32.38816046703512 32.0
31.981256562756442 33.0
32.536866237746814 33.0
32.49234441003992 33.0
32.14470050077322 33.0
32.303557624820876 33.0
32.327669909126875 33.0
32.453373275811224 33.0
32.70270880301611 33.0
32.73069188307291 33.0
33.026147876971635 33.0
32.54247132412798 33.0
32.61187695548319 33.0
32.963706923802974 34.0
32.807112098271084 34.0
32.703654884022214 34.0
32.10470469776264 34.0
32.551044474568194 33.0
32.74376958003199 33.0
33.74695113038539 33.0
33.64215414234764 33.0
32.69152482177519 34.0
32.82924834923662 33.0
33.16124732160571 34.0
33.15435821838619 34.0
33.24821280596472 34.0
32.75239384495524 34.0
33.123696274586614 34.0
32.71319765500053 33.0
33.568601209301015 33.0
32.83194659502511 33.0
33.3959693580506 34.0
33.4822462632043 33.0
33.39149042579626 34.0
33.3101005504125 34.0
33.49381631718078 34.0
33.139546058883944 34.0
33.29299586350452 34.0
33.21020301681102 34.0
33.30429537008996 33.0
33.68230951889272 33.0
33.32606249151828 34.0
33.32183261846962 33.0
34.00902574041805 34.0
33.496418801730464 33.0
33.49292531069086 33.0
33.63019087534279 33.0
34.29870922676433 33.0
34.339070830012695 33.0
34.45743038956083 34.0
34.88202465677638 34.0
35.26392753013556 34.0
35.23168070268746 34.0
35.17828971413013 33.0
34.98842746841916 34.0
35.33800666896157 33.0
35.23070055404059 33.0
35.64474980425261 33.0
35.51119215155115 33.0
36.48365210150793 34.0
36.21565695841213 34.0
36.308587607844096 33.0
36.58047227705798 33.0
37.34559126249278 34.0
37.53318268448167 34.0
37.368381692378165 34.0
37.26012031409596 33.0
38.1043568708596 34.0
38.50721819541423 35.0
38.280461323007856 35.0
38.633151708035136 35.0
39.48680562682691 35.0
39.33783584794352 35.0
39.92211174312632 35.0
40.251941628197976 35.0
40.266715032289355 35.0
40.89655463715709 35.0
40.58994751951607 35.0
41.127972041864886 36.0
41.49953219111987 35.0
41.823767949860446 36.0
42.95922414296971 35.0
41.72853581897209 37.0
42.640462469777894 36.0
43.226261054114836 37.0
43.758639662723354 36.0
44.026773450393875 36.0
43.91286077678562 37.0
44.62492511826114 37.0
45.06903015915532 38.0
44.82498382325671 38.0
45.3397796300384 39.0
46.0941079250971 39.0
45.948260679772886 38.0
45.844447513904726 39.0
46.65216785091705 39.0
47.166634873910326 39.0
47.41551824023762 39.0
47.206617330219395 40.0
47.846867647874916 40.0
47.97297694344136 41.0
48.57009243868518 41.0
48.80317043725125 41.0
49.487011785568384 42.0
49.383259981321345 43.0
49.46044685431081 42.0
49.748210125473946 43.0
50.80641209789721 43.0
51.16562353853167 43.0
51.03821748442446 44.0
51.32570319214132 44.0
51.00561040273306 43.0
51.56003507193432 44.0
52.08892458421534 44.0
52.008608222131905 45.0
53.53885551967686 45.0
53.09532848723602 45.0
53.69537098932936 46.0
54.1785165004693 46.0
53.474548414913535 47.0
54.066087821513825 47.0
53.63421524352903 47.0
54.5554112143063 47.0
54.805158123633326 47.0
55.441470493063775 48.0
55.77211064808122 48.0
55.68226892321306 49.0
55.423507630997484 49.0
57.12774445526083 48.0
55.917696589559895 49.0
56.52383120239364 49.0
56.88824370952515 49.0
57.08523366338772 50.0
57.211477966263196 51.0
58.27386673310448 50.0
58.28971472155583 50.0
58.68062665707832 51.0
58.41533229349971 51.0
58.78967832135821 52.0
59.26399128274422 51.0
59.29557319721152 52.0
59.738677089448935 53.0
60.18222542831508 52.0
59.97871252432839 53.0
60.314746402136464 54.0
60.72557317125503 53.0
60.934288482513814 54.0
60.62340172513427 54.0
60.895448773475835 54.0
61.04748202942162 55.0
61.84664770784314 55.0
62.31274050368512 55.0
62.50891808557205 55.0
62.45731431787671 55.0
63.17644572637211 56.0
63.259898370526 56.0
63.99851615536539 56.0
63.67902999126696 56.0
64.07099969210327 57.0
64.0620687189055 56.0
64.31338070820595 57.0
64.47469567626494 57.0
64.38419959440071 57.0
64.61153289150798 58.0
64.8958132580236 58.0
65.27614153056219 58.0
65.15690511500638 58.0
65.98482473558872 58.0
65.75487335373982 58.0
66.20655043950966 58.0
67.01215437105546 59.0
66.46123848629756 59.0
66.76580042296699 60.0
66.72485975682568 60.0
68.06600435600377 60.0
67.9781372676268 61.0
67.46407585524835 61.0
67.70885317775742 61.0
68.23189486904444 62.0
67.59877562170914 61.0
69.09186410104783 61.0
68.53548321197249 61.0
68.79835931373572 61.0
69.44790171742767 62.0
69.86948576556668 62.0
69.75407269169256 62.0
70.06208632921536 63.0
69.95898653473172 63.0
69.77202735630506 63.0
70.51927003847514 64.0
70.82583559437082 64.0
71.45318206558903 64.0
71.15444275894073 64.0
71.53054664019112 64.0
71.50352281191408 65.0
71.31640968258151 65.0
71.89768473585755 65.0
72.64696521534816 65.0
72.53716907705856 65.0
73.04514355731212 65.0
72.59110374265893 65.0
73.1206379711253 65.0
72.8005644085016 66.0
72.96034184601052 66.0
73.52876784261343 66.0
73.18230542505935 67.0
73.9054491639333 67.0
74.86296357020566 66.0
74.05231394701356 67.0
73.90214030976666 68.0
74.47684703673421 68.0
74.93830958635054 68.0
74.81180053838506 67.0
75.58705451926906 68.0
75.19492901904523 69.0
74.97843963530781 69.0
75.74402013288199 69.0
75.77183263687077 69.0
76.1519664331136 69.0
76.59287704689656 69.0
76.67443948399756 69.0
76.22208532253651 69.0
76.21593754725022 69.0
77.4691283395369 70.0
77.34248202222854 70.0
77.1722024837527 70.0
77.01222274201666 70.0
77.77033086082513 71.0
77.66372511945885 71.0
77.79535271335446 71.0
78.20827813050468 71.0
78.60040063909354 72.0
78.40765294368924 71.0
78.53976084962372 72.0
79.27133636895768 71.0
78.3170701115123 71.0
79.64464165964121 72.0
79.30650260126771 73.0
79.9058110592342 73.0
80.22532505801306 73.0
79.40093278041061 73.0
79.8295072370002 73.0
80.0034387725546 73.0
80.26960809144794 74.0
79.84159120133613 74.0
80.41081400806361 74.0
80.89455601436445 74.0
80.86723119445867 74.0
81.24288016846313 74.0
81.00746610530794 75.0
81.93560465788084 75.0
81.09063984326234 75.0
81.99150366328291 75.0
81.71025254461459 75.0
82.6185581701344 75.0
81.91729850899853 76.0
82.26251100348088 76.0
82.38035047299044 76.0
82.62061940354485 76.0
82.69058996136316 76.0
82.87336992758839 76.0
83.07833918453136 77.0
83.36739233037261 77.0
83.33757936417506 77.0
83.91143389938524 77.0
83.42665468213426 78.0
84.32152273472067 77.0
83.82284432163544 78.0
84.34988251097931 77.0
85.2017257756672 77.0
84.94001454125005 78.0
85.3334632915106 78.0
85.3001560890881 79.0
85.42777534487476 79.0
85.69938267336491 79.0
85.66715723337094 79.0
85.70778183817217 79.0
85.81897052420602 78.0
85.30478905467093 80.0
86.56317763088056 79.0
86.57807182099513 80.0
85.90828531866273 80.0
86.55788123337769 80.0
86.26106253247573 80.0
86.34077538938288 80.0
86.70752775371398 80.0
87.2387688488432 81.0
87.51923651195878 80.0
87.73905769897083 80.0
87.75537996264731 81.0
86.36517058983897 81.0
88.33088621469724 81.0
87.87441091564384 81.0
87.80334994348989 81.0
87.68764642855237 82.0
88.53372482172155 81.0
88.35737907845566 82.0
88.11114647489862 82.0
88.96757754389117 82.0
89.13885355195329 82.0
89.00415867566294 82.0
89.37745136749696 83.0
88.424088487845 83.0
89.3718812815385 82.0
89.60235409044678 83.0
89.52199749759522 83.0
90.41049106691598 84.0
89.68893646387387 84.0
90.23401794678719 84.0
90.41829920612665 84.0
90.81447228986053 84.0
91.1628419300515 84.0
90.16712771800348 84.0
91.39579066626372 84.0
91.36304628289338 85.0
90.81215215514578 85.0
91.05484248162513 85.0
91.51879112267433 84.0
91.68948191207463 85.0
91.94895002332927 85.0
92.09908211629545 85.0
91.74352599242839 85.0
91.71238093775958 85.0
91.76475217627899 86.0
92.27805001195047 86.0
92.22407644804184 86.0
92.46824397614148 86.0
93.00395317632194 86.0
92.29558207246338 86.0
92.95987779368804 87.0
93.04140922173463 87.0
93.18170775183896 87.0
93.48033833052662 86.0
93.790081133929 87.0
94.41420542637901 87.0
93.47654027018025 88.0
93.5675918993028 87.0
94.14928622664628 88.0
93.91287046989837 88.0
93.91019434229796 87.0
93.68192827325754 88.0
94.05012355140246 88.0
94.25124053789904 88.0
94.62907552008073 88.0
94.03514672082187 88.0
94.998103636938 88.0
94.77636989618046 88.0
95.48311976529575 89.0
95.00321454897733 88.0
95.24723076884872 89.0
95.53568002146001 89.0
95.6834173863901 89.0
96.6862503569909 89.0
95.432663528494 89.0
95.87438877328978 89.0
95.59347462734617 90.0
96.21770431962452 90.0
96.58646418230771 90.0
97.01579305953496 90.0
96.64378888026543 90.0
97.05416051294625 90.0
97.1052716484568 90.0
96.46066195561055 91.0
96.29663596684395 90.0
97.3038545062849 91.0
97.12186704912297 92.0
96.9778993719957 92.0
97.37543667032936 91.0
97.31380771177615 92.0
97.77248663004447 92.0
97.25432297140034 91.0
97.5790165944129 92.0
97.61453559183109 92.0
98.22783969569693 92.0
98.6612612981268 93.0
98.66463619527303 92.0
98.25156706478677 93.0
98.38519965856663 93.0
98.432611129374 93.0
98.75259127907208 92.0
99.03868314343524 93.0
98.54368122476694 93.0
98.77617772788079 93.0
98.72972003057649 93.0
99.21476724209458 94.0
99.12030424548107 93.0
99.68794593507937 94.0
99.85452143053925 94.0
99.48849560191545 94.0
99.11916791885818 94.0
99.58437914359912 95.0
99.25457402617599 95.0
99.55252345459375 94.0
99.56617904519301 95.0
99.7528184395235 95.0
99.87872717047509 94.0
99.67738139855199 94.0
99.8209135096039 95.0
100.09166984342471 95.0
100.04969880691053 96.0
100.10478536753382 95.0
100.25982160366294 96.0
100.32066134328886 95.0
100.41202779804323 96.0
100.56261380036499 96.0
100.53414909906274 96.0
100.46483735190147 96.0
100.78056847174012 96.0
100.71363945192104 97.0
100.49485637554903 96.0
100.56416920756432 97.0
100.77991200785563 96.0
100.60788404464591 97.0
99.75615961761766 97.0
66.45159261015999 94.0
98.6620770296518 89.0
40.38820170769001 82.0
95.93920900167903 77.0
95.87941484640754 72.0
33.87597179508153 66.0
