59.445172186126634 35.0
57.28156855218708 34.0
53.21369670338605 34.0
54.37601079373648 34.0
57.45853832211535 33.0
57.28734228982984 45.0
52.25228397060663 44.0
50.8799459906985 40.0
48.823504618931054 38.0
54.54360750970709 37.0
51.48033880542645 39.0
51.76009090663409 37.0
49.921909198569814 37.0
54.12616533764137 44.0
55.943052920459074 54.0
56.16021850698642 55.0
55.900994619672204 54.0
54.61919034912747 55.0
54.84649881314198 55.0
54.94592413132682 55.0
56.73538344765706 55.0
56.781152671187094 55.0
59.676011481216904 57.0
59.90752531010472 60.0
60.04333632913568 60.0
60.201297877619936 61.0
59.89959597645241 61.0
60.64381952837352 62.0
61.46044739218016 61.0
60.947634986172204 62.0
60.98362291444015 62.0
61.192750659721725 62.0
61.263627502430936 62.0
61.63560741674775 63.0
61.8025320197854 63.0
62.00223773875302 63.0
62.13333751208563 63.0
62.535373216080735 63.0
62.303948782955715 64.0
62.49853938004112 63.0
62.681841999521616 63.0
62.71745419204086 64.0
62.89923805209328 64.0
63.04836713272109 64.0
63.10130303579858 64.0
63.16705740190699 64.0
63.25208172937579 64.0
63.74007582427117 65.0
63.806890434426926 65.0
64.07597388870309 65.0
64.13886975018914 65.0
64.27030271343796 66.0
64.69526894849032 65.0
64.53471820650955 66.0
64.9601714843757 66.0
65.00369103110712 66.0
65.59871733405939 66.0
65.15916132717827 66.0
65.30580925714224 67.0
65.44277227554343 67.0
65.50772174399522 66.0
65.65604121222461 67.0
65.82312088131145 67.0
65.85702886731374 67.0
66.01887052721831 67.0
66.40838200316404 67.0
66.43325518154663 68.0
66.56100497172419 68.0
66.68728694722022 68.0
67.0456081571844 68.0
67.2218173926756 69.0
67.20300318698243 68.0
67.20848616658398 69.0
67.30164343512473 68.0
67.24177148133418 69.0
67.34209589781234 68.0
67.4684077694952 69.0
67.52445964414918 69.0
67.5500247090563 69.0
67.91054994182903 69.0
67.78118781406728 69.0
67.97881425428776 69.0
68.02671777373871 69.0
68.06711515635101 69.0
68.22771069647985 70.0
68.2475978714783 69.0
68.3222963620291 69.0
68.51378120511092 70.0
68.47015851883822 69.0
68.44569876872639 70.0
68.63466335018629 70.0
68.95736276994673 70.0
68.93489904900872 70.0
68.97602749745784 70.0
69.07739364078847 70.0
69.13429872056282 71.0
69.20547607650596 71.0
69.21527112617929 71.0
69.27240224972107 71.0
69.36432343391412 71.0
69.5368686151956 71.0
69.59888719019924 71.0
69.65047703490333 71.0
69.7400625646981 71.0
69.85686686511315 71.0
69.84813678976626 71.0
69.81043269691077 71.0
69.89201343432242 71.0
70.03875415456174 72.0
70.1796944903076 71.0
70.23604530757248 71.0
70.29105876986819 72.0
70.29668833586484 72.0
70.30760642188552 72.0
70.33999030473515 72.0
70.5979215349535 72.0
70.90615420143656 72.0
71.03768110928905 72.0
71.12950891117895 73.0
71.31144690680571 73.0
71.57066452333424 73.0
71.57494875726509 73.0
71.523878014355 73.0
71.65000311268422 72.0
71.79618382153133 73.0
71.91507776509155 73.0
71.92204890343672 73.0
71.96977170208854 73.0
72.0181052662036 73.0
72.06978700390921 73.0
72.11295334535228 73.0
72.1818637208886 74.0
72.254761437182 73.0
72.28552155735318 74.0
72.16178785870932 74.0
72.03449356766416 74.0
71.95571209853132 73.0
71.97476935444745 73.0
72.04542120148118 73.0
72.18541330410606 74.0
72.4879589508535 74.0
72.63748811856937 74.0
72.77133763728916 74.0
72.98521705942085 74.0
73.1379112546899 75.0
73.28901944174885 75.0
73.33833640220044 75.0
73.49849452378066 75.0
73.63701623692616 75.0
73.81864210715293 75.0
74.03844061283374 75.0
74.00713119021034 76.0
74.1190513291458 76.0
74.28407713412108 75.0
74.31997137687426 76.0
74.43165308919396 76.0
74.59170285100294 76.0
74.79833042796223 76.0
74.91635512590656 76.0
74.99694268288528 76.0
75.18408083989019 77.0
75.22238564789414 77.0
75.16807510203338 77.0
75.21843800799721 77.0
75.29084823216398 77.0
75.29816160074438 77.0
75.47860325411135 76.0
75.47131139034927 77.0
75.58537525504441 77.0
75.59356119288026 77.0
75.64850266743976 77.0
75.79789478749817 77.0
75.92741634541787 77.0
76.03946457594716 78.0
76.2115358312185 78.0
76.38657969530801 78.0
76.42096410794767 78.0
76.42518943466723 78.0
76.41223576705151 78.0
76.52027341112736 78.0
76.58541345617458 78.0
76.58699154374852 78.0
76.57830162647778 78.0
76.62418382722423 78.0
76.6999864140082 78.0
76.72863594589543 78.0
76.73218212540702 78.0
76.80706548447031 78.0
76.86904767808382 78.0
76.90065953805872 79.0
76.97620260257195 78.0
76.97233644348782 79.0
77.04255459900627 79.0
77.09255242054698 79.0
77.05654652960304 79.0
77.12938235352227 79.0
77.33642480170884 78.0
77.56744354493075 79.0
77.6607114874194 79.0
77.72982648428385 80.0
77.75918240224298 79.0
77.78181604643044 79.0
77.7799257549286 79.0
77.95939512892917 79.0
78.02649282129461 80.0
78.05241225782041 80.0
78.08026021381801 80.0
78.0899888484739 79.0
78.16112533568659 80.0
78.20752039470287 80.0
78.15681766993977 80.0
78.1901861671867 80.0
78.2248077341062 80.0
78.24866404405645 80.0
78.34455022890037 80.0
78.55365985462026 80.0
78.70298883592234 80.0
78.88555767231703 80.0
78.92888423950792 80.0
79.04114000922536 81.0
79.07791226311258 80.0
79.06125930136005 81.0
79.07013859360593 81.0
79.11869977148253 81.0
79.22544595178229 81.0
79.26788813044942 80.0
79.20328048728895 81.0
79.27075863019232 81.0
79.38576493140647 81.0
79.49445798666532 81.0
79.53269092565019 81.0
79.53272855324484 81.0
79.56395974601759 81.0
79.55938817990882 81.0
79.50819010989812 81.0
79.62498772974546 81.0
79.82441186620818 81.0
79.82661370948027 81.0
79.83664784409024 82.0
79.87180860609857 82.0
80.05257568883471 82.0
80.17539894993439 82.0
80.15961970934762 82.0
80.21147353220994 82.0
80.30032528695261 82.0
80.42431211499328 82.0
80.55939421997572 82.0
80.94771639238856 82.0
81.20994065947666 83.0
81.19370056014739 82.0
81.38320397023031 83.0
81.64421649174231 83.0
81.73471423014522 83.0
81.72615386456482 84.0
81.77155155458635 83.0
81.94801864943388 83.0
82.0999700069089 84.0
82.17984976813328 84.0
82.3497379971485 84.0
82.67350934116568 84.0
82.72631622718595 84.0
82.70512620566105 85.0
82.69894367056578 84.0
82.69521957774808 84.0
82.74378137065351 85.0
82.73990726810351 84.0
82.72827638190212 84.0
82.81620756087484 84.0
82.76625169767358 84.0
82.68314189905603 85.0
82.65276685675812 84.0
82.72774177380796 84.0
82.83058447195968 84.0
83.2406323614019 85.0
83.79552672374255 85.0
83.97547758148771 86.0
84.05078302773876 86.0
84.18350163491056 86.0
84.3278059050084 86.0
84.40768314976683 87.0
84.5429067261975 86.0
84.61855324696529 86.0
84.62728408079427 87.0
84.76243538831827 86.0
84.92715749246467 87.0
84.98801800457737 87.0
85.25633756555726 87.0
85.32642537580757 87.0
85.36509010940387 87.0
85.36671354087531 87.0
85.42183313042233 87.0
85.57579340946535 87.0
85.67913475253363 87.0
85.72520338636978 88.0
85.7055164878937 88.0
85.7038866401843 88.0
85.79152577486516 87.0
85.89937064016611 87.0
85.94431729322763 88.0
86.0535544831936 87.0
86.09079900986437 88.0
86.1058738664185 88.0
86.178173414236 88.0
86.24410888250085 88.0
86.30271271989469 88.0
86.3195463457095 88.0
86.3494157578702 88.0
86.40775657780378 88.0
86.47505929069517 88.0
86.44864019556708 88.0
86.45647496684802 89.0
86.47418617806427 88.0
86.53779588709408 88.0
86.50712341859156 88.0
86.47292073133133 88.0
86.52057894153586 88.0
86.54765127709503 88.0
86.55830093637736 88.0
86.63142718554916 88.0
86.85484834071501 88.0
86.8968042995153 89.0
86.86958977881439 89.0
86.83131212224333 89.0
86.95894951835567 89.0
87.03453643092742 89.0
87.05353948341705 88.0
87.09538943898961 89.0
87.07474929305643 89.0
87.18052162485992 89.0
87.25170559947279 89.0
87.18639931542705 89.0
87.21482749805021 89.0
87.24732278186828 89.0
87.27375104363466 89.0
87.29041139314293 89.0
87.33792551024322 89.0
87.4523305630081 89.0
87.44028558861437 89.0
87.43072805403635 89.0
87.54565397661882 89.0
87.61185066107944 89.0
87.63613335600583 89.0
87.65925102763983 89.0
87.71907739630734 89.0
87.77810473478503 89.0
87.77890645588832 90.0
87.78306024337684 89.0
87.90627489416265 90.0
88.00878724434183 90.0
88.00155178900609 90.0
87.99413741609168 90.0
88.01828724223579 90.0
88.10909728278529 90.0
88.2572441015804 90.0
88.31580684484831 90.0
88.36096087105344 90.0
88.38466538930311 91.0
88.38264042524199 90.0
88.41445511161969 90.0
88.43548039401381 90.0
88.51040300344228 90.0
88.50902072634351 91.0
88.55317279372936 91.0
88.70170394850396 90.0
88.75004094942906 90.0
88.74021173987704 90.0
88.7686858528704 90.0
88.77342576746102 91.0
88.83850650495386 91.0
88.8709679364091 91.0
88.88516328222516 91.0
89.00007016738122 91.0
89.09384559744133 91.0
89.12747426476126 91.0
89.18138799418617 91.0
89.19734820107199 91.0
89.32399915025611 91.0
89.39483968608802 91.0
89.43051820012148 91.0
89.46881880838221 91.0
89.49704370965733 91.0
89.491184345995 92.0
89.52593715472257 92.0
89.57613803231784 92.0
89.69619130951726 91.0
89.6717361678801 91.0
89.66058846610815 92.0
89.75416650370478 91.0
90.01055215051618 92.0
90.1392072371233 92.0
90.17978444431304 92.0
90.19295954093958 92.0
90.25993721156162 92.0
90.23175772440624 92.0
90.23770741709454 92.0
90.30480962981335 92.0
90.36011895405308 92.0
90.41253888758031 92.0
90.4244105239868 92.0
90.38688649742672 92.0
90.39341125870284 92.0
90.34617164858298 92.0
90.31338910810679 92.0
90.38343804489486 92.0
90.47520209163673 93.0
90.67097903013173 92.0
90.91548708298401 92.0
91.06393520989307 93.0
91.15113954079895 93.0
91.16732246791622 93.0
91.16250458102758 93.0
91.34361413418463 93.0
91.50318665125211 93.0
91.51273389067518 94.0
91.61296877102598 93.0
91.80764750410619 93.0
91.89247373283199 94.0
91.87064571123625 94.0
91.89496801406341 94.0
91.9729155191614 94.0
92.06273898002837 94.0
92.15848919285929 94.0
92.22524871814232 94.0
92.25390040488261 94.0
92.32351499429149 94.0
92.36009226235727 94.0
92.5246406897377 95.0
92.80744781818447 94.0
92.8430727074923 95.0
92.8239755347044 95.0
92.8267805641527 95.0
92.8236426440347 95.0
92.85816553289992 94.0
92.82640418808008 95.0
92.79129906107825 95.0
92.8284734358613 95.0
92.84695414637075 95.0
92.85188726578471 95.0
92.91877002263044 95.0
92.95950384458591 95.0
93.04274744018805 95.0
93.08210086615858 95.0
93.12358039425783 95.0
93.17219451447748 95.0
93.24103360745583 95.0
93.24665094855939 95.0
93.2757708678366 95.0
93.3467820575191 95.0
93.45612848944428 96.0
93.42931941184767 95.0
93.40623007500706 96.0
93.47185281348243 96.0
93.53933992037382 95.0
93.60983468293497 95.0
93.65185906741246 96.0
93.63701883232517 96.0
93.69289697617837 95.0
93.68779471065923 96.0
93.72267806093284 95.0
93.78556490045939 95.0
93.82182663119741 95.0
93.85464906957449 95.0
93.85538569309851 96.0
93.8506295864056 96.0
93.86130759425772 96.0
93.82195122782818 96.0
93.80805149099577 95.0
93.83771121344577 96.0
93.86798535672092 95.0
93.9093778535085 96.0
93.93455110181702 96.0
93.95316481927287 96.0
94.05482921056783 96.0
94.1591451998708 96.0
94.20108771220345 96.0
94.279017468536 96.0
94.4306805772332 97.0
94.51500859888911 96.0
94.49735281460568 96.0
94.47149323014646 96.0
94.52005488980036 97.0
94.50366042639551 96.0
94.47656986451292 97.0
94.52642575788555 97.0
94.58191157166007 96.0
94.71133686623637 97.0
94.76622326510108 97.0
94.75221468985586 96.0
94.78923598349532 97.0
94.7824203650643 97.0
94.78971479114787 97.0
94.84514071238848 97.0
94.87723813093912 97.0
94.87323727802894 97.0
94.87177145090077 97.0
94.89896153811253 97.0
95.00693419300848 97.0
95.01523266860204 97.0
95.028145545795 97.0
95.10473169754759 97.0
95.21232812333378 97.0
95.25400482427379 97.0
95.27459539383713 97.0
95.28951896710282 97.0
95.34015803756276 97.0
95.43569169447963 97.0
95.50159427250415 98.0
95.53732912593544 98.0
95.57140058151172 97.0
95.59707911590418 98.0
95.60098083425537 97.0
95.59691990106457 98.0
95.66451892873276 98.0
95.69512551615165 98.0
95.76291364681991 97.0
95.88761832941528 98.0
95.91420128518037 98.0
95.91260366860985 98.0
95.99910374778933 98.0
96.07391083272056 98.0
96.13089370615934 98.0
96.16647666537588 98.0
96.27998709317595 98.0
96.3528305952496 99.0
96.3795008344469 99.0
96.46497515083897 99.0
96.57673480665582 98.0
96.61366517586177 98.0
96.67832231597005 99.0
96.66378227284066 99.0
96.65680496782286 99.0
96.74805014669846 98.0
96.82870471480835 99.0
96.85900267804612 98.0
96.894267529882 99.0
96.9565195525482 99.0
97.01485458283808 99.0
97.0025153202662 99.0
97.02603417663262 99.0
97.07460301740599 99.0
97.13710222171329 99.0
97.21578462094685 99.0
97.19002141317698 99.0
97.19506652962298 99.0
97.28555292621219 100.0
97.2757137819229 99.0
97.29594946759921 99.0
97.34156922304015 99.0
97.35632747451346 99.0
97.40985879249867 99.0
97.40374754947781 99.0
97.40597625412809 99.0
97.470566630273 100.0
97.45486732441556 99.0
97.44865887725553 100.0
97.46949440234013 100.0
97.49115506456107 100.0
97.50172601717145 99.0
97.50081592937272 100.0
97.47858872802787 100.0
97.53883668246063 99.0
97.52936968773886 100.0
97.52344482583572 99.0
97.56269560394514 99.0
97.62031736015886 100.0
97.63387979793326 100.0
97.65769690670854 100.0
97.64708858600534 99.0
97.71816786713724 99.0
97.75566568529786 100.0
97.74727901281145 100.0
97.79185706938111 99.0
97.86712744198695 99.0
97.84113875965224 100.0
97.85322473194178 100.0
97.82455821422059 100.0
97.85715888959997 100.0
97.87289318506305 100.0
97.88421433133873 100.0
97.91763239873373 100.0
97.98285128107135 100.0
98.03843895355588 100.0
98.15023214563551 100.0
98.19202763666785 100.0
98.18456384163784 100.0
98.19448027584686 100.0
98.18705194450672 100.0
98.23320333844849 100.0
98.38342181757308 100.0
98.3732998228561 100.0
98.34834875844278 100.0
98.37476458192322 100.0
98.38748332924845 101.0
98.45276364988734 100.0
98.42168636418693 100.0
98.42100630307496 101.0
98.54895246804365 100.0
98.54587527435628 100.0
98.5251296064886 100.0
98.54643377389644 101.0
98.52970068190916 101.0
98.76002325539312 100.0
99.76953214302182 100.0
98.76233241683104 101.0
98.65488052568935 101.0
98.38202789735233 101.0
98.1888002937201 100.0
98.06101374712887 100.0
98.03360605694725 100.0
98.0581604105835 99.0
98.03092104534726 100.0
98.02866578512175 100.0
98.14031419484067 99.0
98.12343542627941 100.0
98.04982647718593 100.0
