27.78415744955951 48
20.568406405124932 49
9.629273147759502 48
10.558551746084524 48
10.31930188039796 49
9.739421862941832 49
10.697635023469477 49
10.765282684964646 48
12.402641047426606 49
13.637575392863852 49
13.166085407455398 50
16.33833313007455 49
17.823944934056975 50
19.326160192207354 50
18.880643720587827 50
19.079013359931096 50
20.548461656247504 50
20.74513898583905 50
20.24432477979981 50
21.506118948948398 50
21.63931981441568 50
20.595445380068735 49
20.311888174726317 49
21.717275048860767 50
20.75749359045282 50
20.29530498242962 50
20.71932236977868 50
20.81730722792207 50
20.718338013468426 50
20.982743770904758 50
21.529466459297314 50
20.893805709868154 50
20.63683696078907 51
21.496475772251678 51
22.063868935776853 51
23.439407831498386 50
24.14313087118068 51
24.876397648210737 51
24.33025966920792 52
25.333937991872418 51
25.98399503328065 51
27.50046722792171 52
27.641626468064988 52
28.023660599412143 52
29.93361157867608 52
31.308828223574924 52
32.20646774034886 52
33.08961497119998 53
33.12316751292835 53
33.094885374383026 53
33.212278888970495 53
33.0288320315282 52
32.76086761705968 53
33.39648379204046 52
33.408487827001935 53
34.57293487160207 53
34.44142050319798 53
35.15623746548341 54
35.701385039084556 54
35.808022071104155 54
36.60825220320342 54
37.17719403334942 53
37.30596685493394 54
38.186702697222394 54
38.27479263584724 54
37.06362364555575 54
37.79837824414968 54
38.71425724165715 54
38.64396980891403 54
38.46749927585904 55
39.44080455578549 55
39.43811461174506 54
39.59352345517243 54
39.63607328603342 55
40.34054800166179 55
40.154436442159536 54
40.057551773811014 54
40.034486326132225 55
40.17940475328739 54
40.53671506744391 55
40.59225393654246 55
40.54698292100336 55
40.955248371647635 54
41.33828701963025 55
40.888427300945594 55
41.53989132605079 55
41.06426627192491 54
41.10809782391202 55
41.100142613770856 55
41.58194576907049 55
41.695921475292096 55
41.72067186789714 55
42.058376492523955 55
42.61893781666483 55
42.4622557333506 55
42.683115770441745 55
42.4835097451085 55
42.956392207136886 55
42.714414081068306 56
43.25234329358413 55
43.31897127276861 56
43.57586340666555 56
44.028087554881765 56
43.59640387459456 56
43.790958775558416 56
43.87708081604395 56
43.87397649434349 56
43.91841286860577 56
44.60831725320886 56
44.298275605175206 56
44.732600867207054 56
44.91058609462041 56
45.55408203355731 56
46.1596598322011 57
46.27110478661534 56
46.518908938342996 56
46.35631600925968 57
46.69955475354844 57
46.82922058654916 57
46.81035301885784 57
47.04741520207023 56
47.077066201069314 57
47.034081777409114 57
47.11578731859853 57
47.34431554512475 57
47.51835842561362 56
47.66416439141591 57
47.38941625056391 56
47.613341045255986 57
47.642224229332896 57
47.69958088932243 57
47.74622581395158 57
47.69592620043828 57
47.60084016540038 57
47.53313887706493 56
47.84930363689707 56
47.69405787248701 56
47.74737659328801 57
47.70512335970806 57
47.585885093276985 57
47.79751031930422 57
48.132707533587144 57
48.497816576279426 57
48.529017340649254 57
48.67137814445946 57
48.589917108258405 57
48.856469324343756 57
49.09478183608827 58
48.82647480412643 57
49.01687845463945 58
49.14198376926186 58
49.58113652930795 58
49.96181647957735 58
49.856641536581336 57
50.03164690050221 58
50.030887267207746 58
50.24819313819887 58
50.162100169239714 58
50.282502438109844 58
50.49992252349326 58
50.466856820564765 58
51.25575124615252 58
51.402619662948794 58
51.46743728314674 58
51.455133497902025 58
51.40336321658562 58
51.514434005812205 59
51.70804529476036 59
51.78020987746678 59
51.879852368073756 59
51.831035184619 58
52.006334264304016 59
52.26163287351796 59
52.28480678823669 58
52.560103071993865 58
52.429785776906016 59
52.50369850092255 58
52.52880202954769 59
52.455532238444235 59
52.68294828475655 58
52.85951634787022 59
53.136807298198754 58
53.327381703374954 59
53.449528029395466 59
53.39982029643534 59
53.462063041145214 59
53.59798273687771 59
53.58496615613495 60
53.55425311172341 59
53.698524954936715 59
53.82792019180922 59
54.00293208870246 59
54.16056548502169 59
54.38371469576259 60
54.73656799078072 60
54.94898775703324 59
55.03947589647639 59
54.94635015227141 60
55.098125841417925 59
55.11737286022084 59
55.265114694404325 60
55.50367335870619 59
55.52354851353542 60
55.34386757255068 60
55.41969582346462 60
55.57163398303804 60
55.61142568292656 60
56.200716664316715 60
56.44592967685295 60
56.50172188102917 60
56.48005141281652 60
56.55018192661324 60
56.42048341867564 60
56.531692604788965 61
56.746130165457686 60
56.829900556284315 60
56.903308867082856 60
56.943423361864866 60
56.87109383789425 61
56.866991036409296 60
56.89896155866292 60
56.91077682502949 61
57.1731891933087 61
57.27456918946544 61
57.33564165006542 60
57.31189350730599 61
57.39570857841092 60
57.2786528873937 61
57.40698600030412 60
57.54139958486088 61
57.660511633639516 61
57.942839962940255 60
58.08416947435954 61
58.18247585915876 61
58.152595512272605 61
58.32702083556748 61
58.22758057434928 61
58.36820045874073 61
58.47929715282602 61
58.52924933748937 61
58.41751779550913 61
58.51593776636509 62
58.4945775379359 61
58.502643809218775 61
58.607001184075344 61
58.71166534415614 62
59.05994432735574 61
59.31975262657659 61
59.2841426803852 61
59.21746744396045 62
59.28496071030699 61
59.404783974323735 62
59.56901736900339 62
59.69642359440258 61
59.97261104280089 62
59.902028563982235 61
60.0160295026254 61
59.94957420165936 62
59.8832115985236 62
60.27980172090967 62
60.42038043241374 62
60.51386401418503 62
60.550706522443114 62
60.5884984602939 62
60.65543210134153 62
60.77144384281353 63
60.92360634025107 63
61.08838092415902 62
61.17610706634771 63
61.281332401957286 62
61.26020055321432 63
61.41609442952532 63
61.47861843765224 63
61.58603323053246 62
61.654760177245656 63
61.78764944818913 63
61.97255169944032 63
62.2484135193318 64
62.558482300663556 63
62.67672646548582 63
62.86762211261667 63
63.0101328145502 64
63.02801930033833 63
63.22191067660319 63
63.32749060713047 64
63.35803421268646 64
63.37133779897093 64
63.41278930004678 64
63.41409671925727 63
63.57409902197996 64
63.66104594591337 63
63.718715575544664 64
63.70271674160526 64
63.73736359440376 64
63.79103175014617 64
63.75878129726541 64
63.79979854637373 63
63.84239642453564 64
63.88647902383902 64
63.91522980649273 64
63.97986600969847 64
64.19752313957159 64
64.27326617111359 64
64.1233212949601 64
64.27345305853646 64
64.30215935848221 64
64.3910531780781 64
64.54910873992189 64
64.53096205506762 64
64.47075461829559 64
64.54857008565207 64
64.6267241823813 64
64.66033742676017 64
64.71472969438133 64
64.87833569524159 64
64.89318238480416 64
64.88123584269391 64
65.1056270730081 65
65.2353464825276 64
65.40123592815368 64
65.46747931669576 64
65.4291199601154 64
65.4243157366382 65
65.46909596654686 64
65.42761497797177 64
65.55205299397912 65
65.62112068593727 65
65.64950475197064 65
65.6880646709458 65
65.68930206650987 65
65.70051055051604 65
65.74921242440654 65
65.83836128701768 65
65.89109546585517 65
65.98514297326662 65
66.06290772387678 64
66.07717907825888 66
66.14797013774225 65
66.15774785544276 65
66.22664900087426 65
66.35685084705571 65
66.38178117179513 65
66.32755585565371 65
66.43155221369908 65
66.51635478659897 66
66.57855976368937 65
66.62969457281024 66
66.59819283394164 65
66.70620539607405 65
66.81604675575932 65
66.84913266517404 66
66.92710293334484 66
67.0427683477298 65
67.07580545772966 65
67.05638005527419 66
67.16153916672897 65
67.28259743828913 65
67.35503830763415 65
67.46681287370231 65
67.58020938948286 65
67.60525701996544 66
67.65228204776355 66
67.69523849630743 66
67.80263984458018 67
68.03474193767535 65
68.03296318765793 65
68.04000307146426 66
68.01592454699073 66
68.01817662055213 66
67.99702820446461 66
68.0027444828586 66
68.11432844952562 65
68.06047694267876 66
68.12328856394089 66
68.14595643615351 66
68.19963351117161 66
68.14487574528188 67
68.2308956039908 66
68.25432032861082 66
68.26123747930917 66
68.32205559257349 66
68.35588680501635 66
68.36542900117989 66
68.41279374528396 66
68.40136069106481 66
68.37887015420023 66
68.40609049366486 67
68.4147937877195 66
68.45255407752623 66
68.76783873380234 66
68.91813142728024 67
68.89532360178586 66
68.87905122186699 67
68.98146845055716 67
69.24540563988751 67
69.55709418726849 67
69.64443612849975 67
69.60188127421253 67
69.62080670250363 67
69.63679281168797 66
69.66535144181243 67
69.75151868150776 67
69.7758207631683 66
69.80008048867579 67
69.8905545741111 67
69.8963594368535 67
69.88986491374148 67
69.91512401222886 67
69.98305208339607 67
70.03506917554118 67
70.2711629325984 67
70.37445570779674 68
70.37439211060703 67
70.33797737951024 67
70.40456402624494 68
70.38001397900472 67
70.41824254476698 67
70.46819669139205 67
70.46996638924051 67
70.49612095876923 67
70.57581033400011 67
70.63294755152499 68
70.66284411114387 68
70.66865273220165 68
70.69525469415164 68
70.77165582685683 68
70.87931729632031 67
70.88294948866414 68
70.95450285384784 68
71.02538258639326 67
70.9985667678051 68
71.08325677578165 68
71.1638481242051 68
71.19283183220467 68
71.25851558251561 68
71.28672766180449 68
71.26357817331862 68
71.25068799492172 68
71.23559282893942 68
71.28071296650744 68
71.30938293641073 67
71.36787535314315 68
71.39291616414363 68
71.36281712104842 68
71.49365980495688 68
71.65405377692468 69
71.61130811223394 68
71.59003213408516 68
71.65798432789616 68
71.64544718472706 69
71.5491329280186 68
71.73301687536042 68
71.7098640709876 68
71.82879790598732 68
71.93366939538589 68
72.1196632885501 68
72.12414519542571 68
72.16971298594636 69
72.11625316231815 68
72.12842649813606 68
72.2116595221628 69
72.25084959863244 69
72.28014143507845 69
72.31014009740365 69
72.42698994940571 68
72.39702495782078 68
72.46562095293412 68
72.46405143428204 69
72.4943712806247 69
72.53285152632739 69
72.56279418306313 69
72.66645708441311 69
72.6671206497951 69
72.70257063778898 69
72.89403320895883 68
72.8744815624906 69
72.87768632690185 68
72.93252909863847 69
72.86706093247459 69
72.97068223947443 69
73.10696957947314 69
73.25315106380971 69
73.16015239828336 69
73.18991890441417 70
73.20959000166884 69
73.46593302129816 69
73.46304378538383 70
73.29074385031194 69
73.48964684563171 69
73.45173441244685 69
73.38263392317343 70
73.39721243735036 69
73.60369343485502 70
73.70240586817052 70
73.76228519295343 69
73.9404433416844 69
73.80689954568474 69
73.90420439394168 70
73.86859230552304 70
74.03765634425693 69
74.07293892636199 69
74.24267908365752 70
74.1464283821235 70
74.36960044535948 69
74.3008356220481 71
74.32980225840808 70
74.33463307429855 70
74.45488667047348 70
74.48787203200082 70
74.46669018626028 69
74.49589682343408 70
74.4801351842102 70
74.45185547784278 70
74.68049035422199 70
74.72412687863722 70
74.82762060642264 70
74.88107473945995 70
74.88018535467353 70
74.85633400550515 71
74.79857181045583 70
74.7985596997757 70
74.8334799981324 70
74.85731286973008 70
74.83167464566192 70
74.916641248304 71
74.95433218585373 70
74.86993359988747 70
74.90871399663907 70
74.85439766741774 70
74.90903853730144 70
75.04005409670584 70
75.05014812511538 70
75.04533028158333 70
75.05920105919127 71
75.00509504260536 71
75.08109185450303 70
75.17934945289218 71
75.17615062418773 71
75.23288789967185 70
75.29745563445657 70
75.34749849283966 71
75.31298650085442 71
75.3558037931687 70
75.42029691952942 71
75.45004667586115 71
75.55661809474006 71
75.6107046239735 70
75.62082656906777 71
75.62585201005517 70
75.6184504606383 71
75.56419097023698 71
75.63407840775547 71
75.72005335136129 71
75.74272244755191 70
75.76349638260683 71
75.81120368296935 70
75.82661348929787 71
75.83116465159628 71
75.87497864186236 70
75.92573532843357 71
75.91646652348902 70
75.98162562447229 71
76.07125324162863 70
76.06370612749673 71
76.11285603534913 71
76.16176899442864 71
76.27526192497517 71
76.35770101402923 71
76.36059860131692 71
76.37816519249085 71
76.40768368166229 71
76.47511506312641 71
76.5409971120231 71
76.56574966116659 71
76.57762979693064 71
76.62438109460457 71
76.59612122350461 71
76.68608524875995 71
76.76735136606423 71
76.74698955031407 71
76.7817905775866 71
76.83996977768345 72
76.88393655047236 72
76.89745626943434 71
77.11179431325107 72
77.14888996692169 71
77.13711340216192 71
77.15613213050175 72
77.17056152964382 72
77.21615377890505 72
77.37372457555014 71
77.46848192197638 72
77.47557490761355 72
77.46142911956186 72
77.54257030553846 72
77.58780721587624 72
77.58470984228765 72
77.65434073879644 72
77.68280399658447 72
77.72803923578975 72
77.76486194004957 73
77.79598079889145 72
77.79503022054791 72
77.80378874659276 72
77.84690263859493 72
77.89876873447025 72
78.03152697457212 72
78.10817729011822 72
78.09139646423644 73
78.09497580216694 72
78.0871436395327 73
78.12098558106898 72
78.18995919655072 72
78.21236684847102 72
78.21826491718765 73
78.24770163081263 73
78.26753121812305 72
78.41422967757913 73
78.50233606388011 73
78.51610265770019 72
78.5852481815289 73
78.63562985212289 73
78.76498052792445 73
78.9425813622918 73
78.95461828449503 73
78.94339216323415 73
78.95364289132763 73
79.0060912458872 73
79.03390094446381 73
79.08554217593641 73
79.10012141966882 73
79.09191028681335 73
79.13885127994617 73
79.12464366292078 73
79.14100388767942 72
79.19980506175234 73
79.2059354054713 73
79.22913930910484 73
79.25275162088833 73
79.23341673049106 73
79.30127209016202 73
79.40083401709919 74
79.44530953482742 73
79.48355415889004 73
79.54547556456976 73
79.56256010407003 73
79.57466379285792 73
79.55421751927011 73
79.55743967780249 73
79.54770262010177 73
79.58488951202199 74
79.63783597690188 73
79.64757028166764 74
79.70245818802135 73
79.75008620516337 73
79.7662592177911 73
79.8049179267855 74
79.83215835896056 73
79.94694542917041 73
80.00783408370617 74
80.01929284687846 73
80.06117630265337 74
80.07665742854459 74
80.12863793189156 74
80.17683304379472 73
80.20248756385163 74
80.23081364248343 73
80.25782803678227 74
80.31190656192476 74
80.39173445388127 74
80.42929984770099 74
80.45503974988983 74
80.45460153824578 73
80.463193004944 73
80.47166451191593 74
80.51645328913241 74
80.5237751741362 74
80.4924193867345 74
80.5280933933926 74
80.56685841229601 74
80.58720279652835 74
80.6315442710285 74
80.66034700343008 74
80.66804269066122 74
80.68094811655364 74
80.67003400211973 75
80.66564346452327 74
80.68844614340438 74
80.70354623160263 74
80.72996195953658 74
80.75986086724258 75
80.7438946249583 74
80.76424083909623 74
80.77941322447104 74
80.78870670647888 74
80.82735481972834 74
80.89036115176148 74
80.91835453589839 74
80.94603450223032 74
80.98233253614961 74
81.05519933925633 75
81.09915572744747 75
81.09383524801623 74
81.11777115770964 75
81.1952620865456 75
81.26680040064801 74
81.27339388180316 74
81.28528095814374 74
81.26198358183267 75
81.27218506360191 75
81.31004164078252 75
81.38159544700514 74
81.50207000571925 74
81.56493909376829 74
81.55404128354517 75
81.5602148368623 75
81.59637310256527 75
81.66961611747948 74
81.75853809286977 75
81.80596161844404 75
81.8262096608346 74
81.83950479980767 75
81.82196677284729 75
81.81627295395089 75
81.83572973666432 75
81.87365009757464 75
81.96167079989587 75
81.98644919225688 75
82.00299314415831 75
82.02615716389467 76
82.06923108279656 76
82.08072889039462 75
82.12907865173165 75
82.20540164128562 76
82.29608743699289 75
82.33613474210387 75
82.33461888208575 76
82.31990279006077 75
82.35613375333293 75
82.45833641866157 75
82.56722444508634 75
82.6868576524948 76
82.75685368312331 76
82.79522157298892 77
82.86316155025743 77
83.00505850973178 77
83.3899410304123 76
83.93195941150323 77
84.20704010281608 77
84.28837154406179 77
84.30868240753361 77
84.38772458615347 77
84.53332438417279 78
84.681101964134 78
84.74081711908266 77
84.80457398096947 77
84.84696525535382 77
84.86561968973169 78
84.89646452358195 78
85.05542531770578 78
85.14049965265899 78
85.19362913492478 78
85.19897732229336 78
85.21804753275268 78
85.272160529494 78
85.43301809360797 78
85.46253165535902 78
85.47482641969376 78
85.47707166246893 78
85.51860381553362 78
85.60284867487125 78
85.68548640977588 78
85.72797981959849 78
85.79685301812397 78
85.83146914040321 79
85.83563887936025 78
85.84691343703301 79
85.88247894409379 78
85.93050361742556 78
85.97374524836962 78
86.01892104241634 79
86.07016465653581 79
86.05913255063658 79
86.0609711277148 79
86.07803916896252 78
86.25277793019947 78
86.43369542103011 78
86.46005794385921 79
86.4561235489933 79
86.43517406693775 79
86.43528110137026 79
86.46301224964161 79
86.52522746271701 79
86.60264251291329 79
86.65428927980925 79
86.73867012971803 79
86.79097558504957 80
86.83225665443068 79
86.8593637454557 79
86.8900237239863 79
86.9571900949108 80
87.07987629902684 80
87.15798358330673 79
87.2131487818589 80
87.21683769911971 80
87.23245093764643 79
87.2749646837653 80
87.30746198703832 80
87.31645792210642 79
87.33789339521965 80
87.39147659559386 80
87.40704181910621 80
87.466633271454 80
87.53413779610945 80
87.59110949301518 80
87.62508578421918 80
87.64558089363065 80
87.64578763493505 80
87.65697914428465 80
87.65744653308326 80
87.64048499465906 80
87.64565177172292 80
87.68324587538632 80
87.74839075011104 80
87.83645672450879 80
87.87325062623223 80
87.86733008135266 80
87.8507540390211 80
87.85101650084569 80
87.89072337299092 80
87.93450022619844 80
88.01176153745456 80
88.06333403335077 80
88.09318018321545 80
88.12646016122468 81
88.17129062538369 81
88.222098613655 80
88.25024378996552 80
88.26775107357636 80
88.29291743477198 81
88.32811813956957 81
88.39555489882554 81
88.41181200022862 81
88.45371425300581 81
88.47147857246807 81
88.48809009690197 81
88.54545685161139 81
88.63987860116438 81
88.82894446894879 81
88.94107414676549 80
88.92033629902876 81
88.9200151168569 81
88.94623771786355 81
88.98676887650403 81
89.09214267030144 82
89.12726716333218 81
89.13462343639236 81
89.11569840455124 82
89.118750084715 81
89.18013162112432 82
89.30366410732671 82
89.3452489170588 81
89.35143589032509 82
89.36634121313332 82
89.45855359769581 81
89.46384121969999 81
89.49071180796813 81
89.56590364565119 82
89.61627202126948 82
89.61993018897547 81
89.65035165446892 82
89.70819188422462 82
89.82304866196733 81
89.82497841274136 82
89.84082633228707 82
89.85428068527563 82
89.93624974258177 82
90.02422174671693 82
90.04930312804402 82
90.05242380256668 82
90.0704561309181 82
90.11730402732834 82
90.19014268637059 82
90.2153493174781 82
90.25395162710737 82
90.28611523070587 82
90.29307152161553 82
90.27075179942797 82
90.27271992510947 82
90.34120677841636 82
90.38545226170265 83
90.41552684861736 83
90.44018622459303 82
90.47022106561909 83
90.49205243534836 83
90.50014624385045 82
90.55210970981655 82
90.62172590589827 82
90.67386598067051 83
90.68557086063471 82
90.69883761053744 82
90.71134845170384 83
90.71482597732444 83
90.75057554681514 82
90.78508051819188 83
90.81115852316725 83
90.84262067892168 83
90.86777240689761 83
90.88005000773705 83
90.87153736210792 83
90.87471366966723 83
90.92646384696451 83
90.98807634334321 83
91.11996277906297 83
91.18290473418584 84
91.20031783770558 84
91.23637667244459 83
91.28859346593185 83
91.4088668221006 84
91.4715553738946 83
91.50939614698684 83
91.5334312823439 84
91.54962589508914 83
91.57589165405761 83
91.66219468576668 83
91.73789221792356 84
91.7681037180235 83
91.80812666826606 83
91.84994978795112 84
91.88105560908105 84
91.921898232889 84
91.97893975262761 84
92.01338814239783 84
92.00660764806393 84
92.02021195432155 84
92.0906779464593 84
92.14963933307159 84
92.1798988778721 84
92.18847709730271 84
92.17157343960601 84
92.15498232558163 84
92.18269143093369 84
92.21697355229416 84
92.25751805273079 84
92.30161200172994 84
92.34318623629872 85
92.41528340146841 85
92.51398435225721 85
92.59424701930406 85
92.60001930696382 85
92.61373961792266 84
92.63499748007762 85
92.69699948462389 84
92.77490910311423 84
92.7788597938237 85
92.77512727798057 85
92.76560284563872 85
92.7962818023743 85
92.8074411577714 84
92.829467265084 85
92.84306349329424 85
92.86008025104358 85
92.88805880382878 85
92.89079820378086 85
92.91441185174826 85
92.94773833352312 85
92.97867959874687 85
93.01350728958745 85
93.02682179994781 85
93.03268573736761 85
93.029219476171 85
93.038870611861 85
93.06980763367773 84
93.08501268543607 85
93.0979615822401 85
93.11662911825422 85
93.11613439462866 85
93.11101957082275 85
93.12260651305351 85
93.13257964048333 84
93.14859227978074 85
93.14085401460387 85
93.0988513705391 85
93.1227607486447 85
93.14940393352644 85
93.10381416829848 85
93.09628487883886 86
93.0942376645562 85
93.19853260232036 86
93.38929802312911 86
93.78072518758954 86
94.17241231244577 87
94.35775129197827 87
94.42851297308606 87
94.46854510852049 87
94.58204979903194 87
94.69677244146845 87
94.7482976261277 87
94.78717808177807 88
95.00032470853705 88
95.45851163165892 88
95.66770568812926 88
95.71297602399271 88
95.72228261357012 88
95.72521467909128 88
95.75854529526337 88
95.85505866891745 88
96.20345439179701 88
96.30163880395536 88
96.30045090358094 88
96.32215596179603 89
96.39611732049927 88
96.51118815956187 88
96.62711598510141 89
96.67766637419165 89
96.68093039267188 89
96.71485681949706 89
96.80820453590695 89
96.86380528342286 89
96.93962602046815 89
96.9888922178054 89
97.01654076599584 90
97.05544766164245 90
97.09593303214376 89
97.18502621248385 90
97.26266668650996 89
97.31918666648829 90
97.35782127754388 89
97.3831127498693 90
97.40583879687881 89
97.38932128880661 90
97.39137958035555 90
97.47294883303414 90
97.5404329140175 89
97.60386326363823 90
97.67921785890658 90
97.69921956477866 90
97.68712672968829 90
97.68345418568656 90
97.70096425522583 90
97.74811041698321 90
97.799343607617 90
97.82909286911773 90
97.8570559588728 90
97.93770417375626 91
97.95138459284027 91
98.0623714707337 90
98.17945051223131 90
98.21388723590921 91
98.21852610510925 91
98.23050611384423 91
98.25856818798655 91
98.25850031220406 90
98.2571169898664 90
98.29118965665427 91
98.3174997598318 91
98.3536155720565 90
98.36643440795852 91
98.36921196195156 90
98.38968313763827 91
98.43437724956732 91
98.45460683438418 91
98.49858854854276 91
98.52331451854641 91
98.53017966192363 91
98.54816359541039 91
98.57280260022206 91
98.60283050013022 91
98.6304835950032 91
98.64462525376538 91
98.65449298185695 91
98.67004114031701 91
98.67829688319377 91
98.69221640327778 91
98.71190713439773 91
98.7052865696356 90
98.70897499717617 91
98.75465488677483 91
98.79024921465573 91
98.80974377199726 91
98.82288834140704 91
98.83405328105796 91
98.82376631281672 91
98.82712022753871 91
98.84245017456065 91
98.8659252928849 91
98.88466755908905 91
98.8944691489254 91
98.90738521232059 91
98.91553848703873 91
98.92793524996237 91
98.99112052475346 91
99.03690711003699 91
99.05873795995643 92
99.05769836494146 91
99.0613308265523 92
99.08686715283736 91
99.11494286960904 92
99.12385229444706 91
99.13615388698568 91
99.16158062458777 91
99.18538991389731 91
99.1997602494506 91
99.21276377378214 92
99.22498277055271 92
99.20941828642293 92
99.1999734417005 91
99.2331722414834 91
99.26011882094313 91
99.27852712134865 92
99.29398396196989 92
99.31452562857831 91
99.30096582323414 92
99.29602090666955 92
99.31147575150773 92
99.33945039592062 92
99.41512608117462 92
99.46380625200132 92
99.49365522609286 92
99.49203353495058 92
99.4717322229488 91
99.45866394211764 92
99.49862709186525 92
99.53202246307414 92
99.54911378095912 92
99.56348902546785 92
99.57382837929485 92
99.56436452268909 93
99.57497656625634 92
99.60574731825116 92
99.61191856773453 92
99.62355587551998 92
99.62872318184708 92
99.65073697876508 92
99.66592074078733 92
99.68814400528044 92
99.71642876698823 92
99.8023338312759 92
99.84584395286093 92
99.84994001805667 92
99.85465756871676 92
99.8734504177169 92
99.8596815519552 93
99.86541913512362 92
99.89314104731434 92
99.93435779209912 92
99.9686365755676 93
99.99641818576612 92
100.0128095286152 93
100.02041329997148 93
100.00299107572951 92
100.00902741031032 93
100.07499704229774 92
100.16913717864112 93
100.19157060510247 92
100.19187103813245 93
100.2027432329181 92
100.19513785701145 93
100.20997707638664 92
100.25287474256359 92
100.28740429187457 93
100.32777734658865 93
100.34368075954865 93
100.35335854266557 93
100.35902098675476 93
100.34916683757666 93
100.33261548863348 93
100.37069015176931 93
100.41956983465707 92
100.42888500791182 93
100.42095067966207 93
100.42865727844655 93
100.4253899273705 93
100.43420478528719 93
100.46807204605736 93
100.52783836015064 93
100.59726541602498 93
100.6728879364689 93
100.7446137817 94
100.77095192024731 93
100.75366459942055 93
100.7381708971465 93
100.7863433051428 93
100.82746906782276 93
100.83013298908371 94
100.837789303514 93
100.86543753246116 93
100.88988613506025 94
100.90697436368286 94
100.94837602406093 93
101.01213061804967 94
101.0851304768288 93
101.09800549420405 94
101.09864531976152 93
101.10248136651849 94
101.09252687171896 93
101.08662697131932 94
101.14230571630357 94
101.18639403729924 93
101.19703196461829 94
101.19994345857737 94
101.21097636832206 94
101.20379852741054 94
101.21534487748443 94
101.26932541586079 94
101.2990387812163 94
101.32493779567369 94
101.3543861978601 94
101.40597838193608 94
101.42981630974027 94
101.44829478123512 94
101.45703702479894 95
101.53741157957357 95
101.61148234990706 95
101.62613536392283 94
101.62600228809211 95
101.63994224548492 95
101.64712131857331 94
101.66965945734722 95
101.70523978566833 94
101.72241978621165 94
101.74607759030899 94
101.76400401694102 94
101.7928997936123 95
101.81501416950499 95
101.83686145371877 95
101.83770861483579 95
101.87042913822191 95
101.90930321569978 94
101.90796283564839 95
101.9025647183169 95
101.92713168883495 94
101.91059577845571 95
101.91415650880143 95
101.95580687517749 95
101.98946024371402 95
102.03303348089344 94
102.05693039898964 94
102.06064794429656 95
102.0676353108172 95
102.05763620133936 95
102.04351861665137 95
102.08941541817539 95
102.14281869296967 95
102.16949522153561 95
102.15949737467326 95
102.17425992855878 95
102.17162882782459 95
102.17706517036842 95
102.20741788094371 95
102.24623360490799 95
102.26681665736993 95
102.27112514002218 95
102.2706667376734 95
102.28920488786281 95
102.32464470279379 95
102.34870505085455 95
102.44508379893304 96
102.48983482573848 95
102.48136963403395 95
102.46830872339494 95
102.51683665463368 96
102.50288107230502 95
102.49196450796856 95
102.51374049781626 96
102.54804795064607 96
102.5874749689202 96
102.64115645626303 96
102.73984620752286 95
102.79020604714447 96
102.79180673975657 96
102.76099473251209 95
102.77072518228123 96
102.816707209328 96
102.89557038952691 95
102.94993726345119 96
102.95923112044184 96
102.95191432045657 96
102.95936213917423 95
103.00826011215783 96
103.05690545703585 96
103.08219047980745 96
103.10646520558082 96
103.11429593416986 96
103.13428104273838 96
103.17378749231742 96
103.24424278926054 96
103.2502145282635 96
103.25939701832661 96
103.26241606452925 96
103.27994849515052 96
103.33515169032788 96
103.39172355535106 96
103.3872273861889 96
103.42624850343907 97
103.47931191847442 97
103.48036633438343 96
103.50054665688491 96
103.58773918770282 97
103.646230379223 97
103.64653142313531 97
103.62101846114393 97
103.63222529984245 96
103.66363485637208 97
103.71350049583174 96
103.71719316741633 96
103.72625916933953 97
103.76206671478047 97
103.81751480900039 97
103.85603058857026 97
103.90466433567893 97
103.91053012781235 96
103.9131348566336 97
103.94060060778544 97
104.06751351232693 97
104.14436452040331 97
104.15893565733747 97
104.16291376550794 97
104.19619261917472 97
104.24586273103384 97
104.24821445117745 97
104.2785331732985 97
104.320629326541 97
104.3248098289814 97
104.33328235178772 97
104.39613140775222 97
104.42820738747294 97
104.49383418463229 97
104.53542465446374 98
104.52760412065372 98
104.52511284607256 97
104.52046372208653 98
104.58170173872875 97
104.6813759930345 98
104.7023044638675 97
104.75862459363681 97
104.79519387438161 97
104.81448136483849 98
104.77318433006988 98
104.75649081491605 97
104.80368485178543 98
104.8416390921819 98
104.84884046754132 98
104.83025894654187 98
104.82747779852444 98
104.8785462067761 98
104.9016055018629 97
104.931553385929 97
105.01110261457809 98
105.195149260567 98
105.21152468152803 97
105.21034293055271 97
105.2003450057915 97
105.18180991234145 97
105.21194460464507 98
105.24452685769688 98
105.20895255725696 98
105.19879689103144 97
105.19948386095004 97
105.20119600901157 98
105.18278726713397 97
105.21216512466468 97
105.26260229186244 98
105.35390974985347 98
105.3919114431504 98
105.36154435591988 98
105.38815347354654 97
105.39636278755813 97
105.42797613018023 98
105.44703401974809 98
105.478282862251 98
105.48667753416574 98
105.4753535456224 98
105.49643037608199 97
105.52630813664629 97
105.54576022123652 98
105.53806055056681 98
105.54992488376007 98
105.55535019928058 97
105.54821918815762 98
105.52673471996036 98
105.52324037208363 97
105.56431326928899 97
105.57922135601527 98
105.63032322908342 98
105.67612837382534 98
105.7274024014035 97
105.77219112154177 98
105.78915824293787 98
105.81285598097416 97
105.83788034412414 98
105.86619463429655 98
105.86106464548605 98
105.86444507432054 98
105.88062900105186 98
105.88853896035614 98
105.90515062226825 98
105.92384246747956 98
105.93584631349955 98
105.95277086431147 98
106.00230747363098 98
106.10320916475025 98
106.13265675677611 97
106.13633271741365 98
106.18882519460385 98
106.21811900345452 98
106.22043720612957 99
106.19665927261448 98
106.2153199001908 98
106.22337141585861 98
106.22101528948433 98
106.19725514212973 98
106.15491069210535 98
106.1270957901585 98
106.13266009363373 98
106.14905389245911 98
106.12900410623182 98
106.12498929103978 98
106.12236441895578 98
106.1200046402653 98
106.12610469414479 98
106.13600245646847 99
106.13532771083455 98
106.16084574239693 98
106.19453165169534 98
106.18305135707482 98
106.18635993740793 98
106.19008264701868 98
106.18022104618422 98
106.2035356704704 98
106.2435327743279 98
106.25797110897406 98
106.26229479859492 98
106.25052982429558 98
106.26900969779761 99
106.29518081566017 98
106.32831691920006 98
106.33139039878273 99
106.33939753813078 98
106.38610387313679 98
106.40976327142002 98
106.4384192240999 98
106.4638732476495 99
106.49009895392308 98
106.54118200947714 98
106.5953005077971 99
106.60628735488841 98
106.61871670927084 98
106.62565637112381 98
106.63909357212093 99
106.64919752980934 98
106.66429196004621 98
106.65686391066396 99
106.65194026366831 99
106.67326034916744 99
106.67500258346399 98
106.66453395249167 98
106.69073069511921 99
106.6946055775104 99
106.71819368856742 99
106.73263261097935 99
106.76264760267617 98
106.78556095911819 98
106.77394497622726 99
106.81075355225359 98
106.84443856561214 99
106.88159856323372 99
106.88487794704008 98
106.8802177006641 99
106.88822716207491 99
106.89524317669913 99
106.94843845510096 99
106.94882732327068 99
106.97073180176892 99
107.01283472087285 99
107.02231247517359 99
107.03273385563787 99
107.04404298461756 99
107.04091665878477 99
107.0490132007 99
107.06737643282983 99
107.09066427902833 99
107.11637162044181 99
107.1054467463078 99
107.10896021475945 99
107.09811841015004 99
107.07526322038179 99
107.07786506868595 98
107.07178570095812 99
107.08610431253771 99
107.08687523904337 99
107.07719852933519 99
107.08534336276615 99
107.07408989507545 99
107.07269129321983 99
107.0801956681336 99
107.09257683690588 98
107.09327687093433 99
107.12813347991299 98
107.08923490298491 99
107.10077315189586 98
107.05141515522429 99
107.07080165408605 99
107.10805571441472 99
107.09157316160102 98
107.0873903548682 99
107.13785279916348 98
107.14881637230522 98
107.12907051079492 98
107.121209104576 99
107.14670327764658 98
107.19876122285584 99
107.21448802327642 99
107.22700681391929 99
107.25123622319606 99
107.24225359713097 98
107.2177100399388 99
107.21597567284954 98
107.20800237590795 99
107.23689215196572 99
107.23720360217729 99
