21.56675591793271 30.29806340738975
21.464859110839143 30.79475297144532
21.716460326843098 30.79475297144532
21.583077175572157 30.79475297144532
21.348375753869327 30.79475297144532
21.54644113851012 30.79475297144532
21.535724101910176 30.79475297144532
21.873855751082957 30.79475297144532
21.58019196670361 30.29806340738975
21.77086213124859 30.79475297144532
21.675333673392466 30.79475297144532
21.36754209132789 30.79475297144532
21.522928058512065 30.79475297144532
21.345881722709116 30.79475297144532
21.584188437610322 30.79475297144532
21.71205320755469 30.29806340738975
21.449420492694685 30.79475297144532
21.624967001233784 30.29806340738975
21.703656116977164 30.29806340738975
21.40525121475607 30.29806340738975
21.563145362400206 30.79475297144532
21.780376978277758 30.79475297144532
21.804373417704042 30.79475297144532
21.574161497354368 30.29806340738975
21.65878673775 30.29806340738975
21.431556385209092 30.79475297144532
21.553143453814826 30.79475297144532
21.56387106807358 30.79475297144532
21.604801463711944 30.79475297144532
21.587211169951935 30.79475297144532
21.475350642721885 30.79475297144532
21.60957773691154 30.79475297144532
21.576503673025613 30.79475297144532
21.253463455143205 30.79475297144532
21.53326683780326 30.79475297144532
21.48316494910614 30.79475297144532
21.43040208805131 30.79475297144532
21.51052079720342 30.79475297144532
21.503601241934803 30.29806340738975
21.536157496521696 30.79475297144532
21.47325528497705 30.29806340738975
21.380063153061805 30.29806340738975
21.429680643806307 30.29806340738975
21.649856821866734 30.29806340738975
21.527441976904463 30.29806340738975
21.60007314319381 30.29806340738975
21.718021753709195 30.29806340738975
21.721044868641947 30.79475297144532
22.1004836017678 31.291442535500888
22.023954317738664 30.79475297144532
21.73799578769261 30.79475297144532
21.424401572360054 30.79475297144532
21.73072328241483 30.29806340738975
21.847813384224764 30.29806340738975
21.418058497461885 30.29806340738975
21.21973686999324 30.79475297144532
21.181708504643908 30.79475297144532
21.529856033848944 30.29806340738975
21.443427053366904 30.29806340738975
21.640925060316583 30.29806340738975
21.576894626533573 30.29806340738975
21.584998240912498 30.29806340738975
21.750533659174437 30.29806340738975
21.365773531996567 30.29806340738975
21.717706321075262 30.29806340738975
21.421012745317704 30.79475297144532
22.057506265724335 30.29806340738975
21.571990027262757 30.29806340738975
21.61628790545123 30.29806340738975
21.87886983720366 30.29806340738975
21.758548886815234 30.29806340738975
21.81002097672812 30.29806340738975
21.230102268389842 30.29806340738975
22.576016514122564 30.29806340738975
21.358108671408424 30.79475297144532
21.668046220657622 30.79475297144532
21.53670145425653 30.29806340738975
21.805927601704532 30.79475297144532
21.80023719200163 30.79475297144532
23.481111969499246 30.79475297144532
21.936028763164643 31.78813209955646
21.758172986209637 30.79475297144532
21.674623198039455 30.79475297144532
22.23565031687866 30.79475297144532
21.740326407460415 30.79475297144532
21.60717985235778 30.79475297144532
21.470371879924834 30.79475297144532
21.54388152517017 30.29806340738975
21.660316434526536 30.29806340738975
21.78508461546462 30.29806340738975
21.77786495872676 30.29806340738975
21.632121160510806 30.79475297144532
21.7616382822722 30.29806340738975
21.99083231311839 30.79475297144532
21.642561815864426 30.79475297144532
21.589214798454414 30.79475297144532
22.04330368177888 30.79475297144532
21.60533551719395 30.79475297144532
21.441367325806418 30.29806340738975
21.82472606904826 30.29806340738975
21.56006438681755 30.29806340738975
21.475086414906585 30.79475297144532
21.440941934683103 30.79475297144532
21.43995327683937 30.79475297144532
21.50290850249729 30.79475297144532
21.592070209178708 30.29806340738975
21.54271605855105 30.79475297144532
21.5387685709037 30.79475297144532
21.23180075946022 30.79475297144532
21.45190267882792 30.29806340738975
21.793326317116552 30.29806340738975
21.652888182365757 30.29806340738975
21.506235838500253 30.79475297144532
21.713917798607298 30.29806340738975
21.554641902546145 30.29806340738975
21.183016191585054 30.79475297144532
21.33367720272055 30.29806340738975
21.431919374219433 30.29806340738975
21.48704708860906 30.29806340738975
21.4143431479889 30.79475297144532
21.79464667469999 30.29806340738975
21.58203376955315 30.29806340738975
21.69881673291504 30.29806340738975
21.738885399640154 30.79475297144532
21.648209534736765 30.29806340738975
21.70857194500003 30.79475297144532
21.665887959623767 30.79475297144532
21.87733843182842 30.79475297144532
21.37374021648308 30.79475297144532
21.895187463069306 30.79475297144532
21.60667196121843 30.79475297144532
21.61341080544046 30.79475297144532
21.466851726904792 30.29806340738975
21.878977293287406 30.29806340738975
21.99807203047783 30.79475297144532
21.857693591108436 30.79475297144532
21.50220556858227 30.79475297144532
21.43910161212105 30.79475297144532
21.771008393587948 30.29806340738975
21.551821053185385 30.29806340738975
21.997750626275035 30.79475297144532
21.86603969899774 30.79475297144532
21.731182073762426 30.29806340738975
22.432385358171032 30.79475297144532
21.74591233774713 30.79475297144532
21.872353573091857 30.79475297144532
21.880728144307525 30.29806340738975
21.86731779860083 30.79475297144532
21.897190243394796 30.79475297144532
22.149228942635318 30.79475297144532
21.942491681763066 30.79475297144532
22.431176509504127 30.79475297144532
22.057087967561188 30.79475297144532
22.273599830951532 30.29806340738975
22.029183911352227 30.29806340738975
21.97856336594043 30.29806340738975
22.13390408885021 30.79475297144532
22.30508690143226 30.29806340738975
22.077028297652816 30.29806340738975
22.584092587416833 30.79475297144532
22.281405732466254 30.29806340738975
22.80217737683892 30.29806340738975
22.602970122113767 30.79475297144532
22.448638351153825 30.79475297144532
22.817893388326652 30.79475297144532
22.73858631068518 30.79475297144532
22.956847760885907 30.29806340738975
22.840504907345604 30.79475297144532
23.079670612092727 30.79475297144532
23.435324776904352 30.79475297144532
23.44607089958859 30.29806340738975
23.65632024572433 30.29806340738975
23.73120042311792 30.79475297144532
23.74749168911285 30.79475297144532
23.869212866664306 30.79475297144532
24.05707439350344 30.79475297144532
23.963461192353336 30.79475297144532
24.69854289496986 30.79475297144532
24.278569855976627 30.79475297144532
24.49726483866464 31.291442535500888
24.95866353932901 31.291442535500888
24.73270644599723 31.291442535500888
25.139609540986797 30.79475297144532
25.669950035538832 31.291442535500888
25.439671057639877 31.291442535500888
25.99460661365503 31.291442535500888
25.742072235944924 31.291442535500888
26.30797442494164 30.79475297144532
26.042707937304314 31.291442535500888
26.78981673370376 31.291442535500888
27.11783163557991 31.291442535500888
27.199435803429026 31.78813209955646
27.201146889776552 31.78813209955646
27.399082394533053 31.78813209955646
27.911641162678528 31.78813209955646
27.45238567247101 31.78813209955646
28.20715302194707 31.78813209955646
28.355018738851008 31.78813209955646
28.568570487365697 32.28482166361203
29.011433388145917 32.28482166361203
29.409028750300834 32.28482166361203
29.362447717458295 32.7815112276676
29.836763431023975 33.278200791723165
30.75308566510479 32.7815112276676
29.75250485039235 32.7815112276676
30.488643881197063 32.7815112276676
30.758392419894022 33.278200791723165
30.9558342491462 33.278200791723165
31.194226424456325 33.278200791723165
31.562630428705575 33.77489035577874
31.8235681079028 33.77489035577874
32.15630476538321 33.77489035577874
32.848535987438694 33.77489035577874
33.10988311953882 34.768269483889874
33.15790952300772 34.768269483889874
33.279902820679304 34.768269483889874
33.50408422949343 34.768269483889874
34.22265486088131 34.768269483889874
34.000423810369355 35.264959047945446
34.30974914481711 35.264959047945446
34.39945442213586 35.76164861200102
33.91453479249535 36.25833817605658
35.02800021604071 35.76164861200102
35.114930553405486 36.25833817605658
35.859815870510644 35.76164861200102
36.1634320473314 36.755027740112155
36.52280387569531 36.755027740112155
36.636959278621035 37.25171730416773
36.92951791132004 37.25171730416773
36.38621184742372 37.74840686822329
37.51402895351099 38.245096432278864
37.79539989211808 38.245096432278864
37.40714615173909 38.245096432278864
37.7102161004167 38.245096432278864
38.03599463216509 38.741785996334436
38.6829279955476 38.741785996334436
38.89675116463455 39.73516512444557
38.90738233409295 39.23847556039
39.03798987990938 40.231854688501144
39.576550340896155 39.73516512444557
39.06591178377366 40.231854688501144
39.91849921952188 40.231854688501144
40.43908048526053 40.72854425255671
41.03864609989114 40.72854425255671
40.594390815219526 40.72854425255671
41.102104709841626 41.22523381661228
41.32661114105691 41.22523381661228
41.305117489938034 42.218612944723425
42.034868896204486 42.218612944723425
42.012311992528794 42.218612944723425
41.494626046464134 42.218612944723425
43.027135288219235 42.218612944723425
42.556715220482864 43.21199207283456
43.01111123980279 43.21199207283456
43.00938728352297 43.21199207283456
43.296612127458836 43.708681636890134
43.85859221333149 44.2053712009457
44.35789324670992 44.70206076500127
43.63920084340759 45.69543989311241
44.16939447511961 44.70206076500127
44.88613148121303 45.19875032905684
44.929679300076174 45.19875032905684
45.24703848228333 46.19212945716798
45.582599493188894 45.69543989311241
45.50580062229157 45.19875032905684
45.84515980516004 45.69543989311241
46.033434299192464 46.68881902122355
46.40920264282257 46.68881902122355
46.56124186536784 46.68881902122355
46.67527218275936 47.68219814933469
46.89293023694543 47.185508585279116
47.048026886359445 47.68219814933469
47.2039915229624 48.17888771339026
46.877829176727104 48.17888771339026
47.54965602719133 48.17888771339026
47.85311552095156 48.17888771339026
48.074208221892036 49.1722668415014
47.8089922849303 48.675577277445825
48.39395001886382 48.675577277445825
49.08049452113319 49.1722668415014
49.09517950294774 50.165645969612534
49.35402652018445 50.165645969612534
49.973962948363905 49.66895640555697
49.702642085408094 50.165645969612534
50.198904177296285 51.15902509772368
50.38715364161169 50.662335533668106
50.446161330580324 51.15902509772368
50.76099038293786 51.15902509772368
50.73939129940895 51.65571466177924
50.59091487909087 51.65571466177924
51.35885761079973 51.65571466177924
51.56663858319084 52.152404225834815
51.90447641029829 52.152404225834815
52.228105071769 53.14578335394595
52.55686381265361 53.14578335394595
52.47459733018027 53.14578335394595
52.67702463434799 53.14578335394595
52.61717191017882 53.64247291800152
52.60559866851473 53.14578335394595
52.97115293159638 53.14578335394595
53.23058412968805 53.64247291800152
53.55041008255871 54.139162482057095
53.74257681892898 55.13254161016823
53.85825016229664 54.63585204611266
54.77006003874557 54.63585204611266
54.016903308894 55.13254161016823
54.97503181707864 55.13254161016823
54.628301834942285 55.13254161016823
55.1417173928862 55.629231174223804
55.0309250568361 56.12592073827937
55.637942021961955 56.12592073827937
54.910032381983555 56.62261030233494
55.817914644720815 56.12592073827937
56.55434868693315 57.615989430446085
56.41460297011815 57.11929986639051
55.87293589747996 57.11929986639051
57.0065068819468 57.615989430446085
57.11442319448459 58.11267899450165
57.604788008351775 58.11267899450165
57.148278090333314 58.11267899450165
57.26678123525912 59.106058122612794
57.36869581937833 58.11267899450165
57.78871438660714 58.60936855855722
58.05764475601497 58.60936855855722
58.24525916500994 59.106058122612794
58.175589538746166 59.106058122612794
58.130173361071904 59.106058122612794
58.370310777237094 59.106058122612794
58.73445118306138 59.106058122612794
58.1614035718785 59.60274768666836
58.98604655261957 59.60274768666836
59.54325719999462 60.09943725072393
59.261456554110424 60.09943725072393
59.87697253052127 60.5961268147795
59.85431794042684 60.5961268147795
59.8249693958372 61.09281637883507
59.81225706563207 61.09281637883507
59.67972964956798 60.5961268147795
60.47622907888541 61.58950594289064
60.5541900885426 61.09281637883507
60.53610740846997 61.58950594289064
61.7497492855543 62.08619550694621
60.87546925603022 62.582885071001776
61.6497953638265 62.582885071001776
62.34953628761603 62.582885071001776
62.0207317471566 62.582885071001776
62.103727027735545 64.07295376316848
62.57823786518594 64.07295376316848
62.30153737956208 64.07295376316848
62.96223532723884 64.07295376316848
63.033411490616785 64.07295376316848
62.706257551271065 64.07295376316848
62.86305403238732 64.07295376316848
63.139581658282076 64.56964332722406
63.42132481684075 64.07295376316848
64.41042269393843 64.56964332722406
63.88685450661785 65.06633289127963
64.27120329529077 65.06633289127963
64.09175737714092 64.56964332722406
64.00573082984485 65.06633289127963
65.2481995936474 65.06633289127963
64.97411028068484 65.06633289127963
65.10323631779934 65.5630224553352
64.96789658641737 65.5630224553352
65.71301036517899 65.5630224553352
65.17099602965212 66.05971201939077
65.53840380796147 66.05971201939077
66.14692881231514 66.05971201939077
66.01817300670672 67.0530911475019
65.64641596944847 67.0530911475019
66.12378652748905 67.0530911475019
66.56960220549362 68.04647027561305
66.08579581693873 67.54978071155747
65.96657024014561 67.0530911475019
66.31208021610419 68.04647027561305
66.70887876091155 67.54978071155747
66.82500661003385 68.04647027561305
67.38729232465619 68.04647027561305
67.13533291967002 68.54315983966862
67.47465805826782 68.54315983966862
67.81790782160492 69.03984940372419
67.78838476281237 69.53653896777975
68.22727961712101 69.53653896777975
67.89306789521314 69.53653896777975
67.9728705980056 69.53653896777975
68.55157946087903 70.03322853183532
68.50982740434401 69.53653896777975
69.0308664938592 70.03322853183532
68.83735166746422 70.52991809589089
68.65688663103975 70.03322853183532
69.21242197388196 70.52991809589089
69.6009261869986 71.02660765994646
69.49968933946514 71.02660765994646
69.46051107845169 70.52991809589089
69.89691476946157 71.02660765994646
70.2157589436798 71.52329722400204
70.58136217489002 71.02660765994646
69.66038047352087 72.01998678805761
70.69340229282483 71.52329722400204
70.87201552154457 72.01998678805761
70.23082868941987 72.01998678805761
71.14889814411225 72.51667635211317
71.08343275534561 73.01336591616874
71.25353907759605 73.01336591616874
71.69844003171791 73.01336591616874
71.30641960851028 73.01336591616874
71.55209675774564 73.01336591616874
71.81052650337536 73.01336591616874
71.9196794513788 74.00674504427988
72.5569932331785 74.00674504427988
72.03178929577372 74.00674504427988
72.26082066491914 74.00674504427988
72.2968929196425 74.50343460833545
72.48082034195099 74.50343460833545
72.7132207081032 74.00674504427988
73.79941942870194 75.00012417239103
73.46655751748041 75.00012417239103
73.83160322356505 75.49681373644658
73.47859655827749 75.00012417239103
73.11567002387862 75.00012417239103
73.66387838309714 75.00012417239103
74.1761235943344 75.49681373644658
73.91681663755689 75.00012417239103
73.81397065566203 75.49681373644658
73.66999648244801 75.49681373644658
74.58275841131172 75.49681373644658
74.90085430948055 75.99350330050216
74.76557555746348 76.49019286455773
74.33648547629564 76.49019286455773
75.36904459479582 76.49019286455773
74.82176572031135 76.9868824286133
75.19456038354986 76.49019286455773
74.61086664294878 76.9868824286133
75.23074931988212 76.9868824286133
76.12708045009846 78.47695112078
75.64811185556468 77.48357199266887
76.39331572373416 77.98026155672444
75.87632282662932 77.48357199266887
76.12946522587882 77.98026155672444
76.81067682431134 78.47695112078
76.64721593251153 77.98026155672444
75.9418189410843 78.47695112078
77.08800792760165 78.47695112078
76.51868926882845 78.97364068483557
76.97510419523277 77.98026155672444
77.47686060362405 78.47695112078
77.53713716461286 78.97364068483557
76.78907073223179 78.97364068483557
77.04296805246749 78.97364068483557
77.3983670884588 79.47033024889114
77.76462726954088 79.47033024889114
78.10556455724299 79.96701981294672
77.93483889484767 79.96701981294672
77.79134422904198 79.96701981294672
78.25760972043037 79.96701981294672
78.48833349666243 80.46370937700229
78.67810160542389 80.46370937700229
78.5046024376444 79.96701981294672
78.73975516858792 81.45708850511342
79.15615254436787 80.96039894105786
78.69703182416899 80.96039894105786
79.15157927659672 80.96039894105786
79.69799766517839 80.96039894105786
79.70804959710901 81.45708850511342
79.84962465000353 80.96039894105786
79.79544643673425 81.45708850511342
79.69773679794162 81.45708850511342
79.89375398145256 81.45708850511342
80.09057403885733 81.95377806916899
79.8721918558395 81.45708850511342
80.2385741388601 81.45708850511342
80.45007008273637 81.95377806916899
80.88580579197166 82.45046763322456
80.80755725920056 82.94715719728013
81.01536176180954 82.45046763322456
81.0826677003636 83.4438467613357
80.61233066255619 83.4438467613357
81.65620983410751 82.94715719728013
81.43432152346512 83.4438467613357
81.71074068751781 82.94715719728013
