2.8373124387652284 53
0.3196946214610579 53
5.923450759495728 53
2.603095903214415 52
1.4441581423480423 53
2.838887130358346 52
2.105414262948978 53
-0.1298257701038655 53
2.5686590317101294 53
-0.48205479997878053 59
2.6557597301377296 65
1.5317828774396094 71
6.0458124433153095 74
42.111041317071695 74
62.71604581484499 75
72.86252693185051 75
73.92914722711511 79
73.78143448400843 84
73.75335295937364 85
73.78933605157233 86
73.91428505489677 86
80.71302281417432 86
87.88454710529642 88
88.83865829742815 91
88.7651772917812 92
88.79517700309121 93
88.95486719739273 93
92.14543417034915 94
95.44302991877252 95
95.96881416007149 97
95.93393508265875 97
95.96033317130085 97
97.01832925044643 98
98.81892374239919 97
99.44290830952012 98
99.40468012816734 99
99.39084294700635 98
99.6363927242447 99
100.42147967215278 98
100.81637193513144 99
100.85767013217661 98
100.87490501285023 99
100.86766958000447 99
101.14858842833378 99
101.36195579333051 99
101.38414334600382 99
101.39090410965613 98
101.39662362516545 98
101.22843117033977 98
100.45357104700733 97
99.70102198755164 96
99.72367668265247 94
99.72585463170287 93
98.36609651580767 92
94.95892028563576 92
94.80369262677678 90
94.84141213666179 87
94.79064871333954 85
92.09521254195283 83
85.3565707108036 82
84.55877975669424 77
84.72125997056708 75
84.0530233003519 78
78.57082003355596 81
72.58366308789847 84
72.47136730334539 87
74.48162792120709 93
83.13631764658194 93
87.93723033461399 95
91.99661723026317 95
95.15472775100393 97
96.43984886502601 98
97.11319275523945 99
98.08187998488438 98
99.48157274606791 98
100.34516698451583 99
100.64591518551991 99
100.94500997393499 98
101.19310444976603 96
101.38125200519646 93
101.39775898256305 89
100.8016491966503 86
99.00450813270945 83
94.2258073808908 79
84.36409805496105 79
69.75099912190741 87
63.97572955301206 93
65.8588385283709 97
74.09452169327075 98
87.94740409166975 98
96.13330428690969 98
99.66870554143455 99
100.981139545885 99
101.44201386969681 99
101.54642280883353 99
101.55720582263066 99
101.5024301016392 99
101.4580567684137 99
101.52976124996803 99
101.57510734472842 99
101.61464249205292 99
101.60210546270669 99
101.6232000475891 98
101.61294189644977 98
101.53319735361391 91
101.37641483182124 87
100.59929400427036 84
98.30973186671116 81
91.68372736073756 78
79.19963172006184 77
66.10696380874298 89
61.15856137364568 92
63.20424436696235 94
76.16153921086807 95
89.50576259153007 94
94.80788344873426 92
97.4866187029356 84
98.13951856836375 81
95.05387374252044 79
85.65689313520727 78
74.53451369589003 77
73.20260553703054 79
74.09941285052922 76
74.82083756872655 78
78.31506802265211 80
79.51811764454939 80
73.42029942001602 77
76.73541019945664 76
82.88718410087873 71
80.29985453787788 71
71.46287526775937 70
67.25469490423527 69
64.59551113755504 70
64.27025457859395 71
64.38066769663871 77
64.49140485656172 81
67.80762599479823 84
72.4165250347049 86
78.91402327688981 88
84.92129005115407 89
88.60539742544368 88
91.15010862952475 86
92.65466277851229 78
93.17382021343664 75
89.63813003277639 73
81.21323667808852 71
72.17104529412842 69
66.37660573067167 68
60.97204151475332 71
59.8217421879042 73
59.62883652998499 79
59.50020723324705 83
63.27254131164394 86
70.2677008310192 90
77.88297502282117 94
85.64080880296054 93
90.66344145890699 92
94.46071028885127 89
96.51587982168445 86
96.9614989644659 83
94.1825490629691 76
86.3764139155633 73
74.2055022056521 70
66.8818056195654 68
61.00918190129383 67
56.53268477803542 65
52.441655313991376 63
50.57112738030875 63
49.43925308147233 63
49.49456007000801 63
49.78712278562176 63
49.52372385847678 63
49.970321849351336 63
49.76763787231194 63
51.34147397971535 65
51.40302227574722 68
51.61587024510734 74
51.77554515545636 80
59.2922422183848 90
69.37331318581353 93
82.17885421544813 95
89.03360065552347 96
93.69558456653911 97
96.45659669357265 97
98.34164950981722 96
99.53622397907728 93
100.0189318984057 85
99.78088439039304 81
96.75383595166159 77
87.51504097149646 74
71.21534679872683 71
62.876550042100156 69
58.38095718018282 68
53.991186178848764 73
51.743506584354755 81
51.95661930557128 85
55.203011499383656 88
66.05752782090079 90
78.35581297203639 86
87.39366459427558 83
92.24711148578452 79
93.5221583641862 77
89.4423334135577 82
75.07746940100293 88
63.39276457247688 94
69.44410312190116 96
83.2591515243414 97
92.1814639959558 98
96.60807001378218 98
98.68732909950165 99
99.75299708066068 97
100.30305467123056 96
100.69206416233357 92
100.76468475498851 89
100.21600318315598 86
97.29130335320656 87
89.82454803810253 93
81.97672887706364 95
85.26971901167522 97
91.57945214458073 98
95.90535216572243 98
98.47648071688589 98
99.93883177224903 97
100.51978891109023 94
100.67016990903376 87
100.46607399221082 85
98.55061022936637 88
92.76847698567684 93
84.92356476898794 96
82.18623676582942 97
85.69095350477005 98
92.5234738025977 98
97.27863769285344 97
99.52527361703713 94
100.48620126326016 90
100.60395376744916 87
99.72788405597888 85
96.04674202729002 88
87.93728881691608 91
79.78479238301895 94
80.61765307741952 96
88.07690203010154 97
93.98804786141058 97
96.38455906675114 96
98.65028737469092 93
99.95095807765748 90
99.99798876690599 88
98.94610829292068 88
94.29431235546804 93
87.85469095683081 96
85.94502436893158 97
88.8365044369646 98
95.05890669070314 98
98.77346889390492 99
100.14971609540311 96
100.78630893253745 94
100.87270426199382 91
100.41137956133602 88
98.15367280672716 87
