64.1068852474167 41.0
62.169847806286946 41.0
60.40723405206086 41.0
61.83713738549968 40.0
56.56541899535997 41.0
53.115571951583256 41.0
56.13027410479478 40.0
55.25695293538464 41.0
51.96976938678645 41.0
51.625097885811044 41.0
53.39974120829542 41.0
54.9001419605817 41.0
53.48359750347302 40.0
56.554343356901 40.0
56.46625913863126 41.0
56.16869133577021 40.0
51.8615480114496 40.0
56.8366306222345 41.0
56.44383527728196 41.0
56.90226318836183 41.0
52.02588487334145 41.0
48.18393832292078 41.0
54.56211384409761 41.0
54.80418174031332 41.0
53.55172841874239 41.0
49.87684182387767 41.0
52.29087073640677 41.0
54.77252962374295 41.0
55.30305210929452 41.0
51.336878260585024 41.0
54.161131498309906 41.0
56.36027835211633 41.0
55.565431569511624 42.0
53.20257092396811 41.0
53.423257849765065 41.0
56.401643160809485 40.0
57.559594529776945 41.0
49.84369383438289 40.0
55.30972949590484 40.0
50.407251297831415 39.0
51.895851489552854 41.0
53.020743927954356 41.0
51.63919582823116 41.0
53.27783013992487 41.0
56.75310564801208 41.0
55.67865313262993 40.0
55.735737126126104 40.0
55.915236390841734 41.0
52.142263468426535 41.0
54.69338619596352 41.0
56.325699008973245 41.0
53.639407539814854 41.0
57.216784729798356 41.0
58.70291022279596 42.0
57.20919477900434 42.0
58.91953142930352 42.0
58.33133269616412 41.0
55.664539385040065 41.0
56.84394745795359 41.0
57.427967148331504 41.0
53.31073490470895 41.0
56.597975551681834 40.0
54.634063388263854 40.0
53.90263925296978 40.0
56.588560004938145 41.0
60.2407522163421 40.0
60.699074487326754 41.0
57.067559163561434 41.0
58.77873897103708 40.0
56.01199761342998 42.0
57.41084224009644 42.0
58.781577502616805 43.0
56.282859495141324 43.0
56.42842467825137 44.0
59.65157897709382 46.0
55.06750355511725 47.0
56.977980756544916 47.0
54.158965277886296 49.0
56.689901196267485 50.0
55.4397669050147 50.0
54.85828237718155 50.0
57.410306525539504 51.0
58.45907339255373 51.0
61.49396417842894 50.0
58.59084514480216 51.0
59.21212227383517 50.0
61.99055109136795 51.0
63.71288458987532 51.0
55.60602958814073 50.0
56.44076402099104 51.0
54.568217726878494 51.0
54.622663294160766 51.0
57.24444751004185 52.0
54.873971659280656 53.0
58.433227100586805 53.0
61.34324420218152 54.0
62.619269011691344 55.0
62.88451147505312 55.0
59.6042997377339 55.0
62.692263630233825 56.0
63.00522458904669 56.0
62.12972810952845 57.0
63.46113514439846 56.0
63.25749224725921 56.0
64.28373530229031 57.0
59.98311023341888 57.0
60.2202195194377 57.0
59.27618217756974 57.0
59.12522933168445 58.0
59.83337308916078 57.0
60.858196105344355 58.0
60.447028288892426 57.0
59.382670373209066 57.0
61.47260182963311 57.0
60.13846657305392 57.0
60.011164004259825 57.0
59.284038581256695 57.0
59.12859058063693 57.0
60.605492597238154 57.0
63.55341135941768 58.0
62.689024973660665 58.0
62.84797499033314 60.0
62.779237675599994 60.0
62.39919923904151 60.0
61.14585193886295 60.0
61.8842433159565 60.0
61.645453949029175 60.0
63.057172821141776 61.0
62.142760492246914 61.0
63.862374417939854 61.0
62.456089211517934 61.0
63.07214507315358 62.0
62.974265127629366 61.0
62.509538856386456 62.0
64.81335924150122 62.0
64.20600135929857 62.0
63.905988319831366 62.0
63.48329424658912 62.0
65.01562196620267 62.0
63.684543665102055 62.0
63.9714885697084 62.0
63.071768187599815 62.0
62.27660747554444 62.0
63.378331112336355 62.0
64.43185455257841 62.0
65.53233346664538 62.0
67.0213789519349 63.0
66.82591933650204 63.0
64.39133134918069 62.0
63.81145335593533 63.0
64.90324410672116 63.0
65.89467572411368 64.0
64.28480958931415 64.0
65.68699628695535 63.0
64.49541955546132 63.0
65.22836578330045 64.0
66.34810313340287 64.0
65.60671354589641 64.0
66.2945775381375 64.0
67.44599011337047 64.0
67.11556625777472 64.0
68.348873442575 64.0
65.71093837506348 64.0
66.01393213800372 64.0
67.84740817741051 64.0
65.29756659198267 64.0
66.86374348513849 64.0
67.03093133217746 64.0
66.40184254487066 64.0
65.73364351630545 64.0
66.72535336637364 65.0
66.81237651199109 65.0
67.10934204796717 64.0
70.12277032417337 65.0
70.61988303658649 65.0
72.95091378249755 64.0
72.86910234836327 65.0
73.29653202150762 65.0
69.81669387944336 65.0
68.62564213128739 65.0
65.63343280861199 65.0
67.4930641850002 65.0
66.87094749584332 65.0
65.66231629408391 65.0
67.16086105297025 65.0
67.33796281064511 66.0
70.30661149075583 66.0
67.83305929328066 66.0
68.37760584799723 66.0
69.09534590366869 66.0
72.11849394258988 66.0
71.27494127097756 66.0
69.48892187874536 66.0
67.62529736032599 66.0
67.64060329815862 66.0
67.74888799806955 66.0
68.70390616356418 67.0
68.32045653012293 67.0
67.67002359803915 67.0
69.6367192135242 67.0
68.79840997369315 67.0
68.4008753767649 68.0
68.92144545744095 68.0
67.75911170542278 68.0
69.77120353621474 67.0
70.59822751305572 67.0
69.25106708668564 68.0
69.8132252252909 68.0
70.68459311288406 68.0
72.25747784300583 67.0
70.44844085422717 67.0
69.50903731142486 68.0
69.22871077990509 67.0
67.66262177436812 68.0
67.8551331691088 67.0
67.48678349982755 68.0
67.82250694013223 67.0
67.61018876704841 67.0
67.85129675014909 68.0
70.77545489847184 68.0
69.62419508037445 67.0
68.60279767818064 68.0
69.06542321873974 68.0
69.68711336507866 69.0
69.1513857617447 69.0
69.90355490142463 69.0
70.40716043420785 70.0
70.14286047103826 70.0
70.53154883727271 70.0
69.91406153706738 70.0
70.13732643505054 71.0
70.06588316086183 71.0
69.91296576557208 71.0
69.89509129228705 70.0
70.13805207730883 71.0
70.0005495118272 71.0
69.96836987663988 70.0
70.00296985381962 71.0
69.99257577706226 70.0
70.36682963685888 70.0
70.07639368227086 70.0
70.14834284040583 71.0
70.47217279776223 70.0
70.21561465110867 70.0
70.30316684035243 71.0
70.38895698029677 71.0
70.52969978071461 71.0
70.73988915515898 71.0
70.739393852393 71.0
70.8804258668214 71.0
70.86606395235462 71.0
70.96554190768293 71.0
70.98126387343042 71.0
71.15309117153814 71.0
71.02318393243296 72.0
71.1091596573558 72.0
71.14528906138551 72.0
71.36260036570795 71.0
71.5270292348807 72.0
71.37301552249161 72.0
71.30211704726351 72.0
71.53654136634867 72.0
71.33506194238673 72.0
71.51760781844189 72.0
71.65125245554837 72.0
71.71806377330361 72.0
71.63464915560633 72.0
71.6241650965533 72.0
71.6278903420668 72.0
71.79583902262448 72.0
71.7715995138919 72.0
71.881949833838 72.0
71.81041008827248 72.0
71.91702939262885 73.0
72.04653666535646 72.0
71.97638871746207 73.0
72.29850260751229 73.0
72.40929459042871 73.0
72.33862842622213 72.0
72.27621361369641 73.0
72.34125044697456 73.0
72.48395537118894 73.0
72.4983179771425 73.0
72.53761897548009 73.0
72.45963277419223 73.0
72.43670702600551 73.0
72.43713574546503 73.0
72.35999398050534 73.0
72.39729583051697 73.0
72.5517694396955 73.0
72.53186931679836 73.0
72.59360546212982 73.0
72.61300189769824 73.0
72.7268464584151 73.0
72.87988162298574 73.0
72.78227950707188 73.0
73.00179783714938 73.0
72.85107574282102 73.0
72.9428901869451 74.0
72.86692657924452 73.0
72.86979856842265 74.0
72.93681604220492 73.0
73.08458493024351 74.0
73.02290825562022 74.0
72.99485030138797 73.0
73.0009394247922 74.0
73.1077174101726 74.0
73.05141326408784 74.0
73.08761004815126 74.0
73.10159411205747 74.0
73.122273410648 74.0
73.00313989424276 74.0
73.12068327632161 74.0
73.28762315208849 74.0
73.34871473135088 74.0
73.326393290219 74.0
73.34967697502773 74.0
73.33391890376853 74.0
73.3344828565744 74.0
73.32073961959426 74.0
73.41138144557557 74.0
73.4195596908412 74.0
73.65493703622026 74.0
73.5628247825302 74.0
73.70298195100791 74.0
73.72300501485623 75.0
73.74461558290628 75.0
73.71067591638717 75.0
73.7909968080759 74.0
73.86885086527562 75.0
73.75425148262556 75.0
73.73279589178293 74.0
73.84940085183236 74.0
73.88281721195455 75.0
73.91559895218661 74.0
73.77120562516387 75.0
73.83876076299502 74.0
73.99820429194217 75.0
74.12070947043169 74.0
73.83662011564869 75.0
73.85786276652098 75.0
74.02918894437575 75.0
73.9736896613205 74.0
73.99089546955969 75.0
74.04615015439103 75.0
74.03388896300572 74.0
74.06794746625793 74.0
74.02432500579211 74.0
74.0983191518724 75.0
74.15154721493758 75.0
74.1981052724804 75.0
74.14203510750286 75.0
74.23888672770599 75.0
74.22046944737701 75.0
74.25290614167471 75.0
74.31711227049234 75.0
74.25267179060715 75.0
74.27252779127635 75.0
74.36514186231936 75.0
74.40780732971771 75.0
74.3639227236712 75.0
74.37207414941786 75.0
74.45827914250982 75.0
74.4596069008295 75.0
74.60906374787069 75.0
74.6336786395083 75.0
74.65908143849373 75.0
74.59162430448109 75.0
74.5562816444048 75.0
74.62197462797329 75.0
74.68533064465744 75.0
74.62929285065869 75.0
74.62608123235296 75.0
74.64140280090935 75.0
74.65180687933454 76.0
74.63588678562277 75.0
74.66481451682728 75.0
74.746481592782 75.0
74.73819624420989 76.0
74.63149194876553 75.0
74.56142524015155 75.0
74.56083560883864 75.0
74.56767253307801 75.0
74.57169846811023 75.0
74.55048773293464 75.0
74.65101532418916 75.0
75.22143114026738 75.0
75.30408131810817 75.0
75.45088675276813 76.0
75.66521380831118 76.0
75.88268097585889 76.0
75.92546445310424 77.0
76.02808155525106 76.0
76.28458985610439 76.0
76.39338994440622 77.0
76.50256744507398 77.0
76.85820522123845 77.0
76.91635141810933 77.0
76.92993741559488 77.0
77.17485115875397 78.0
77.26192532062322 78.0
77.26007543622023 78.0
77.40619631081958 78.0
77.41658462613199 78.0
77.5006539423193 78.0
77.48673692000901 78.0
77.56739995641459 78.0
77.66288447944198 78.0
77.67700852382976 78.0
77.63720754800491 78.0
77.82189665373919 79.0
77.73107049408193 78.0
77.76263194202473 78.0
77.73830103332871 78.0
77.66735096845615 78.0
77.80338018144482 78.0
77.82922870175071 79.0
77.83768642480136 78.0
77.93332315138314 79.0
77.87997485637955 79.0
77.98870497704071 79.0
78.0208659100586 79.0
78.00935695189655 79.0
78.00492828913589 79.0
78.05776037746455 79.0
78.1064954327411 79.0
78.14706708709545 79.0
78.1087456350422 79.0
78.16383060545249 79.0
78.16179292221985 79.0
78.18016947159465 79.0
78.12080845378239 79.0
78.1713396704258 79.0
78.18644392051905 79.0
78.34188984577683 79.0
78.31024368872674 79.0
78.33924689221146 79.0
78.35552653916017 79.0
78.37938889306952 80.0
78.37882226825508 79.0
78.37473323843781 79.0
78.44411152351996 79.0
78.50055249205467 79.0
78.45488837970113 80.0
78.53601982367577 80.0
78.59286521216815 79.0
78.60209225236953 79.0
78.61127500492536 80.0
78.72092313145126 79.0
78.8034994518482 80.0
78.869313167033 80.0
78.86387760989507 80.0
78.88401377532655 80.0
78.89148526166402 79.0
78.86938522856644 80.0
78.88013184127915 79.0
78.86753814148143 79.0
78.90661301213802 79.0
78.919677010789 79.0
78.8900590598785 80.0
78.8930252901936 79.0
78.91489633608148 80.0
78.91584381795508 80.0
78.88002273880322 80.0
78.90603680653683 80.0
78.94471651937157 80.0
78.98743647345523 79.0
78.93311855734726 80.0
78.97315104848587 80.0
79.02852864636799 80.0
79.10766003687955 80.0
79.09592185920864 80.0
79.12931049891556 80.0
79.19964980913547 80.0
79.3288446312 80.0
79.45366722390749 80.0
79.61510935021322 80.0
79.67838967366714 80.0
79.77460425375766 81.0
79.73577467208548 81.0
79.67616267139566 81.0
79.77948447284672 80.0
79.81405971201 80.0
79.77343335373027 81.0
79.87107186349124 81.0
79.86261914872395 81.0
79.81236699586094 81.0
79.82805367694189 81.0
79.98286100559156 81.0
79.97027524956438 81.0
80.14739281201429 81.0
80.15333738272453 80.0
80.20458670273145 81.0
80.259474595475 81.0
80.33860290210751 81.0
80.35402048157414 81.0
80.31640773454482 81.0
80.44664357521953 81.0
80.60389085313919 81.0
80.55217919952605 81.0
80.60311885716746 81.0
80.65805832926296 81.0
80.63737494904073 82.0
80.58417108750278 81.0
80.56202493537539 81.0
80.58893019639237 81.0
80.60006441552602 81.0
80.58516888401999 82.0
80.61972816442949 81.0
80.67576612687294 81.0
80.70321703054553 81.0
80.93271718374707 81.0
80.90911242980798 82.0
80.93845884256443 82.0
80.94008287595662 82.0
80.87205954610559 82.0
80.87490819051325 81.0
80.94309632855835 82.0
80.93933453234341 82.0
81.08825524478983 82.0
81.19152937664808 82.0
81.27709992779043 82.0
81.31636991407058 82.0
81.41467494578177 82.0
81.63206510611188 83.0
81.68437472203986 83.0
81.68038002612063 83.0
81.69777546870453 83.0
81.71041528822798 83.0
81.77707115794362 82.0
81.8649027086593 83.0
81.89791869555333 83.0
81.97934493413237 83.0
82.00991598009546 82.0
82.13548665161116 83.0
82.05120485688623 83.0
82.13816690614921 82.0
82.25920712891606 83.0
82.42806961024662 83.0
82.49703298159172 83.0
83.16665528752243 83.0
83.23079118374591 84.0
83.20950419055444 84.0
83.23165168434896 84.0
83.25417271801629 84.0
83.3060974782928 84.0
83.45065536822605 84.0
83.72044339114063 84.0
83.91802602588336 85.0
83.89895296338074 85.0
83.90503349112555 85.0
83.88818914881732 85.0
83.91336378578836 84.0
84.08022568799942 85.0
84.2146807364498 85.0
84.15356759726629 85.0
84.10105750120681 85.0
84.11466584289236 85.0
84.07034179063862 85.0
84.07585576217164 85.0
84.11485945975346 85.0
84.50677626941051 85.0
85.13300604305796 85.0
85.34477535079469 86.0
85.41414591505225 86.0
85.55304668288169 87.0
85.8550719097786 86.0
85.94486251792134 87.0
86.14284434901924 87.0
86.37987904440376 87.0
86.45450421260745 87.0
86.44096023856899 87.0
86.50780263142035 87.0
86.52482657869025 87.0
86.54230794240132 88.0
86.59102870908544 87.0
86.64928257535603 88.0
86.6817110233348 88.0
86.76916101832964 88.0
86.79686910706076 87.0
86.97805134378919 88.0
87.04962402059641 88.0
87.18629228739157 88.0
87.27058611362631 88.0
87.28057501452423 88.0
87.43166586327371 88.0
87.56562991205595 89.0
87.79084970394862 89.0
88.06527131616173 89.0
88.15581686354263 89.0
88.19682360019803 89.0
88.21653330522058 89.0
88.25256339949915 89.0
88.3033803341775 89.0
88.36111562587251 89.0
88.34033567062905 89.0
88.40514700766431 89.0
88.45872921286355 89.0
88.45904688715099 90.0
88.48245795871146 89.0
88.54014171822067 89.0
88.69684727790268 89.0
88.77489477569142 90.0
88.8113956147568 90.0
88.89795897993538 90.0
89.01345316302016 90.0
89.134192582207 90.0
89.13214853858021 90.0
89.13553911160207 90.0
89.3109331827166 91.0
89.65555142895555 90.0
89.70579881527533 91.0
89.72889429168765 91.0
89.77027519741952 90.0
89.83992397294496 90.0
89.80919704329233 91.0
89.84733788219573 91.0
89.92230425903121 91.0
89.96882048321429 91.0
89.90476242212631 91.0
89.93442750775654 91.0
90.0192354694838 91.0
90.05241590035787 91.0
90.06405522783116 91.0
90.04789493468866 91.0
90.1400024421555 91.0
90.24401753989498 91.0
90.20359003788664 91.0
90.24809014228082 91.0
90.35161298221152 91.0
90.37026537798626 91.0
90.40461726481631 91.0
90.4973106832793 92.0
90.51496967855049 91.0
90.64037848375483 92.0
90.69410008748595 92.0
90.80422303690104 92.0
90.85540471661035 92.0
90.87380594864136 92.0
90.85108163392144 92.0
90.88835284937532 92.0
90.93434319921657 92.0
91.05739011991871 92.0
91.09804049054644 92.0
91.32363283205315 92.0
91.42943014851043 92.0
91.34132121663886 92.0
91.25757005427172 92.0
91.2685716543864 92.0
91.33344975265453 92.0
91.34754121570012 92.0
91.380938946622 92.0
91.49217740690995 92.0
91.60583046430196 92.0
91.88578410089043 93.0
91.92123967468204 93.0
91.91531845930055 93.0
92.01414521582815 93.0
92.3283477849407 93.0
92.3543710222224 93.0
92.8122235125544 93.0
92.95918778604256 94.0
92.9769280516746 94.0
92.92106129806157 94.0
92.96347142473806 94.0
93.07222345311193 94.0
93.18022641769628 94.0
93.19765180840702 94.0
93.47852319034779 94.0
93.63557420332015 95.0
93.8011888140785 94.0
93.95939999253555 95.0
94.03549843178968 95.0
94.10464321161615 95.0
94.31714187788647 96.0
94.5226988639137 95.0
94.65507376794905 95.0
94.89454759266889 96.0
95.01523731301785 96.0
95.00205023284948 96.0
95.00710145291768 96.0
95.11167070993014 96.0
95.20676678207413 96.0
95.17588565929366 96.0
95.25982266220342 96.0
95.29745069655559 96.0
95.29923340829079 97.0
95.27868438353288 96.0
95.34629798886708 97.0
95.38989565246663 97.0
95.41165427677761 96.0
95.34754896712562 96.0
95.36606819514088 96.0
95.39235913108422 97.0
95.4538150129326 97.0
95.54265805792308 97.0
95.61427159891763 96.0
95.7331270161464 97.0
95.86469153924108 97.0
95.84537918587424 97.0
95.88863936143116 97.0
96.00022223210266 97.0
96.0513464662507 97.0
96.03600287186921 97.0
96.10077528941353 97.0
96.15313652454672 97.0
96.18649158453609 97.0
96.18227069524224 97.0
96.21796923062372 97.0
96.22201107366888 97.0
96.2888472008042 97.0
96.31863092981203 97.0
96.32785732296766 97.0
96.40459888966461 98.0
96.44216603753463 98.0
96.39932724298154 97.0
96.48304865718285 97.0
96.52853718265428 98.0
96.54429546796464 97.0
96.54287389937659 98.0
96.57939976021866 98.0
96.61898402599323 98.0
96.67804563735757 98.0
96.69066871862076 98.0
96.75932760465314 98.0
96.83130848872925 97.0
96.91806735123069 98.0
96.93336308001885 98.0
96.96526778407836 99.0
97.08577061828963 98.0
97.16899589694665 98.0
97.13810670394372 98.0
97.23290140963626 98.0
97.3293417420227 99.0
97.39009876299933 98.0
97.50541046398861 99.0
97.54292427846039 99.0
97.5747922964963 99.0
97.6101481876749 98.0
97.67271515545862 99.0
97.76917472458227 99.0
97.94563666574132 99.0
98.08651344189533 99.0
98.15296086409717 99.0
98.21519790037397 99.0
98.37056107092849 100.0
98.50461072363746 99.0
98.4902892648494 99.0
98.5351369736517 99.0
98.60157783557455 100.0
98.67580009785291 100.0
98.66506770270637 100.0
98.69760192290093 100.0
98.75691090158809 100.0
98.81512886806702 100.0
98.78712956280152 100.0
98.87467445814785 100.0
98.96942276313881 100.0
99.02566150321792 100.0
98.99220758962666 100.0
99.05176935099148 100.0
99.10767887889662 100.0
99.1946379907414 100.0
99.1791519265433 100.0
99.21210453517132 101.0
99.23149061079833 100.0
99.29385133380543 100.0
99.28147459863649 100.0
99.27363207182812 100.0
99.29956478985063 101.0
99.34025560715583 101.0
99.27859270649859 101.0
99.2780463761547 101.0
99.27535083748838 100.0
99.28265598567542 101.0
99.23528120712923 101.0
99.21879614180317 101.0
99.23368936165461 100.0
99.2578202325877 101.0
99.19107792781537 100.0
99.26793743143264 100.0
99.39597458544966 100.0
99.54562432630571 101.0
99.63207653169049 101.0
99.61961039448641 101.0
99.64474933736051 101.0
99.69759780351427 101.0
99.6453262200306 101.0
99.56506773632036 101.0
99.53538630886221 101.0
99.60488086535943 101.0
99.52067050513945 101.0
99.54920708025503 102.0
99.55734634996683 101.0
99.52813092720561 101.0
99.48130248828264 101.0
99.48350899121628 101.0
99.48101535776352 101.0
99.50864022460468 101.0
99.4550197965001 101.0
99.43789292457289 101.0
99.45643593217272 101.0
99.47986418673297 101.0
99.42824037758459 101.0
99.42343019281365 101.0
99.41679581914532 101.0
