33.35788027864175 34.0
33.42005189958583 34.0
34.048720870189335 34.0
33.80163894036023 34.0
33.448071060146546 35.0
33.747315362245544 35.0
33.59908742538568 35.0
33.796627426213696 34.0
33.718856309482 35.0
33.32582581678889 35.0
33.21457525929519 34.0
33.45109737056653 34.0
33.73348746459044 34.0
33.46340464716647 34.0
33.31893120559259 35.0
33.673752903703246 35.0
33.48176788678228 35.0
33.48012152072205 34.0
33.3304042414924 34.0
33.43714263866144 34.0
33.39520692213925 34.0
33.46525485001226 34.0
33.48637650714445 34.0
33.652710859239185 34.0
33.82220583218721 34.0
33.61131698040434 34.0
33.49705376548441 34.0
33.58375503894304 34.0
33.477626873300196 34.0
33.86473554790169 34.0
33.41455699556874 35.0
33.30205404679526 34.0
33.664687487674996 34.0
33.43487316979564 35.0
33.72897680405635 35.0
33.79132866314396 34.0
33.60334653618966 34.0
33.757265225978834 34.0
33.39655959661351 34.0
33.55916237718499 34.0
33.251174602454 34.0
33.73745592492181 34.0
33.4751808371533 34.0
33.51380386305099 34.0
33.4422457090783 35.0
33.389868835511585 34.0
33.35620400460322 34.0
33.21897473585263 34.0
33.40257323392898 34.0
33.69544892968193 34.0
33.51944071002951 34.0
33.81201728696883 34.0
33.18228979494121 34.0
33.589225025314555 35.0
33.521460208071815 35.0
33.60421145071093 35.0
33.32047069294504 34.0
33.60700675377255 34.0
33.62754908009035 35.0
33.601392239009215 34.0
33.272323269716765 35.0
33.283092407379804 35.0
33.167953211745775 33.0
33.340050108172946 34.0
33.39639629214904 34.0
33.362198728408366 34.0
33.85005118809873 34.0
33.55761468594389 34.0
33.43475198835495 35.0
33.311580879904085 34.0
33.374869422973326 35.0
33.39656763638394 35.0
33.73349212915287 34.0
33.205621176347194 34.0
33.31878009019978 34.0
33.258408200983034 34.0
33.45936797544125 33.0
33.36888228976981 34.0
33.43837085593697 34.0
33.53493278005708 35.0
33.56793107897499 34.0
33.476796187952694 34.0
33.49229548870285 34.0
33.30751730012307 34.0
33.61556351936213 34.0
33.3612631573918 34.0
33.38071176989747 34.0
33.51584056104791 34.0
33.069889650056574 34.0
33.10423527083549 34.0
33.12028083110775 34.0
33.264131428356734 34.0
33.49237832906691 34.0
33.21708578196088 34.0
33.33560169179024 34.0
33.3314149046571 34.0
33.36914163610068 34.0
33.536970963554424 34.0
33.03629662949148 34.0
33.3370485976097 34.0
33.31236029394667 34.0
33.374084469548364 34.0
33.61821558702336 34.0
33.42454561812212 34.0
33.34272127456615 34.0
33.29981406486805 34.0
33.24628341402435 34.0
32.978481336997234 34.0
33.22847861507807 34.0
33.39879897968957 34.0
33.25464931119547 34.0
33.45158084401578 35.0
33.33155137154076 34.0
32.98711939901342 34.0
33.340277418909636 34.0
33.399699040131274 35.0
33.26188081073502 34.0
33.455851829482945 34.0
33.323148420542765 35.0
33.33391890960022 35.0
33.28641731866203 34.0
33.660862160646175 34.0
33.19453384456261 34.0
33.39586676101276 34.0
33.67685438381201 34.0
33.476444129393045 33.0
33.643024636718394 33.0
33.41696339099819 34.0
33.82586628928331 34.0
33.51456466995345 34.0
33.398946345187525 34.0
33.25994919865983 34.0
33.40046070854993 34.0
33.48294248274876 33.0
33.341002236527444 34.0
33.63604242510373 34.0
33.724490463401544 34.0
34.008026659131914 34.0
33.760620269548326 34.0
33.61335596204971 34.0
33.68309583070713 34.0
33.867450395539905 34.0
33.98842399537601 34.0
34.22090936859928 34.0
33.98464330346502 35.0
33.986569473091286 34.0
34.208576849612705 34.0
34.0935369649314 34.0
34.188457488035056 35.0
34.54098312479373 35.0
34.38219993902364 35.0
34.48442322636909 35.0
34.895868945898265 35.0
34.74135714978456 36.0
35.19313597215499 36.0
35.18488866240506 35.0
35.368911461574456 35.0
35.288315427470664 35.0
35.67169823952783 35.0
35.870000005956584 36.0
36.013186264521444 36.0
36.090905561789846 36.0
36.14904106328821 36.0
36.492235121467154 37.0
36.66594939410217 37.0
36.88537153473379 36.0
37.03409558943659 38.0
37.40304670315855 37.0
37.52462087495677 37.0
37.82059364922975 38.0
38.06768572778289 38.0
38.39033113478764 38.0
38.56796084683053 39.0
38.90834843068251 39.0
39.20614424971211 39.0
39.3064842520246 39.0
39.697253277964165 40.0
39.98660913650258 39.0
40.18830631425341 40.0
40.6225334202557 40.0
40.79968638931169 41.0
41.108350980115695 40.0
41.44713792215296 41.0
41.77243046789184 41.0
42.0612337817336 41.0
42.33209002447388 42.0
42.56772945873826 42.0
42.96317135384736 42.0
43.19679051926186 42.0
43.48597048210654 43.0
43.74027360107284 43.0
44.06710197252268 43.0
44.34147756734379 44.0
44.63504259471272 44.0
44.991320000444674 45.0
45.235573061085844 45.0
45.57467386728476 45.0
45.87697247201935 46.0
46.15855893043626 45.0
46.45717315544652 45.0
46.78490126488012 47.0
47.01519587954792 46.0
47.33031010302496 47.0
47.6331059794411 48.0
47.98998056767991 48.0
48.20526627414438 48.0
48.51701776390115 48.0
48.787927598021824 48.0
49.0972511833983 49.0
49.392265241235066 49.0
49.66515916710649 49.0
49.95238050441252 49.0
50.23918376163627 50.0
50.49309089452274 50.0
50.78277931396371 50.0
51.066455893518864 51.0
51.352549542547486 51.0
51.63752290347216 51.0
51.9133474877796 51.0
52.20850508628799 52.0
52.46994545774655 52.0
52.756382051591395 52.0
52.990901489114144 53.0
53.26186107068135 53.0
53.54270269045316 53.0
53.79528704693561 53.0
54.06503780345211 53.0
54.37106697582657 53.0
54.606648802877814 54.0
54.919143589570865 55.0
55.146339182971374 55.0
55.410507529204956 55.0
55.67690799097561 55.0
55.95600694537953 55.0
56.18296372221308 55.0
56.45358057587517 55.0
56.700173201058355 56.0
56.96724983452811 56.0
57.20756229737076 56.0
57.488204040413834 57.0
57.74394178831328 57.0
57.995806420004925 57.0
58.25215893709105 58.0
58.51509703332998 58.0
58.7633441399221 58.0
59.007397301062625 58.0
59.24125551717569 59.0
59.4823353981215 59.0
59.717691946400095 59.0
59.992916296649064 60.0
60.23896765467181 60.0
60.46229702748424 60.0
60.74346984736185 60.0
60.93115097423301 60.0
61.18541852810381 61.0
61.418705145119795 61.0
61.65834366927515 61.0
61.89762058764528 61.0
62.1309105573546 62.0
62.36414637512806 62.0
62.595942680331426 62.0
62.82349265653791 62.0
63.066027412071435 62.0
63.28846378204098 63.0
63.53040962687565 62.0
63.77640276122488 63.0
63.96779724739902 64.0
64.18330533281906 63.0
64.40187659182537 64.0
64.63012363835672 64.0
64.84838905878249 64.0
65.07193349112875 65.0
65.31172441951759 65.0
65.52932630342113 65.0
65.74834751356678 66.0
65.97651346940583 65.0
66.20318721108586 66.0
66.37539945077805 66.0
66.60970652792582 66.0
66.8358841931395 67.0
67.04658029693222 66.0
67.25572065628063 67.0
67.47775997745829 68.0
67.68956429347692 67.0
67.8849219828063 67.0
68.10012654833692 68.0
68.32842306821453 68.0
68.53874201702999 68.0
68.73974261305833 69.0
68.94071435090144 69.0
69.15704290075475 69.0
69.36079514498957 70.0
69.53788869441554 69.0
69.73106149026012 69.0
69.96086696401308 70.0
70.15791355482925 70.0
70.35904852568032 70.0
70.54418054211003 70.0
70.74229608454692 70.0
70.93471168234977 70.0
71.1234822790787 70.0
71.32020031096233 71.0
71.51082909942045 71.0
71.7077832648479 72.0
71.90712897604058 72.0
72.10215738787184 72.0
72.28712592777768 72.0
72.48025709936682 72.0
72.6726357937182 73.0
72.86709834347393 72.0
73.05117596386509 73.0
73.23788653534143 73.0
73.42625568130288 73.0
73.61481080171961 73.0
73.80020796721419 74.0
73.98562858507123 74.0
74.17241613464913 74.0
74.36350837168126 74.0
74.54231607053829 75.0
74.7237187703888 74.0
74.9098228529003 75.0
75.09344851916178 75.0
75.27669244362738 75.0
75.45818017730635 75.0
75.64138873953155 75.0
75.82145282427012 75.0
76.00030659627267 76.0
76.17862918004383 76.0
76.36115586285334 76.0
76.54162668694207 76.0
76.72065262555492 76.0
76.90012329106344 77.0
77.07829711026648 77.0
77.2549219854319 77.0
77.43060846995863 78.0
77.6057646172519 77.0
77.77979900697473 77.0
77.95668676238935 77.0
78.13080542342276 78.0
78.30554890130915 78.0
78.48101359682107 79.0
78.65401895541342 79.0
78.8295378900817 78.0
79.00747364191362 79.0
79.1814998829397 79.0
79.35426846096719 79.0
79.53060921850793 79.0
79.70267444681268 79.0
79.87899495753516 80.0
80.05224032249384 79.0
80.22178893907079 80.0
80.390167238218 80.0
80.55275680097917 80.0
80.72035772211713 81.0
80.89167638730581 80.0
81.04995385345927 81.0
81.21082883912781 81.0
81.3723253532195 81.0
81.52580844315379 81.0
81.68895526604709 81.0
81.84180346446058 82.0
82.0062027328523 82.0
82.1616931700011 82.0
82.31773159241027 82.0
82.46646364912503 82.0
82.61578090979361 83.0
82.77383999827632 83.0
82.92563604926974 83.0
83.07826671622838 83.0
83.22897140998701 83.0
83.37615078388991 83.0
83.52890548851997 83.0
83.6799940693391 84.0
83.82688433381549 83.0
83.97722362750298 84.0
84.1198212872354 84.0
84.26290757607818 84.0
84.40896696036788 84.0
84.55036291529086 84.0
84.70183347616747 85.0
84.84932234357461 84.0
85.00317078994989 85.0
85.15169730659787 85.0
85.30657486151998 85.0
85.45498078311297 85.0
85.59999623168886 86.0
85.74965714148448 85.0
85.90179265631365 86.0
86.05185327060083 86.0
86.20753483084364 86.0
86.35221362657117 86.0
86.50190535347492 87.0
86.65612295992108 87.0
86.80926765015505 87.0
86.96286273355005 87.0
87.11939885032126 87.0
87.27323422495076 87.0
87.4283311219169 88.0
87.58296157498098 87.0
87.7394376021078 87.0
87.89396642535077 88.0
88.0515524242783 88.0
88.20646359313993 88.0
88.36461728460671 88.0
88.52047076168033 88.0
88.67478642141835 88.0
88.82930988549344 88.0
88.98289557739676 89.0
89.13423586497235 89.0
89.28566308616851 89.0
89.43847729102416 89.0
89.59219990376485 89.0
89.74607500456544 90.0
89.90001042807218 89.0
90.0516961059998 90.0
90.20726481446498 90.0
90.36081907781801 91.0
90.51272011313873 91.0
90.66657843672711 91.0
90.819554155163 90.0
90.97404672913284 91.0
91.126891324256 91.0
91.27870353918881 92.0
91.43014962245363 91.0
91.5795758024269 92.0
91.72884109610577 92.0
91.87793565059161 92.0
92.02806937245435 92.0
92.17919267401095 92.0
92.32645030977243 92.0
92.47829694814175 93.0
92.63287885235407 93.0
92.78107708165211 93.0
92.925862850236 93.0
93.07485437643597 93.0
93.22198650095974 93.0
93.3669032593349 94.0
93.51389695126464 94.0
93.65733756503565 94.0
93.80245617779647 94.0
93.94587725609095 94.0
94.08920631030038 95.0
94.23168810332945 95.0
94.37348926651117 95.0
94.51380066811616 95.0
94.65572296659265 95.0
94.79275540498789 95.0
94.93217617454204 96.0
95.07545609097083 95.0
95.22090955867297 96.0
95.3690948680021 96.0
95.51664994009249 96.0
95.66089733512561 96.0
95.8036784956905 96.0
95.94615701314834 97.0
96.08625490713936 97.0
96.22329793371868 97.0
96.3625191010476 97.0
96.50168763605117 98.0
96.6411230541442 98.0
96.77847452486138 98.0
96.91870590709682 98.0
97.05910428966472 98.0
97.19734288704909 99.0
97.3349041828621 99.0
97.47151453150555 99.0
97.60768541068455 98.0
97.74667713398485 98.0
97.88656389893939 99.0
98.02740290549494 99.0
98.1688090951279 100.0
98.30930675597706 100.0
98.44671476727325 100.0
98.58453351112239 100.0
98.72195174154581 101.0
98.8586374560242 101.0
98.99479950815241 101.0
99.1291224374532 101.0
99.26316874968188 101.0
99.39669176129503 101.0
99.52642836234598 102.0
