31.322206888402896 34.0
34.276172857109714 33.0
36.56993072238871 35.0
30.539108576564644 36.0
32.44504460372603 34.0
36.77055422179996 34.0
32.55781461334755 36.0
31.30950587199709 34.0
30.6270743828741 33.0
34.93772160943345 33.0
31.559786599229135 35.0
31.386078753861987 34.0
31.628582887728506 33.0
32.21267509462787 33.0
32.25653195746881 33.0
35.025791860597856 33.0
31.346951364750083 35.0
30.9315208509299 34.0
32.02369462532975 33.0
31.865674306399377 33.0
30.986449090043912 33.0
30.9137296944412 33.0
33.627890692990164 34.0
33.57863027593831 34.0
32.28841899849771 34.0
32.59595973580436 34.0
30.577215671099275 33.0
30.6326428367465 33.0
34.39705269717992 33.0
33.302994610771265 34.0
32.832229107215355 34.0
32.19431457922876 34.0
32.24673961613259 34.0
31.58577033883018 33.0
32.991868469643016 33.0
30.591827471832147 34.0
33.74730705862715 33.0
33.49799549079533 34.0
30.029772084378216 34.0
31.6403714980288 33.0
31.470296939209753 33.0
30.642576658805304 33.0
31.653625144235363 33.0
30.96967998517546 33.0
31.75949287764835 33.0
33.09625788394095 33.0
33.703600713174794 33.0
34.476976351215406 34.0
31.951051927160442 35.0
32.58292598093194 33.0
31.30831812666858 34.0
32.29464850244172 33.0
31.99661850513116 33.0
30.477390666344533 34.0
30.674922232286498 33.0
31.24339338829313 33.0
31.657253716421508 33.0
33.6553021853759 33.0
31.241483678807903 34.0
33.390209185503444 33.0
31.429872737735437 34.0
33.10770494889524 33.0
33.60574690124812 34.0
31.618380080392328 34.0
32.38605798457458 34.0
31.6794387559842 33.0
31.44196781965333 33.0
33.02600218216028 33.0
36.20517099218652 33.0
32.65841127883499 36.0
33.73734151525069 34.0
30.572205760665412 35.0
32.75666915014553 34.0
34.08680295900033 33.0
30.178381661306332 34.0
31.444931472355883 33.0
32.39241080244468 33.0
34.04033900503697 33.0
31.81816104701946 35.0
32.03945943230115 34.0
32.514121405724026 33.0
34.207200250468645 34.0
33.53612507401633 35.0
31.769407799784418 35.0
33.70095714950476 33.0
33.9845450942243 34.0
33.296802508692586 34.0
31.992559646388457 35.0
33.215314840400104 34.0
34.70171980062855 34.0
34.078810895800224 35.0
33.73808647231305 35.0
33.17629616830305 35.0
31.697174109841697 35.0
32.62009236330891 33.0
33.47107206153541 34.0
37.12554446945762 34.0
36.761079780189704 36.0
34.96327116530249 37.0
33.016414388622394 36.0
33.69167318246468 35.0
35.332004000519596 35.0
33.57507416750634 35.0
34.04299048170822 36.0
32.158412966572286 35.0
32.2667145735095 34.0
33.52549540020233 34.0
36.3168783867596 35.0
33.704752471178715 35.0
34.935562763976165 34.0
34.00749402395631 35.0
34.29309209606733 34.0
32.535026607242536 35.0
32.658969454503314 34.0
33.30421426454398 33.0
32.37553000179285 34.0
34.00869408371959 34.0
35.209609820374126 35.0
33.6482614323037 36.0
31.276913330941568 35.0
35.31088899457435 34.0
32.56347624141198 35.0
35.604127681127196 34.0
32.019189351412244 36.0
34.655330976652195 35.0
34.35708220142963 35.0
33.786648304182364 35.0
33.72648080119118 35.0
34.2985442453002 35.0
34.92489960577278 34.0
33.12276067789914 35.0
32.1374179804707 34.0
33.91428339518609 33.0
32.74608886100761 34.0
32.796694011882266 34.0
32.17548589063213 34.0
34.33434532304687 34.0
33.15943959293619 35.0
32.791564102005026 33.0
33.37698002056318 34.0
31.14128446208965 33.0
37.04006883517809 34.0
32.36437898809536 37.0
33.707289587493904 35.0
32.834661189342874 35.0
32.37097110566411 34.0
34.01840533772298 33.0
32.42802680009502 34.0
31.551001325910335 34.0
33.268335304292144 33.0
32.122972643132805 34.0
33.126076928330804 33.0
34.0154455787312 33.0
33.08108746760112 34.0
33.92491815890364 34.0
34.08456086333865 34.0
33.611076124258716 35.0
32.806937943088926 34.0
33.99562216450441 34.0
33.93380139729666 34.0
34.9909231937623 34.0
34.52299462217375 35.0
34.513777165623694 34.0
34.84383782548863 34.0
35.02397234677742 35.0
35.74290487439411 35.0
36.649975204638466 35.0
34.96091628510704 36.0
35.762208702137926 35.0
35.85221183348741 35.0
35.977380839731815 35.0
36.904142590620836 36.0
36.66453554987117 36.0
36.94445879866872 36.0
36.94237850722714 36.0
37.45550752436962 36.0
38.16072038202271 37.0
38.81263549905168 37.0
38.72193025692688 37.0
39.09329884282285 38.0
39.16540741244551 38.0
39.721929273821004 38.0
40.388861888324975 39.0
40.057159694698925 40.0
40.017608114106935 39.0
40.19398704993475 39.0
40.27456961664711 40.0
41.10909024149249 40.0
41.343179327911415 40.0
41.37426429222595 40.0
41.39935320987924 40.0
41.1890437798222 40.0
42.30888787710874 41.0
41.97727605930846 40.0
42.47952411708134 41.0
43.02603734183868 41.0
42.908675406260265 42.0
43.783466315133765 42.0
43.791162644789324 43.0
43.92855179889258 43.0
44.292030980948184 43.0
44.628685430366794 43.0
44.62508885894861 43.0
44.89529564402853 44.0
45.229650592927065 43.0
45.13193360979531 44.0
45.73285843401519 45.0
46.327337080333635 45.0
46.35117891412184 45.0
46.909635351165726 45.0
46.53721945625391 46.0
47.179161635662936 45.0
47.622852012878056 46.0
47.594946322358574 46.0
47.61602120204916 47.0
48.441086799616464 47.0
48.6441611499908 47.0
48.81156448214243 48.0
49.220526350826574 47.0
49.3263256056787 48.0
49.694422294141035 49.0
49.63775821793242 49.0
50.185218659972946 49.0
50.212673327950135 49.0
50.53090753264474 49.0
50.884491529615985 50.0
50.90112667811384 50.0
50.90113442368819 50.0
51.759467017657364 50.0
52.140493372102384 51.0
51.85464754741907 51.0
52.588829430232394 51.0
52.29601025929067 52.0
52.77898427745306 51.0
53.04651654110323 52.0
52.86589052734887 52.0
53.430732355768 53.0
53.25032287258688 52.0
53.98754690996282 52.0
53.91609285378313 53.0
54.91485654256107 53.0
54.35076044139253 54.0
54.6641030606726 54.0
55.1722066003537 54.0
55.47459080122752 54.0
55.50463042036037 54.0
55.931517467870925 54.0
56.06462172263874 55.0
56.2198415060634 55.0
56.35580208030279 55.0
56.72861976290092 55.0
56.79096940267972 56.0
57.164099115947565 56.0
57.391467209382355 56.0
57.17585826347792 57.0
58.061171124161916 56.0
57.9333887465402 57.0
57.84897998547722 57.0
58.48415320448291 57.0
58.81474595533774 58.0
59.08950074006938 58.0
58.51939535497184 58.0
58.9401217270274 58.0
59.37008879489042 58.0
59.85713847924383 59.0
59.76911766152752 59.0
59.93871836317555 59.0
60.81130055077543 60.0
60.206160604767106 60.0
60.87766628243223 60.0
61.013898880802714 60.0
61.30038115765509 60.0
61.35288586767707 61.0
61.536635986208594 61.0
61.914012446395844 61.0
61.950636199154246 61.0
62.44517029371775 62.0
62.42607970609315 61.0
62.53805735748581 62.0
62.70333665087162 62.0
62.93248043184525 62.0
63.01235341679959 62.0
63.14372557604994 63.0
63.635406345721755 63.0
63.87400828854837 63.0
63.855439121894676 63.0
63.475354278923106 63.0
64.34825291083143 63.0
64.01873709882737 63.0
64.7505347757508 63.0
64.92522669652578 64.0
64.46645526557879 64.0
65.03107241481892 64.0
65.9153511068917 65.0
65.62375974021637 65.0
65.89510084879743 65.0
66.5371817478885 65.0
65.74083207548424 66.0
66.45317541639692 65.0
66.36752827097003 66.0
66.855075866176 66.0
66.61435892676525 66.0
67.16233205380783 66.0
67.26020870662997 67.0
67.76654194690197 67.0
67.15259067615048 66.0
67.56506381876224 67.0
67.99738043842989 67.0
68.33361568709711 67.0
68.39234230162029 68.0
68.57003392127581 68.0
69.02416202254119 68.0
69.33721337866983 68.0
68.98263859903108 69.0
69.9169403720987 69.0
69.46494821224677 69.0
69.61564992158523 69.0
69.30577577787422 69.0
69.68924040548373 69.0
70.0785145331857 69.0
70.17665588636514 70.0
70.62061134106477 69.0
70.88371332915352 70.0
71.05414087756868 70.0
70.68290485198567 71.0
71.47245679148786 70.0
71.44436264237517 71.0
71.32190811166367 71.0
72.49634342841972 71.0
71.6019452989209 71.0
71.6048485501538 71.0
72.24257625506806 71.0
71.87105321900108 72.0
72.23177498683253 71.0
72.46292858516226 72.0
73.30554476468589 72.0
72.73148916744886 73.0
72.75607219388999 72.0
73.46947466386882 72.0
73.25136293223058 73.0
73.89022257209038 72.0
74.01856184813705 73.0
73.85869255534125 74.0
73.82679502612864 73.0
74.61595840600975 73.0
74.58146895716168 74.0
74.55281021366643 74.0
74.61357072460665 74.0
75.2294674983272 74.0
75.08847381825306 74.0
75.69644078903842 75.0
75.05822391462249 75.0
74.99824514938709 75.0
75.5602626507879 74.0
75.78374199988605 75.0
75.8414663393144 76.0
76.447419358548 75.0
76.04913519808896 76.0
76.80486497290667 76.0
76.7872281682721 76.0
76.2175958207397 76.0
77.24501003754254 76.0
77.57172856065921 77.0
77.54774673895271 77.0
77.63513096217774 77.0
77.93146361725357 77.0
77.65513623208042 78.0
78.03528572871322 77.0
78.0347797712198 78.0
78.37406614915909 77.0
78.16184754784233 78.0
78.02934170398633 77.0
78.4772596568132 77.0
78.83459708925199 78.0
79.21899275105949 78.0
79.04705718380359 79.0
79.3895135187806 79.0
79.2344442395639 79.0
79.19496214217264 79.0
79.41036408247199 79.0
79.97604244361962 79.0
79.82310019546321 80.0
80.02046146948373 79.0
80.16820230934347 80.0
80.3708674305269 79.0
80.35972006748644 80.0
81.00621893696665 80.0
80.9487423622212 80.0
80.53873606073608 80.0
80.77001630931768 80.0
80.88571034331719 80.0
81.12625160618965 80.0
81.44356635138718 81.0
81.64542448985868 81.0
81.44455550009701 81.0
81.93477972029049 81.0
82.0159855262473 81.0
81.73618122787825 81.0
82.3969828387017 81.0
82.72976727737473 82.0
82.651078075314 82.0
83.15816210102177 82.0
82.7415854147568 83.0
82.902879858848 82.0
82.94139325380466 82.0
83.08700943036081 83.0
82.98068299882416 83.0
83.2103062827813 83.0
83.51306019896475 83.0
83.98818664575865 83.0
83.64111478919689 84.0
83.79365852578248 83.0
83.8433153858334 84.0
84.69840313511014 84.0
84.24069929215193 84.0
84.41710405553715 84.0
84.0247041500264 84.0
84.66114066439947 84.0
84.94092112168464 85.0
84.9815781307774 86.0
84.72574956431883 85.0
85.3832613763668 84.0
85.31138081049 85.0
85.84779879976018 85.0
85.66908230358905 86.0
85.81203941212738 85.0
85.54130238020458 85.0
85.99308330025933 86.0
85.86767550111475 86.0
86.09236019262897 86.0
86.77338980765415 85.0
86.56165535306565 86.0
86.49118339983573 86.0
86.92874316840737 86.0
87.09189568546012 87.0
87.02342651753646 87.0
87.42575225910228 87.0
86.8074410188193 87.0
87.56087776411326 87.0
87.57608455079833 87.0
87.55300256476326 87.0
87.63333594288791 87.0
88.00739183833662 87.0
88.08741406086382 88.0
87.98190948886608 88.0
87.78970355720494 88.0
87.85929130626987 88.0
88.4783773357716 88.0
88.80556478325757 88.0
88.29548597385576 89.0
88.55449867741143 89.0
88.86527859140914 89.0
89.13651513107496 88.0
89.13248684101181 89.0
89.39224412486664 89.0
89.47466152394222 89.0
89.21146857644106 90.0
89.39085286235742 89.0
90.20717831535754 90.0
89.86828569436192 90.0
89.9271758111426 90.0
89.99413013476446 90.0
90.18845040225264 90.0
90.26924300148207 90.0
90.16563915106539 90.0
90.30319639081661 90.0
90.93758275024905 91.0
91.15178683634633 91.0
91.06581705653537 91.0
91.20726530260478 91.0
91.5781607838711 91.0
91.07810295788136 91.0
91.09946419805127 92.0
91.68837203293991 91.0
91.95869311459266 92.0
91.72931704453605 92.0
92.19106971396428 92.0
92.0240911637915 92.0
91.54038489081239 92.0
92.17027276022219 92.0
92.27052288727691 93.0
92.682170863997 93.0
92.73729294159817 93.0
92.16999380180832 92.0
92.45954955522292 92.0
92.59577068203262 93.0
92.31060479150898 93.0
93.21177009301636 93.0
93.1753260887034 93.0
93.23357614383148 93.0
92.65893492580048 94.0
93.24155949038914 93.0
93.66454411234388 94.0
93.48664505055612 94.0
93.76542692420415 93.0
93.8071113228695 94.0
93.58978715239846 94.0
92.40961565113531 94.0
