29.33478573355348 30.29806340738975
29.2353673305973 30.29806340738975
29.135309542302338 30.29806340738975
29.926419713858962 30.29806340738975
30.285575323084117 30.29806340738975
30.28539735758686 30.29806340738975
30.617643975043144 30.29806340738975
31.123529512028966 30.29806340738975
31.32017201505633 31.291442535500888
31.446664592098884 31.291442535500888
31.740215779975358 31.78813209955646
31.92317949307764 31.78813209955646
32.435630763231096 31.78813209955646
32.8412485245559 31.78813209955646
33.04424329755567 32.28482166361203
33.41420532806255 32.28482166361203
33.44569948335676 32.28482166361203
33.70737169346286 32.7815112276676
33.49564501546851 32.7815112276676
34.08059602292607 32.7815112276676
34.18405883554042 33.278200791723165
34.95014443508948 33.278200791723165
34.95185115908703 33.77489035577874
35.12740272109092 34.27157991983431
35.72219575571488 34.27157991983431
36.12057472772548 34.27157991983431
36.22270730698999 34.27157991983431
37.05727497405618 35.264959047945446
36.975626013798376 35.264959047945446
37.07655503787345 35.264959047945446
37.44955853910244 35.76164861200102
37.30648552653515 36.25833817605658
37.48108355991302 35.76164861200102
38.397283670527585 36.25833817605658
38.30113695672298 36.755027740112155
38.80862213633592 37.25171730416773
39.54604088578825 37.74840686822329
39.727362391666496 38.245096432278864
39.84412993275538 38.245096432278864
39.86639917483243 38.245096432278864
39.869624876308215 38.741785996334436
40.80306921339184 38.741785996334436
40.74077495003304 39.23847556039
40.986331050043866 39.73516512444557
41.71263991365109 39.73516512444557
41.78677388423033 40.231854688501144
42.21254927263499 40.72854425255671
42.671215040704446 40.72854425255671
42.457564543354614 41.22523381661228
43.225142202278434 41.22523381661228
42.96910519056084 41.72192338066785
43.37435278528126 41.72192338066785
43.5025838486474 42.218612944723425
43.86258819808798 42.218612944723425
43.89414570152266 42.71530250877899
44.49458099584738 42.71530250877899
44.876797034242266 43.21199207283456
45.36608517380526 43.708681636890134
45.5431834175085 44.2053712009457
45.21431407732866 44.2053712009457
46.29896894289958 44.2053712009457
45.973829444844 44.70206076500127
46.13174822397576 44.70206076500127
46.17120827664011 45.19875032905684
47.44455302472177 45.19875032905684
47.304110091714435 46.19212945716798
47.362060462090746 46.68881902122355
47.77366680927869 46.19212945716798
48.27438260809728 46.68881902122355
48.45013105723977 47.185508585279116
48.36521794690738 47.68219814933469
48.84157711541917 47.68219814933469
48.88955381586607 47.68219814933469
49.349827628443556 48.17888771339026
49.98969638909938 48.17888771339026
49.74176100084608 48.675577277445825
49.66990720299359 49.1722668415014
50.57726325093881 49.1722668415014
50.684943152286564 49.66895640555697
50.562626391731406 49.66895640555697
51.37139644646467 49.66895640555697
51.4955670924945 50.165645969612534
51.58024257601042 50.662335533668106
51.49731523279928 50.662335533668106
51.817336639337356 50.662335533668106
52.16261576695227 51.15902509772368
52.29357103546804 51.15902509772368
52.79391099227654 51.65571466177924
52.732913182085596 52.152404225834815
53.49588600522482 52.152404225834815
53.212838930987616 52.152404225834815
53.566314411666596 52.64909378989039
54.276296518707014 53.14578335394595
54.271405985017026 53.64247291800152
54.17435648338419 53.64247291800152
54.75801510304598 53.64247291800152
54.63591374018796 53.64247291800152
55.04559465710512 54.139162482057095
55.33283548882706 54.139162482057095
55.38091386957909 54.139162482057095
55.47900775745264 54.63585204611266
55.92848180199184 54.63585204611266
56.27511870330521 55.13254161016823
55.82680708168707 55.13254161016823
56.9988545399201 55.13254161016823
56.71135640289331 55.629231174223804
56.76224950612759 56.12592073827937
57.28500384542668 56.12592073827937
57.63913645562236 56.62261030233494
57.70744436360655 56.62261030233494
57.351108150914946 56.62261030233494
57.61060854911324 57.11929986639051
58.1986773891919 57.11929986639051
58.815625762283084 57.615989430446085
58.60043975476029 58.11267899450165
58.89372049916791 58.11267899450165
59.26490499342133 58.60936855855722
59.05399695982691 58.60936855855722
59.979077616598644 58.60936855855722
59.56451361143791 59.106058122612794
60.36611852612086 59.106058122612794
60.091735661950295 59.60274768666836
60.24214681579796 59.60274768666836
60.87547227770293 59.60274768666836
60.82282811151145 60.09943725072393
61.09333363992246 60.5961268147795
61.04850266343804 60.5961268147795
61.301939762546 60.5961268147795
61.70079003939244 60.5961268147795
61.674898235547474 61.09281637883507
61.75097034113452 61.09281637883507
62.42185290180597 61.58950594289064
62.26473314950137 61.58950594289064
62.85426896125399 61.58950594289064
62.374465148399175 62.08619550694621
62.40464332371182 62.08619550694621
63.042575961641745 62.08619550694621
62.80116972327548 62.08619550694621
63.71626426690442 62.582885071001776
63.798966083515815 63.07957463505735
63.405410166587714 63.57626419911292
63.88267815847933 63.57626419911292
64.86953625634817 63.57626419911292
64.46665273404273 64.07295376316848
64.6437724256184 64.07295376316848
65.41809182557192 64.07295376316848
64.06450467218863 64.56964332722406
65.51568962825836 64.07295376316848
65.48840322122645 65.06633289127963
65.2808601934208 65.5630224553352
65.70067628974475 65.06633289127963
65.79815155599924 65.5630224553352
66.12227504843423 65.5630224553352
66.21000139644809 66.05971201939077
66.14670847439612 65.5630224553352
66.5271255791168 66.05971201939077
66.65114137282715 66.05971201939077
67.40845227906038 66.05971201939077
66.91639051609175 67.0530911475019
67.60901850684279 66.55640158344633
67.67956632848725 67.0530911475019
67.92816400604477 67.0530911475019
68.13313302285135 67.54978071155747
68.69301563685741 67.54978071155747
68.20922231159196 68.04647027561305
68.32324850476677 68.04647027561305
67.96120828983564 68.04647027561305
68.58988541964472 68.04647027561305
68.86853987524621 68.04647027561305
69.09245922826895 68.54315983966862
69.71153531629056 69.03984940372419
69.76598212248294 69.53653896777975
69.81163098838572 69.53653896777975
69.45961877040234 69.53653896777975
70.37529411980331 69.53653896777975
70.0648293251326 70.03322853183532
70.48990057410228 70.03322853183532
71.067199483459 70.03322853183532
70.57934143489732 70.52991809589089
70.43391005496689 70.52991809589089
71.05844594337101 70.03322853183532
70.40332992601732 70.52991809589089
71.0815930377545 70.52991809589089
71.36966058089945 71.02660765994646
72.06962080691973 71.02660765994646
71.56188104545454 71.52329722400204
71.76020128080327 71.52329722400204
72.30862606647047 72.01998678805761
71.99875127775273 72.01998678805761
73.08545606791337 72.01998678805761
72.43711939517647 72.51667635211317
72.82503317783463 72.51667635211317
72.54746485283457 72.51667635211317
73.81083150181837 72.51667635211317
73.32409644001126 73.51005548022431
73.47528878366657 73.51005548022431
73.49084178702239 73.51005548022431
74.01768174745962 73.51005548022431
73.84769905568933 73.51005548022431
74.59353343126148 73.51005548022431
73.5629165520587 74.00674504427988
73.93065568990293 74.00674504427988
74.48587127170894 74.00674504427988
74.34793068323856 74.50343460833545
74.67218220180806 74.50343460833545
75.27809964298476 74.50343460833545
74.92288029863326 75.00012417239103
75.64779078400045 75.00012417239103
75.6346550446344 75.49681373644658
75.01041670867488 75.49681373644658
76.00983190386464 75.49681373644658
76.58589973420357 75.99350330050216
76.13019180529164 76.49019286455773
76.53050896361158 75.99350330050216
76.8049139236098 76.49019286455773
76.30631131036473 76.49019286455773
77.17280313743528 76.49019286455773
76.59770586440567 76.9868824286133
77.04129982755542 76.9868824286133
76.94162563099307 76.9868824286133
76.82439568468844 76.9868824286133
77.27876367019847 76.9868824286133
77.68966544802855 77.48357199266887
77.93086106291402 77.48357199266887
77.92665645342402 77.98026155672444
78.64404827057996 77.98026155672444
77.8625235427847 78.47695112078
77.65764218137073 78.47695112078
78.4262446828486 77.98026155672444
78.79164714088232 78.47695112078
78.6138162106121 78.47695112078
78.92626085726758 78.47695112078
79.00120343768668 78.97364068483557
79.27884991743716 78.97364068483557
79.21205867721018 78.97364068483557
79.77618386196853 79.47033024889114
79.6615009645745 79.47033024889114
79.26164757716033 79.47033024889114
79.46317981196852 79.47033024889114
79.75399578506162 79.47033024889114
80.0001927920493 79.96701981294672
80.1715512409429 79.96701981294672
80.53673315564168 80.46370937700229
80.25911351165995 80.46370937700229
80.98682409447937 80.46370937700229
80.40607187860425 80.96039894105786
80.74333898611334 80.46370937700229
81.19636910935792 80.96039894105786
81.31009856719928 81.45708850511342
81.94502398155065 80.96039894105786
81.76971363970921 81.95377806916899
81.6375802660985 81.95377806916899
81.60818959475483 81.45708850511342
81.60938590591128 81.95377806916899
81.74159952906783 81.95377806916899
81.90511523501903 81.95377806916899
81.879703172012 81.95377806916899
82.37213044984458 81.95377806916899
82.78411750662993 82.45046763322456
82.51198173624397 82.45046763322456
82.42963964276267 82.94715719728013
82.85899691898565 82.94715719728013
83.3541453861689 82.94715719728013
83.34817296208902 83.4438467613357
82.90380560752892 83.4438467613357
82.8214146378381 82.94715719728013
83.51582598253825 83.4438467613357
83.75599563738402 83.4438467613357
83.47773584130087 83.94053632539128
83.88266761628456 83.94053632539128
84.13687635299478 83.94053632539128
84.2181618874621 84.43722588944685
84.31650872738182 84.43722588944685
84.49558378861158 84.43722588944685
84.56517140340813 84.43722588944685
84.37429641695938 84.93391545350241
84.73892994420237 84.93391545350241
84.95356048264898 84.93391545350241
84.6590329307774 85.43060501755798
85.61446739989658 84.93391545350241
85.55891904342025 85.43060501755798
85.08298737763467 85.43060501755798
85.92706650586662 85.43060501755798
85.7014908298753 85.92729458161355
85.9359778313704 85.92729458161355
86.11705407211656 85.92729458161355
85.72092116057071 85.92729458161355
86.284605925898 86.42398414566912
86.41763457312211 86.42398414566912
86.37718022357605 86.42398414566912
86.65624588176483 86.9206737097247
86.63520777396174 86.9206737097247
86.92695313930615 86.9206737097247
86.69079346567425 86.9206737097247
86.50251366095331 86.9206737097247
86.5367547022661 86.9206737097247
87.49337420152266 86.9206737097247
87.59825450249303 87.91405283783583
87.09744522152273 87.41736327378027
87.170252016841 87.41736327378027
87.56402331492752 87.41736327378027
88.0279078379808 87.91405283783583
88.05794454641885 88.4107424018914
88.32938718294591 88.4107424018914
88.29593569328742 88.4107424018914
87.7777126657447 88.4107424018914
88.32447807346136 88.4107424018914
88.84137151493857 88.4107424018914
88.77448892622556 88.90743196594697
88.81639362778007 88.90743196594697
88.85058209307859 88.90743196594697
88.77350733949339 89.40412153000254
89.09335773985063 89.40412153000254
88.71631736570701 89.40412153000254
89.26252475182504 89.40412153000254
89.75971914014735 89.40412153000254
89.58830669039197 89.90081109405811
90.04174567155016 89.90081109405811
89.91279395123837 90.39750065811369
90.29703726059508 90.39750065811369
89.72966962234959 90.39750065811369
89.94934670057502 90.39750065811369
90.37915913752315 90.39750065811369
90.51428965851301 90.39750065811369
90.82642376939901 90.39750065811369
90.85965117907372 90.89419022216924
90.76002200337348 90.89419022216924
90.63683902861378 90.89419022216924
90.93778916937981 90.89419022216924
91.00587638853798 91.39087978622482
91.84006650165253 91.39087978622482
91.08948247314524 91.88756935028039
91.086671380343 91.39087978622482
91.33313042137839 91.88756935028039
91.33611099028833 91.88756935028039
91.16173468503236 91.88756935028039
92.00122885239816 91.88756935028039
92.03362888410075 91.88756935028039
91.90076183756955 92.38425891433596
91.54448578944971 92.38425891433596
92.23226344238702 92.38425891433596
92.33430683240744 92.88094847839153
92.4301993251212 92.88094847839153
92.5703197045758 92.38425891433596
92.44831955781322 92.88094847839153
92.37687775947468 92.88094847839153
