26.889515668495697 30.29806340738975
28.31826285532933 30.29806340738975
28.230603350000564 30.29806340738975
28.556005076656632 30.29806340738975
28.694433702625936 30.29806340738975
28.838239159753236 30.29806340738975
29.009694171213425 30.29806340738975
29.04922085801838 30.29806340738975
29.56546423560976 30.79475297144532
29.2000604416082 30.79475297144532
29.422477222794257 30.79475297144532
29.50729419693814 30.79475297144532
30.14828554878789 30.79475297144532
30.738189836419203 31.291442535500888
30.045554341242436 31.78813209955646
30.185294538857278 31.291442535500888
30.673907955400175 30.79475297144532
30.789347586533644 31.291442535500888
30.691472437801593 31.291442535500888
31.41155423972596 31.78813209955646
31.62044076361454 31.78813209955646
31.372348968263204 32.28482166361203
32.01500825963828 31.78813209955646
32.14649795138925 32.28482166361203
32.55731246264094 32.28482166361203
32.681657880181085 32.7815112276676
32.65001891378315 32.7815112276676
33.234552235011364 33.278200791723165
33.267193227324256 33.278200791723165
33.27605696803657 33.278200791723165
34.05587866772482 33.77489035577874
33.91553555833603 33.77489035577874
34.30992199757841 33.77489035577874
34.66523872226949 34.27157991983431
34.77893665386801 34.768269483889874
35.708890248843225 34.768269483889874
35.95154554142486 35.264959047945446
35.77439893517932 35.76164861200102
36.603890470127396 35.264959047945446
36.620712163979384 36.25833817605658
36.85450828620058 36.25833817605658
37.18733916413389 36.25833817605658
36.615054946772204 36.755027740112155
37.20225660640354 36.25833817605658
38.0628989031287 36.755027740112155
38.40199811978294 37.25171730416773
38.11030346400172 37.74840686822329
38.19647013164884 37.74840686822329
38.91578432512452 37.74840686822329
39.06245326347464 38.245096432278864
39.78048935663477 38.741785996334436
39.61725183596143 38.741785996334436
39.9643257102483 39.23847556039
41.03398978917503 39.73516512444557
40.41332385607821 39.73516512444557
41.23219244738366 39.73516512444557
40.99346420587199 40.231854688501144
41.97141448141525 40.72854425255671
41.79748911269226 40.72854425255671
42.54839553292811 41.22523381661228
42.096749952673406 42.218612944723425
42.012413528025604 41.22523381661228
43.29871257360122 41.72192338066785
42.807952568294944 42.218612944723425
43.233873165099766 42.218612944723425
44.45557635725355 42.218612944723425
43.85511740217118 43.21199207283456
43.77058353331659 43.21199207283456
44.51664706192588 42.71530250877899
44.67716888784529 43.708681636890134
45.19398731542347 43.708681636890134
45.66908765109269 44.2053712009457
45.41861250616167 44.70206076500127
45.45575607632341 44.70206076500127
45.97505954639116 44.70206076500127
46.522319319999646 45.19875032905684
47.00152438689729 45.69543989311241
47.46531229819367 46.19212945716798
46.74353438202439 46.68881902122355
47.599905439201336 46.19212945716798
47.63326516199187 46.68881902122355
48.129017232667564 46.68881902122355
48.87698076681259 47.185508585279116
48.62586146732721 47.68219814933469
48.77536567196837 48.17888771339026
49.240603490563856 48.17888771339026
49.25549725805182 48.17888771339026
49.672383967836474 48.17888771339026
49.762579102173575 48.675577277445825
49.181416143228134 48.675577277445825
50.37801373084979 48.675577277445825
50.84310962497017 49.1722668415014
50.5213785661839 49.66895640555697
50.759053658847755 49.66895640555697
50.747498456741184 50.165645969612534
51.56435387672795 50.165645969612534
51.96382776845385 50.662335533668106
52.244517163749364 51.15902509772368
52.278638846083446 51.15902509772368
52.41845844711297 51.65571466177924
52.46703694653563 51.65571466177924
52.57265120842486 51.65571466177924
53.22453443528122 51.65571466177924
53.06899058594222 52.152404225834815
53.61215455831578 52.152404225834815
53.998241699199454 52.64909378989039
53.83660110639202 53.14578335394595
54.072014880076296 53.14578335394595
54.383828922974274 53.14578335394595
54.50418279620315 53.14578335394595
54.99799910073857 53.64247291800152
55.460004976836004 54.139162482057095
55.9675719006337 54.63585204611266
55.882519551948334 55.13254161016823
55.74583380543292 55.13254161016823
56.67196791465481 55.13254161016823
56.47189582568576 55.629231174223804
56.44271712210694 55.629231174223804
56.80550969800639 55.629231174223804
56.78442687634416 56.12592073827937
57.194217620149146 56.12592073827937
57.53782832130982 56.12592073827937
58.14024758201066 57.11929986639051
57.91116528207477 57.11929986639051
59.08951652861404 57.11929986639051
57.98897139881793 58.11267899450165
58.72800763692973 57.615989430446085
59.076086671081654 58.11267899450165
59.20673300683276 58.60936855855722
58.94193304682394 58.11267899450165
59.75958290649631 58.11267899450165
59.326749638298566 59.106058122612794
59.50993694751425 58.60936855855722
60.09155439181204 59.106058122612794
60.416930246513374 59.106058122612794
60.557583398508726 59.60274768666836
61.070025042863776 59.60274768666836
60.750454777832786 60.09943725072393
61.46862494595771 60.09943725072393
61.643336993564745 61.09281637883507
61.42017811006791 61.09281637883507
62.06340528100729 61.09281637883507
61.25549131019879 61.58950594289064
61.769292222436285 61.09281637883507
62.41493291775577 61.58950594289064
62.70947869961755 62.08619550694621
63.17902201239686 62.08619550694621
62.54970693355981 62.582885071001776
63.237124602569054 62.08619550694621
63.44853589930098 62.582885071001776
64.08488465745887 62.582885071001776
63.791955854467076 63.07957463505735
64.19234998262351 63.57626419911292
63.55073171761061 63.07957463505735
63.87109356140432 63.07957463505735
63.92086632425249 63.07957463505735
65.15693278912883 63.57626419911292
65.45515899385408 64.07295376316848
65.09404225999768 65.06633289127963
65.28680485816123 65.06633289127963
65.76754573979329 64.56964332722406
65.3293299097227 65.06633289127963
65.39228266349697 64.56964332722406
66.16903991548229 65.06633289127963
66.76898969894701 65.5630224553352
66.20335952922994 66.05971201939077
67.089461724743 65.5630224553352
65.9231194370869 66.55640158344633
66.87552277521439 66.05971201939077
66.84304695729855 66.55640158344633
66.8842014824917 66.55640158344633
67.89185743694587 66.05971201939077
67.66790443226365 67.54978071155747
67.97958097002774 67.54978071155747
67.97498351098776 67.54978071155747
68.29574869638833 67.54978071155747
68.68810187838342 67.54978071155747
69.09730253667588 68.54315983966862
69.19419634249671 68.54315983966862
68.91769049610839 69.03984940372419
69.22188881173118 68.54315983966862
69.656789736369 68.54315983966862
69.6859001589106 69.53653896777975
69.18257762571946 69.53653896777975
70.21056968261807 69.03984940372419
70.32599153482549 69.53653896777975
70.22372451580299 70.03322853183532
70.47656618955087 69.53653896777975
70.8256821725797 70.03322853183532
70.59050506146336 70.52991809589089
70.32735839721562 70.03322853183532
71.30163825157267 70.52991809589089
71.17705800999343 71.02660765994646
71.81730202194181 71.02660765994646
72.33496126863227 71.52329722400204
72.0526217826999 71.52329722400204
72.05509131204573 71.52329722400204
72.57016857551203 72.01998678805761
72.1405014755171 72.01998678805761
73.13131988242432 71.52329722400204
72.5800559439849 72.51667635211317
72.2340931969644 72.01998678805761
72.9937840361411 72.01998678805761
73.11345021487956 72.51667635211317
73.7134396748379 72.51667635211317
73.3564924341483 73.51005548022431
73.05963144555656 73.51005548022431
73.46898083164781 73.01336591616874
74.06304086259348 73.51005548022431
73.86395857850857 74.00674504427988
74.4919177242748 74.00674504427988
74.60136955122731 74.00674504427988
74.42683222577381 74.50343460833545
74.39857003597578 74.50343460833545
75.32680288582841 74.50343460833545
74.81159119629314 75.00012417239103
75.65208288008336 75.00012417239103
75.09582666449182 75.49681373644658
75.86022014468166 75.00012417239103
76.28325986700196 75.49681373644658
76.01276375782321 75.99350330050216
76.60631515301526 75.99350330050216
76.27621015371967 76.49019286455773
76.55660904875757 76.49019286455773
76.05914328837552 76.49019286455773
77.19632493914051 75.99350330050216
77.3991893839869 76.9868824286133
77.10126761263747 77.48357199266887
77.66750476319247 76.9868824286133
77.47006523013486 77.48357199266887
77.3925469232688 77.48357199266887
77.25863202052618 77.48357199266887
77.84475831306173 77.48357199266887
78.77136395152743 77.48357199266887
78.4412702488258 78.47695112078
78.23700470000388 78.47695112078
78.46467636024235 77.98026155672444
78.22018348232533 78.47695112078
78.80952802677217 78.47695112078
79.1087402063346 78.97364068483557
79.08281047340358 78.97364068483557
79.11887860207683 78.97364068483557
79.53651614420292 78.97364068483557
79.91511661768632 79.47033024889114
79.80647661588806 79.96701981294672
79.9693572979765 79.47033024889114
80.05674897564069 79.96701981294672
80.36400683928888 79.96701981294672
80.26980641786359 79.96701981294672
80.29384758407154 80.46370937700229
81.00186843196002 80.46370937700229
80.95898175399006 80.46370937700229
81.39091641341267 81.45708850511342
81.57695997594378 80.96039894105786
81.27467489690434 81.45708850511342
81.19804457389831 81.45708850511342
81.64044717101562 81.45708850511342
81.70080943258056 81.45708850511342
82.13772516955379 81.95377806916899
82.42240118258978 82.45046763322456
82.21183954792211 82.45046763322456
82.13031047426841 81.95377806916899
82.43984307197695 81.95377806916899
82.69256089776493 82.45046763322456
82.851733599266 82.94715719728013
82.72879443451674 82.94715719728013
83.07154693373087 82.94715719728013
82.86953885716147 82.94715719728013
83.22157975869249 82.94715719728013
83.79171159298494 82.94715719728013
84.24296407046769 83.4438467613357
83.45106710917254 83.94053632539128
84.44093905823509 83.4438467613357
84.49466817481704 84.43722588944685
84.05987701275774 84.43722588944685
84.0710875376365 84.43722588944685
84.39843792722553 83.94053632539128
84.55815547390317 84.43722588944685
84.47006273404088 84.43722588944685
84.65842780879674 84.43722588944685
85.58544964277134 84.93391545350241
85.45156433014654 85.43060501755798
85.30665320197272 85.43060501755798
86.14009031756115 85.43060501755798
85.57324932030369 85.92729458161355
85.68905830077279 85.92729458161355
85.879454889424 85.92729458161355
85.89880780224505 85.92729458161355
86.20276587222305 85.92729458161355
86.1196699632396 86.42398414566912
86.4008585160481 85.92729458161355
87.2020697628437 86.42398414566912
86.40279911939169 86.9206737097247
86.9350260643666 86.9206737097247
86.7535123816121 87.41736327378027
86.80477390694918 86.9206737097247
87.00345020346968 87.41736327378027
86.97025172974459 87.41736327378027
87.06030713680707 87.41736327378027
87.52544165931602 86.9206737097247
86.4349233092394 87.41736327378027
87.70479491936453 87.41736327378027
87.962700210079 87.91405283783583
88.2825415516347 88.4107424018914
88.18336525005138 88.4107424018914
88.50370279963272 88.4107424018914
88.9208145485682 88.4107424018914
88.16773282342851 88.90743196594697
88.77661263951647 88.4107424018914
88.76032920225431 88.90743196594697
89.43883046148005 88.90743196594697
89.07286891053482 89.40412153000254
89.78822526225947 89.40412153000254
88.70455437608877 89.90081109405811
88.50082546419506 88.90743196594697
89.34843639208285 88.4107424018914
90.56141361072179 89.40412153000254
89.71806513138787 90.39750065811369
90.112779225808 90.39750065811369
90.02304419348852 90.39750065811369
89.77732063039497 90.39750065811369
90.20307034666719 89.90081109405811
91.04964002591234 90.39750065811369
90.49791542515123 90.89419022216924
