41.327418538109264 52
45.45688398030148 53
42.784091945664386 53
46.5990784971593 52
43.702011057309235 53
47.664150010479105 53
42.95151317071149 52
45.04584732629023 53
45.02062567261738 54
42.694867564631885 53
43.699116343007425 53
44.32172890297842 54
47.1033512331309 52
48.38328298794241 54
44.64450045230815 54
46.69439035777458 53
45.92939012577337 52
44.449005245611446 54
45.53876840037174 54
44.35091136633538 53
45.53971441540055 54
48.8663887414872 53
47.11153958226254 53
48.09294224750569 53
47.87742199581497 53
44.938998382148405 53
45.551959705225556 54
46.827125870771944 53
47.072065856210074 53
47.60416059792408 53
46.71613665562778 54
46.50533475923764 52
46.01373041659346 55
46.77403473052817 54
48.56170608969322 53
48.527520018115894 53
50.36443577161321 54
50.94476060650563 52
48.09935546962226 53
46.09426610210288 54
46.30402760576103 54
45.07308376154852 53
49.302040993307344 55
46.62111071857731 53
48.363232038766874 55
49.89217958929547 53
48.89812640277016 55
49.647753485144996 54
45.50177817620265 55
50.440151235269816 53
45.39241744682841 55
51.00224320738219 54
45.607756721261254 55
50.964630284191685 54
48.91592724129585 54
49.321605530529816 54
49.13369854419202 53
49.26334603893891 55
49.02491755315533 55
50.73958811673033 54
48.03271354033509 53
51.794168472519324 54
48.57503765028198 54
49.78052447482436 52
47.07823067393757 54
48.80022704949304 54
47.71521045053917 53
48.72695414474254 54
49.123030609543505 54
50.1566321533428 53
46.949007789490835 55
49.85058941067344 53
44.007886364583854 53
50.78721848521995 54
44.97108807165142 54
50.69869892409311 52
43.786536317946485 53
51.00939361773992 51
34.17340686354767 52
46.571819550494496 51
29.092353653429978 52
47.80236692828734 51
28.763680763823835 52
40.124015276871184 51
35.722646989884495 52
43.085209951277506 51
30.471081575277683 52
44.20269441851385 52
31.662180271551552 52
35.974976029975934 53
38.122046587576065 52
40.06345339474677 52
44.89787927461097 51
34.29584107055754 52
42.34535905551391 52
35.025986223876416 52
40.34123830766249 52
38.90489051065791 51
41.14666248183998 52
38.083017946850966 51
37.416407772805044 52
41.379677514128794 52
35.4218624546653 52
44.36690073011006 52
34.76241052232766 52
40.79888758012275 52
36.70957491976832 51
36.10722619743191 51
39.983690829098244 51
33.34730026440364 51
39.283293307899775 51
31.010507473867936 53
40.34066285588551 53
33.66805703080488 53
38.80487507680058 53
38.94758288618218 51
41.5923260313896 52
35.39609508558933 53
40.290527493931236 52
31.187513700001865 54
36.419285948969375 53
37.36846713911662 54
39.06770921030799 54
41.27109903252354 55
41.975945542461176 54
47.51251213653619 55
45.54870528895955 55
47.43246333052868 54
47.884495976146006 54
48.78649989242838 55
46.33276513663972 54
48.78202373185733 55
49.597924537502536 55
35.31220262972305 54
43.90203919427525 53
40.53288682032962 54
37.02866859889026 55
38.1043244687647 54
38.64947711420382 55
45.987012408308445 55
39.13156253691805 56
42.90524785905818 56
42.893408392312324 57
47.145216488553324 57
48.030645952597695 58
50.80974726982856 59
47.75356527520167 59
56.71507693971331 59
49.995671457521844 59
55.9819711807605 59
52.23821313764691 59
57.74637305221074 60
53.43094112607471 59
57.960240568512944 58
54.95114278688433 57
54.47964765479185 57
43.12294097549063 57
46.20416476750074 56
30.0557835981383 56
26.920869389145427 57
32.127768687649045 56
29.23403549417847 57
33.65416746393318 57
24.632366598452215 57
29.52679582697818 58
33.43851555114809 58
27.18930772160377 58
29.55283838775522 59
44.09072245934166 60
44.51551002741421 59
46.140211093398406 59
40.784191479215224 59
44.5135561346978 59
44.37586460454861 58
50.00672589222647 59
43.70586459321117 59
51.90796959350198 59
46.37200001014067 60
47.24699570352649 60
46.263282762475306 59
53.56640576237284 60
43.34246038621555 60
54.68115533153211 59
40.31964968428844 59
51.28288784067303 59
39.13948973835748 60
53.528854636554016 60
40.711340655101786 59
48.43238031353699 59
43.776110184486825 60
46.97649531469378 59
39.729252412715745 60
43.01088486361665 60
42.59229587954992 60
51.004258237517924 60
47.18989107426531 60
47.86238843740069 61
46.85963293759148 61
49.8506399547404 61
52.44889757027353 62
54.318212864519424 61
47.82611271322836 61
52.39664867994152 60
51.30032180005805 61
55.947575691190856 61
52.296907354169505 62
55.254386317072004 62
50.201199098759474 61
59.79123680185491 61
53.9121492452847 62
60.242980762745084 62
49.26879224973724 62
60.690310968788744 61
54.751010358384214 62
60.240137061570266 61
53.510128173861546 62
59.10875372123556 62
52.60908680713578 63
62.419221747470715 63
56.7983880500644 63
60.42077466334675 62
61.53669723661081 63
60.27685701211517 63
61.15137279063642 62
62.07288951750683 62
60.8665455844735 62
63.251667897973086 63
61.51323819014938 63
59.88199935873091 63
62.16621402859512 62
62.20090626199078 63
62.74637421238529 62
60.65488759190301 62
62.85589948809253 62
58.906517570708004 61
62.2604415081559 61
49.04089157590089 61
46.35322686943069 61
52.646797969648745 62
53.165786991495246 62
51.54396610245069 61
49.38711908945791 61
49.078710750961044 61
49.99545364780123 62
53.461389605423044 62
48.45676485291474 63
47.758141030491046 62
53.05120175760532 61
52.9020482499332 62
52.05939138182207 63
53.869551230257564 62
52.130250670464726 62
52.49560190636841 63
54.79155164450826 62
51.58691281646629 62
56.45291068774409 62
48.97424482006003 62
55.677594862764295 62
48.51410384466191 63
53.47239463674046 62
51.0076002942273 62
55.16606817458878 62
56.967837043285556 63
57.02306081296398 63
49.284856892070266 63
55.10108785476067 62
54.67379541075351 62
50.889653626806535 63
54.19403278165766 63
51.45029045041531 63
54.58468636444461 63
54.15065851844876 63
54.21270095518814 64
53.6631832642145 63
58.15712995664586 64
55.59647950345371 63
53.684849865098 64
56.890346806268624 64
56.53106241469102 63
60.05336413326242 63
57.94025468558832 63
55.557736977884595 63
55.11122830439018 63
53.18700925802223 63
49.89788854775735 63
55.427094886494224 64
56.71071847110173 64
57.284544362824505 64
55.60661028368728 64
56.94160106792651 64
58.50008224379377 64
58.0126157677451 63
59.429431269361494 63
57.51633483158842 63
56.34734505697154 64
56.67851627685991 64
53.449623892527356 64
57.73008721021263 64
56.150244651191386 64
58.16895916292996 64
54.19113643499615 64
56.18477667788716 63
56.00162267430456 64
57.6254487199906 64
57.368293951117366 64
58.134784564019895 64
59.211721253551644 64
56.172662469675025 64
58.43517891651771 64
58.13902909490959 64
57.48393482322478 65
60.354932815649256 65
59.385957522126674 65
59.070399901347336 64
57.081838023571166 64
59.28111624467132 64
56.20727415564211 65
55.9481757623887 65
58.608619069537504 65
57.67541374870012 65
57.25767051288617 65
59.90542759966316 65
58.58386305055156 65
57.648952223833156 65
60.9257675933698 65
57.320092099832046 65
59.064070490953775 65
59.40990891134505 66
60.900136756810596 65
60.190781153074994 65
61.870087686628096 65
60.115262720131916 65
54.78569464643784 66
61.41955738443731 65
59.11162535161695 66
62.1402706967873 66
59.154276021343755 66
63.10761450453913 66
61.986193900945565 66
61.997162124794414 65
62.73903249088568 66
63.158931677373545 65
58.83602201082515 65
63.16947043667948 66
64.11124185112476 66
62.06748372504454 65
62.15580744485517 66
63.33897001164605 65
61.48459639741478 66
62.52143798941569 65
60.31266190274063 66
62.01864105485811 65
62.727624999213205 66
63.12419205808642 65
63.10557363043284 65
59.8866749063854 65
62.315880279724624 65
60.1129374304432 65
62.99386880355928 65
62.083190300094586 66
59.45271405399992 66
62.87438193253259 65
60.93618886085166 66
61.10552486325492 66
63.379136604703916 66
61.07463840332972 66
61.651155513825 66
61.369875647428394 66
61.926418049990374 65
60.33309227143342 66
63.78330507385481 67
62.21555885303427 66
62.45504793931063 66
64.06956643746128 66
63.8967884605013 66
61.970266663059014 66
62.44368327890448 66
62.17728070695622 66
64.1109064288493 66
62.890994955413504 66
67.23217589547257 67
65.24931895078161 67
61.26394551932691 67
63.77913237023503 67
64.84491492570174 67
68.26094298069297 67
67.01043129616339 67
64.66491060084421 67
64.39840722665309 67
64.015669826 67
63.541680752804965 67
66.31087051433867 67
67.65448342239463 68
66.32935891525186 67
66.4756204382669 67
65.64699695374853 67
68.20029674415468 67
66.48843500411995 67
66.2984763007215 67
66.09109080772694 67
65.43319363549264 67
65.04321248248579 67
64.88530589196347 67
67.245153655885 67
65.15040437027913 67
66.09336720859027 68
67.32279514182022 67
65.86468693445147 67
63.34752109006903 67
63.716603227305626 67
65.81701044290638 67
64.79636644263041 67
66.94763910670993 67
65.42005856968822 68
69.02893397399862 67
63.89842470106345 67
65.74893552715156 68
66.97202003738687 68
65.462875700337 67
66.94485429115863 67
66.52318810561817 67
68.41654516282344 67
68.93792854871263 68
65.40955725672967 67
69.66941127091789 67
68.85982626859834 68
66.30488603718753 67
66.23209339211114 68
67.08149146420187 69
66.58524121562017 68
66.05882707843956 67
71.66565575350793 67
68.37443103621149 67
66.68408270334834 67
67.92912190056411 67
66.18730751755903 68
67.99080092267359 67
67.51380867733099 67
66.99519141020042 68
67.2655992214087 68
66.06000496896569 68
66.85881208797058 67
67.80223465575273 68
67.30794192717411 68
69.14852442516532 68
67.47215251802425 67
67.56494608763096 68
67.42821053119111 68
67.97229889045117 68
67.74905817591004 68
68.84571708654016 68
69.91533719099999 68
70.50544857563361 68
67.96243262348186 68
69.58862561829017 69
70.56138395278506 68
69.29874569129771 69
69.81001082617674 68
68.71546560288932 69
71.15018255985876 69
70.31654112192835 69
71.2389106284252 70
69.47088001295815 70
70.83143089481044 70
69.93321974480524 70
71.18251640591748 70
74.99130573559856 70
74.3242232786773 70
72.49215519251904 70
73.32907592587156 70
74.50162523532052 70
73.71831456447092 70
75.15659117098781 70
73.90525420597885 71
74.33987252965687 71
74.69084589042671 71
75.3653352626129 71
74.80572516744108 71
76.13104189305945 71
74.29748987910719 71
75.29233536935772 71
75.96888233384179 71
75.32937549445968 70
75.27146677902705 71
74.45189616575058 70
75.12039684542744 71
74.29786574098573 71
75.21980491368579 72
74.15632874838776 72
74.2403771790915 72
77.4737133996207 71
77.10215175945524 71
75.08956694383394 71
75.54526430462776 71
75.62260382610657 71
75.4062182169087 72
75.82599102175311 72
75.65731008820481 71
77.56243755929553 72
77.77744377300957 72
77.20778288129634 72
78.52924825064174 72
76.57766061898761 72
78.30595453703344 72
78.1718678590496 72
78.69804596468958 72
77.13004182125889 72
77.09291874526117 72
77.78046175487782 72
77.82599770379774 73
78.367379069225 73
77.54780857095514 73
78.25261016048063 72
79.06392537389665 72
78.75369577482554 72
78.38098034791574 72
77.64780837012029 72
77.6657640919077 72
79.04765234816732 72
78.42291264673398 73
79.6931637606306 73
79.84336149041903 73
79.57533810481988 74
78.96381720755322 74
78.99085988193549 73
81.05950198951996 74
80.60095986500896 73
79.26012161991589 74
80.26716617882316 74
80.208163502761 73
80.64572890958257 73
80.55567453163297 74
81.9201597734612 74
79.6551122396438 73
80.60649485262529 74
82.37734774080445 74
82.02335834086642 74
81.13301475179028 74
81.26262239127593 74
83.20922989901966 74
82.31239431975659 74
81.35327762044184 75
81.02345760867368 74
81.95056718333447 74
82.95737296543655 73
82.12460930922332 74
81.381855468673 74
81.13927066156414 76
80.2547239953873 74
83.75266608364066 74
82.76684675719432 75
82.15862039446085 74
82.95068347554982 75
84.04848999829278 74
82.96822685794594 74
81.28197458775546 75
83.03939834956381 74
82.12709214097671 74
83.15956060892756 76
80.94081503454254 75
82.55149695311509 75
82.83557861301401 74
84.38706425967868 75
84.13041638281865 75
82.42954288798101 75
82.91487070039284 75
82.614390715209 75
85.6493348584651 74
83.25769137678876 74
83.70949093179408 75
84.32975815787616 75
81.82157611088924 76
83.74133511346288 76
84.68474404829323 75
83.74938602694439 76
85.25774108922461 76
84.11953137471875 75
84.40002732622244 75
83.92148089309003 75
85.02206690832674 76
83.24559637325746 75
85.53716797791967 76
84.87713872650146 76
83.94922647746894 76
84.72296610629583 77
84.24189323447737 76
85.5157416375497 76
84.62564539478316 76
85.78244529532307 76
84.65566745032989 76
85.57200837728735 76
85.15920272044171 75
85.31214246401434 76
85.44249525738005 76
84.1955459270713 76
86.97786223518892 76
85.95674144341301 77
87.12610861077283 76
86.55191374235072 76
85.8105501668001 76
85.39892562518065 76
85.9666222582658 77
87.37247859641596 76
85.49939368773528 77
86.83192913793025 77
86.63591891259904 77
85.82104308348161 77
87.5323765256107 77
87.12120517595437 77
85.67198101029717 77
87.97843762140687 77
87.65593151142319 77
87.42819895426035 77
86.56006183064426 77
86.90922599689708 77
88.36346127912122 77
88.51593643701403 78
88.18028226596626 78
88.05203731729073 77
88.48244566895264 77
88.1886139755307 77
86.99876682625361 77
87.730727060434 77
87.67595270656491 77
87.71625158046336 77
89.02000661854697 78
88.31972373975377 77
86.89995655042183 78
88.11920351005176 77
87.67543048355287 77
88.99802341366934 78
88.2370450101402 78
88.0454685439873 78
90.14097098298461 77
88.19005112946705 78
89.02169432454616 77
89.4523265916029 78
87.75428152624792 78
88.5324177003117 78
88.72877900842721 77
89.77942994965628 78
89.09819291659453 77
89.04339133958557 78
88.26315820137387 77
89.72239409337004 78
89.44924341100244 78
87.92555884008118 78
89.2215817802018 79
88.96163448448786 78
89.12658326633492 78
89.38383984452044 78
90.092171025604 79
89.91170926431435 78
89.38439053509775 78
89.9140376792814 78
88.40711184185756 78
88.93762297849896 78
89.25670687690236 78
89.92101517215416 79
89.57709562079508 78
89.71789533744985 79
90.17827130341603 78
89.75175515189632 78
89.17478052927636 78
90.58944257409124 79
90.2590520425985 78
88.98281509857173 78
90.43381425584742 78
90.5118998239007 79
90.44773480324089 78
90.78433212733 78
90.62331577570752 78
89.3637372724399 79
88.98222984730849 79
89.40976756394024 79
90.2465139511348 78
90.02311054627215 79
90.29357907270932 79
90.04450204050357 79
89.0116232322948 78
89.98215795493684 79
90.2209212160185 79
89.83923187418523 79
91.57014509111633 78
90.81725843956295 79
91.25577536070145 79
89.89474387129903 78
90.22337132997465 79
90.48537261102162 79
90.45879928414084 79
89.78406539448909 79
90.63354072789807 79
90.56566818281632 79
90.89298495483607 79
91.21059678698444 79
90.7088360754839 79
90.52837556425074 78
90.1762177138008 79
91.17099707507597 79
90.26496253118454 79
89.32650558298819 79
90.61464924745883 79
91.15406335025469 79
91.0562426627655 79
89.7470204817426 79
90.33941060584938 80
90.68848643710373 79
90.76409684556108 79
90.2459600811885 80
91.02854397657154 80
90.72983268421919 80
92.16244435281068 79
91.6872011116031 80
91.69659671977001 80
91.10136223678029 80
91.6290486901228 79
91.86946389548821 80
92.1006498778995 80
90.77926532984905 79
91.51759276225215 80
92.04377517675258 79
91.70056024078363 80
92.9370400176429 79
91.91004943046568 80
91.6739125613642 80
91.93160940078187 80
93.0969653467092 80
91.32027955812336 80
91.20721515888341 80
92.20459492340446 80
91.28529007828936 80
92.30272761134319 81
92.5424989881722 81
93.09735243683542 80
92.26140121621043 81
93.98117726700617 80
93.03340255070052 80
93.03110007102715 80
92.1101060926637 80
92.49823168519342 80
92.9753618778455 81
93.31935141614795 80
92.63892817550524 80
92.56014429627845 80
93.30571314704444 81
92.54461566792143 80
92.64300606611533 81
93.56697338681025 81
92.42701210503489 81
92.95495313075511 80
93.70796439296818 81
93.71690739745983 81
93.60806485922971 80
93.4211288959073 80
93.06096123644318 81
93.72074022600864 81
92.29597418835873 81
92.68052809966855 81
93.25149085179365 81
93.42205095495399 81
92.94524899391952 80
93.30559933590615 81
93.1210430784091 81
93.03395385062169 81
93.78076642570605 81
93.38069422178108 82
94.17822124809662 81
93.71128350007231 81
95.14438815982419 81
93.51194520618385 81
94.05301717208783 81
93.59121192707961 81
94.45850694414187 81
95.09285749038825 81
94.30962844832362 81
94.38092728993381 81
94.56548571128296 82
93.94245759599579 81
94.2601783396409 81
94.20059403176673 81
94.76767763518635 82
94.84536545231455 81
92.86628957824459 82
94.83674193577257 82
94.48085100191868 82
95.28662924952359 82
95.21548430134347 82
94.91578523361476 82
95.80600772357269 82
94.89705373400179 81
95.94241109183852 82
94.64050751616071 82
94.86011665094368 83
96.1728116267015 82
95.59745173577213 82
94.87042567442981 82
95.81784913971214 82
95.69194610455048 82
96.14086461840765 82
96.12137597626223 82
95.472104462564 82
96.49340275741531 82
96.16075993617635 83
95.54964347216031 82
95.38396678764246 82
94.94664462618803 82
96.3492140503675 82
96.87177588815301 82
96.44580071703145 83
95.91092100951884 82
94.83014296149614 82
97.26783678411253 83
95.76627262373889 82
95.53239639645902 83
96.2853489483645 83
96.70003117929619 83
95.57288554444659 83
95.88096102918229 83
96.76202397576985 83
96.42181467989589 83
96.15488366411094 82
97.01436325145903 82
96.45302930810017 82
96.28257002412226 83
96.02425439870319 83
96.42042309253486 83
96.2871912326 83
95.99458916335493 83
97.48603316583647 83
95.96605737317091 83
95.95512957661609 83
96.92015326398474 82
96.40395460310992 83
96.6913894302408 83
95.84880901533617 83
96.1460228129168 83
97.38699798800457 83
96.87867203315253 83
97.59014935909997 83
96.77765299241943 83
96.61885988362995 83
97.31944469319652 84
97.38650313043254 83
97.00282570989137 82
97.57170560322652 83
96.25887058822288 83
96.63100149153126 83
97.78572194017393 83
96.70722699643521 83
97.01695643442194 84
96.69507322236055 83
97.04982708557212 83
96.52734369944527 83
97.50582422319229 83
97.82953390395198 84
95.72188665269326 83
97.04960863304575 83
97.6744027285313 82
97.33789789750091 83
97.44526844745923 83
96.38595770420335 83
97.008979102062 83
97.62086993655001 83
98.25672232052975 84
96.96799143532034 84
97.72654640697638 84
97.37396631007411 83
97.65646488798882 83
97.08934920687497 84
98.09668954923734 84
97.25461285210682 83
97.43278651432271 84
98.65780056315627 84
96.80488949458278 83
98.7986381926566 84
97.58225815467306 84
97.15762515896512 84
98.03310696193077 84
98.66458666027032 84
98.51776098992491 84
97.68102075383416 83
98.20934168535783 84
97.62336231396431 84
97.86290353608031 83
97.85636469306239 84
98.02395838472604 84
97.81163656789467 84
98.33248026896217 84
98.34191833130888 85
97.91795219604012 84
98.9127998003159 84
98.34534175696447 84
97.81679819041722 84
98.25268030935408 84
98.61711971466914 84
98.20018497539976 84
98.69424765154 84
98.02804849680084 84
97.8105417848162 84
98.83289010163296 84
97.87060093029856 84
98.58425498876458 83
98.54760727788056 84
98.57450864365023 84
97.86760750713847 84
99.09251607305833 84
98.69208301425381 84
98.794483807053 84
98.14639460515126 84
98.63860884752668 85
98.50321305674376 84
98.68885643333776 84
98.60285302936136 84
98.57382757648861 84
98.53571574867117 84
98.90974290020267 84
98.84265617124903 84
98.98838660111396 85
98.49224199345286 84
98.45006487129882 84
98.48910727268974 85
99.28710956328635 84
98.8879514555191 84
98.91818435692328 84
98.94203814237747 84
98.59391981849976 84
98.53315065552047 84
98.65389323822251 84
98.50646890768357 85
98.55051487768421 84
98.88052448121387 85
98.85808883934055 84
98.60136785674983 85
99.06048588934043 84
99.36187190144517 84
98.79862283723938 84
98.15626582080813 84
99.8676441710417 85
98.39796077230108 85
99.32828679888112 85
99.68958887221692 85
98.89617015223223 85
99.58970214320783 85
99.86063084338593 85
98.9618455535101 84
99.3319302914886 85
99.72188987787268 85
99.93906140350614 85
99.3800375076974 85
99.9936836077664 84
100.02767872058322 85
99.33987899855461 85
99.49119400548979 85
98.70780052588827 85
99.20515096341889 85
100.1770898467019 85
100.05090861926308 85
100.34963725954674 85
100.068963202286 85
99.82846875695716 84
99.68740989637294 86
100.34430219759777 85
99.97026155780019 85
100.61178548556263 85
100.76319728123066 85
99.56818875883775 85
100.28703339727137 85
100.24623824418589 86
99.41929073534882 85
99.83285878044411 86
99.73932549151385 85
99.98015466031576 85
100.70779156105372 86
99.63668921646612 86
101.03693206911822 86
100.82023098948571 86
100.89833092674039 86
100.98080808878959 86
100.54055547343056 87
101.16700176952504 86
101.23174920782927 86
101.6582551993458 86
101.2555214224949 86
100.680406577945 86
101.23199298374205 85
101.83847867593867 86
100.76495323462142 85
100.81511692756173 85
100.73009915903197 86
101.63264271276279 86
100.97675879607229 86
101.12042594900161 86
101.88235334419576 87
100.75089785646267 87
100.8095942847686 87
102.8009985486304 86
101.48298714218183 87
101.54303266311238 87
101.82001300818058 87
102.32163426700075 86
101.40920156964283 86
101.6385025755365 87
101.49219134665432 87
101.94070105737407 87
101.82256685045348 87
101.1895787519561 87
102.16134640058172 87
102.76233635083095 86
102.03455324207054 86
102.87021755894942 86
101.26886078483085 86
102.20733893525161 87
102.25433084102463 86
102.69619479447336 87
101.54111844547607 87
101.72501568494532 87
102.69715041662204 87
102.4887712549979 87
102.529672875282 87
103.0150060574818 87
101.93465461730918 87
102.54497186848157 87
101.54694224623532 87
101.90744773820094 87
101.90677789966185 87
103.97941719482694 87
102.63391628172042 87
102.3154531428198 87
102.33906819885546 87
102.90693728344814 88
102.75833013931718 87
102.66250080047932 87
103.3002298811273 87
102.26664635900143 87
102.537014846341 87
102.57438588391844 87
102.39602608062643 87
103.17824430016331 87
103.0381664178123 87
103.1047411581133 88
103.28004934751219 88
102.57608669764393 88
103.72500216664493 88
103.9335627850449 88
103.51034430038156 88
104.14576497629602 88
103.64973868623414 88
103.88621554498198 89
103.84319473222166 88
103.97230492596074 88
104.51542876567203 89
104.36062978737016 89
104.52899239616283 88
104.60458575782098 89
104.56191871597014 89
104.63943507010298 89
104.52711847030542 89
104.81792406545617 89
104.62863042596689 88
104.888851748227 88
104.45569965640482 88
104.08391023325916 89
105.06474926212712 88
104.79689856881814 89
104.69171621336278 88
105.08378106469159 88
104.57484306381116 89
104.2597835977176 88
105.1915487716474 89
104.59241969321542 89
105.00117011854691 89
105.17924955247445 89
104.4305719009499 89
105.28658399630756 89
105.2067433931006 89
104.98892470541462 90
105.47823964130016 89
104.79119507202611 89
104.77477087059634 90
105.83168160954904 89
105.37077026377258 88
105.90276181940442 88
104.70821939883912 89
104.87627630274167 90
104.73016407314589 89
105.86342574871752 89
105.91510489415846 90
105.77471863342166 90
105.04240907644547 89
105.86039877917554 89
105.53940180375369 89
105.5341166586134 90
105.93378808929631 89
105.71012155488648 89
105.81614473438337 89
105.886775857745 90
105.53646360864775 90
106.42525050190517 90
105.76656897074629 89
105.99162465034266 89
106.23902582959002 89
105.63008214143093 90
105.60431374026555 89
105.83989015585006 89
105.47768122635819 89
106.13311490696492 89
105.771229547371 90
105.97105206281051 90
105.68378918446919 89
106.19560557474863 90
105.84104454076834 90
105.89202678392112 89
105.50757064252079 90
106.13043163585148 90
106.27217353789881 89
105.62978453337519 90
106.74354531860233 89
106.06651573158054 89
106.30310089822571 89
105.5360872714613 90
106.42569538395351 90
106.39772643096603 90
106.52221823901021 89
106.29004495686436 90
106.96700557575318 89
106.46731912036171 90
105.85714613129039 90
105.70083472987407 90
105.61697907212113 90
106.67226521687365 89
106.301449553486 90
106.39475253254716 90
105.90872806344686 90
106.0037170740761 90
106.81445366921501 90
106.37594029284031 90
106.90648765986086 90
106.52549242500912 89
106.69709686500325 89
107.03125654227107 90
106.06675338326745 89
106.56564468248583 90
107.00555779029668 90
106.24822177998381 90
106.71239294455658 90
106.68760916690238 90
106.68184404134736 91
106.1267902587902 90
106.5599321368309 90
106.82849043260154 91
107.35886064433673 91
106.76269405780323 91
107.08402910949154 90
107.68456121267624 91
107.21317554908975 91
107.41149164825418 91
107.22887057674014 91
107.7963093859308 91
107.42568193215914 91
107.26630627299251 90
107.1105475353491 91
107.49601339118563 91
106.74726127833972 90
107.71891753285466 91
107.12233556553043 91
107.03173218308221 91
107.33264359414633 90
107.52388427265447 91
107.93621422191092 91
107.99221575822588 91
107.47710954851284 91
107.83295398010475 91
107.8838812209287 91
108.2920119499139 91
107.51933412825073 92
108.24327191701833 91
107.9083749173086 91
108.21575566776858 91
108.16909157970862 91
108.2287136866436 91
108.07601334740673 92
108.34439581946924 91
108.16645370008234 91
108.00533862433625 91
108.11031989467489 91
108.27115490199104 92
108.7917527184348 91
108.39939229753716 92
108.00099750147986 91
108.4117608947001 91
108.45345864910682 92
108.73904057918057 92
107.90549023742629 92
108.1364537664632 92
108.2030023485766 91
108.44796144843127 92
108.68980532601866 91
108.88751822192866 92
107.93492500012428 91
108.77517595754543 92
108.1189556228893 92
108.79984271576043 92
108.18752060035804 91
108.7738080622934 91
108.22985848697839 91
108.55477284048361 91
108.25801511850179 91
108.4244941618609 92
108.49103457189122 92
108.2975163332502 92
109.186410766059 92
108.68496153256643 92
108.6777057742082 93
108.86845055847537 92
108.85885836416534 93
108.88803860818177 93
109.18943913632198 93
108.95879820391441 92
109.26177606945848 93
108.7895007255918 93
108.30411954023816 92
109.20358314247775 92
109.36334963260887 91
108.92926904160292 92
108.25469167425418 92
108.72503951507068 92
109.02096917585041 93
108.90820504110211 93
109.42477651009693 92
109.81614453405797 92
109.70483141896662 93
109.66169250077142 93
109.37272726149155 93
109.4573611099503 93
109.36929512677848 92
110.0575509919131 93
110.07584943622375 93
110.05771259393335 93
109.02143193622575 92
110.02578233369134 93
109.94858555521715 93
109.62477329744404 93
109.32765477446463 93
110.18083639366351 93
109.57788361474053 93
109.37702905718459 92
109.47304125300911 92
110.00832127282072 93
109.11004215189197 93
109.61750572305037 93
109.71673468872238 93
109.9129095009452 92
109.36914393968877 92
110.01523636048853 92
109.30771951217667 92
109.5299095279902 93
109.97568424922432 92
109.95669559343918 93
109.7006905119177 93
109.99892670722573 93
109.89242267471815 93
109.97083333052574 93
110.0530465988561 94
109.49575419898616 93
109.74747043196228 93
110.319983390779 93
110.3439445273569 93
109.53096952580842 94
110.25568803232775 93
110.01742992118848 93
110.00443597977215 93
109.74428564865633 94
109.9659565814176 93
110.07421355790578 93
110.0287444631343 93
110.4127828089352 94
110.10967213573286 93
109.82903495621616 94
109.51191082785364 94
110.26480431045923 93
109.99490577688832 93
110.27283892633308 94
109.80005460172654 93
109.99818388137071 94
110.00257661886089 94
110.78451129350381 93
110.21554121575608 93
110.56365870617333 93
110.57606913650717 93
109.73578133818832 93
109.97178001081369 93
109.71423944800597 94
109.98440517632284 94
109.98744124447084 93
110.2701179298488 93
110.11752988507168 93
110.50143321026806 93
109.89330721877553 93
109.58680775855447 94
110.1458804644358 94
110.44436545180605 93
110.17332386517691 93
109.78704965025881 93
110.33436157996957 93
110.14623957681161 93
110.30375121720294 93
109.47442945723763 94
110.41398439378119 93
110.51935680848601 93
109.75919963690984 93
110.31466956261963 93
109.92515528081637 94
110.09144362822656 93
110.10181490072631 93
109.70493197043395 93
110.4031347779821 93
109.91427295264374 93
110.25504237262558 94
110.29415915570375 93
110.0666191602036 94
110.761342417274 94
110.08943468937815 94
110.34205216864498 94
110.4002431232068 94
110.55489648571233 93
110.8789055948042 93
110.4098432486187 93
110.54815254753572 93
109.44910212832477 93
110.46089825168593 93
109.54252060199553 93
110.11145193921087 93
110.35665542097857 93
110.28652570539123 93
110.54029557639907 94
110.35342754650642 93
110.63302736547855 93
110.32534409298712 94
110.58021033129774 93
110.50188833442851 93
110.2858309566367 94
109.78700201014347 94
110.44386330622285 94
109.9863563644997 94
110.32777100763786 93
110.88775557708055 93
110.72003135230844 93
110.05600049842423 93
110.11525665502549 93
110.45693718269023 93
110.18497686036542 93
110.29522544264225 93
110.60430616959856 93
110.09507544966971 93
110.35174654517226 94
110.63439925636678 94
110.07991847320882 93
110.21141295578667 94
110.53275496838134 94
110.06512524051821 93
110.47288857264574 94
110.0268218502322 94
110.44118706652776 93
110.61051045937785 94
110.4414069508864 93
110.52367976481679 93
110.13893827055647 94
110.7452560241397 93
110.16034018181801 93
111.12941743155582 94
109.85574974009573 93
110.6457949201713 93
109.981103752109 94
110.39666186854987 93
110.06576208967465 93
110.14757212186836 93
110.76228147594975 94
109.9869111791267 94
109.97142289736666 93
110.72674416266108 94
