28.82870846833505 32.0
28.444961687533493 32.0
28.475255960649136 32.0
28.743446556601157 32.0
28.79580964041618 33.0
28.698311584425426 32.0
28.495386808847897 32.0
28.256448354343462 32.0
28.56487598251877 32.0
28.43209239245911 32.0
28.474645831604917 32.0
28.400473685659307 32.0
28.304866266943904 32.0
28.56891739398023 32.0
28.417084872544834 32.0
28.61625321345163 32.0
28.395634568859293 32.0
29.01056461828071 32.0
29.78163703643471 32.0
28.325110694547973 32.0
32.37039259704151 33.0
29.764378839880358 33.0
29.019183782617567 33.0
28.714208237632562 32.0
28.629323598673963 32.0
28.9923682124342 32.0
28.57492439966964 32.0
31.05564697391236 32.0
30.04602378627942 33.0
28.579371151428987 32.0
28.57053250260404 33.0
28.793262761190178 33.0
28.43972076532677 32.0
28.728893151457896 32.0
28.39379727012252 32.0
28.85415818860878 32.0
29.804689917337768 32.0
28.672255215846846 32.0
28.64383047523542 32.0
28.63043636813454 32.0
29.44126064568647 32.0
30.92497785178699 32.0
28.777844398448394 33.0
28.359109894036067 32.0
28.89075563483277 32.0
28.924643658700134 32.0
28.425068532070043 32.0
28.485452354358387 32.0
28.35145099145184 32.0
28.70510234663952 32.0
28.461924316585154 32.0
28.855229060676407 32.0
28.432894447665078 32.0
28.744479379054994 32.0
28.24832749094182 32.0
28.656385163094683 32.0
28.294069942221412 32.0
28.41989435677165 32.0
28.594142194619494 32.0
28.595545277595008 32.0
28.49657856627823 32.0
28.686773307251656 32.0
28.92787521468925 32.0
28.82928820203942 32.0
28.656177829421836 32.0
29.019800431310244 32.0
28.8251797726181 32.0
30.090394398327795 32.0
30.114036822505412 32.0
29.61037984487635 32.0
29.53317652971178 32.0
28.42305294673777 32.0
28.567950119767588 32.0
28.461755756683758 32.0
28.39490113636029 32.0
28.942045644611994 32.0
29.309982938428156 32.0
29.896937005348732 32.0
28.6918521398526 32.0
28.91932308900128 33.0
29.016774284832692 32.0
29.18557471317707 32.0
28.87971295726615 32.0
29.28696428954776 33.0
28.901158648171233 32.0
28.908670623221994 32.0
28.550020355830256 32.0
28.83558322611944 32.0
28.514440797291357 33.0
28.751589346707604 32.0
28.156045156801824 32.0
28.624611975964484 32.0
28.61155538265872 32.0
28.67190344801392 32.0
28.661964199496396 32.0
28.85868998453975 32.0
28.561391483681533 32.0
28.538616735165732 32.0
29.161005446908774 32.0
28.98422691171828 32.0
29.907052544303326 32.0
28.941892148693995 32.0
32.72020177615345 32.0
31.30228101401667 34.0
29.18824390092915 33.0
29.14165759748157 33.0
29.57913169029939 32.0
29.353817453909983 32.0
29.36004934795409 32.0
29.419677761626417 32.0
30.290370179567475 32.0
29.876363056529158 32.0
29.74544638086757 32.0
30.029328073312158 33.0
30.372609192311245 32.0
30.137874446954967 33.0
30.937537787718696 32.0
31.14387280937582 32.0
30.551151384915364 33.0
30.809077488776417 33.0
31.499256985608888 33.0
31.448648414935803 32.0
31.647393025874806 33.0
31.90385084738402 33.0
32.336316108301816 33.0
31.723143485914193 33.0
32.4437074908928 33.0
32.897767298523235 33.0
33.32933028730106 33.0
33.438878928467545 34.0
33.46207997646266 34.0
33.88921748628579 34.0
34.15528929729962 34.0
34.9606705624274 34.0
34.939533620498175 34.0
35.27379206491968 34.0
35.2912800267239 35.0
35.855055205223465 35.0
35.866047291083014 35.0
36.167916995909664 35.0
36.976914032613095 35.0
36.62252411953684 36.0
38.03182184537217 36.0
37.994237163739726 37.0
38.24929495300506 37.0
38.4046446737818 37.0
38.623935327464615 38.0
38.99701522703924 37.0
38.939065388214395 38.0
39.55380690988518 38.0
40.03630070863643 38.0
40.37989708601907 38.0
40.655934658741856 39.0
40.58410160026692 39.0
41.041641686555124 40.0
41.50916678240067 40.0
41.79536350252734 40.0
42.512504731531095 40.0
42.462106097162355 41.0
42.73013803974916 41.0
42.93903847847435 41.0
43.11407133787578 41.0
43.933152974333076 42.0
43.908105905471885 43.0
44.36672011801139 42.0
44.48404032623035 43.0
44.83856319619033 43.0
45.06515959014762 43.0
45.53839297894582 44.0
45.92447790946575 44.0
46.115952687930694 44.0
46.78044212901131 45.0
46.96895838607725 45.0
47.257071771040934 45.0
47.46115696905497 46.0
47.783524060805505 46.0
48.123577533262775 46.0
48.481644682866275 46.0
48.77120484791678 47.0
48.91224568619048 48.0
49.200086626992245 48.0
49.67601431106104 48.0
49.81811258273974 48.0
50.14190265620168 49.0
50.145213177953764 49.0
50.95767594229314 49.0
51.01325211725552 50.0
51.44378040719458 50.0
51.68414858672294 50.0
51.70582290992334 51.0
51.965285501139064 51.0
52.34420148076619 51.0
52.65347405437675 51.0
52.912348336903605 51.0
53.089055045083455 51.0
53.064591056844776 52.0
53.84645089058773 52.0
53.94535318099966 52.0
54.268003302199126 53.0
54.45562843481144 53.0
54.733434455365966 54.0
54.87291093854286 54.0
55.15596546599966 54.0
55.658906927492446 54.0
55.75928350429727 54.0
55.764107353010424 55.0
56.206101688022365 54.0
56.861066064102715 55.0
57.883791775511106 55.0
57.86444955213259 57.0
58.077898663750986 57.0
57.96297912108845 57.0
57.727010529254855 57.0
58.00774219809455 57.0
58.43773112000834 57.0
58.4419925184215 57.0
58.96235406435268 57.0
58.83601169638432 58.0
59.180283483439 58.0
59.37266401753962 58.0
59.75387799801966 58.0
59.99647618012052 58.0
60.31547071525269 59.0
60.31488075647226 59.0
60.7308484985018 59.0
60.90767599000263 60.0
61.42037676485843 60.0
61.3391817489636 60.0
61.87529168307996 60.0
61.696448803995125 61.0
62.00282155484438 61.0
61.95051773109163 61.0
62.42288521511169 61.0
62.65556383238855 61.0
63.10866754370354 62.0
63.14642266912051 62.0
63.623310231627116 62.0
63.74453026171583 62.0
63.93273506972568 62.0
63.74117001587852 63.0
64.38906207770118 63.0
64.47923416943026 63.0
64.62948452050918 63.0
64.93108727246917 64.0
65.16540630989013 64.0
65.19510894429953 64.0
65.48497084695515 64.0
65.5464510077922 65.0
65.93223947035884 65.0
66.30472608881104 65.0
66.4889406067128 65.0
66.54764195352118 66.0
66.92952642023232 65.0
67.09094844593754 66.0
67.33887024682157 66.0
67.55039567532904 67.0
67.94376443063894 66.0
67.65678333161027 67.0
68.25016248930322 67.0
68.31715024233581 67.0
68.48580910128352 67.0
68.91108436599798 68.0
69.16677834437739 68.0
69.0885935565369 68.0
69.25768758680894 68.0
69.40088105512002 69.0
69.55390437522118 69.0
70.01758745608997 68.0
69.82506117589358 69.0
70.41016481905736 69.0
70.332879814726 70.0
70.65507357344127 70.0
70.75420147277458 70.0
70.79020797307442 70.0
71.13609496291299 70.0
71.59060709917335 70.0
71.62993860298538 70.0
71.7869982650023 71.0
72.05518076186928 71.0
72.15179716170863 72.0
72.44749160419948 71.0
72.92828210141495 71.0
72.33606428605466 72.0
72.88694864164712 71.0
73.18668754198924 72.0
72.99191136822063 72.0
73.38747546779297 73.0
73.62693617450235 73.0
73.78526765305517 73.0
73.99907019997073 73.0
73.95608327009782 73.0
74.48646621364635 73.0
74.4046083094647 74.0
74.91342979212345 74.0
74.4262685062497 74.0
75.02776700167296 74.0
75.19369233829003 75.0
75.57692417130338 74.0
76.0357234027486 75.0
76.14897677398439 75.0
75.91731205679753 75.0
76.19530763309545 76.0
76.16238125279719 75.0
76.68230135914574 76.0
76.61437761011584 76.0
76.81498907297043 76.0
77.088065847108 76.0
77.41817318982913 76.0
77.33081818424179 77.0
77.22396575012853 76.0
77.69534540548243 76.0
77.80000706864627 77.0
78.20754966472909 77.0
78.09368747009789 78.0
78.23240128978885 77.0
78.32758767371087 77.0
78.8013833455638 78.0
78.65595886785484 78.0
78.8927183469873 78.0
79.15835628179785 78.0
79.50373538609864 78.0
79.2232913035387 79.0
79.60706631941191 78.0
79.7740192753247 79.0
79.86440943646701 80.0
80.45333237046995 79.0
80.49858387195154 80.0
80.31382931284598 79.0
80.39627720446919 80.0
80.61837711268504 80.0
81.09894768131542 80.0
80.99586001609768 80.0
80.94996611201016 80.0
81.52754202949393 81.0
81.40701907411099 81.0
81.58945685583586 80.0
81.87411613138315 81.0
81.835693318007 81.0
82.22224714802998 81.0
82.20703688077508 81.0
82.30561687613282 82.0
82.65776664463687 82.0
82.88215396535051 82.0
83.18487520789677 82.0
83.21114198729097 83.0
83.19260938108101 82.0
83.27811079445206 82.0
83.66985314825251 83.0
83.8844362730108 83.0
83.70858864154555 83.0
84.21721814311016 83.0
84.16248393749737 84.0
84.383912957527 84.0
84.35514951415533 84.0
84.17182937206825 84.0
84.41324731276737 84.0
85.06154875995496 84.0
84.77324642100521 84.0
85.112362954672 84.0
85.20111970452218 84.0
85.25171479262197 85.0
85.68795091201146 84.0
85.74956140039092 85.0
85.38176660817518 85.0
86.25851413548703 85.0
85.95734947384366 85.0
86.27503021423907 86.0
86.512162010678 86.0
85.98737200420017 86.0
86.66147642341437 86.0
87.05398660794177 86.0
87.02718543361074 86.0
87.23045759903226 86.0
87.49377544610427 87.0
87.33521557431753 87.0
87.4749955391343 87.0
87.60343810932193 87.0
87.78538749220439 87.0
88.3253537328154 87.0
87.7115014554943 87.0
88.27950725066381 87.0
87.94843503704489 87.0
88.22358002891629 88.0
88.7612685087759 88.0
88.59884323284957 88.0
88.92796609218047 88.0
89.0596286907995 88.0
88.9547587622678 89.0
89.06362573059862 88.0
89.5265981285043 89.0
89.49608682553634 89.0
89.83452250908523 89.0
89.82537979989252 89.0
90.0410814496176 89.0
90.2102351464722 89.0
89.99994093447309 89.0
90.34136635662153 90.0
90.50436819230016 90.0
90.71337795266628 90.0
90.77539734191294 90.0
90.44000944282797 90.0
90.7675797524592 90.0
91.08437586583807 91.0
91.17162861634424 91.0
91.24865657760411 91.0
91.27509571521051 91.0
91.73591535498444 91.0
91.96520999067872 91.0
91.69239476451052 91.0
91.88969344609886 91.0
91.7590900828105 92.0
92.32536327473431 91.0
92.33976768645391 92.0
92.33147286625046 92.0
92.49080686839869 92.0
92.93551347116787 92.0
93.03203966365342 93.0
92.87827915962511 93.0
93.00709180706455 92.0
93.32171156525378 92.0
93.33409023619457 93.0
93.3404463392778 93.0
93.51246237660045 93.0
94.02670129628333 93.0
93.79840805551245 94.0
94.02695677301982 93.0
94.02644929675036 94.0
94.1901143022699 93.0
94.02600884440824 94.0
94.18233744065837 94.0
94.18857156975069 94.0
94.58565804864745 94.0
94.93928785807951 94.0
94.88413756410625 94.0
95.06755762353791 94.0
94.83556927259193 95.0
95.12944225384041 95.0
95.46154153749018 95.0
95.124623565217 95.0
95.40193029727763 95.0
95.65376868053396 95.0
95.6559578279897 95.0
96.06392528252272 96.0
96.1910191633072 96.0
96.0769402523163 96.0
96.37264904450838 96.0
96.20256646452955 96.0
96.49634457108185 96.0
96.66214968189445 96.0
96.62981371612167 97.0
96.7738760702102 96.0
97.25309297326329 96.0
96.8649313992297 96.0
97.4199371338437 97.0
97.21990657876071 97.0
97.3561810279077 97.0
97.53188399481718 97.0
97.83713862783075 97.0
97.46791595460209 98.0
97.7411113169297 97.0
98.15581715795963 97.0
98.15754002330205 98.0
98.30037274067307 98.0
98.26855761226338 98.0
98.23272984278336 98.0
98.41974653865418 98.0
98.70638197696306 98.0
98.75386463713873 98.0
98.32232011215426 99.0
98.65269497629127 98.0
99.1583145245859 98.0
98.77779810428802 99.0
99.02465963267667 98.0
99.31357908849884 99.0
99.02379153927373 99.0
99.28701695423163 99.0
99.60132181091042 99.0
99.53835233110246 99.0
99.33366455181115 99.0
99.68992992099759 99.0
99.41438314416045 99.0
97.69571196600906 99.0
