33.05508875798702 34.0
32.51103508554464 34.0
32.82961176539149 34.0
32.30267370626528 34.0
32.034635008708634 34.0
32.099298832351664 34.0
32.403662983828305 34.0
32.03907840926412 34.0
32.45472972178063 34.0
32.3545262899128 33.0
32.41488905987299 33.0
32.51123267040011 34.0
32.44986345421153 34.0
32.248975795980456 34.0
32.53244420107465 34.0
32.50527486293052 34.0
32.28191661509216 34.0
32.645735326324754 34.0
32.34615863293503 34.0
32.207380286599545 34.0
32.328231899069024 34.0
32.73329913798808 34.0
32.29041578061328 33.0
32.28362702296961 34.0
32.211817620534305 34.0
32.225542576048234 34.0
32.823545239012866 34.0
32.16759150007831 34.0
32.26154651566717 33.0
32.440090012825856 34.0
32.487219819162654 34.0
32.50776715517733 34.0
32.22168187045494 34.0
32.19496959972048 33.0
32.6504616198296 34.0
32.382442578152165 34.0
32.21881080324944 34.0
32.27044698800662 34.0
32.26632499831754 34.0
32.23269697176253 34.0
32.67981277239146 34.0
32.45139803775047 34.0
32.82736786263306 34.0
32.549052046493074 34.0
32.442957012557365 34.0
31.997192446707395 34.0
32.44711317918697 33.0
32.35977281866704 34.0
32.37637273908949 33.0
32.49270205981436 34.0
32.350478912251 34.0
32.42654946276403 34.0
32.325040832164746 34.0
32.31700129906679 34.0
32.56958618576445 34.0
32.57898273681921 34.0
32.54859258408034 35.0
32.265161031110445 34.0
32.36835175237285 34.0
32.1900900161527 34.0
32.51203640676303 34.0
32.80331009818436 34.0
32.72581306920064 33.0
32.62111298526078 35.0
32.68943678857617 34.0
32.70807430074191 34.0
33.27434455319202 34.0
33.11816645253279 34.0
33.197318176758294 34.0
32.47152285644215 34.0
32.31451315433314 34.0
32.459960831978485 34.0
32.86804769059501 34.0
32.51185392220965 34.0
32.8120253039118 34.0
32.54032481168305 34.0
32.18413191707987 34.0
32.353022867716206 34.0
32.43784583944091 34.0
32.170434822036086 35.0
32.636337211118864 34.0
32.43637397605993 34.0
33.976153366234946 34.0
32.37221934860695 35.0
32.11933349992446 34.0
32.395307849223244 34.0
32.64398886570683 34.0
32.46429107473602 34.0
33.99600511382722 33.0
33.17397470252229 34.0
32.70529593664315 34.0
32.43092548634899 34.0
32.574917869163684 34.0
32.50106029309911 34.0
32.25628073175641 34.0
32.540363134411024 34.0
32.55558895666856 33.0
32.610223821213815 33.0
32.74738825981544 34.0
32.6102672771855 34.0
32.459973889329206 34.0
32.587069031995384 34.0
32.89339496935122 34.0
32.83057652763746 34.0
32.762894124487346 33.0
32.991604465570745 34.0
32.84485305537076 34.0
32.87836447232803 34.0
32.93488629654402 33.0
32.900101656176524 34.0
33.17781169369159 34.0
33.0815000103146 34.0
33.13300833788263 33.0
33.298345803497575 34.0
33.1654786775522 34.0
33.30272536761568 34.0
33.70404182997342 34.0
33.52532112901298 34.0
33.66560079141926 34.0
33.938628443563566 34.0
33.77432621245766 34.0
34.031749942182586 34.0
34.19838906481697 34.0
34.43755805070059 34.0
34.43798296677815 34.0
34.67485280084418 34.0
34.72177842850005 35.0
35.03256720730806 35.0
34.94876782573502 34.0
35.26666276902313 35.0
35.586517742680215 35.0
35.74573800231686 35.0
35.707787427576456 35.0
35.99115665156099 35.0
36.29452990190589 35.0
36.6996114865864 35.0
36.822541982008204 35.0
37.088911267284494 35.0
37.48657443903583 35.0
37.78237502440583 36.0
37.94358426864879 36.0
37.95593316466274 36.0
38.54784154013255 36.0
38.74023496742418 36.0
38.92293552292908 37.0
39.3101304253371 36.0
39.550841385294675 37.0
39.98817807707147 37.0
40.21419218286895 37.0
40.36192328261347 37.0
40.62381443008298 38.0
41.077155442752 38.0
41.20123457774327 38.0
41.477627542396895 39.0
42.017931451856604 38.0
42.19112464373049 39.0
42.54645683375115 38.0
42.81965036444144 40.0
43.13759389156081 40.0
43.16173542442961 40.0
43.673269884710926 41.0
43.94466065169062 40.0
44.29491817334795 41.0
44.70211966127824 41.0
44.72214490132194 41.0
45.08199475083191 42.0
45.47233351879484 42.0
45.76520996199151 43.0
46.261447497243424 42.0
46.13679242784364 43.0
46.642634382143925 43.0
47.06078872196243 44.0
47.438941624351145 43.0
47.44222825832506 44.0
47.72995480854061 45.0
48.32079364456182 45.0
48.28411491449387 45.0
48.711830067086986 46.0
48.96317378283669 45.0
49.23252093930322 46.0
49.52483915129782 46.0
49.954596237522615 47.0
49.969188074476286 47.0
50.089288853482365 48.0
50.61773363191233 47.0
50.898575578112606 47.0
51.131353318463944 47.0
51.556826727592 48.0
51.527297824978426 48.0
51.944045819504545 49.0
52.22192512231703 49.0
52.573534827731876 49.0
52.84557127386084 50.0
52.79717678051509 50.0
53.283253515652966 50.0
53.57239875615677 50.0
53.967990442870786 51.0
54.06937850595397 51.0
54.430068800865634 52.0
54.53732105739305 52.0
54.80910779090996 51.0
55.39230560745233 52.0
55.56222782577825 52.0
55.70060011390193 53.0
55.82685860985114 53.0
56.22864987929656 53.0
56.460776393096815 54.0
56.626127739769494 54.0
57.244284608099434 54.0
57.54323230001632 54.0
57.19240517710675 55.0
57.652092128232155 55.0
57.96827064793502 55.0
58.30195519973628 55.0
58.501135637155116 56.0
58.76607702157463 55.0
58.83967396800949 56.0
58.85204274322156 56.0
59.411546735767296 56.0
59.41068122516028 57.0
60.090625628069475 56.0
59.90067174705157 57.0
60.416259125670564 57.0
60.42401182855634 57.0
60.861483656252354 58.0
60.865044326791036 58.0
60.82300116779878 58.0
61.44285379715043 58.0
61.41288171255782 59.0
61.763417042985964 59.0
62.00369743298919 59.0
62.49953279980922 60.0
62.559818891910005 60.0
62.832571245538354 60.0
62.61698729621236 60.0
63.273957314152085 60.0
63.51733514558347 61.0
63.4391631391284 61.0
63.70958224980058 61.0
64.31344528883473 61.0
64.22773976694808 61.0
64.45060175982877 62.0
64.77551917492157 62.0
65.00307031030286 62.0
65.15945887734006 62.0
64.95547116746192 62.0
65.58800493549798 62.0
66.14431797789628 63.0
65.87487598373932 63.0
66.19246550581862 64.0
66.31294964526701 64.0
66.45099410894437 64.0
66.73629064213092 64.0
67.11907989135815 64.0
67.12220291192892 64.0
67.54569042512097 64.0
67.75074611880247 65.0
67.75166349927743 65.0
68.09682234910305 65.0
68.06440102944991 65.0
68.42516577143476 66.0
68.6120121304345 66.0
68.51598582137598 66.0
69.11702670531562 66.0
69.10250919399431 67.0
69.47270125452312 67.0
69.21820565172882 66.0
69.85869872445531 67.0
69.8571847399276 67.0
70.0456074809731 67.0
70.18407071632578 68.0
70.44807064411808 68.0
70.8672187171261 68.0
70.93444625611411 68.0
71.12326959242971 68.0
71.08048847936948 68.0
71.5202775227263 68.0
71.62306229537865 68.0
71.70726115013795 69.0
71.83766028565012 69.0
72.36331528657217 69.0
72.20452973025836 69.0
72.4856740439441 70.0
72.73151569302667 70.0
73.02988930777589 70.0
73.11566803945288 70.0
73.05676697374966 71.0
73.37906623782361 71.0
73.60880402414728 71.0
73.76302126628471 72.0
73.89371230398356 71.0
74.29240124508742 72.0
74.24033548256546 71.0
74.63118500107521 71.0
74.63659264767342 72.0
74.8893806701033 72.0
74.92418237171414 72.0
75.01742118365186 72.0
75.5348646796999 73.0
75.41379528457878 72.0
75.74290129689604 73.0
75.96887188065185 73.0
75.97434035767625 73.0
76.33966566078074 73.0
76.09345128970237 74.0
76.66394560267932 74.0
76.63765999192742 74.0
76.67871100752842 74.0
77.17412744880527 74.0
77.19238089721088 75.0
77.27058546931866 74.0
77.42402183518627 75.0
77.68026852067644 75.0
77.72985423221463 75.0
78.06341847468508 75.0
78.22135122013835 76.0
78.14449804446822 76.0
78.52031988389693 76.0
78.65037130371965 76.0
78.82231537549 77.0
78.98892893411576 76.0
79.32177984781559 76.0
79.42881539298806 76.0
79.33276179565041 77.0
79.6809582937256 77.0
79.87604123450001 77.0
79.93672773344997 78.0
79.99898326208962 77.0
80.29978304556175 78.0
80.23383363412312 77.0
80.67170508585875 78.0
80.7852220548696 78.0
80.68757349993335 79.0
80.79391210655969 79.0
81.37886569437741 78.0
81.11425857361725 79.0
81.53647694107711 79.0
81.63382121142648 79.0
82.04084358400388 80.0
82.22089557356671 80.0
82.06015848826155 80.0
82.40509060867043 80.0
82.44992468278396 80.0
82.82509919779665 80.0
82.53563331425111 80.0
82.6085817904929 81.0
83.13944587562847 80.0
83.10488020859937 81.0
83.37323831689862 81.0
83.54393795077176 81.0
83.50759430583521 81.0
83.71528499506513 81.0
83.89774931714942 81.0
84.10172894140345 82.0
84.08561159659097 82.0
84.22109329556383 82.0
84.55093068567795 82.0
84.22817649646015 83.0
84.67023709034139 82.0
84.69390205627818 82.0
84.71623544225183 83.0
85.09898627933669 82.0
85.33843744692611 83.0
85.38903065667596 83.0
85.57837566956178 83.0
85.79950642057831 83.0
85.83295276423196 84.0
85.87589216693415 84.0
86.12457838307776 83.0
86.09414935717861 83.0
86.56219256585807 84.0
86.59650807239572 84.0
86.52496534392954 84.0
87.06645651899078 84.0
86.6964763088075 85.0
87.17866545601923 85.0
87.15061501016676 85.0
87.32625605106938 84.0
87.51910647663983 85.0
87.46704871080082 85.0
87.93289680699887 85.0
88.10266839461183 85.0
88.09536482181763 85.0
88.09453537971785 86.0
88.47147827391326 86.0
88.53116572656283 86.0
88.55711408278461 86.0
88.63599334760633 86.0
88.66725153822414 86.0
88.99178530336492 86.0
89.05294002179498 87.0
89.22053051193349 87.0
89.15324180083772 87.0
89.54897519028226 87.0
89.69260224086719 88.0
89.6763769031019 87.0
89.42503414231679 87.0
89.6995896237131 87.0
90.3447634978935 87.0
90.23279733137534 88.0
90.20847879022115 88.0
90.43226807573 88.0
90.61068279330226 88.0
90.74495202906915 89.0
90.72904128692836 88.0
90.77916507491294 89.0
91.0162781880149 89.0
91.15078501234787 89.0
91.30854827680801 89.0
91.55018380404931 89.0
91.69351636335058 89.0
91.80822476230597 89.0
91.83481987616585 90.0
91.82943222283689 89.0
92.07831725029706 89.0
92.43066509506035 90.0
92.13047440952633 90.0
92.30446429826362 90.0
92.38660708608941 91.0
92.68225803118749 90.0
92.79734548350902 91.0
92.85994400430894 90.0
93.0575097542419 91.0
93.14936692820983 90.0
93.35826049420251 91.0
93.47685771680204 92.0
93.37291434784038 91.0
93.72979515682862 91.0
93.61073255444087 92.0
93.7190119189159 91.0
93.88977572242531 92.0
94.18079302659714 92.0
94.30074612290146 92.0
94.3468124675121 92.0
94.53706787194513 93.0
94.47706947983504 92.0
94.74810913126758 92.0
94.83356207929553 92.0
95.03023081045379 92.0
94.88760592665538 93.0
95.25477662000212 93.0
95.16849394569385 93.0
95.39070091163624 93.0
95.51798192244263 93.0
95.38791377792674 93.0
95.75218324995497 93.0
96.0072562421358 93.0
96.00819974772033 94.0
96.26864487133965 94.0
96.28799063002388 94.0
96.32714604828077 95.0
96.27613186472396 95.0
96.58761004152431 94.0
96.72143629551663 95.0
96.52584285909022 95.0
96.78881496093884 95.0
96.89315853130837 95.0
97.29358152932384 95.0
97.10452246409726 95.0
97.2713148906722 96.0
97.39279364424019 95.0
97.63799801018611 95.0
97.66203376867827 95.0
97.65587478934103 96.0
97.86298600724442 96.0
97.61685376142535 97.0
97.93760872613342 96.0
98.16708982871326 96.0
98.19818180610177 96.0
98.28011772491132 97.0
98.17287155433559 96.0
98.24803202886058 96.0
98.62740973728312 97.0
98.6081592520708 97.0
98.92782900196718 97.0
98.89900411778409 97.0
98.71105214491679 97.0
96.78160559618868 97.0
