25.92112487184714 30.29806340738975
26.207329058708687 30.29806340738975
26.129108180536768 30.29806340738975
26.40441627645376 30.29806340738975
25.844599460965384 30.29806340738975
25.797625231367 30.29806340738975
26.339897867155287 30.29806340738975
26.00667658602319 30.29806340738975
25.954829738124538 30.29806340738975
25.803100707083985 30.29806340738975
25.900485622479778 30.29806340738975
25.9470410829165 30.29806340738975
25.86423247149702 30.29806340738975
25.492145135934962 30.29806340738975
26.03579979519523 30.29806340738975
25.87834175738641 30.29806340738975
25.822157631645318 30.29806340738975
25.80043285368194 30.29806340738975
26.182237515989563 30.29806340738975
25.965883376272842 30.29806340738975
25.932529823003797 30.29806340738975
26.016991375720174 30.29806340738975
25.839585555988577 30.29806340738975
25.800580513147736 30.29806340738975
26.25819739128268 30.29806340738975
25.873185565260407 30.29806340738975
25.760579030386296 30.29806340738975
26.3333715882557 30.29806340738975
25.91623152388405 30.29806340738975
25.96414473237717 30.29806340738975
26.20001880837703 30.29806340738975
25.999930992948194 30.29806340738975
25.9411551291752 30.29806340738975
25.86219947558417 30.29806340738975
25.801106379927816 30.29806340738975
25.84584388597436 30.29806340738975
25.832743039158515 30.29806340738975
25.93911343941855 30.29806340738975
25.863987209142124 30.29806340738975
25.71198412912436 30.29806340738975
25.909855963595092 30.29806340738975
26.17329594463233 30.29806340738975
25.93751486744336 30.29806340738975
25.827284888370755 30.29806340738975
25.657748323214086 30.29806340738975
25.992154712342142 30.29806340738975
25.77455440027343 30.29806340738975
25.64474812733652 30.29806340738975
26.054989808748175 30.29806340738975
25.68262433688065 30.29806340738975
26.043899290319402 30.29806340738975
25.86547334250585 30.29806340738975
25.924925636922808 30.29806340738975
26.00340268327639 30.29806340738975
25.922680023387834 30.29806340738975
25.84111376967718 30.29806340738975
25.94896296702342 30.29806340738975
26.03826257629153 30.29806340738975
25.71671146375126 30.29806340738975
26.081464079118703 30.29806340738975
26.051273972473275 30.29806340738975
26.141623926258347 30.29806340738975
26.126847398999068 30.29806340738975
26.16929039409022 30.29806340738975
25.91268871655369 30.29806340738975
26.150718911856494 30.79475297144532
25.912746893597138 30.29806340738975
26.05771382975969 30.29806340738975
26.011875245061916 30.29806340738975
26.231169306720147 30.29806340738975
25.743593147232573 30.29806340738975
25.596176257528406 30.29806340738975
26.303153391117732 30.29806340738975
25.950421462203103 30.29806340738975
26.435616662423435 30.29806340738975
26.025204869512578 30.29806340738975
26.081350755613784 30.29806340738975
25.644345984999873 30.29806340738975
26.222684460685578 30.29806340738975
26.30540245792487 30.29806340738975
26.067168833053984 30.29806340738975
26.168461281369446 30.29806340738975
26.136033211561546 30.29806340738975
26.301077683931823 30.29806340738975
26.493450404644094 30.29806340738975
26.807752807166494 30.29806340738975
26.20256385348388 30.29806340738975
26.472172602162132 30.29806340738975
26.13853820354455 30.29806340738975
26.58102296807327 30.29806340738975
26.265518530256294 30.29806340738975
26.617795767552792 30.29806340738975
26.612202670978647 30.29806340738975
26.27831577135474 30.29806340738975
26.7033842318819 30.29806340738975
26.463554352869522 30.29806340738975
26.656307191422187 30.29806340738975
26.76347065656571 30.29806340738975
27.066051954575727 30.29806340738975
26.798181115030737 30.29806340738975
26.735927670608845 30.29806340738975
27.97350741770095 30.29806340738975
27.137606550843074 30.79475297144532
27.10831842712014 30.29806340738975
27.305599305836047 30.79475297144532
27.39781661907942 30.79475297144532
27.49407146297019 30.29806340738975
27.516723344399352 30.29806340738975
27.393085888243178 30.29806340738975
27.73071812319666 30.29806340738975
27.937381777530057 30.79475297144532
28.343747917431536 30.79475297144532
28.4727905114203 31.291442535500888
28.07247763777346 31.291442535500888
28.358851562140323 30.79475297144532
28.64287339688856 30.79475297144532
28.72374577657022 30.79475297144532
28.90473822548777 31.291442535500888
29.101826664957798 31.291442535500888
29.323865762186536 31.291442535500888
29.183543139546273 31.291442535500888
29.701042226303727 31.291442535500888
29.833656201308102 31.291442535500888
30.019237313964922 31.78813209955646
30.064817667124466 31.78813209955646
30.266785280726765 31.78813209955646
30.246739228836617 31.78813209955646
30.64340809480951 31.78813209955646
30.96046239411919 31.78813209955646
31.44515894473335 31.78813209955646
31.430727071681375 32.28482166361203
31.441688703180745 32.7815112276676
31.624389167589683 32.7815112276676
32.195160930816826 32.7815112276676
32.46168991586401 33.278200791723165
32.583975707677354 33.278200791723165
32.791108878749945 33.278200791723165
33.07528428445693 33.278200791723165
33.36282244658017 33.278200791723165
33.49863966309028 33.77489035577874
33.85486478170439 34.27157991983431
34.485286417341285 34.27157991983431
34.07947255633434 34.768269483889874
34.55246390603923 34.768269483889874
34.86670410122613 34.768269483889874
35.57271273910601 35.264959047945446
35.63924820319033 35.264959047945446
35.47728387471697 35.76164861200102
35.87247551252872 35.76164861200102
36.05510140742135 35.76164861200102
36.842674956773976 35.76164861200102
36.560230267726325 36.755027740112155
37.01691171823467 36.25833817605658
37.14683706859526 36.755027740112155
37.14376647648916 37.25171730416773
37.5621130003806 36.755027740112155
37.876325666202206 37.25171730416773
38.120239038564904 37.74840686822329
38.494855574310385 37.74840686822329
39.06881770410372 38.245096432278864
38.97383258423466 39.23847556039
39.184269740696706 38.741785996334436
39.61862084598921 38.741785996334436
39.64546726491201 39.73516512444557
39.759004654112566 39.23847556039
40.28968178625688 39.23847556039
40.07871990463443 40.231854688501144
40.845158043280556 39.73516512444557
41.23843866968657 40.231854688501144
41.06319696165156 40.72854425255671
41.519302687382684 40.72854425255671
41.81864478875957 41.22523381661228
41.55028101822269 41.72192338066785
42.24508626219831 41.22523381661228
42.81735739203519 42.218612944723425
42.52837153856522 42.218612944723425
43.28754604577085 41.72192338066785
43.03200379675166 42.71530250877899
43.669207832094514 42.71530250877899
43.74475494577486 43.708681636890134
44.01431037792889 43.708681636890134
44.26734407906591 44.2053712009457
44.30783053133898 43.708681636890134
44.76482517117185 43.708681636890134
44.88909459580199 44.70206076500127
44.92443424667806 44.70206076500127
45.77640715012801 44.70206076500127
45.677010012706766 45.69543989311241
46.22860636631526 45.69543989311241
46.36634908218775 46.19212945716798
46.587374327092405 46.19212945716798
46.776907532748595 46.68881902122355
46.68296480140178 46.68881902122355
47.01621620581001 46.68881902122355
47.47335938620975 47.185508585279116
47.323420161895555 47.185508585279116
47.46038192012598 46.68881902122355
47.856944084910204 47.185508585279116
48.05593992631686 47.68219814933469
48.49773600571072 48.17888771339026
48.89519521215089 48.17888771339026
48.812701474859935 49.1722668415014
49.257785128280936 48.675577277445825
49.09167035617507 49.1722668415014
49.83538076157345 48.675577277445825
49.65919520384921 50.165645969612534
49.97801489947061 49.66895640555697
50.19762552522677 49.66895640555697
50.45150682559138 50.662335533668106
50.60844291538973 50.165645969612534
50.55943764787051 50.165645969612534
51.094222726500405 50.662335533668106
51.64721312609491 51.15902509772368
51.630115430222965 52.152404225834815
51.49298309594721 51.65571466177924
52.13416637388009 51.65571466177924
52.443675123154115 51.65571466177924
52.50200269260232 52.64909378989039
52.93980942436245 52.152404225834815
52.92755565483375 53.14578335394595
53.45639475643907 53.14578335394595
53.141617502403854 53.64247291800152
53.34393642303168 53.14578335394595
53.7726492396511 53.64247291800152
53.71344147378427 53.64247291800152
54.44056163038192 53.64247291800152
54.19013063756297 54.63585204611266
54.624214827578484 54.63585204611266
54.87754284900352 55.13254161016823
54.83548990315265 55.13254161016823
54.99819589589996 55.13254161016823
54.998468694521954 55.13254161016823
55.5050227886421 55.13254161016823
55.78532014009321 55.629231174223804
56.2873335303952 55.629231174223804
56.35389275340381 56.62261030233494
56.11340001071621 56.12592073827937
56.53919305887581 56.62261030233494
56.94554562226441 56.62261030233494
56.88411137839139 56.62261030233494
57.111957045706625 57.11929986639051
57.437012671016646 57.11929986639051
57.36658410780109 57.615989430446085
57.62102678377814 57.615989430446085
57.77827396775466 57.615989430446085
58.13920948359282 58.11267899450165
58.359203060857496 58.11267899450165
58.561538996986826 58.60936855855722
58.78950654267909 58.60936855855722
59.113016289877635 58.60936855855722
59.24812621532365 59.106058122612794
59.06540641123979 59.60274768666836
59.761198493440304 59.106058122612794
59.567497192674516 60.09943725072393
59.86448966442822 59.60274768666836
60.13375185023845 60.09943725072393
60.67502619882126 60.5961268147795
60.50236624087829 61.09281637883507
60.52179349539398 60.5961268147795
60.508667677911085 61.09281637883507
60.97480700158093 60.5961268147795
61.0577140514997 61.09281637883507
61.28734275999447 61.58950594289064
61.46333860865646 61.58950594289064
61.80907782996249 62.08619550694621
61.875560910680626 62.582885071001776
62.11033692799191 62.08619550694621
62.386255071348174 62.582885071001776
62.34754832948338 62.582885071001776
62.428495397633114 62.582885071001776
62.58741540378268 62.582885071001776
62.86962207892172 63.07957463505735
63.01650139437642 63.07957463505735
63.78683444754983 63.57626419911292
63.430270484566826 64.07295376316848
63.74678840080526 64.07295376316848
63.62114301124539 64.07295376316848
64.12686304686372 64.07295376316848
64.7686926348742 64.07295376316848
64.46942677197558 65.5630224553352
64.59960978003834 65.5630224553352
64.74633533107536 65.06633289127963
64.98899694985025 65.5630224553352
64.87562020281412 65.5630224553352
65.16377203109143 65.06633289127963
65.38594314217663 65.5630224553352
65.5173410803726 66.05971201939077
66.14437368064014 65.5630224553352
66.21055500612195 66.55640158344633
66.20210318383951 66.55640158344633
66.07162301636515 66.55640158344633
66.34023252540047 66.55640158344633
66.6891209343855 66.55640158344633
66.82540892655342 67.0530911475019
67.081549706789 67.0530911475019
66.75770028750533 67.54978071155747
67.21433941550646 67.54978071155747
67.42703803140036 67.0530911475019
67.42105339503557 67.54978071155747
67.54993734773703 68.04647027561305
68.09499034608834 68.04647027561305
68.23996362760863 68.54315983966862
68.34178476797854 69.03984940372419
69.0102129224532 69.03984940372419
68.62712845649574 70.03322853183532
68.11317521477675 69.53653896777975
69.03311930026358 69.03984940372419
68.8545914306433 69.53653896777975
69.35951418685494 69.53653896777975
69.475418873141 70.03322853183532
69.53794004995777 70.52991809589089
69.57022713583542 70.03322853183532
70.01935483962787 70.03322853183532
70.12900123727563 70.52991809589089
69.98647085499128 70.52991809589089
70.32169027400734 71.02660765994646
70.44890122176949 71.02660765994646
70.85591283541338 71.52329722400204
70.48707823411843 71.52329722400204
71.11184514346256 71.02660765994646
71.25171384271758 72.01998678805761
71.2885789755734 72.01998678805761
71.48548535347784 72.01998678805761
71.84345573373766 72.51667635211317
71.57059776676533 72.51667635211317
71.74260332901453 72.01998678805761
72.5285278769627 72.01998678805761
72.1902011669825 73.51005548022431
72.25329865450311 73.01336591616874
72.6710132091523 73.01336591616874
72.4323081532695 73.51005548022431
72.90601371210226 73.01336591616874
72.85084734711589 73.51005548022431
73.00746808608645 73.51005548022431
73.2736516032805 74.00674504427988
73.51143381178282 74.00674504427988
73.9318208546993 74.50343460833545
73.213722258217 75.00012417239103
73.71553649286417 74.00674504427988
73.98631246289236 74.50343460833545
74.50209034597644 74.50343460833545
74.49934625829263 75.49681373644658
74.44504612371185 75.49681373644658
74.45286899529043 75.49681373644658
74.76998902718005 75.00012417239103
74.81548600004318 75.49681373644658
74.74269080164676 75.49681373644658
75.64602291663569 75.49681373644658
75.59988391618721 76.49019286455773
75.66100218904863 76.9868824286133
75.47013249237988 76.49019286455773
75.72059757969933 76.49019286455773
75.79235074236718 76.49019286455773
76.14943765550672 76.9868824286133
76.20563037309236 76.49019286455773
76.33599225753295 76.9868824286133
76.26871124907944 76.9868824286133
76.64106778368996 76.9868824286133
76.97431566963057 76.9868824286133
76.84230250759178 77.98026155672444
77.02841089941683 77.48357199266887
77.40018280041906 77.98026155672444
77.2153915834243 78.47695112078
77.50575458982375 77.98026155672444
77.64844166220117 77.98026155672444
77.59482635761924 78.47695112078
78.16977314134402 78.47695112078
77.77686752247138 78.97364068483557
78.5590029851841 78.97364068483557
78.25247110280233 79.47033024889114
78.50160041020385 78.97364068483557
78.7887890709552 79.47033024889114
78.97262195361282 79.47033024889114
78.81166599068958 79.96701981294672
78.975847061347 79.47033024889114
79.0149265815549 79.47033024889114
79.35634455094012 79.96701981294672
79.38093112048955 79.96701981294672
79.46235788674431 80.46370937700229
79.52458345881439 80.46370937700229
79.60258190605312 80.96039894105786
80.22028826407083 80.96039894105786
80.05583065225447 81.45708850511342
80.29882072427586 81.45708850511342
80.48296464276811 81.45708850511342
80.45315941130833 81.45708850511342
80.62418532056891 81.45708850511342
80.97046719574433 81.95377806916899
80.62748168316418 81.95377806916899
80.78611724583354 81.45708850511342
81.50311561002466 81.95377806916899
81.21630279987009 82.45046763322456
81.35666156660537 82.45046763322456
81.62596202976147 82.94715719728013
81.74356550877602 82.45046763322456
81.61591552296223 82.94715719728013
81.87436096595083 82.94715719728013
81.74899264564972 82.94715719728013
82.07778880172427 82.45046763322456
82.21046653626355 82.94715719728013
82.33227384857217 83.4438467613357
82.15456554331419 83.4438467613357
82.31867290606 82.94715719728013
82.80202757416158 83.4438467613357
83.2298676099112 83.94053632539128
83.18683581085837 83.94053632539128
82.89183350422906 84.43722588944685
83.43360387970853 83.94053632539128
83.34349784028569 84.93391545350241
83.47672158381688 84.43722588944685
83.63980314249483 84.43722588944685
83.7464387911479 84.93391545350241
