25.93233973425589 30.29806340738975
25.955952950340937 30.29806340738975
25.944340242083882 30.29806340738975
26.1014042360094 30.29806340738975
26.154119215746732 30.29806340738975
25.823905707080854 30.29806340738975
25.922666086445076 30.29806340738975
26.05668982772235 30.29806340738975
25.84825334894723 30.29806340738975
26.102475161097033 30.29806340738975
25.760141535365925 30.29806340738975
25.92603390479877 30.29806340738975
25.854529298416388 30.29806340738975
25.8987796989207 30.29806340738975
25.844867705346672 30.29806340738975
26.190093980494026 30.29806340738975
26.335862619968417 30.29806340738975
25.7011571226149 30.29806340738975
26.014904611203825 30.29806340738975
25.749489120280856 30.29806340738975
25.85116031208858 30.29806340738975
25.687207253600278 30.29806340738975
26.049701532960597 30.29806340738975
25.513680218797887 30.29806340738975
25.72130152479246 30.29806340738975
25.800939218378126 30.29806340738975
25.74260234993455 30.29806340738975
25.830109081889574 30.29806340738975
26.807535517146505 30.29806340738975
25.97832113308216 30.29806340738975
26.755715005727318 30.29806340738975
26.69833828479304 30.79475297144532
26.147164629484948 30.79475297144532
26.26723153319621 30.29806340738975
26.152874798943017 30.29806340738975
25.94312301578433 30.29806340738975
26.109846587333863 30.29806340738975
25.98067290982206 30.29806340738975
26.180505520536542 30.29806340738975
25.746177424346428 30.29806340738975
26.071532612104818 30.29806340738975
26.074405334935634 30.29806340738975
25.987254592764074 30.29806340738975
26.14574088267827 30.29806340738975
25.544800394297155 30.29806340738975
27.286363442677555 30.29806340738975
25.893216454511588 30.79475297144532
25.573832538508107 30.29806340738975
26.11433358240079 30.29806340738975
25.99123109814238 30.29806340738975
25.861332399916193 30.29806340738975
26.00164856849854 30.29806340738975
26.067716472489167 30.29806340738975
26.061095335579544 30.29806340738975
26.18939312860102 30.29806340738975
26.3143655635983 30.29806340738975
26.17098170677493 30.29806340738975
25.880711629126665 30.29806340738975
26.22852189739396 30.29806340738975
25.93863214532071 30.29806340738975
25.823896186691464 30.29806340738975
25.985887638677646 30.29806340738975
26.327837224971233 30.29806340738975
25.84138074996973 30.29806340738975
26.38364779358946 30.29806340738975
26.228005290876652 30.29806340738975
26.229321084947678 30.29806340738975
26.32184083848282 30.29806340738975
26.392514801336397 30.29806340738975
26.3894623367323 30.29806340738975
26.734720765640866 30.29806340738975
26.340213180457887 30.79475297144532
26.60454266561557 30.29806340738975
26.72932019488008 30.29806340738975
27.238292947116015 30.79475297144532
26.56149473608034 30.29806340738975
26.917880701763572 30.79475297144532
27.396804915496773 30.79475297144532
27.211454650081265 30.79475297144532
27.11863335634552 30.79475297144532
27.87917720220375 30.79475297144532
27.52115648940662 30.79475297144532
27.748888544353235 30.79475297144532
27.311934725129483 31.291442535500888
27.83832666494051 31.291442535500888
28.422834870754002 30.79475297144532
28.16894860993436 31.291442535500888
28.502161130330677 31.78813209955646
28.34612054882519 31.78813209955646
28.383003743756248 31.78813209955646
28.520454397457463 31.78813209955646
28.632491607369005 31.78813209955646
28.909048669786003 31.78813209955646
29.236445031492977 32.28482166361203
29.677241942552925 32.28482166361203
29.596703195247883 32.28482166361203
29.39031732329527 32.7815112276676
30.12541740758013 32.7815112276676
30.293180444824245 32.7815112276676
30.339201736516472 32.7815112276676
30.523700795902514 33.278200791723165
30.62363681162436 33.278200791723165
31.286460809358992 33.278200791723165
31.047460300552075 33.77489035577874
31.12484995916266 33.77489035577874
31.629100726051803 33.77489035577874
31.899076942370662 34.27157991983431
32.14307597019124 34.27157991983431
32.5444488185888 34.768269483889874
33.28754360390842 35.264959047945446
33.45533462993844 35.76164861200102
33.265143157347325 35.76164861200102
33.82568561919501 35.76164861200102
34.283131227806585 36.25833817605658
34.043256307809315 36.755027740112155
34.6236193156768 36.755027740112155
34.18073999460982 36.755027740112155
34.779578930246586 36.755027740112155
35.5120580065842 37.25171730416773
35.39145911357679 37.74840686822329
35.34537969680497 37.74840686822329
35.662378824636036 37.74840686822329
36.40647195193875 38.245096432278864
36.51544072949832 38.741785996334436
36.8618197488653 38.741785996334436
36.75749969147744 39.23847556039
37.830006127556054 39.23847556039
37.72181658367201 40.231854688501144
37.775914584325704 39.73516512444557
38.33518057525302 40.231854688501144
38.895337387551116 40.231854688501144
38.87972020074731 41.22523381661228
39.22454157872647 41.22523381661228
39.71879248428338 41.22523381661228
38.728163386492135 41.72192338066785
39.67716915191324 41.22523381661228
40.24234322277404 41.72192338066785
40.15420311673492 42.218612944723425
40.46174507731739 42.218612944723425
41.28501390121947 42.71530250877899
41.01390017010372 43.21199207283456
40.92478147221623 43.21199207283456
41.80460595127221 43.21199207283456
41.91572893449833 43.708681636890134
42.5726865382481 44.2053712009457
42.953360847423326 44.2053712009457
42.42172635410111 44.70206076500127
42.53103400283511 44.70206076500127
43.26969442147043 44.70206076500127
43.73758519752414 45.69543989311241
44.17891370152839 45.69543989311241
44.4323516694613 46.19212945716798
44.17013495222973 46.19212945716798
44.57580324489535 46.68881902122355
44.56845790348953 46.68881902122355
45.564523478437515 46.68881902122355
46.126665748004335 47.185508585279116
45.94474432193833 47.68219814933469
45.927213661008665 48.17888771339026
46.112435147471295 48.17888771339026
46.26974074895088 48.17888771339026
46.799100162647086 48.17888771339026
46.8468392455434 48.675577277445825
46.79846516340564 48.675577277445825
47.58675616355386 49.1722668415014
47.33763489433131 49.66895640555697
47.86715863686285 49.1722668415014
47.88553122249761 49.66895640555697
48.12646956512395 49.66895640555697
48.69749943621081 50.165645969612534
48.85321099622121 50.662335533668106
49.368804291063064 50.662335533668106
49.44394101805913 51.15902509772368
49.49218792236574 51.15902509772368
49.884502060735585 51.15902509772368
49.956247331903995 52.152404225834815
50.1800568682541 52.152404225834815
50.10007472876739 52.152404225834815
50.77176129859063 52.152404225834815
51.13176274857093 52.64909378989039
50.98751991346939 53.14578335394595
51.50077055587946 53.14578335394595
51.253803956270076 53.14578335394595
51.79914300587809 53.64247291800152
52.315906855923835 54.139162482057095
52.5805647193025 54.63585204611266
53.17371093245178 54.63585204611266
52.81924278776053 55.13254161016823
53.06187084807818 55.13254161016823
53.75675029486897 55.13254161016823
53.349066336814424 55.629231174223804
53.49512566258828 55.629231174223804
54.16377857036308 55.629231174223804
53.85534134168972 56.12592073827937
54.00032030229136 56.12592073827937
54.96331117724952 56.12592073827937
55.25588150653485 56.62261030233494
55.55072545422803 57.11929986639051
55.52877954695027 57.615989430446085
55.14928562154016 57.615989430446085
55.74554112890182 57.615989430446085
56.50932635665529 57.615989430446085
56.17022218512876 58.60936855855722
56.095152256187106 58.11267899450165
56.76323349311356 58.11267899450165
56.39591461765413 59.106058122612794
56.93841598617304 58.60936855855722
57.23572396708012 59.106058122612794
57.12967562728411 59.106058122612794
57.920584531220584 59.106058122612794
57.84634835501197 60.09943725072393
57.97250831887573 60.09943725072393
58.63007999047605 60.5961268147795
58.50149291235305 61.09281637883507
58.759511508113725 60.5961268147795
58.72597085875182 61.09281637883507
58.6682535293431 60.5961268147795
59.11796089714012 61.09281637883507
59.540355590465424 61.58950594289064
59.65846853107475 62.08619550694621
60.29898142733772 62.08619550694621
59.22039650296519 62.582885071001776
60.340584566059775 62.08619550694621
61.0008761774759 62.582885071001776
60.868196646387105 63.07957463505735
61.35067390705068 63.07957463505735
61.13377913790746 63.57626419911292
60.355054732726316 63.57626419911292
60.9673209094302 63.07957463505735
61.468344807278356 63.07957463505735
62.19891924379627 63.57626419911292
62.31043508445403 64.07295376316848
62.38547056230804 64.56964332722406
62.238236680073484 64.56964332722406
62.98370509117346 64.56964332722406
62.47778487335648 65.06633289127963
62.53189499217579 65.06633289127963
63.37176223179421 65.06633289127963
63.643536192658246 65.5630224553352
63.52512142972558 65.5630224553352
64.14277869390858 66.05971201939077
63.457874137112725 66.55640158344633
64.03937851083754 66.05971201939077
63.99003228325448 66.55640158344633
64.07004099174692 66.55640158344633
64.7939750836335 66.55640158344633
64.90172899012497 67.0530911475019
65.26712874991216 67.0530911475019
64.96910836372408 67.54978071155747
65.38849393759358 67.54978071155747
65.99193989549036 67.54978071155747
65.991908843674 68.04647027561305
66.26194665657997 68.54315983966862
66.0439214680872 68.54315983966862
66.25808485176017 68.54315983966862
66.73141777148005 69.03984940372419
66.74530559107107 69.03984940372419
66.46216407701674 69.03984940372419
67.28540531899077 69.03984940372419
67.38528602366026 69.53653896777975
67.10493370071976 69.53653896777975
67.64635896669965 69.53653896777975
68.00513175540141 70.03322853183532
67.40724884378386 70.03322853183532
67.89459472698483 70.03322853183532
68.34103102865878 70.52991809589089
68.34562063240755 70.52991809589089
69.26430299375888 71.02660765994646
69.18130300238097 71.52329722400204
68.97869857482337 71.52329722400204
69.41666847065103 71.52329722400204
69.29570358071912 72.01998678805761
69.57456348981368 72.01998678805761
70.17331526697036 72.51667635211317
69.78078039467708 72.51667635211317
69.0372684716361 72.51667635211317
70.5475329842783 72.01998678805761
69.95229804625504 73.01336591616874
70.7512881497332 72.51667635211317
70.20928144587175 73.01336591616874
70.21104719574902 73.01336591616874
70.75386064555387 73.01336591616874
71.11158785363158 73.01336591616874
71.41584876662282 73.51005548022431
71.4305131362052 74.00674504427988
71.65963642905865 74.00674504427988
71.41693248972499 74.50343460833545
71.53946861127581 74.50343460833545
72.31331997837292 74.50343460833545
72.08941938030874 74.50343460833545
72.64139018138573 75.00012417239103
72.16118822740582 75.49681373644658
73.04630962061543 75.00012417239103
73.52836224752157 75.49681373644658
73.11653375964315 75.99350330050216
73.68012318791918 75.99350330050216
73.48461979966257 75.99350330050216
73.2344271465235 75.99350330050216
72.97088266905851 75.99350330050216
74.28388872240726 75.49681373644658
74.72756906280333 76.49019286455773
74.26422693367022 76.9868824286133
74.65285767602155 76.9868824286133
74.372854341618 77.48357199266887
74.47408254121977 77.48357199266887
74.82103546945083 76.9868824286133
75.16145104701472 77.98026155672444
75.31719227400362 77.98026155672444
75.91476897919492 77.98026155672444
75.35851072753661 78.47695112078
75.24855214274349 78.47695112078
75.63106945503489 77.98026155672444
76.0085951950278 78.47695112078
75.8313162754305 78.97364068483557
76.47023692835796 78.47695112078
76.41853522695241 78.97364068483557
76.33190224600547 79.47033024889114
76.883185570445 78.97364068483557
76.88380876542318 79.47033024889114
77.26742038779133 79.47033024889114
77.42994263929474 80.46370937700229
76.8306979256786 80.46370937700229
77.55313525499783 79.96701981294672
77.45881707566934 79.96701981294672
77.79496649960039 80.46370937700229
78.48598252967491 80.46370937700229
78.48360242091186 80.96039894105786
78.46541041239718 81.45708850511342
78.60691409114197 81.45708850511342
78.19606870630372 81.45708850511342
78.5095671567726 80.96039894105786
78.67870993301352 81.45708850511342
79.28309667508171 81.45708850511342
79.78703982962605 81.95377806916899
78.90314236438884 82.45046763322456
79.13458851669373 82.45046763322456
79.57102206411695 81.95377806916899
79.61802595874428 82.45046763322456
79.95612890267817 82.45046763322456
80.07861561561032 82.94715719728013
80.15313260985053 82.94715719728013
80.19820231416408 82.94715719728013
80.29956195910825 82.94715719728013
81.17101104106686 82.94715719728013
80.9895112658034 83.94053632539128
80.50976045444816 83.94053632539128
81.39055645044546 83.4438467613357
81.48161203697664 83.94053632539128
81.20012169050999 84.43722588944685
80.80043560591037 84.43722588944685
81.47999957834382 83.94053632539128
81.76591616160685 83.94053632539128
81.6162801129664 84.43722588944685
81.65382162065717 84.43722588944685
82.75745776189704 84.93391545350241
82.43969643252072 85.43060501755798
82.69140877819164 85.43060501755798
82.98640555267404 85.92729458161355
82.52404331786224 85.92729458161355
82.95917221658193 85.43060501755798
83.04506932217403 85.92729458161355
83.0079274121021 85.92729458161355
83.35398516629513 85.92729458161355
82.92495575903985 86.42398414566912
83.56382420313992 86.42398414566912
84.01752389137322 86.42398414566912
83.3217621686363 86.9206737097247
84.18739765173629 86.9206737097247
83.81463971486214 86.9206737097247
83.73011177873022 86.9206737097247
84.08389001017068 86.9206737097247
84.21111675059329 86.9206737097247
84.29369251944073 87.41736327378027
84.14321415703387 87.41736327378027
84.3507929692742 87.41736327378027
84.77095465267233 87.41736327378027
84.85335971867494 87.91405283783583
85.12827278229196 87.91405283783583
85.55769075357277 87.91405283783583
85.30908335982902 88.4107424018914
85.80446588309819 88.4107424018914
85.23279986455819 88.90743196594697
85.96568103470275 88.90743196594697
85.86741892857924 88.90743196594697
86.55198854364173 88.90743196594697
86.3665205530533 89.40412153000254
86.58075652340912 89.40412153000254
86.05504914089985 89.90081109405811
85.85238626283882 89.40412153000254
86.85670692427385 89.40412153000254
87.07338707584778 90.39750065811369
87.03642523037233 90.39750065811369
86.73241907617302 89.90081109405811
87.23642383687299 89.90081109405811
86.66773941626678 90.39750065811369
87.76738174235643 89.90081109405811
87.946032154797 90.89419022216924
