25.844135527490756 30.29806340738975
25.970217880386315 30.29806340738975
25.953679319468932 30.29806340738975
25.808585384807166 30.29806340738975
25.836859744079682 30.29806340738975
25.712673768612348 30.29806340738975
25.99655792953685 30.29806340738975
25.920006522643504 30.29806340738975
26.226723192627674 30.29806340738975
26.204510889425535 30.29806340738975
25.55276768509458 30.29806340738975
25.736824823920827 30.29806340738975
25.98883425226137 30.29806340738975
25.735641073652708 30.29806340738975
25.728679826955755 30.29806340738975
25.920572167194017 30.29806340738975
25.999607880887126 30.29806340738975
25.734949382468663 30.29806340738975
26.196135712910518 30.29806340738975
25.922837956846394 30.29806340738975
25.876338129697835 30.29806340738975
25.777149668329898 30.29806340738975
25.516603503900882 30.29806340738975
25.743988465736074 30.29806340738975
26.08149419420949 30.29806340738975
26.163620681403685 30.29806340738975
25.641722449334537 30.29806340738975
26.28511948400716 30.29806340738975
25.546764260086455 30.29806340738975
26.088258612802015 30.29806340738975
25.963375619361955 30.29806340738975
25.943934687779354 30.29806340738975
25.892109126396363 30.29806340738975
25.78970347390338 30.29806340738975
26.079038225844727 30.29806340738975
26.10259197405118 30.29806340738975
26.10689813136799 30.29806340738975
26.097377412782194 30.29806340738975
25.74198264797878 30.29806340738975
25.73574158195281 30.29806340738975
25.818828998051146 30.29806340738975
25.792338333923773 30.29806340738975
26.53686196645529 30.29806340738975
25.919498170953567 30.29806340738975
25.717740736297493 30.29806340738975
25.8546136059445 30.29806340738975
26.21419659445347 30.29806340738975
25.60004381074952 30.29806340738975
25.857528982112342 30.29806340738975
26.04403017342092 30.29806340738975
25.4238205998559 30.29806340738975
26.01428889323818 30.29806340738975
25.81704813756472 30.29806340738975
26.09754309211702 30.29806340738975
25.836269716935163 30.29806340738975
26.149087122147897 30.29806340738975
25.88213568678372 30.29806340738975
26.01734625595158 30.29806340738975
26.141795508501815 30.29806340738975
25.84133962874587 30.29806340738975
26.44672104451471 30.29806340738975
26.448940153723868 30.29806340738975
26.186705469519488 30.29806340738975
25.998327230937527 30.29806340738975
26.331254852196665 30.29806340738975
26.56290548773064 30.29806340738975
26.77599556245157 30.29806340738975
26.75022088375576 30.29806340738975
27.20266998909669 30.29806340738975
27.244813076497444 30.29806340738975
27.43120649595702 30.29806340738975
27.516541669714762 30.29806340738975
27.550051073281857 30.29806340738975
27.702554911503718 30.29806340738975
27.905610368556943 30.29806340738975
28.037213978268476 30.29806340738975
28.12380355604192 30.29806340738975
28.193803795419228 30.29806340738975
28.21054547143413 30.29806340738975
28.55780036845625 30.29806340738975
28.89760188738466 30.29806340738975
28.782557204982048 30.29806340738975
29.00081263437435 30.29806340738975
29.235575684335082 30.79475297144532
29.414017945599298 30.79475297144532
29.87398882373339 30.79475297144532
29.82029080137734 30.79475297144532
30.157872360102445 30.79475297144532
30.390751059534296 30.79475297144532
30.53044911647345 31.291442535500888
30.96982281535614 31.291442535500888
30.883033772972297 30.79475297144532
31.406934643437005 31.291442535500888
31.531211582681564 31.291442535500888
31.949856560870437 31.78813209955646
32.14580407509179 31.78813209955646
32.186044645589 31.78813209955646
32.483258863306986 31.78813209955646
32.97622954010839 31.78813209955646
33.232036415403826 32.28482166361203
33.11877038378827 32.28482166361203
33.52851283225745 32.7815112276676
34.189093097059484 32.7815112276676
33.823279858352414 32.7815112276676
34.50542736988413 33.278200791723165
34.73825123944992 33.278200791723165
35.34811615477753 33.77489035577874
35.49189152261959 33.77489035577874
35.61351339480411 33.77489035577874
36.06188106993454 34.27157991983431
36.176581110618194 34.27157991983431
36.2873968827287 34.768269483889874
36.87062595636911 34.768269483889874
37.12572525462048 35.264959047945446
37.389008447246766 35.264959047945446
37.3770213422141 35.264959047945446
37.93876519409303 35.76164861200102
38.128573353214655 36.25833817605658
38.62747167882044 36.25833817605658
38.83291948066695 36.755027740112155
38.86392200706451 37.25171730416773
39.38611767401671 37.25171730416773
39.71481171703675 37.25171730416773
39.76663298676323 37.74840686822329
40.462129722954344 38.245096432278864
40.62469760208706 38.741785996334436
40.813419148267315 38.741785996334436
41.12902397601359 39.23847556039
41.73405867682984 39.23847556039
42.03183979130585 39.73516512444557
41.810157888372885 40.231854688501144
42.45761484495912 40.231854688501144
42.34416044011625 40.231854688501144
43.179300172596015 40.72854425255671
43.00135213717414 41.22523381661228
43.467267518541625 41.22523381661228
43.62961158378819 41.22523381661228
43.706701680744196 42.218612944723425
44.08495032259451 42.218612944723425
44.431726235389284 42.71530250877899
44.900657591634776 42.71530250877899
44.89954921134668 43.21199207283456
45.311886544338066 43.708681636890134
45.76457887531786 43.708681636890134
45.77702539574406 44.2053712009457
45.95368516708119 44.2053712009457
46.12797760199402 44.2053712009457
46.50397787966031 44.2053712009457
46.770842454280924 45.19875032905684
46.89422563406731 45.19875032905684
47.33512039699396 45.69543989311241
47.731623159454934 45.69543989311241
47.81977539739978 46.19212945716798
47.93274014707484 46.19212945716798
48.39884407678317 46.68881902122355
48.368737268733895 46.68881902122355
48.64855667789239 46.68881902122355
49.33897185882864 47.185508585279116
49.23360282614347 47.68219814933469
49.94615100578931 48.17888771339026
49.923403170664876 48.17888771339026
50.086631541118706 48.675577277445825
50.28144217993891 48.675577277445825
50.61213625847259 48.675577277445825
51.027211682345495 48.675577277445825
51.10836361083858 49.1722668415014
51.56416184259831 49.66895640555697
51.465781495781414 50.165645969612534
51.55971553539912 50.165645969612534
52.486054651025796 50.165645969612534
52.2344521074674 51.15902509772368
52.71593761056632 51.15902509772368
52.924684647816676 51.65571466177924
53.22992254980351 51.65571466177924
53.445020562492765 51.65571466177924
53.340212780268324 52.152404225834815
53.8660156341473 52.152404225834815
54.18940677116349 52.64909378989039
54.17441619726512 53.14578335394595
54.231902760215334 53.14578335394595
54.66954810698095 53.14578335394595
54.52913604550682 53.64247291800152
55.204059958542175 54.139162482057095
55.51609108315403 53.64247291800152
55.37597267308864 54.139162482057095
55.83840252951942 54.139162482057095
55.986822913791514 55.13254161016823
56.212561444909824 54.63585204611266
56.43126584568143 55.13254161016823
56.72577811996929 55.13254161016823
56.78099923916679 55.629231174223804
56.964000145015646 55.629231174223804
57.42665202100472 55.629231174223804
57.21064071194225 56.12592073827937
57.92685579603293 56.62261030233494
57.77964016287502 56.62261030233494
58.391316761432506 56.62261030233494
58.266798792044256 57.11929986639051
58.85949221407608 57.11929986639051
58.77735549992262 57.615989430446085
59.2300995106891 57.615989430446085
59.428481678852776 57.615989430446085
59.68653543179058 58.60936855855722
59.96797446665958 58.60936855855722
59.81904788283454 59.106058122612794
60.13763138134526 58.60936855855722
60.360182902335275 59.106058122612794
60.5816669278754 59.60274768666836
60.745470177256294 59.60274768666836
60.79597341990362 59.60274768666836
61.16205307891866 60.09943725072393
61.39663659542076 60.09943725072393
61.441363317096325 60.5961268147795
62.0267942533424 61.09281637883507
61.724102809473585 61.09281637883507
62.08155421982731 61.09281637883507
62.36426781513901 61.09281637883507
62.62104485793883 61.58950594289064
63.24031846869912 61.58950594289064
62.77349096038343 62.08619550694621
62.960092803139865 62.08619550694621
63.62280278101917 62.582885071001776
63.63322188227972 62.582885071001776
63.77233631516063 63.07957463505735
64.10245692455644 62.582885071001776
64.01917617071022 63.07957463505735
64.38505821524424 63.57626419911292
64.2130066501543 63.57626419911292
64.65590483986561 63.57626419911292
65.25036089015966 64.07295376316848
65.13156792014244 64.07295376316848
65.27025546711901 64.07295376316848
65.64759354604928 64.56964332722406
65.75264319572132 64.56964332722406
66.02148247189767 65.06633289127963
66.10889371990461 65.06633289127963
66.26710123909352 65.5630224553352
66.5716405586819 65.5630224553352
66.80975399217496 66.05971201939077
67.21643672590008 66.05971201939077
67.37605071873325 66.55640158344633
67.09031222425249 66.55640158344633
67.36560418687293 66.55640158344633
67.58800677157139 66.55640158344633
67.62447698904228 67.0530911475019
67.92344977987946 67.0530911475019
68.04478693885133 67.0530911475019
68.31156014488336 67.0530911475019
68.58221373210583 68.04647027561305
68.44659245722264 68.04647027561305
69.17200857991772 68.04647027561305
68.86917391652392 68.54315983966862
69.20336150299013 68.54315983966862
68.98117994967551 68.04647027561305
69.53125816234152 68.54315983966862
69.6698892392305 68.54315983966862
70.135774289294 69.03984940372419
70.25185156701858 69.53653896777975
70.34206354205614 70.03322853183532
70.3025559980773 69.53653896777975
70.80739365713202 70.03322853183532
70.94665174095122 70.03322853183532
70.61461233580187 70.52991809589089
70.91682048985803 70.03322853183532
71.27000458493936 70.52991809589089
71.42785359215834 70.52991809589089
71.61345541302205 71.02660765994646
71.63241163526693 71.02660765994646
71.89380958549258 71.52329722400204
72.24116319329002 71.52329722400204
72.47792477471398 71.52329722400204
72.85036117145953 72.01998678805761
72.939069232835 72.01998678805761
72.89982394667435 72.51667635211317
73.02684856590781 72.51667635211317
73.2507557025626 72.51667635211317
73.5588379910599 72.51667635211317
73.58964122545818 73.01336591616874
73.42710548269541 73.01336591616874
74.08702027238905 73.01336591616874
74.00806373300004 73.51005548022431
73.96296191484124 73.51005548022431
74.00147797771675 73.51005548022431
74.64079639103373 73.51005548022431
74.79694499775616 74.00674504427988
74.74001323906492 73.51005548022431
75.13525501768005 74.50343460833545
75.17967741032308 74.50343460833545
74.95856875162974 75.00012417239103
75.49807326288094 75.00012417239103
75.61329148216514 75.00012417239103
75.70280240443617 75.49681373644658
75.8390846016344 75.49681373644658
76.31298889185491 75.49681373644658
76.22261539348453 75.49681373644658
76.5783999951118 75.99350330050216
76.60854366894077 75.99350330050216
76.52583623846972 76.49019286455773
76.97560776568587 76.49019286455773
77.07602569257601 76.49019286455773
77.39665003549263 76.9868824286133
77.08030945846242 76.9868824286133
77.67702599354419 76.9868824286133
77.80454526252731 76.9868824286133
77.90370826683048 76.9868824286133
77.80866779464152 77.48357199266887
78.3961892028268 77.48357199266887
78.3454850933926 77.98026155672444
78.3851313376118 77.98026155672444
78.67513780128502 77.48357199266887
79.05803389045936 78.47695112078
78.98652125194288 78.47695112078
78.93667528946105 78.47695112078
79.2925371522799 78.97364068483557
79.330168713054 78.97364068483557
79.51639084157149 78.97364068483557
79.55574767663123 79.47033024889114
79.64037399873946 79.47033024889114
79.9752405227137 79.47033024889114
80.36054117416529 79.96701981294672
79.88293744471078 79.96701981294672
80.45508345346596 79.47033024889114
80.66172642868365 79.96701981294672
80.90455706614739 80.46370937700229
80.8516652292258 80.46370937700229
81.05835685472503 80.96039894105786
81.07944661002276 80.96039894105786
81.31317054165639 80.96039894105786
81.28347377438315 80.96039894105786
81.4939825652511 81.45708850511342
81.8551133921612 81.45708850511342
81.98818586367334 81.45708850511342
82.07784524001775 81.95377806916899
81.96113702543198 81.95377806916899
82.3216181766655 81.95377806916899
82.40547009303225 82.45046763322456
82.83112908297336 82.45046763322456
82.84794490208331 82.45046763322456
82.84307373178693 82.45046763322456
83.1358637752337 82.45046763322456
83.13336354058245 82.94715719728013
83.4647251395534 82.94715719728013
83.66934971043345 82.94715719728013
83.66024762738975 83.4438467613357
83.69553380969668 83.4438467613357
83.8830213932448 83.94053632539128
84.37528003008154 83.94053632539128
84.19131649513812 83.94053632539128
84.0775756858754 83.94053632539128
84.46522297559962 83.94053632539128
84.42040994218614 84.43722588944685
84.89120442409612 84.43722588944685
85.17861816565717 84.93391545350241
84.92483416222426 84.93391545350241
85.06844616608974 84.93391545350241
85.51560574255056 84.93391545350241
85.6008090720344 84.93391545350241
85.61968252287922 85.43060501755798
85.73244581226425 85.43060501755798
85.96587515505506 85.92729458161355
85.97223858153045 85.92729458161355
86.32374415638985 86.42398414566912
85.9330521996649 86.42398414566912
86.15742040771039 85.92729458161355
86.47418117369625 86.42398414566912
86.65223189179049 86.42398414566912
86.79017241995494 86.9206737097247
87.11306092072121 86.9206737097247
87.20493535077749 86.9206737097247
86.97141953932707 87.41736327378027
87.72294238226017 86.9206737097247
87.35678797812754 87.41736327378027
87.31132440332763 87.41736327378027
87.73221696952274 87.41736327378027
87.97674098021776 87.41736327378027
87.9305123431147 87.91405283783583
88.07860746738038 87.91405283783583
88.43688091840056 88.4107424018914
88.1669443132032 88.4107424018914
88.52282683003028 88.4107424018914
88.4540460081562 88.4107424018914
88.81618452790147 88.90743196594697
88.91543686533458 88.90743196594697
88.96014992966886 88.90743196594697
88.84985185677922 88.90743196594697
89.05310581077967 88.90743196594697
89.3605551526827 88.90743196594697
89.82665657825467 89.40412153000254
89.56093520007484 89.90081109405811
89.60253298886593 89.90081109405811
89.6881157403476 89.90081109405811
89.88707180522536 89.90081109405811
90.38187542694403 89.90081109405811
90.10586898679989 90.39750065811369
90.39620985481467 90.39750065811369
90.36954977953923 90.39750065811369
