26.047252459743405 32.0
26.12101492924394 31.0
25.888777612603278 31.0
25.683095264332287 31.0
25.85153976419396 31.0
25.87250971704954 31.0
25.842429178712564 31.0
26.08684396180788 31.0
25.71190760668476 32.0
25.89767209840773 31.0
25.927515211995647 31.0
26.332045495633835 32.0
25.765331049570136 31.0
25.606880749826225 32.0
25.892784026389705 32.0
25.928338422782105 31.0
25.925520257715505 31.0
25.776403450592582 31.0
25.849379721190587 32.0
25.90741823091893 32.0
25.855192576500592 31.0
25.64777875775924 31.0
25.69732747079722 32.0
25.660560312168997 31.0
25.848757104566673 32.0
25.834626284987962 31.0
25.675367647981282 32.0
26.070480498781073 31.0
25.89367331031241 32.0
25.745105614620392 31.0
25.483377655095808 31.0
25.66953448925195 31.0
25.969393892932523 32.0
26.315772108840285 31.0
25.880115197971953 31.0
25.512177627130264 31.0
26.17139943476358 31.0
25.884404593916187 32.0
26.05614994937654 32.0
25.999855705245885 32.0
25.991384685515058 31.0
25.610288148515508 31.0
26.013519939186743 31.0
25.46275434063262 32.0
25.988401336299162 32.0
25.42875713407352 31.0
25.475631829826284 31.0
25.858009821524746 32.0
26.07256494030058 31.0
25.73531190259918 31.0
25.854439964206655 31.0
25.97448034999907 31.0
26.088794269038416 31.0
25.80901388466831 31.0
25.963235685040118 31.0
25.720347357743215 31.0
25.950844185553983 31.0
26.021472862494875 31.0
25.63640074307746 31.0
25.783101062564583 31.0
25.743005529688865 31.0
25.6882226163685 32.0
25.71736358125645 31.0
25.61890136686364 31.0
25.803102368836065 31.0
25.88955419687438 31.0
25.791081828163854 31.0
25.96656146041007 31.0
26.081539473563083 31.0
25.925025228148236 31.0
26.01579426744678 32.0
26.000651964850263 32.0
25.831802070168095 32.0
26.252261497568114 31.0
25.661738339508503 31.0
25.98750416058482 31.0
25.845598764767118 31.0
25.633075744637082 31.0
25.718687824878337 31.0
25.736476500926706 31.0
26.057235184151516 31.0
25.898914725710725 31.0
25.747438328856056 31.0
26.141352146278656 32.0
25.946693634025394 31.0
25.74570079838626 31.0
26.071095420092384 31.0
25.770707605674666 31.0
26.142582664905056 32.0
25.823592381140735 31.0
25.495389355623345 32.0
25.976624881364785 31.0
26.10960201403303 32.0
26.080105687967794 31.0
25.478754584387588 31.0
25.794813791439125 31.0
25.710103996059857 32.0
25.805939104331884 31.0
25.716956525256435 31.0
26.02845399967149 31.0
25.97595180147122 32.0
25.816070912279912 31.0
25.845314915923538 31.0
25.941633861902474 32.0
25.804399372870847 32.0
25.930377963667667 31.0
25.841288863168366 31.0
26.065690989089283 31.0
25.957329689210354 32.0
25.776011763430567 31.0
26.06187535466853 31.0
26.410057711958892 32.0
26.17725131358361 31.0
25.979751576138064 32.0
25.946061152903432 32.0
25.779338662396363 31.0
26.266320408540274 32.0
25.80337163620589 32.0
25.696386467333596 31.0
25.855089640721374 31.0
25.958021443069697 31.0
25.91598800673566 31.0
25.780536198990333 31.0
25.801449755382002 31.0
26.03531972546201 31.0
25.706488220650343 31.0
25.669981505243136 31.0
25.850461211286138 31.0
26.15813375095253 31.0
26.060724481200744 31.0
25.924874605242117 31.0
25.73619485825023 32.0
25.671583600711152 32.0
26.20226511130732 32.0
25.90359177835863 32.0
26.151175873645194 31.0
25.982205084319133 31.0
25.746520491079586 31.0
25.787217886169444 32.0
26.839689083487656 32.0
26.060147019395345 31.0
25.81933897215803 31.0
26.018555746785765 32.0
26.129281428746488 32.0
26.213707215033452 32.0
26.306185340431412 32.0
26.575552022479954 31.0
26.324091362110742 32.0
26.375977460262433 31.0
26.259063570763708 32.0
26.657372668765625 31.0
26.345906494410983 32.0
26.352128097130795 32.0
26.435827177991463 31.0
26.587213468463702 31.0
26.952457050614598 31.0
26.806206196219456 31.0
26.640821260757306 31.0
26.932769817305626 31.0
26.95027470984354 31.0
27.1607333692792 32.0
26.977468985922478 31.0
27.43849871356953 31.0
27.27611586168711 31.0
27.34258931459736 32.0
27.497883726513415 32.0
27.853325198037965 32.0
28.07966096252828 31.0
28.112930215516627 31.0
28.284732397127335 31.0
28.436196218657187 32.0
28.37315080122513 32.0
28.82949721319219 32.0
29.119165770676325 32.0
28.973588475373774 31.0
29.39940085465922 32.0
29.62654878871615 32.0
29.756464973550706 32.0
30.120185228486996 32.0
30.10305606454289 32.0
30.371702837144966 32.0
30.48944028371011 33.0
30.96181087030331 32.0
31.123815584783905 33.0
31.23138177713389 33.0
31.630709777893443 33.0
31.847450903807477 33.0
32.06854191977559 34.0
32.31846486404768 33.0
32.559102603871494 34.0
32.86252697435931 34.0
33.10329655164392 34.0
33.327897886419635 34.0
33.603930329218514 34.0
33.82551939270734 35.0
34.13318201547945 35.0
34.3906278865544 35.0
34.665142357076064 36.0
34.95097086247448 36.0
35.22650503852912 37.0
35.53489036927968 37.0
35.73033642329732 37.0
36.037569192103796 37.0
36.281287718302536 37.0
36.634523197614115 38.0
36.883243792313685 38.0
37.143507779494755 39.0
37.45068341638449 39.0
37.67940430795362 40.0
37.96420285692473 39.0
38.22589106073165 40.0
38.52443395960192 40.0
38.81207547713909 40.0
39.05562085138717 40.0
39.33209410593541 41.0
39.59593402938555 41.0
39.87875059374126 42.0
40.12866079740389 42.0
40.422684067650856 43.0
40.67222217023187 43.0
40.95622259017388 43.0
41.23536117013151 43.0
41.508198709702484 44.0
41.77506392188998 44.0
42.037522017523706 44.0
42.294297490729704 45.0
42.575568785543595 45.0
42.82039686010302 46.0
43.073653074161065 46.0
43.3517427880786 46.0
43.61123278763452 46.0
43.85764601210452 47.0
44.123421958013694 47.0
44.37535565551166 47.0
44.633878935366326 47.0
44.8816464272493 47.0
45.13473489002652 48.0
45.39653129276864 48.0
45.647826861051364 48.0
45.90126423066836 49.0
46.13560521814878 50.0
46.391642310722176 49.0
46.645775544297415 49.0
46.890391154274205 50.0
47.14022133758532 50.0
47.377417422688715 50.0
47.61012555645513 50.0
47.87507473393691 51.0
48.11120014354277 51.0
48.350294182565854 51.0
48.5881850791879 52.0
48.83263084580827 52.0
49.072546636762034 52.0
49.311383205126624 53.0
49.55175034360706 53.0
49.783249182075465 53.0
50.01844679985558 53.0
50.25521586749523 54.0
50.488876740152655 53.0
50.71985439898661 54.0
50.9474863388699 54.0
51.18319687366229 55.0
51.41565503908481 54.0
51.639022774321575 55.0
51.871490547478324 55.0
52.10050631274232 55.0
52.31953051380671 55.0
52.55492726685947 56.0
52.775629898795614 56.0
53.00033276322089 56.0
53.22092037170074 56.0
53.445351466389475 57.0
53.66027985132196 57.0
53.88466557236899 57.0
54.10459178937783 57.0
54.32356525109872 57.0
54.537122779161024 58.0
54.75363506813724 58.0
54.96130281265412 58.0
55.17995224000646 58.0
55.39905376990526 59.0
55.609726922090125 58.0
55.819008091080875 59.0
56.03204572977582 59.0
56.24151360448457 59.0
56.44951217827672 60.0
56.657445895652465 60.0
56.87185943358629 60.0
57.07414414435477 61.0
57.28323516795367 61.0
57.4901738363737 61.0
57.693853613801906 61.0
57.89916204142625 62.0
58.10172366714842 62.0
58.30414731268076 62.0
58.50628636666579 62.0
58.70906409542086 62.0
58.91130361319242 62.0
59.109053074135076 63.0
59.30900009282061 62.0
59.50679558075327 63.0
59.705239095303966 63.0
59.89993805285164 63.0
60.09973906699405 64.0
60.294607138839844 64.0
60.48867373258052 64.0
60.68596177925352 64.0
60.87864078155491 65.0
61.072258003538224 65.0
61.26443348480974 65.0
61.45885577540386 65.0
61.64867153446022 66.0
61.837042129499395 65.0
62.028758267222116 65.0
62.21631777507909 66.0
62.4068362053982 66.0
62.593877100904294 66.0
62.7817919606661 67.0
62.96821750379511 67.0
63.156586077650914 67.0
63.341859769577525 67.0
63.52674222076417 67.0
63.712564514747825 67.0
63.89554495590782 67.0
64.07906358257131 68.0
64.25963940913532 68.0
64.44186985609481 68.0
64.62309905732155 68.0
64.80385867017111 69.0
64.98357833531142 69.0
65.16434820346106 69.0
65.34262579616305 69.0
65.5213855362513 69.0
65.69972754401746 69.0
65.87682878101039 70.0
66.05485403014873 70.0
66.23221796793081 70.0
66.40643503633913 70.0
66.58176578210393 71.0
66.75669663299645 71.0
66.93056846625403 71.0
67.10455360545001 71.0
67.27950127260188 71.0
67.45216011138311 71.0
67.62342285406595 72.0
67.79636484897351 71.0
67.96640657665256 72.0
68.13699458600091 72.0
68.30961211024757 73.0
68.47863111340716 72.0
68.6486811423532 73.0
68.81769740606488 73.0
68.98652721117112 73.0
69.15332899249572 73.0
69.3223734039644 73.0
69.4895903975574 73.0
69.65690358562571 73.0
69.82497024163257 74.0
69.99003203433129 74.0
70.15555872373093 74.0
70.32198729368345 74.0
70.48680312164757 75.0
70.65079286515059 74.0
70.81425205535119 75.0
70.98005744948642 75.0
71.14379155865925 75.0
71.30668067929818 75.0
71.47003466241877 76.0
71.63303509211443 76.0
71.79590035070548 76.0
71.95871209431272 76.0
72.121586271688 76.0
72.28400033889815 77.0
72.44717672674277 77.0
72.61022466571025 77.0
72.77169248691261 77.0
72.93287482628469 77.0
73.09280532056921 77.0
73.25459391319578 77.0
73.41572165974674 78.0
73.57676230668295 78.0
73.73574885933859 78.0
73.89563018966456 78.0
74.05379632482736 78.0
74.21190236848685 78.0
74.37041682374469 79.0
74.5270290357233 79.0
74.68381460128998 78.0
74.84018225624594 79.0
74.99561632042335 79.0
75.14997425693409 80.0
75.30337393982819 79.0
75.45719272486771 80.0
75.61012480356881 80.0
75.76070618123114 79.0
75.91361306701003 80.0
76.0640994068006 80.0
76.21321714285229 80.0
76.3619113037237 80.0
76.5103136699671 81.0
76.65922697400183 81.0
76.8074566932138 81.0
76.95579515955802 81.0
77.10483731585524 81.0
77.25282095413033 81.0
77.40087309549034 82.0
77.54734280629698 82.0
77.69301227950626 82.0
77.83815145052654 82.0
77.98392168022403 82.0
78.12985158414533 82.0
78.27476663993174 83.0
78.42075013274035 82.0
78.56463456105585 82.0
78.70879675526385 83.0
78.85354689472697 83.0
78.99721994762386 83.0
79.14036935201675 83.0
79.28297048550994 84.0
79.42614518085624 83.0
79.56777691060992 84.0
79.70929124972942 84.0
79.85090262627898 84.0
79.99148279515549 84.0
80.13141357818367 85.0
80.27151397472915 85.0
80.40978900691921 84.0
80.54956239193939 85.0
80.68905034200375 85.0
80.82644733470156 85.0
80.96569246180701 85.0
81.1039689322182 85.0
81.24137289086948 85.0
81.37927214839684 85.0
81.51584974118664 86.0
81.65196110169943 86.0
81.78780761540294 86.0
81.92506368583624 86.0
82.05962929855423 86.0
82.19448003513942 87.0
82.32799748934114 86.0
82.4617908053137 86.0
82.59631837477909 87.0
82.72929759608047 87.0
82.86178067469942 87.0
82.99533987126964 87.0
83.12763055501658 87.0
83.25877654569155 88.0
83.39105163667222 88.0
83.52180878432861 88.0
83.65357460874016 88.0
83.78432729053824 88.0
83.9143955868927 88.0
84.04576023158444 88.0
84.17524628287012 88.0
84.30509355376633 89.0
84.43481659306305 89.0
84.56376690113318 89.0
84.69232081683212 89.0
84.8206806902309 89.0
84.94909061229396 89.0
85.07713798826985 90.0
85.20336720144152 90.0
85.33116254730565 90.0
85.45851218416749 90.0
85.58455988773491 90.0
85.71034748554656 91.0
85.83655787242922 90.0
85.96096031591439 91.0
86.08616629873121 90.0
86.2094039716576 91.0
86.3326906108687 91.0
86.45764423901733 91.0
86.58026294037833 91.0
86.70356037618126 92.0
86.8275450597957 92.0
86.9496593800204 92.0
87.07174921095793 91.0
87.1947373397407 92.0
87.31359856708636 92.0
