26.1573435930734 31.0
25.93334395536727 32.0
25.84851558914191 31.0
26.07515889857632 31.0
25.85035892345509 32.0
26.607282893327856 31.0
26.07851578474846 31.0
26.110667821255866 31.0
26.139646543330883 32.0
26.175791750115714 32.0
26.47433536118716 32.0
26.139556833827896 32.0
25.80996693314215 32.0
26.41476132505393 32.0
25.825811241741874 32.0
26.10608621215013 31.0
26.139829895785496 31.0
26.104216890568807 31.0
26.14841594139623 32.0
26.08270357926316 32.0
25.97673562930484 32.0
26.05413070197858 31.0
26.10528458547799 31.0
25.854733107725863 32.0
26.03138479841479 32.0
25.92231920420977 32.0
25.921184022626477 32.0
26.160444456391097 32.0
26.340677771460804 32.0
25.98863756448945 32.0
25.763339521291144 32.0
26.051045847239195 31.0
26.07956878662106 32.0
26.138850756054573 31.0
26.12062054909049 31.0
26.4154940280794 32.0
26.327909123070306 31.0
26.314594652052577 32.0
26.230646349196263 31.0
26.24726757645233 31.0
25.927451985634455 32.0
26.022590007858213 31.0
26.096747369462506 32.0
25.77719137894144 31.0
26.10137596840233 32.0
25.845551278608703 32.0
25.90081321580297 31.0
26.364521141842765 32.0
25.68044358670292 32.0
25.877211712537004 32.0
25.974160786974032 31.0
26.222332463410524 32.0
26.00349884810464 32.0
26.208595935575076 32.0
26.017864204542867 31.0
25.860376656661103 31.0
26.04170863349924 32.0
26.154097556107452 31.0
26.16687145712978 32.0
25.98467332866371 32.0
25.992886119787485 31.0
25.986754136040005 32.0
25.846356078454455 32.0
26.161793767097933 31.0
25.97753565538934 31.0
26.319126618468367 32.0
25.95674026770422 31.0
26.052144856174486 31.0
26.054947422090727 32.0
25.836839880330736 31.0
25.881974732460442 31.0
26.52979722353693 32.0
26.13489981346985 31.0
25.797573776544198 31.0
25.976228662806975 32.0
26.173377114990764 32.0
26.444603374137436 31.0
26.008820643085514 32.0
26.01723585342574 31.0
26.258584690959417 32.0
26.177881512433352 31.0
26.032736401429553 31.0
26.288083586515512 31.0
26.186957271837343 32.0
26.272147359922336 31.0
25.862711393140415 31.0
26.144690226757447 32.0
26.159841550833093 31.0
26.101741803438934 31.0
26.198533435596133 32.0
25.95994724132632 31.0
26.009184985751588 31.0
25.90889124047233 32.0
25.87481003422245 31.0
26.165295663801857 32.0
25.930499390045114 32.0
25.966912024096402 32.0
26.410872754329283 32.0
25.877358127531892 31.0
25.856215783395 31.0
25.689195083437617 32.0
26.052946717905314 31.0
26.20187280265953 31.0
25.911012877446318 32.0
25.97128194852187 31.0
25.99836596574982 31.0
25.95407916906433 31.0
26.02395076532389 31.0
26.03593691971509 32.0
26.06643079389869 31.0
26.128509659441796 31.0
26.197800102791327 32.0
26.300182050774154 31.0
25.533294313741493 32.0
26.307131906383965 31.0
26.010584987764894 31.0
26.070510198091107 31.0
26.070438063555443 32.0
26.091048099784373 31.0
26.072230298518136 31.0
26.168535297989486 32.0
26.570576158198854 32.0
25.898963656312127 32.0
26.024456195444785 31.0
26.267375138927854 32.0
26.300276099891903 31.0
26.37303938093816 32.0
26.11913424466516 31.0
26.164087431052337 32.0
26.31859008583585 32.0
26.176266554930884 32.0
26.560513514318387 31.0
26.493789649514277 31.0
26.865020043295658 31.0
28.061680012089646 32.0
27.272736793000725 33.0
27.83150674116957 33.0
27.87768899935402 33.0
27.073867659177864 33.0
26.905446980064163 32.0
26.79186127682938 32.0
27.071310296899313 32.0
27.226694046606127 32.0
27.374282887535685 32.0
27.047627916456996 32.0
27.478426832129088 31.0
27.819272923813102 31.0
27.946079704291762 32.0
27.735838509913947 32.0
27.78808583944582 32.0
28.025613366876556 32.0
28.06988471403541 32.0
28.140960404054063 31.0
28.232538824617762 31.0
28.613413637711645 31.0
28.73114251860784 32.0
28.899066364016768 31.0
29.136845872442436 31.0
29.334556519966625 32.0
29.51500894468012 31.0
29.54214584192318 31.0
29.998926129814734 31.0
30.08770099383495 32.0
30.449590171860066 32.0
30.6580852016545 32.0
30.857925379995223 32.0
31.113487892880308 32.0
31.358008706141717 32.0
31.74348149055062 32.0
31.908100177737396 32.0
32.15728360205369 32.0
32.43477332167364 32.0
32.772082691738014 31.0
33.02168496990791 32.0
33.2778881481143 32.0
33.57035509270973 33.0
33.839694055703404 32.0
34.18811275972208 32.0
34.509052523114775 33.0
34.85757614126148 32.0
35.11747787193816 33.0
35.399525960745144 33.0
35.682234294701956 33.0
35.96831079450561 33.0
36.279702922060295 34.0
36.500405397836225 34.0
36.80595548365932 33.0
37.063293973323255 34.0
37.36768226198273 35.0
37.67234701750121 34.0
37.97858107394075 35.0
38.217088575275234 35.0
38.525597654636435 36.0
38.823423466111294 36.0
39.11949981486921 36.0
39.408182347933945 37.0
39.711731252043805 37.0
40.0236345186337 37.0
40.306453154400835 37.0
40.59838151186651 37.0
40.88656353089476 38.0
41.18115257772102 39.0
41.44296570954463 39.0
41.7184448624001 39.0
42.027981832958574 40.0
42.271082679521726 40.0
42.57723399543931 40.0
42.879359508568626 40.0
43.146187735807786 40.0
43.40009956481019 41.0
43.69334796552265 41.0
43.98095347486295 42.0
44.25661190902887 42.0
44.52916609801095 42.0
44.80782961747878 43.0
45.07232511355534 43.0
45.3453033147571 44.0
45.61623531978299 44.0
45.882940145847265 44.0
46.17149108443297 44.0
46.428562733494786 45.0
46.70044390234798 45.0
46.95807252129677 46.0
47.22489353741961 45.0
47.488929271968395 45.0
47.75412454486998 46.0
48.02266575819809 46.0
48.275638109827256 47.0
48.53512601369041 47.0
48.78418115367653 47.0
49.05412109358913 48.0
49.308515462419756 48.0
49.56932056040784 48.0
49.825301545057634 48.0
50.08240927855394 49.0
50.32915456787207 49.0
50.5870782379991 49.0
50.83474430619674 49.0
51.08747082633349 50.0
51.329851197443446 50.0
51.57827139992359 50.0
51.82180997933276 50.0
52.071506820251386 51.0
52.31738765288662 51.0
52.55927853661844 52.0
52.80506652967603 51.0
53.043064534753654 52.0
53.28582947036954 52.0
53.525908755551555 53.0
53.76671522119633 53.0
53.9988279339727 53.0
54.238314568195186 53.0
54.47042080459734 53.0
54.707195441157744 54.0
54.94634961214959 54.0
55.17571987220402 55.0
55.40896844724516 55.0
55.640444377828956 55.0
55.87105250951749 55.0
56.10055901614015 55.0
56.32701329367566 55.0
56.558498363498046 56.0
56.78425768265646 56.0
57.01320307782066 56.0
57.23752781303692 56.0
57.46465676807562 56.0
57.68368719616963 57.0
57.90606211749105 57.0
58.127765276900625 57.0
58.3492804486782 57.0
58.56916197527444 58.0
58.790820881413225 58.0
59.008755905292844 58.0
59.22411975252501 58.0
59.438630768621636 59.0
59.657284076591914 59.0
59.87568332137013 59.0
60.0887533113697 59.0
60.299584115472655 59.0
60.51348492520367 59.0
60.7252785638435 60.0
60.93654130930349 60.0
61.14589257885204 60.0
61.35572393424451 61.0
61.56532265911051 61.0
61.77394469228979 61.0
61.980108574747575 61.0
62.186009682868495 61.0
62.39081921720771 62.0
62.59613644261434 61.0
62.79967216486329 62.0
63.003028120412836 62.0
63.2046118814968 62.0
63.40455524296721 63.0
63.60564868152806 63.0
63.8047928652192 63.0
64.00540943444759 64.0
64.20343440075209 63.0
64.40123664999396 64.0
64.59777899943784 64.0
64.79586542238464 64.0
64.9901061280624 64.0
65.18666005980262 65.0
65.38218678451442 65.0
65.57511969985651 65.0
65.768659001788 65.0
65.95971186972443 65.0
66.15182666053992 65.0
66.34551647179939 66.0
66.53457637882299 66.0
66.72478773213797 66.0
66.91460542155197 66.0
67.10298964903652 67.0
67.29079954086832 66.0
67.47758675498186 67.0
67.66313642138239 67.0
67.85152261116976 67.0
68.03640878065379 67.0
68.22172274201446 68.0
68.40706128196862 67.0
68.58825161736368 67.0
68.77332051098591 68.0
68.95609905187773 68.0
69.13730962647665 69.0
69.31969993400519 69.0
69.50037498539362 69.0
69.6800570659062 69.0
69.85972892549752 69.0
70.03854772206749 69.0
70.21551661904219 69.0
70.39425019320939 70.0
70.57280037955132 70.0
70.75057270954991 70.0
70.925846964218 70.0
71.10154866400727 71.0
71.27603395923407 71.0
71.45136108157142 71.0
71.62636991526163 71.0
71.7984147823683 70.0
71.97094640386617 71.0
72.14320624274167 71.0
72.31612265338184 72.0
72.48650508508997 72.0
72.65844488006965 71.0
72.82717441648968 72.0
72.99540932958665 72.0
73.16519542685 72.0
73.33406999370004 73.0
73.50068889822833 72.0
73.66891268565995 73.0
73.8355717106266 73.0
74.00333140447715 73.0
74.16889794855747 73.0
74.33462066342115 74.0
74.49933345540438 73.0
74.66418604921112 74.0
74.8289025978909 74.0
74.99147877469214 74.0
75.15420385947345 75.0
75.31685515635354 74.0
75.47922119407957 75.0
75.64101100413728 75.0
75.80162778880047 75.0
75.96222762139239 75.0
76.12095417632268 75.0
76.28067575005295 75.0
76.44036373180332 75.0
76.59833898722658 76.0
76.75522638984582 76.0
76.9110787737846 76.0
77.06872757642016 76.0
77.22525029892219 76.0
77.3800680662979 76.0
77.53472083788503 76.0
77.69050090455131 77.0
77.84493043164669 77.0
77.99889883121496 77.0
78.15123432950989 77.0
78.30393619834565 78.0
78.45638890562093 78.0
78.60789887344738 78.0
78.75876285793665 78.0
78.90946377271099 78.0
79.0597680942322 78.0
79.20946405181343 79.0
79.36006866171752 79.0
79.5092744130595 78.0
79.65769543414514 79.0
79.80626087029582 79.0
79.95454354339884 79.0
80.10053449780952 79.0
80.24696202346392 80.0
80.3946053149107 79.0
80.54143367013133 80.0
80.6874403895537 80.0
80.83387283791775 80.0
80.97929045061159 80.0
81.12356469132732 81.0
81.26729147606305 81.0
81.4110881348055 81.0
81.55508018892678 81.0
81.6967105528321 81.0
81.84075076354075 81.0
81.9837012919242 81.0
82.1250471015496 81.0
82.26649495070679 82.0
82.4061078769943 82.0
82.54513757437995 82.0
82.68609102703454 82.0
82.825001144379 82.0
82.96457152628109 82.0
83.10278066144188 83.0
83.24107788013305 82.0
83.37890822630675 83.0
83.51545602393882 83.0
83.65229985226608 83.0
83.7887813465573 83.0
83.92425935997119 83.0
84.0611728538556 84.0
84.1963313334444 84.0
84.3322844509368 83.0
84.46816719683498 84.0
84.6032689020639 84.0
84.7374334499208 84.0
84.87206753536186 84.0
85.00603298454992 85.0
85.14032180198467 85.0
85.27324423158885 85.0
85.40615760279454 84.0
85.5390629499582 85.0
85.67241940845327 85.0
85.80471345872401 85.0
85.93666497854773 86.0
86.06912779277391 86.0
86.20118280074853 86.0
86.33221744616195 86.0
86.46425213312195 86.0
86.59556075476819 86.0
86.72730513462258 86.0
86.85844237912022 86.0
86.99051072190494 87.0
87.1212213054862 87.0
87.25309708937411 87.0
87.38409359248116 87.0
87.51617548948788 88.0
87.65038646708396 88.0
87.78356433744986 87.0
87.91773716155544 88.0
88.0512479593265 88.0
88.18591440551499 88.0
88.32175815835194 88.0
88.46005588890144 89.0
88.5984095399311 89.0
88.73667314203324 89.0
88.876764324887 89.0
89.01560649395098 89.0
89.15648943395347 90.0
89.29983358304429 89.0
89.44393320556304 89.0
89.5871997203052 90.0
89.73057361245559 90.0
89.87570829004069 90.0
90.02664937075407 90.0
90.17250506882019 91.0
90.31482585640157 91.0
90.45810421867259 91.0
90.59929924205778 91.0
90.73918384090966 91.0
90.87950812691061 91.0
91.02069481591924 91.0
91.16063508423845 91.0
91.29651994983735 92.0
91.43241664074175 92.0
91.57021863081178 91.0
