26.433698747920857 31.0
26.111962839119442 31.0
25.91580712773026 31.0
26.105907107083617 32.0
26.212028812102247 31.0
26.21474966086496 32.0
26.345054570043096 32.0
31.122390032502032 31.0
32.94483412925591 36.0
29.15723337551563 37.0
27.227515622241576 35.0
26.881890800340074 34.0
26.54312350164551 33.0
26.609762869273453 33.0
26.34107726037304 32.0
26.387805531019488 32.0
25.957698714340168 32.0
26.417766108831827 32.0
25.80883091056348 32.0
26.06011862808483 32.0
26.258879362579115 32.0
26.140524446333814 31.0
26.236649141837447 31.0
26.122763973865446 32.0
26.463829763659675 31.0
25.94794329274029 32.0
26.268367958404937 31.0
26.814939576617185 32.0
26.640263751247254 31.0
26.61175822405223 31.0
26.567536280682262 32.0
26.330600823083856 32.0
26.223948592479978 31.0
25.991770334367928 31.0
26.096746795440282 31.0
26.185888653378598 32.0
26.12532826315247 32.0
26.22014565491451 32.0
26.24387830485263 32.0
25.824806120107517 32.0
25.902609459923994 31.0
26.589767612695482 31.0
26.49917939220164 31.0
26.49219173949612 32.0
26.100525817628764 32.0
26.435134431633927 32.0
26.02792447824521 32.0
26.367968132994015 32.0
26.01209542128595 32.0
25.96519872069453 32.0
26.399666269874317 32.0
26.134549765772718 31.0
26.326901769858964 31.0
26.314406452818943 31.0
26.460277549301694 31.0
26.49280580515365 32.0
26.35011634152758 31.0
26.455197851183392 32.0
26.417814604336172 32.0
26.77593318946424 32.0
26.335847811994967 32.0
26.421620544617355 33.0
26.56724656093666 32.0
26.384484130721688 32.0
26.332212419210286 31.0
26.863932201051867 32.0
26.80632037282122 32.0
26.986632614186 32.0
26.267864020687924 32.0
26.33094950703584 32.0
26.640937902732638 32.0
26.692867430060737 32.0
26.305796706347962 33.0
26.417013066363403 32.0
26.58576501097403 32.0
26.26996786847173 32.0
26.58557913805923 32.0
26.320171486538655 32.0
26.24433375277382 32.0
26.61103940064823 32.0
26.434680501677015 32.0
26.378756543945713 32.0
26.29160465480649 32.0
26.574975122608215 31.0
26.616737649023655 32.0
26.61827561346808 32.0
26.45101635359738 32.0
26.234237431566356 32.0
26.04698621526645 32.0
25.937023108826246 32.0
25.861092602374242 32.0
26.129305935433365 32.0
26.076741265837697 32.0
26.352231094282793 32.0
26.06670421282942 32.0
25.983785968870365 31.0
26.253136497523577 31.0
26.124459476289772 32.0
26.42625582142037 32.0
26.475640458414674 32.0
26.153423952425015 32.0
26.214096183437483 32.0
26.595996771413297 31.0
26.293637050289817 31.0
26.498304170861182 32.0
25.691196072568218 31.0
26.145579959780036 32.0
25.94449540551407 32.0
26.24775194273846 31.0
26.442950170245453 32.0
26.125124103232316 31.0
26.534063648219806 32.0
26.513075987440367 32.0
26.7039433014585 31.0
26.41494484576191 32.0
26.388273172694248 32.0
26.664625477819122 32.0
26.311157401748098 32.0
26.387800101045144 32.0
26.7693362272763 32.0
26.67874471982193 32.0
26.658479566887948 32.0
27.326132192494725 33.0
26.74104461784715 32.0
27.089410787861524 32.0
26.6649081720648 33.0
26.80292235386556 32.0
27.229938420775248 33.0
27.158446765291878 33.0
27.52547538462175 33.0
27.589282934023174 33.0
27.72471938821174 33.0
28.107980448970913 33.0
28.718024793390214 33.0
28.138956185322435 33.0
28.214664518368252 33.0
28.30719658666826 34.0
28.440705661944477 33.0
28.8918480056412 34.0
28.983137715522012 34.0
29.245842065072104 34.0
29.296763385723146 34.0
29.57878456867236 35.0
29.299920746825123 35.0
30.20698022249823 35.0
30.18417867953172 35.0
29.828498640416754 36.0
30.639149226555993 35.0
31.189818783191647 35.0
31.44609711539237 36.0
31.82725103994141 37.0
31.744873944833643 37.0
32.12456606535747 37.0
32.242763739002136 37.0
32.810618535830486 37.0
32.98802578938258 37.0
33.32359794471627 38.0
33.52464804700252 38.0
33.992316683178174 38.0
34.16626564752451 39.0
34.752843033324254 39.0
34.81864564867301 40.0
35.06494848432429 39.0
35.57739523174382 40.0
35.89838628634688 40.0
36.247273393314295 41.0
36.40181430991497 41.0
36.7689901424373 41.0
37.18255870080233 42.0
37.712686622031605 42.0
37.87385557703486 42.0
38.301684094810426 42.0
38.61012710456869 42.0
38.85998757836685 43.0
39.157854163747416 43.0
39.60461978367643 43.0
39.871254307471425 44.0
40.18357715494752 45.0
40.51692780286237 45.0
40.86645392388693 45.0
41.24788992543037 46.0
41.47121464651996 45.0
41.767256835820454 46.0
42.09325216596131 47.0
42.39826398444505 47.0
42.74177569634327 47.0
42.989478333750135 48.0
43.49827154872783 47.0
43.65749300955622 48.0
44.06832240039526 48.0
44.48031116286018 48.0
44.76283913670001 49.0
45.04413921573403 49.0
45.366916419624204 50.0
45.64290240096643 50.0
46.010069728175495 50.0
46.311663685371194 51.0
46.63976047904255 51.0
46.93043671703562 51.0
47.24964735048232 52.0
47.497611866350255 52.0
47.85241090136268 52.0
48.104839686958016 52.0
48.41979523715188 53.0
48.64074210951366 53.0
48.97251852987001 53.0
49.276580732719246 54.0
49.555923281276876 54.0
49.82720334910236 54.0
50.115267004209144 54.0
50.43234712691909 55.0
50.681094674586895 55.0
50.945215660416174 55.0
51.207058310215075 55.0
51.523456547554375 56.0
51.796581172079875 55.0
52.096827180495765 56.0
52.36582556833136 56.0
52.67639987158199 56.0
52.927172039409975 57.0
53.21291303668484 57.0
53.477236874439946 58.0
53.723073760999185 58.0
54.00004258234423 58.0
54.270046221983634 58.0
54.56506865554822 59.0
54.82630589340756 59.0
55.09570140836698 59.0
55.34846167188494 60.0
55.613984324922676 60.0
55.880271322924486 60.0
56.14024538473413 60.0
56.416254333382554 61.0
56.672862470005015 61.0
56.91161034987754 61.0
57.16991220363553 62.0
57.40937827225214 62.0
57.67608384739401 62.0
57.91713682800639 62.0
58.16903044464497 63.0
58.44284367615625 62.0
58.6517792719506 63.0
58.9310221661769 63.0
59.18150763625199 64.0
59.42353204789201 63.0
59.6571541641036 64.0
59.902724646870354 64.0
60.14808370041227 65.0
60.38886165938412 64.0
60.63639778521799 65.0
60.87212802555048 66.0
61.12996458005355 66.0
61.35637637293014 65.0
61.58870268993593 65.0
61.8279315188327 66.0
62.066660909108116 66.0
62.298247470727986 66.0
62.52962207902034 66.0
62.756596397237345 67.0
62.99237632334021 67.0
63.22802442754945 68.0
63.447687948558794 68.0
63.678202287245966 68.0
63.907269733883 68.0
64.13052369448357 68.0
64.3592555709614 69.0
64.58580023624873 69.0
64.80663033193962 69.0
65.02057581942388 70.0
65.23766014635888 70.0
65.44453837862955 70.0
65.65521682524235 70.0
65.87456890381499 70.0
66.09833181994179 70.0
66.31580769236773 71.0
66.52905528991552 71.0
66.74439215546766 71.0
66.96158209651679 71.0
67.18051921474964 71.0
67.39682506606827 72.0
67.61234436155908 72.0
67.82875542765831 72.0
68.04291513938679 72.0
68.25493777517917 73.0
68.47410429401302 73.0
68.68387812789784 73.0
68.9049667050487 73.0
69.1212606068297 73.0
69.33698286689662 74.0
69.55097356075345 74.0
69.76728499334007 74.0
69.97988240423251 75.0
70.18929078074126 75.0
70.39863517499417 75.0
70.60989058186749 75.0
70.81881390195113 75.0
71.02236001458401 76.0
71.22520099180457 75.0
71.43246045053581 76.0
71.6383793245456 76.0
71.84345866187167 77.0
72.04495988385146 76.0
72.2481878801883 77.0
72.44997483804444 77.0
72.6510669787086 77.0
72.85273759950961 78.0
73.04831592078601 77.0
73.24643773642113 78.0
73.4486078103495 78.0
73.6442992961637 78.0
73.83710395692492 78.0
74.03144536347574 78.0
74.22958754229867 79.0
74.42091582902884 79.0
74.61500332938931 79.0
74.80837094559598 79.0
74.99902003181258 80.0
75.19088800083334 79.0
75.38065050061451 80.0
75.5693805409607 80.0
75.75856152960966 80.0
75.94926283531296 81.0
76.13834388282547 81.0
76.32318463368563 81.0
76.51173895866407 81.0
76.69597043964612 81.0
76.88234391262783 82.0
77.06390340197528 82.0
77.24978733791853 82.0
77.4326580758192 82.0
77.61492643434734 82.0
77.79877953553655 82.0
77.98069615453396 83.0
78.16016253961556 83.0
78.33945214869965 83.0
78.51976302429136 83.0
78.69801153732787 83.0
78.87714289222566 84.0
79.0552246872509 84.0
79.23236334763918 84.0
79.41049068447775 84.0
79.58686408410564 84.0
79.7669525800345 84.0
79.94126010033226 84.0
80.11863166769808 85.0
80.29299012018444 85.0
80.46843513149769 85.0
80.64206209677809 85.0
80.81563086951472 85.0
80.98635952341589 85.0
81.16013649496908 85.0
81.3310928826681 86.0
81.50348502048524 86.0
81.67801103588975 87.0
81.84629112436156 87.0
82.01634296762663 87.0
82.18735714716783 87.0
82.35510862974753 87.0
82.52379990475556 87.0
82.69081790830717 88.0
82.8563701598963 88.0
83.0221602815253 88.0
83.18836944286375 88.0
83.35259370521247 88.0
83.51635911409221 88.0
83.68141877613614 89.0
83.84564990883449 89.0
84.00812589407711 89.0
84.1694938716858 89.0
84.32995450578406 89.0
84.49113138132489 90.0
84.65076804980025 90.0
84.8101461002121 90.0
84.96949223726163 90.0
85.12717037097157 90.0
85.28483267535626 90.0
85.44216283161369 91.0
85.60033095068559 91.0
85.75617376117997 91.0
85.91216448772683 91.0
86.06687547015477 91.0
86.22318887120304 92.0
86.37764490622958 92.0
86.53268590753652 92.0
86.68575484900627 92.0
86.83759616800721 92.0
86.99199681098831 92.0
87.14366873006438 92.0
87.29646536298348 93.0
87.44810794044942 93.0
87.6000795276513 93.0
87.74983666280554 93.0
87.8994377827421 93.0
88.04960226809716 93.0
88.19958463497957 94.0
88.34877183168369 93.0
88.49704914760179 94.0
88.64625089469057 94.0
88.79365137341951 94.0
88.94088444445131 94.0
89.088447498875 94.0
89.23449853430175 95.0
89.3810211602442 95.0
89.52703122121154 94.0
89.67327886716039 95.0
89.81877811898825 95.0
89.96282956596437 95.0
90.10651062808809 95.0
90.24958231202716 96.0
90.39386089969811 95.0
90.53606380283635 96.0
90.67782385592895 96.0
90.81906609131867 97.0
90.96065942077574 97.0
91.10133154340394 97.0
91.24137597914687 97.0
91.38112517866163 97.0
91.52114214187279 97.0
91.65897992843982 98.0
91.79515694378694 98.0
91.93383906419999 98.0
92.07123319891615 98.0
92.20914463486623 98.0
92.3450844564657 98.0
92.48027383094448 98.0
92.61555090043097 98.0
92.7492395261304 99.0
92.88438185883503 99.0
93.01629303864686 99.0
93.1507688253275 99.0
93.28184583702736 99.0
93.41209086846614 100.0
93.54298531141264 100.0
93.67288090011255 99.0
93.80227022346753 100.0
93.93188871684382 100.0
94.05912169482606 100.0
94.1883111963242 101.0
94.31570068751058 100.0
94.44339150811105 101.0
94.56973227733191 101.0
94.69714558933762 101.0
94.8219944123698 101.0
94.94749564371152 102.0
95.07131039039703 101.0
95.19608813071963 102.0
95.31866923118918 102.0
95.4410583219067 102.0
95.56166664995992 103.0
95.68085646064523 103.0
95.79878763318783 103.0
95.91784578962202 102.0
96.03519979258103 103.0
96.15452139503576 103.0
96.26190705467047 103.0
96.33948975582635 104.0
96.45060615424322 104.0
96.56645875933195 104.0
96.6818241923001 105.0
96.79775448285129 105.0
96.9114786451717 105.0
97.02487643592178 105.0
97.13708075210872 106.0
97.25006716411308 105.0
97.36053298446743 106.0
97.47403434384206 106.0
97.58439279053528 106.0
97.69400971477248 106.0
97.8036320757428 107.0
97.9142103776522 107.0
98.02061089090411 107.0
98.13036919396085 107.0
98.24057702504471 108.0
98.3511654502363 108.0
98.46112297593403 107.0
98.56977095198698 108.0
98.67511113073448 108.0
