26.340888849173353 32.0
25.92837467818139 32.0
26.220679397720616 32.0
26.044850268747886 32.0
25.714577733569833 31.0
26.05207825834394 31.0
26.08480154729788 31.0
26.25525594381061 32.0
26.131477851188514 32.0
25.912409932863177 32.0
25.956221375500462 31.0
25.897580397206262 32.0
26.320138422853958 31.0
26.02858722885304 31.0
25.853439828673885 31.0
26.21440628969912 32.0
26.531094358989982 32.0
26.292359410712535 31.0
26.00224812556425 32.0
25.954427869381867 31.0
26.166110702214702 31.0
26.565695561151266 31.0
27.729587258683424 32.0
26.936815769436045 33.0
26.20029275738223 33.0
26.143815695446165 32.0
25.912662550557044 31.0
25.996586639794316 32.0
26.259990986638506 31.0
25.871095315825954 32.0
26.519240195258895 32.0
26.067511670810696 32.0
26.226304703317624 32.0
26.222991265017086 31.0
26.269743550285156 32.0
25.95042597420168 32.0
26.373449989589886 32.0
25.88854297976937 31.0
25.471200188686893 31.0
25.78079358248631 31.0
25.949663445573094 32.0
26.089031292732663 31.0
26.191431013553803 32.0
25.65801590483172 32.0
25.850056897437327 32.0
26.45440706465932 31.0
25.992521529957543 32.0
25.981967086814116 32.0
26.762637610224417 31.0
26.489469530156533 32.0
26.203636647837648 32.0
26.395075452543935 31.0
26.387943226942816 32.0
26.074971495875282 32.0
25.985771782059466 31.0
26.124911758088174 32.0
26.161116771130153 32.0
25.90228570933553 32.0
26.06502932873523 31.0
26.09445446394851 32.0
26.603763335838323 32.0
25.918211660572197 31.0
25.89136930517551 32.0
26.287456734250497 32.0
26.03120770815768 31.0
26.26188983181813 31.0
25.845191157084827 31.0
26.311278451598554 32.0
26.177849141947192 32.0
26.66348188753696 32.0
26.27248426645754 31.0
25.98912815708188 31.0
26.157873009238813 32.0
26.379936984800644 32.0
26.168942219091562 31.0
25.988408625691697 32.0
26.499207111036185 32.0
26.18350580356553 32.0
25.831169455223844 32.0
25.94191915194898 31.0
25.979913189648656 31.0
26.081368191640742 31.0
26.31092611926779 32.0
26.161592558512915 31.0
26.089969618166393 32.0
26.187125991977368 32.0
26.056246443653215 32.0
25.960659625084517 31.0
26.325807811656396 31.0
25.814070372404004 31.0
26.15336061812168 32.0
25.85153982387895 31.0
25.881120995621707 32.0
25.94991508369813 32.0
26.415372239768715 32.0
26.022948931798 31.0
25.720857759910984 31.0
25.835359066523864 31.0
25.746540887975826 31.0
26.120720385890408 32.0
25.79783647434455 31.0
26.002469879838188 31.0
25.937168278897367 31.0
25.71012972507355 32.0
26.29778365755503 32.0
26.276357967923857 31.0
26.140090553937206 32.0
25.781095212370957 31.0
26.095186354877185 31.0
25.94398044594997 32.0
26.233194815367682 31.0
26.0627344351541 31.0
26.09490061582585 32.0
26.124800676850775 32.0
26.520982617943588 32.0
26.35464811056903 32.0
26.595409898487482 31.0
25.884482844137942 31.0
25.964780407143778 32.0
26.33309799733326 32.0
26.15413665833725 31.0
26.297097034604604 32.0
26.31711555862335 32.0
26.46958068382795 32.0
26.08799640461585 32.0
26.14941938327192 32.0
26.14215558499083 32.0
26.375573321991517 32.0
26.46966791970815 31.0
26.34921037124397 32.0
26.16896764875078 32.0
26.18745223631997 32.0
26.738853149255547 32.0
26.54413215463009 32.0
26.576167554114775 32.0
26.483263243291674 32.0
26.631957121505074 32.0
27.063989511040702 32.0
27.16403852530533 33.0
27.19491959933046 33.0
27.21896852520147 32.0
26.70022218663673 33.0
27.057448284893496 33.0
27.10346917239729 33.0
27.551033842375396 33.0
27.63938463200833 33.0
27.465526213324033 33.0
27.784549772052742 33.0
28.072630756737112 33.0
28.39841882750771 33.0
28.252836534955733 33.0
28.298574919894897 34.0
28.9145392596726 34.0
28.7181510007919 35.0
29.25371221922 35.0
29.294650964838965 35.0
29.801952402111276 36.0
29.78413976229536 35.0
29.777187954345493 36.0
30.120474024585576 36.0
30.340795324146484 36.0
30.530701900537423 36.0
30.73253649386833 37.0
30.81290225475147 37.0
31.42484108821403 37.0
31.35515783076454 38.0
31.927004794139258 38.0
32.27575966536859 38.0
32.39474588144294 38.0
32.66360937918466 39.0
32.918249385650675 39.0
33.11453979449575 39.0
33.55705154614458 40.0
33.731545091026504 40.0
34.08559771344403 40.0
34.355337007479655 40.0
34.70794139196056 41.0
34.83897780805241 40.0
35.148082156407234 41.0
35.48828273774217 42.0
35.8513643384207 42.0
36.06774412496763 42.0
36.263848865567766 43.0
36.69974233990336 43.0
36.92499856754481 43.0
37.243707867124755 43.0
37.39057619784905 44.0
37.751972385099286 44.0
38.06119298767446 45.0
38.39070070819132 45.0
38.797286676269216 45.0
39.07195784452384 46.0
39.29515828090292 46.0
39.57720809269841 46.0
39.867663857577575 46.0
40.2592939754377 47.0
40.49745608732015 47.0
40.76918409153813 47.0
40.968936787753094 47.0
41.3779005807485 48.0
41.62207764623339 48.0
41.97260165012858 48.0
42.17210867773208 49.0
42.50202712762879 49.0
42.79681325192077 49.0
43.06053325405318 50.0
43.28320262123533 50.0
43.64028929426041 50.0
43.900063165860175 50.0
44.15332166996958 50.0
44.40288216635345 51.0
44.723038831072266 51.0
44.971181567375055 51.0
45.220705395536015 51.0
45.49007545935737 52.0
45.77984774001745 52.0
46.049313787486454 52.0
46.31272318942984 53.0
46.5967925546975 53.0
46.85749246654851 53.0
47.09904535278111 53.0
47.39014950815901 53.0
47.64930860501854 54.0
47.91940413744984 55.0
48.20246579203359 55.0
48.45048728671883 55.0
48.67208820814081 55.0
48.95373900426462 56.0
49.217311324325856 55.0
49.45901971257578 55.0
49.71638152941379 56.0
49.968015569757036 57.0
50.21344960818046 56.0
50.4835676741447 57.0
50.721784569526434 57.0
50.97407597442615 58.0
51.23046301921142 58.0
51.49078584674973 58.0
51.730322270726575 58.0
51.97383318720369 58.0
52.21972314621172 58.0
52.47229036966796 59.0
52.711783142525945 59.0
52.95311219114447 60.0
53.200916523484075 60.0
53.43394730558134 60.0
53.670711515645536 60.0
53.90577268753161 60.0
54.156581784279 61.0
54.39329154447897 61.0
54.63836188324325 62.0
54.867178528319904 62.0
55.09679130684984 62.0
55.34905059563751 62.0
55.57947722985061 62.0
55.81254977798839 62.0
56.04381407008974 63.0
56.262248238907674 63.0
56.51322040580354 63.0
56.74484043549832 64.0
56.976634376784176 63.0
57.20545260018952 64.0
57.430949536964185 63.0
57.662225995087624 64.0
57.88271685330774 64.0
58.118129161185436 65.0
58.3370910550247 65.0
58.56724993283029 65.0
58.79156068544914 66.0
59.02135224427337 65.0
59.2390372125403 66.0
59.457258733293585 66.0
59.69570663202552 66.0
59.91269739117254 66.0
60.137107933407776 67.0
60.345307379459605 67.0
60.57234346732025 67.0
60.790901032593474 68.0
61.01103619747009 68.0
61.22976709508131 68.0
61.44270079771331 68.0
61.66707034143254 68.0
61.8767022504001 69.0
62.09228916165693 69.0
62.30733131975596 69.0
62.535389301800386 69.0
62.7438315253854 69.0
62.95501788767051 69.0
63.16622961630178 70.0
63.376917679334895 70.0
63.59177911395513 70.0
63.79390797540638 71.0
64.00728228290322 71.0
64.21370185422916 71.0
64.41556723730854 71.0
64.63202472150712 72.0
64.82951912658663 71.0
65.0420597497295 71.0
65.24607583857512 72.0
65.4454498187575 72.0
65.65274646658965 72.0
65.85253434496465 73.0
66.0562842344835 73.0
66.25906048920287 73.0
66.46224081997549 73.0
66.6634854206286 73.0
66.86239472018238 74.0
67.06039551670949 74.0
67.26110318184156 74.0
67.45203213150731 74.0
67.64852509831164 74.0
67.85129058978086 75.0
68.04881361171452 75.0
68.23774517790929 75.0
68.43797832987474 75.0
68.63068756285618 75.0
68.82688681669656 75.0
69.01846334848668 75.0
69.20742108981398 76.0
69.40023452228094 76.0
69.589944979233 76.0
69.78066371473528 77.0
69.9712542181642 77.0
70.15516527912452 77.0
70.348028481337 77.0
70.53507281649473 77.0
70.72112872061774 78.0
70.91025201936412 78.0
71.09566886720992 77.0
71.27869721780478 78.0
71.46299082745205 78.0
71.64930796171802 79.0
71.83289351473405 79.0
72.01583025382499 79.0
72.19855517964749 78.0
72.37951895450985 79.0
72.56440513208156 79.0
72.74352718414256 80.0
72.92429680467963 79.0
73.10472579582569 80.0
73.28555374282524 80.0
73.46406564784576 80.0
73.64534853051555 80.0
73.8218122109091 80.0
73.99843694425456 81.0
74.17791560377393 81.0
74.35392525950856 81.0
74.53123303083223 81.0
74.70804859428198 81.0
74.88156971932632 82.0
75.054906430917 82.0
75.2298162229734 82.0
75.40495575373231 82.0
75.57630513872688 82.0
75.75184258773439 83.0
75.92460600306993 83.0
76.0951417106948 83.0
76.26606860610049 83.0
76.43815597650992 84.0
76.60689916473115 84.0
76.77826735633437 83.0
76.94668838214508 84.0
77.11755034849844 84.0
77.28482361274763 84.0
77.45197190273433 84.0
77.62180916782631 84.0
77.78780793743935 85.0
77.95560476978001 85.0
78.12228476350465 85.0
78.28702229233792 85.0
78.45299750983413 85.0
78.61888171662083 85.0
78.78323795064917 86.0
78.9453398709361 86.0
79.1111431666146 86.0
79.27380537265789 86.0
79.43685206159334 86.0
79.59894200254641 86.0
79.76028122979912 86.0
79.92173796503258 86.0
80.08268273921601 87.0
80.24333623988335 87.0
80.4045416934734 88.0
80.56421917382217 87.0
80.72346277441339 88.0
80.88173359110473 87.0
81.03943533812225 88.0
81.19772473177642 88.0
81.3547753743455 89.0
81.51160982827076 89.0
81.66945209731095 89.0
81.82455593510734 89.0
81.97834362546013 89.0
82.13339521695298 89.0
82.28920898608015 89.0
82.4445256324345 89.0
82.59800268481169 89.0
82.75128079897729 90.0
82.90364925271474 90.0
83.05627567724898 90.0
83.20910297925585 90.0
83.35905789229716 91.0
83.51055755344679 91.0
83.66099378629677 90.0
83.81035892980992 91.0
83.96011800839013 91.0
84.11038334633251 91.0
84.2596224508519 91.0
84.40903681021196 91.0
84.55669352808113 92.0
84.70456197557634 92.0
84.85164791932627 92.0
84.99756814195372 92.0
85.143732930195 93.0
85.28948473499003 93.0
85.4360004393012 93.0
85.58176625923947 93.0
85.72518882040326 93.0
85.86919572156242 93.0
86.01285403810509 93.0
86.15494836121877 93.0
86.2977953593164 94.0
86.44034674539265 93.0
86.58225294152473 94.0
86.72311104764466 94.0
86.86351911139951 94.0
87.00167656134782 95.0
87.13957260669216 95.0
87.27704928203681 95.0
87.41665094963601 95.0
87.5538058146678 95.0
87.69165599982682 95.0
87.82834812808848 95.0
87.9644417877792 96.0
88.10104469863101 95.0
88.23657818115188 96.0
88.37068186071465 96.0
88.50564273566657 96.0
88.64107977393172 96.0
88.77473659735693 97.0
88.90786884838953 97.0
89.04022051666662 97.0
89.17213792373146 97.0
89.30450187036664 97.0
89.43674464046367 97.0
89.56680243960906 97.0
89.69753678580156 97.0
89.8279849090975 98.0
89.95651605890068 98.0
90.08534762158914 98.0
90.21436382836669 99.0
90.34071059673883 98.0
90.46824845532736 99.0
90.595729043366 99.0
90.72220841121509 99.0
90.84766628755634 99.0
90.97191125491823 99.0
91.09652712178968 99.0
91.2190817693327 100.0
91.34388113585037 100.0
91.46695136078054 101.0
91.58897616827068 100.0
91.71203647530635 101.0
91.83272278597143 100.0
91.95370339202513 101.0
92.0740713048425 101.0
92.1939088611941 101.0
92.31310889753966 101.0
92.432113144681 101.0
92.55008375457933 101.0
