21.68603825302109 30.79475297144532
21.659766401983 30.79475297144532
21.584653387659685 30.79475297144532
21.37755074524931 30.79475297144532
21.50139299014385 30.79475297144532
21.46531406485039 30.79475297144532
21.547792250791176 30.29806340738975
21.544927405264808 30.79475297144532
21.434134864791773 30.79475297144532
21.49023532465344 30.79475297144532
21.944598004255425 30.79475297144532
21.636408443091582 30.29806340738975
21.364943940105704 30.29806340738975
21.49827079734417 30.29806340738975
21.518577027114887 30.79475297144532
21.851168981678576 30.79475297144532
21.62477053208884 30.79475297144532
21.51839079139556 30.29806340738975
21.82012330213373 30.79475297144532
21.24902874874452 30.79475297144532
21.346291972058836 30.29806340738975
21.650118548682627 30.79475297144532
21.810940905779006 30.79475297144532
21.392536901512344 30.29806340738975
21.669774741221865 30.79475297144532
21.287702842002474 30.79475297144532
21.097309346725098 30.79475297144532
21.110064992838744 30.29806340738975
21.49684559601608 30.29806340738975
21.541604684615365 30.29806340738975
21.799982010747954 30.79475297144532
21.351679731734187 30.79475297144532
21.294961179313198 30.79475297144532
21.41072162007312 30.79475297144532
21.55612278557195 30.79475297144532
21.75524043032707 30.79475297144532
21.530414644204917 30.79475297144532
21.402401644135097 30.79475297144532
21.673546404009045 30.79475297144532
21.548600999833937 30.79475297144532
21.62227655328278 30.79475297144532
21.76874887601656 30.79475297144532
21.559596568651884 30.79475297144532
21.5623744181286 30.79475297144532
21.75314804903821 30.79475297144532
21.433566598212742 30.79475297144532
21.521961841809492 30.79475297144532
21.387134184720253 30.79475297144532
21.644578694515978 30.79475297144532
21.477195480041985 30.79475297144532
21.681876463489388 30.79475297144532
21.863692595872095 30.79475297144532
21.672545886158844 30.29806340738975
21.237444860638796 30.79475297144532
21.578932154086992 30.79475297144532
21.412420549738307 30.79475297144532
21.635943714830553 30.29806340738975
21.565483663149166 30.79475297144532
21.471954207892956 30.29806340738975
21.85616564962153 30.29806340738975
21.650528704156912 30.79475297144532
21.34634026346076 30.79475297144532
21.602257429457353 30.29806340738975
21.45344143419908 30.29806340738975
21.75920479983167 30.29806340738975
21.63612235540444 30.29806340738975
22.069236354840243 30.29806340738975
21.618867360642355 30.79475297144532
21.54249687457751 30.79475297144532
21.42925679588761 30.79475297144532
21.414086734126485 30.79475297144532
21.797872589529632 30.79475297144532
21.900113166834657 30.79475297144532
21.561445012582084 30.79475297144532
21.821600083766356 30.79475297144532
21.46901963494227 30.29806340738975
21.60641495036286 30.29806340738975
21.621477268735447 30.29806340738975
21.756532036019422 30.29806340738975
21.540574743323916 30.29806340738975
21.555083733776712 30.29806340738975
21.726388100982653 30.29806340738975
21.980221220022983 30.29806340738975
21.7426093063456 30.29806340738975
21.71081799819497 30.79475297144532
21.573471376892925 30.29806340738975
21.6510251592359 30.29806340738975
21.600334742584103 30.79475297144532
21.77008969026558 30.79475297144532
21.82777498539894 30.79475297144532
21.72263997321393 30.79475297144532
21.57648730643966 30.79475297144532
21.62977881739313 30.79475297144532
21.658399563566967 30.79475297144532
21.500788879519718 30.79475297144532
21.628880305407066 30.79475297144532
21.50042567048336 30.29806340738975
21.419556868255277 30.29806340738975
21.54672490839266 30.29806340738975
21.449671228183263 30.29806340738975
22.087195917082 30.29806340738975
21.73989653034822 30.79475297144532
21.307289913218106 30.29806340738975
21.16551321371871 30.29806340738975
21.449607835517043 30.29806340738975
21.514078936165618 30.29806340738975
21.77316090063441 30.29806340738975
21.713574323915743 30.29806340738975
21.786008070470558 30.29806340738975
21.83375891022611 30.79475297144532
21.797222605624164 30.29806340738975
21.505955298041243 30.29806340738975
21.421629982815894 30.29806340738975
21.678355612821292 30.29806340738975
21.680126757777685 30.79475297144532
21.513965210885686 30.79475297144532
21.599342769723606 30.79475297144532
21.77278170815923 30.29806340738975
21.66859096683993 30.29806340738975
21.692188218288905 30.29806340738975
21.72222327339317 30.29806340738975
21.8517489449129 30.79475297144532
21.785310314098226 30.79475297144532
21.72536853450184 30.29806340738975
21.810527644619334 30.29806340738975
21.836244969969506 30.79475297144532
22.02946556258651 30.29806340738975
21.63553969126393 30.29806340738975
21.720117451553286 30.29806340738975
21.782680634328813 30.79475297144532
21.86210489635156 30.79475297144532
21.967952119368242 30.79475297144532
21.639536509828638 30.29806340738975
21.95267523606004 30.29806340738975
21.93690010090068 30.29806340738975
22.46520883201581 30.29806340738975
22.450315048389868 30.79475297144532
22.368126864686822 30.79475297144532
22.627763484819802 30.79475297144532
22.461771216177844 30.29806340738975
22.69518424178061 30.29806340738975
22.603498607802003 30.29806340738975
22.708840634412667 30.29806340738975
22.586321914697123 30.29806340738975
22.68679492113703 30.29806340738975
23.319408216908954 30.29806340738975
23.119502723298638 30.79475297144532
23.327969267862144 30.79475297144532
22.848370845907283 30.79475297144532
23.419119957901003 30.29806340738975
23.631490255540243 30.29806340738975
23.784474914685724 30.79475297144532
23.973653877610644 30.79475297144532
23.828068051264943 30.79475297144532
24.566240852036884 30.79475297144532
24.419978834191895 30.79475297144532
24.655884055106597 30.79475297144532
24.882037286941724 30.79475297144532
25.251400431609184 30.79475297144532
24.897635561276502 30.79475297144532
25.092948666454 30.79475297144532
25.729308565133266 30.79475297144532
26.226707998314012 30.79475297144532
26.092886651711225 30.79475297144532
26.034453540699836 30.79475297144532
26.10338034064938 30.79475297144532
27.113581824815135 30.79475297144532
27.262437289409668 30.79475297144532
27.441196245527337 30.79475297144532
28.27737807338559 30.79475297144532
27.81583780669211 30.79475297144532
27.976499229326393 30.79475297144532
29.0878602946795 30.79475297144532
28.659922800377707 30.79475297144532
29.32894708623875 31.291442535500888
29.41418557657245 30.79475297144532
29.565899033563362 30.79475297144532
29.763234313692827 30.79475297144532
29.970692013658628 31.291442535500888
30.70427983477751 31.291442535500888
30.717880290064933 31.291442535500888
31.084669260542576 31.291442535500888
31.94063926244759 31.291442535500888
31.582123466220153 31.291442535500888
31.766650633018827 31.78813209955646
32.187960586698395 31.78813209955646
32.088842870411995 31.78813209955646
33.073868856752405 31.78813209955646
32.97917822710189 32.28482166361203
33.21744456118443 32.28482166361203
33.63452904580864 32.28482166361203
34.26349900185308 32.7815112276676
34.04647956157183 32.7815112276676
34.61620969258793 32.7815112276676
34.80902623196255 33.278200791723165
34.99827708590917 33.278200791723165
35.257593893704005 33.278200791723165
36.009763496351326 33.77489035577874
35.244946609812835 33.77489035577874
36.54642638227153 34.27157991983431
37.01917771402116 34.27157991983431
36.92309294182309 34.27157991983431
37.33963769716903 34.768269483889874
37.204879234553985 34.768269483889874
37.84038011808856 34.768269483889874
38.1814245678378 35.264959047945446
38.064181735416085 35.264959047945446
38.735145559772846 35.76164861200102
39.23635423999493 36.25833817605658
39.349967546677426 36.755027740112155
40.296421528824354 36.755027740112155
40.16748646412345 36.755027740112155
40.369121714977666 37.25171730416773
40.218714641216636 37.74840686822329
41.25882221290549 38.245096432278864
41.21638458630349 38.245096432278864
41.14236950286653 38.741785996334436
41.32331776710858 39.23847556039
41.320194218256 39.23847556039
41.89644746625364 39.73516512444557
42.17419126305835 40.231854688501144
43.06749771090625 40.231854688501144
43.139154056016224 40.72854425255671
43.70514202189173 40.72854425255671
43.50375710644596 40.72854425255671
43.94191078461028 41.22523381661228
43.72730523069456 41.22523381661228
44.183028672078315 41.72192338066785
44.87734067760344 41.72192338066785
44.73433757091869 42.218612944723425
44.7009810031592 42.218612944723425
45.31684666794342 42.218612944723425
45.38224406325867 42.71530250877899
46.29990170411003 43.21199207283456
45.790880983067424 43.708681636890134
46.27386126905237 43.708681636890134
46.58825495325695 43.708681636890134
46.16023020429121 44.2053712009457
46.613756967662994 44.70206076500127
47.80581010617293 44.70206076500127
47.940701888905565 45.19875032905684
48.07309479517095 45.19875032905684
48.357772137087366 45.69543989311241
47.93316146548954 46.19212945716798
48.69239898052706 46.19212945716798
49.06830763408467 46.19212945716798
49.30069231056374 46.68881902122355
48.985429099775075 47.185508585279116
49.894966685275094 47.68219814933469
49.73114888242037 47.68219814933469
50.04226208835557 47.68219814933469
50.2149625023896 48.17888771339026
50.48332867093769 48.675577277445825
50.58320020577677 48.675577277445825
51.25239456495679 49.1722668415014
51.1153578512372 49.1722668415014
51.4560262972796 49.66895640555697
51.88045091390172 49.66895640555697
51.93426410873376 49.66895640555697
52.595277612885724 50.165645969612534
52.80603966294423 50.165645969612534
52.458017720268714 50.662335533668106
53.17013991974099 50.662335533668106
52.94026121783309 50.662335533668106
53.98234700636789 51.15902509772368
53.43862783047309 51.15902509772368
53.971376570648715 51.65571466177924
54.03546843853405 52.152404225834815
53.69333365737697 52.152404225834815
54.34210491664348 52.152404225834815
54.32170326572923 52.64909378989039
54.62136622652285 53.14578335394595
54.26969861687109 53.14578335394595
55.67336486939496 53.14578335394595
55.24132115076298 53.14578335394595
55.088281306310236 53.64247291800152
56.11884463138962 54.139162482057095
56.110861670699784 54.139162482057095
56.50901715852264 54.63585204611266
56.897804544703305 54.63585204611266
57.230889731343105 55.13254161016823
57.227741130280904 55.13254161016823
57.43066199762955 55.13254161016823
57.33050186766265 55.629231174223804
57.89062330473552 56.12592073827937
57.95965235706555 56.12592073827937
57.95855683862621 56.12592073827937
58.18747045983517 56.12592073827937
58.30125901928139 56.62261030233494
59.17560265454598 56.62261030233494
59.41402826018469 57.11929986639051
59.67116846393888 57.615989430446085
59.2305095618984 57.615989430446085
60.30800505992795 57.615989430446085
59.45202564233551 58.11267899450165
60.07388771908564 58.11267899450165
60.26390671618914 58.60936855855722
59.917071978002134 58.60936855855722
60.52938519061017 58.60936855855722
60.80651861346137 59.106058122612794
60.59160178575153 59.60274768666836
62.161819976331785 59.60274768666836
61.24921145690744 59.60274768666836
62.02452610970827 59.60274768666836
61.65507550373985 60.09943725072393
62.07758939714552 60.5961268147795
62.21056111769833 60.5961268147795
63.0137475389782 60.5961268147795
62.13572018120067 60.5961268147795
62.72689811596595 61.09281637883507
63.73256441940903 61.58950594289064
63.54823508855665 61.58950594289064
62.82518916415089 61.58950594289064
64.27697889208186 62.08619550694621
63.987905039104305 61.58950594289064
64.69837669924156 62.08619550694621
64.33571502668066 62.08619550694621
64.72047402730541 62.582885071001776
64.0951989130233 62.582885071001776
65.23749100369179 63.07957463505735
64.63024072720145 63.57626419911292
65.62596651858173 63.57626419911292
65.35296357196421 63.57626419911292
65.05467641243494 64.07295376316848
65.5942042303529 64.07295376316848
66.13474086331749 64.07295376316848
64.94093771257076 64.56964332722406
65.95818955499098 64.56964332722406
66.63999691327078 64.56964332722406
66.25807907086977 65.06633289127963
66.94386824514638 65.5630224553352
66.53326927977379 65.06633289127963
67.45030494924445 65.5630224553352
66.62457913979551 65.5630224553352
66.7069242212258 66.05971201939077
67.2159583841378 66.05971201939077
68.05111063200988 66.55640158344633
67.51396476405726 66.55640158344633
68.63080371400861 67.0530911475019
68.20089710693964 67.0530911475019
68.70144001508638 67.0530911475019
69.012517002291 67.0530911475019
69.49768639325896 67.54978071155747
68.87684743877153 67.54978071155747
69.44618242621794 67.54978071155747
69.15026835095183 68.04647027561305
70.15929363582032 68.04647027561305
70.10474950331134 68.54315983966862
69.87206829225363 68.54315983966862
69.9371914777835 68.54315983966862
70.34236520496555 69.03984940372419
70.51954925778932 69.03984940372419
71.08433511420837 69.53653896777975
71.04975738840409 69.53653896777975
71.77676393411608 70.03322853183532
71.23478225499372 69.53653896777975
70.8666332560137 70.03322853183532
72.2182457500625 70.03322853183532
72.22658481389965 70.03322853183532
72.49659081960505 70.52991809589089
71.92076596515359 70.52991809589089
72.70065529290387 70.52991809589089
71.88193954681162 71.02660765994646
73.12433218604421 71.02660765994646
72.76022612409336 71.52329722400204
73.5449404781691 71.52329722400204
72.89646766191694 71.52329722400204
72.57876909829999 72.01998678805761
73.69572763245446 72.01998678805761
73.20635719874026 72.51667635211317
72.85097094469823 72.51667635211317
73.37703754329331 72.51667635211317
73.7204282771206 73.01336591616874
73.64684993342277 73.01336591616874
74.47242853518927 73.01336591616874
74.75871339134623 73.01336591616874
74.2449093931329 73.51005548022431
74.30932644661573 73.51005548022431
75.45908923758516 73.51005548022431
74.81399976310692 73.51005548022431
74.89371382506174 74.00674504427988
75.34319729100879 74.00674504427988
75.61014153695623 74.50343460833545
75.5088233589216 74.50343460833545
75.88997899046117 74.50343460833545
75.83612219271262 75.00012417239103
76.19823787083938 75.00012417239103
75.8114906411618 75.00012417239103
76.64511443249796 75.49681373644658
76.6720708255684 75.49681373644658
76.61690104944455 75.49681373644658
76.89710052105363 75.49681373644658
76.67969671404319 75.99350330050216
78.01863190234829 75.99350330050216
76.99582330200977 76.49019286455773
77.41572233149382 76.49019286455773
78.00143750348823 76.49019286455773
77.4551869672172 76.49019286455773
78.03818312805804 76.49019286455773
77.9142134790602 76.9868824286133
78.63605665030313 76.9868824286133
78.41372580896935 76.9868824286133
78.53855724495682 76.9868824286133
78.30524991827347 77.48357199266887
79.08077643411615 77.98026155672444
79.27995250802955 77.98026155672444
79.26158475544635 77.98026155672444
79.11167980714976 78.47695112078
79.28910283769308 77.98026155672444
79.52313040281307 78.97364068483557
79.48190500193877 78.97364068483557
79.46603977654813 78.97364068483557
80.76271506922826 78.97364068483557
80.46749069197244 79.47033024889114
80.91695163713142 79.47033024889114
80.45004005493561 79.47033024889114
80.66439622496635 79.47033024889114
80.35133919921793 79.47033024889114
81.062360068456 79.96701981294672
81.45638533175483 79.96701981294672
80.69994954766504 79.96701981294672
80.75424918640832 80.46370937700229
81.55304411304073 80.46370937700229
81.85292594229921 80.46370937700229
82.05079378115961 80.46370937700229
81.34639539382819 80.96039894105786
82.21300636328226 80.96039894105786
82.08249147647857 80.96039894105786
82.30677395434445 81.45708850511342
81.4121722231275 81.45708850511342
82.39357974603338 81.45708850511342
82.64643198020237 81.95377806916899
82.83746849435896 81.95377806916899
83.56795149191636 81.95377806916899
83.32648418079926 82.45046763322456
82.85202840892042 82.45046763322456
83.6920287898793 82.45046763322456
83.89996281503461 82.45046763322456
83.1179734393142 82.45046763322456
84.18684831242005 82.94715719728013
83.48646571844675 82.94715719728013
84.1002976139433 82.94715719728013
84.31146359609178 83.4438467613357
84.87260241024799 83.4438467613357
83.96054552526094 83.94053632539128
84.19601838004448 83.94053632539128
84.08409808148346 83.94053632539128
84.7903611438267 83.94053632539128
85.25947090117712 83.94053632539128
84.7752825172202 84.43722588944685
84.97839393870098 83.94053632539128
85.18415378057749 84.43722588944685
85.52843077021562 84.93391545350241
85.86199349977979 84.43722588944685
85.7183562678074 84.93391545350241
85.51678743861571 84.93391545350241
86.3874777127288 85.43060501755798
85.48478961005993 85.43060501755798
86.19832453971006 85.43060501755798
86.98891821288699 85.43060501755798
86.63231944473061 85.43060501755798
87.10428628607832 85.92729458161355
87.13078417986529 85.92729458161355
86.53681079296825 85.92729458161355
86.99127326371975 85.92729458161355
87.27267542102831 86.42398414566912
87.22482007923597 86.42398414566912
87.18179895000627 86.9206737097247
87.08650745728747 86.9206737097247
88.09923783299617 87.41736327378027
88.10145044497955 86.9206737097247
87.79459143020811 86.9206737097247
88.21205438623595 87.41736327378027
87.84827338340202 87.91405283783583
88.71589956211723 87.91405283783583
88.38476546579193 87.41736327378027
88.91167454129042 87.91405283783583
