21.806817200004957 30.79475297144532
21.52957458601817 30.79475297144532
21.582362303769735 30.79475297144532
21.32783945823237 30.29806340738975
22.002959120879268 30.29806340738975
21.454275659798093 30.79475297144532
21.780267382071656 30.79475297144532
21.647358662074993 30.79475297144532
21.829433622247414 30.79475297144532
21.3082998561512 30.79475297144532
21.403178792571495 30.79475297144532
21.502603006015256 30.79475297144532
21.54919921746061 30.79475297144532
21.44115016947427 30.29806340738975
21.501654210036733 30.29806340738975
21.68329525405936 30.79475297144532
21.630574053505427 30.79475297144532
21.33426222441218 30.79475297144532
21.77536062085357 30.29806340738975
21.763083051393778 30.79475297144532
21.566066163405026 30.29806340738975
21.665741957895264 30.79475297144532
21.44090861591772 30.79475297144532
21.54125582967859 30.79475297144532
21.43682233940075 30.29806340738975
21.531642445778317 30.29806340738975
21.56172076953345 30.29806340738975
21.642499021862186 30.29806340738975
21.797979884142606 30.29806340738975
21.46481913818301 30.29806340738975
21.579370310504345 30.79475297144532
21.558111518435744 30.79475297144532
21.705852553355697 30.79475297144532
21.44330871320222 30.79475297144532
21.484214777415197 30.79475297144532
21.632374963662762 30.79475297144532
21.49574448220809 30.79475297144532
21.17327667272975 30.79475297144532
21.374367833580948 30.79475297144532
21.69990437844656 30.29806340738975
21.41088154179927 30.79475297144532
21.761160045435133 30.79475297144532
21.245012160865798 30.29806340738975
21.449402086588506 30.29806340738975
21.84953835369052 30.29806340738975
21.5316296570864 30.79475297144532
21.704448578907503 30.79475297144532
21.27433314946601 30.79475297144532
21.448345221038977 30.29806340738975
21.56926108926241 30.29806340738975
21.458576928080987 30.29806340738975
21.403980947482168 30.79475297144532
21.564504915631176 30.29806340738975
21.407314364712278 30.29806340738975
21.723832801894844 30.29806340738975
21.85937690164814 30.79475297144532
21.546143568561476 30.79475297144532
21.686300563443247 30.29806340738975
21.577059288022774 30.29806340738975
21.73219003195492 30.29806340738975
21.748265288720894 30.79475297144532
21.445549744117493 30.29806340738975
21.4473390726327 30.29806340738975
21.17133417428397 30.29806340738975
21.782914954296515 30.29806340738975
21.71277827067469 30.79475297144532
21.746491422384906 30.79475297144532
21.738605697971607 30.29806340738975
21.313516097562356 30.29806340738975
21.79977235185538 30.29806340738975
21.4852193793934 30.29806340738975
21.34866176860364 30.79475297144532
21.61399660016238 30.29806340738975
21.584068710480942 30.29806340738975
21.4593882158306 30.29806340738975
21.515021733504497 30.29806340738975
21.26214059586485 30.29806340738975
21.680427013475686 30.79475297144532
21.578908184651368 30.29806340738975
21.346935413838658 30.29806340738975
21.459363348416083 30.29806340738975
21.61268009756204 30.79475297144532
21.861684113814306 30.29806340738975
21.414181986936796 30.79475297144532
21.657158776880372 30.29806340738975
21.63332470321332 30.29806340738975
21.519398056294463 30.29806340738975
21.801127034608164 30.29806340738975
21.66131797956252 30.79475297144532
21.56647827795983 30.29806340738975
21.524338742958776 30.29806340738975
21.58610523324179 30.29806340738975
21.688347178902475 30.29806340738975
21.375217825375096 30.29806340738975
21.495762876497814 30.29806340738975
21.567760144773146 30.29806340738975
21.76094588985817 30.29806340738975
21.394181688022783 30.29806340738975
21.615977436794765 30.29806340738975
21.757089398642798 30.79475297144532
21.50885373970487 30.29806340738975
22.15330445421349 30.29806340738975
21.530982088004833 30.79475297144532
21.85303201564537 30.79475297144532
21.589064681786084 30.79475297144532
21.436490824966924 30.79475297144532
21.33609636907393 30.29806340738975
21.280829798791196 30.29806340738975
21.569968584311717 30.29806340738975
21.624978497156008 30.29806340738975
21.754288244008322 30.79475297144532
21.823045694714523 30.79475297144532
21.549576869660044 30.79475297144532
21.80407558936085 30.79475297144532
21.536208514567903 30.79475297144532
21.37278014656843 30.79475297144532
21.634373765355235 30.29806340738975
21.247027460150974 30.79475297144532
22.366511353374086 30.79475297144532
21.58059503540253 31.291442535500888
21.42546459920228 30.79475297144532
21.661767698585244 30.79475297144532
21.880013824976714 30.79475297144532
21.544521540415957 30.79475297144532
21.63776139249437 30.79475297144532
22.040901043864594 30.79475297144532
21.443514204083257 30.79475297144532
21.7119544700777 30.79475297144532
21.886204764199107 30.79475297144532
21.409730622446787 30.79475297144532
21.811610788801026 30.79475297144532
21.67725131406783 30.79475297144532
22.18896766968556 30.29806340738975
21.36160131123789 30.79475297144532
22.073015823810664 30.29806340738975
21.60520743654466 30.29806340738975
22.165102071085016 30.79475297144532
21.91037247743666 30.79475297144532
21.867626818022174 30.79475297144532
21.74544444206451 30.79475297144532
22.070439470901796 30.79475297144532
21.99968832605525 30.79475297144532
22.07977051752726 30.79475297144532
22.183221318095974 30.79475297144532
21.875037775628925 30.79475297144532
22.158468275888886 30.79475297144532
21.989499891039777 30.79475297144532
21.796264532021873 30.79475297144532
21.765667696137008 30.79475297144532
22.4236911122047 30.79475297144532
22.52508282378991 30.79475297144532
22.153842845737003 30.79475297144532
22.131848724527593 30.79475297144532
22.703522687634013 30.79475297144532
22.415510718556632 31.291442535500888
22.489188363960487 31.291442535500888
23.012755874258303 31.291442535500888
22.974113619752337 31.291442535500888
23.272237922782637 31.291442535500888
23.019527977793643 31.291442535500888
23.17380062682534 31.291442535500888
23.333287357513377 31.78813209955646
23.506183680645314 31.291442535500888
24.095909780538427 31.291442535500888
23.629856966459734 32.28482166361203
23.494137278917087 31.78813209955646
24.014323017207055 31.78813209955646
24.187206586986093 31.78813209955646
23.909562022525613 31.78813209955646
24.325789759261454 32.28482166361203
24.677912946257223 32.28482166361203
24.88524209258584 32.28482166361203
24.33833467692476 32.7815112276676
25.0208662164041 32.7815112276676
25.213542871637088 32.7815112276676
25.525523050523105 32.7815112276676
25.780044899667892 33.278200791723165
25.99489374221006 33.278200791723165
26.069506846198607 33.77489035577874
25.97036959615574 33.77489035577874
26.47549416234274 33.77489035577874
26.639003178118372 33.77489035577874
26.49784420522154 34.27157991983431
26.770008215837493 34.27157991983431
27.53109265964597 34.27157991983431
27.824672127970544 34.768269483889874
28.351220018588975 35.264959047945446
27.892955424783807 35.264959047945446
28.724956514786662 35.264959047945446
28.814633192446223 35.76164861200102
29.02954394277397 36.25833817605658
29.286333938014437 36.25833817605658
28.96095436556314 36.25833817605658
29.731362877370984 36.25833817605658
29.99329302649525 36.755027740112155
30.47437171961495 37.25171730416773
30.123367650634336 37.74840686822329
30.44473243837094 37.25171730416773
30.827378553505895 37.25171730416773
31.24630261969658 38.245096432278864
31.738454565696998 38.245096432278864
31.627125232748753 38.245096432278864
31.660847160055475 38.741785996334436
32.96880082485447 38.741785996334436
32.23974184972298 39.23847556039
33.24950760208527 39.23847556039
33.16193373711319 39.73516512444557
34.02525899513968 40.231854688501144
33.74619623095872 40.231854688501144
34.7738860955823 40.72854425255671
34.06759987935867 41.22523381661228
33.928983761336745 40.72854425255671
35.1049986002855 40.72854425255671
34.63160685459774 41.72192338066785
35.160041393339256 41.22523381661228
36.156291448567586 41.72192338066785
35.655173724470124 42.71530250877899
35.87621628829568 42.71530250877899
36.21054050466633 42.218612944723425
36.551100585398196 42.71530250877899
37.06369909150395 43.21199207283456
37.56396303494436 43.708681636890134
37.2717421552403 44.2053712009457
37.424582160148844 43.708681636890134
37.600308401736065 43.708681636890134
38.56365705498043 44.2053712009457
38.67523980910368 45.19875032905684
39.348397076351866 45.69543989311241
38.86107212607759 46.19212945716798
39.20118211222982 45.19875032905684
39.41517709650098 45.69543989311241
40.18032835606928 45.69543989311241
40.518855164948505 46.68881902122355
40.2059921865306 47.68219814933469
40.86801141682777 47.185508585279116
41.23070547789193 47.185508585279116
40.99754682838844 47.68219814933469
41.497441084987926 47.68219814933469
41.776757131033214 47.68219814933469
41.32535586063305 48.17888771339026
41.8967832036643 47.68219814933469
42.473990716699895 48.17888771339026
42.558988947716486 48.675577277445825
42.7002218933294 49.1722668415014
42.400534979443485 49.1722668415014
43.6067302645247 49.1722668415014
43.827780755785156 49.66895640555697
44.06604750437699 50.165645969612534
44.046972456647595 50.662335533668106
44.11939098267936 50.662335533668106
44.28701877456676 50.662335533668106
44.59685811643655 51.15902509772368
45.114792504808676 51.15902509772368
44.84305692526172 51.65571466177924
45.62613454276301 51.65571466177924
45.74782602597398 52.152404225834815
45.893487412287136 52.64909378989039
46.03186826003438 52.152404225834815
46.38807190452789 52.64909378989039
45.995856424497994 53.14578335394595
46.82092758219192 53.14578335394595
47.402785833360944 53.14578335394595
47.841109123038194 54.139162482057095
47.71871768915179 54.63585204611266
47.76447578339222 54.139162482057095
48.409120749354024 54.139162482057095
48.30870041581172 55.13254161016823
48.278682485662216 55.13254161016823
48.523392958955604 55.13254161016823
48.78227230896364 55.13254161016823
48.773779293597016 55.629231174223804
49.3647744701113 55.13254161016823
49.9423073012011 56.12592073827937
49.63914408715278 56.62261030233494
50.77287793305417 56.62261030233494
49.87514058621329 57.11929986639051
50.39301186815776 56.62261030233494
51.20474833360728 57.11929986639051
51.216782275237435 58.11267899450165
51.03334196322256 58.11267899450165
51.31057353637793 57.615989430446085
51.39491774780568 58.60936855855722
51.40314624854836 58.11267899450165
51.85457141411016 58.11267899450165
52.17002315166655 58.11267899450165
52.24689632288916 58.60936855855722
53.10372137088708 59.106058122612794
52.58599848791074 59.106058122612794
53.242494186339485 59.106058122612794
53.43771872211272 59.60274768666836
53.38632772219223 60.09943725072393
53.899688311338636 60.09943725072393
53.12483709414523 60.5961268147795
53.64561524842719 59.60274768666836
54.08164653485531 60.09943725072393
54.468192067834096 60.5961268147795
54.92719003026362 61.09281637883507
54.393217513433555 61.09281637883507
55.153618618474766 61.58950594289064
55.36959034198218 61.58950594289064
55.80387049984583 62.08619550694621
55.587232913422326 62.582885071001776
55.82424739768563 62.582885071001776
55.22256021022858 62.582885071001776
55.78240258279759 62.08619550694621
55.86549653566376 62.582885071001776
56.98589104083227 62.582885071001776
57.165391091789296 63.57626419911292
56.858244167941976 64.56964332722406
56.9416715973679 64.07295376316848
57.72072513800972 63.57626419911292
57.096809209800874 64.56964332722406
57.584359572854225 64.07295376316848
57.95881374547372 64.07295376316848
58.47707796807508 64.56964332722406
57.96811859844397 65.06633289127963
58.74452699815863 65.06633289127963
58.26976483682562 66.05971201939077
58.78212427269437 65.5630224553352
58.60749443055654 66.05971201939077
58.787919547600765 65.5630224553352
59.64624604970565 65.5630224553352
59.368499706267045 66.55640158344633
60.059700537667545 66.55640158344633
59.89490781301052 66.55640158344633
60.09719419230751 67.0530911475019
60.53909161328824 67.0530911475019
60.818683963251374 67.54978071155747
60.88967957825236 67.54978071155747
60.888025684179006 68.04647027561305
60.842196485350804 67.54978071155747
60.81462300226806 68.04647027561305
61.75736115646079 68.04647027561305
61.42029519938228 69.03984940372419
61.92784205615936 68.54315983966862
62.32987476505305 69.03984940372419
61.77770094502391 69.03984940372419
62.17476218217253 69.03984940372419
62.724754589388375 69.03984940372419
62.64145958375609 69.53653896777975
62.113370668840176 69.53653896777975
63.47612547283611 69.03984940372419
63.1620283852525 70.03322853183532
63.546673971943015 70.03322853183532
64.19739028195139 70.52991809589089
64.1243588834795 71.02660765994646
63.82399321324575 71.02660765994646
64.21794885594332 70.52991809589089
64.04379536832288 71.52329722400204
65.0394485412376 71.02660765994646
64.4478839057154 71.52329722400204
64.2459913549567 71.52329722400204
65.08622851370606 71.52329722400204
65.13429257511056 72.01998678805761
65.45332233040916 72.01998678805761
65.33760316284523 72.01998678805761
65.2374150881964 72.01998678805761
65.2387309225049 72.01998678805761
65.9430673089617 72.01998678805761
65.4979064340915 73.01336591616874
66.80579852451045 72.51667635211317
66.36330359251096 73.01336591616874
66.22072459972757 73.01336591616874
66.44594271642639 73.01336591616874
67.07892121683231 73.01336591616874
66.74698779831893 74.00674504427988
67.33019319218266 73.51005548022431
67.03937548402091 74.00674504427988
67.67347823976507 74.00674504427988
67.92398383228465 74.50343460833545
67.82639581613854 75.00012417239103
68.49525767888976 75.00012417239103
68.20297532398368 75.49681373644658
68.28642154498063 75.49681373644658
68.04677558535977 75.00012417239103
68.87517707233825 75.00012417239103
69.56271429067209 75.99350330050216
68.79098044957831 76.49019286455773
69.58324419056828 75.99350330050216
69.15835908636407 76.49019286455773
69.61385759648317 76.49019286455773
68.86411849200819 76.49019286455773
69.74350608035569 75.99350330050216
70.20590154935093 76.49019286455773
70.4745676018576 77.48357199266887
70.00551664651626 77.48357199266887
70.50216688840966 77.48357199266887
70.11176473905901 77.98026155672444
70.72253505668537 77.48357199266887
70.84047412038446 77.48357199266887
70.85112618496086 77.98026155672444
71.20396445968002 77.98026155672444
71.40228305235757 78.47695112078
71.79132681039593 78.47695112078
71.51957012306914 78.97364068483557
71.856347529552 78.97364068483557
71.89146362172315 78.97364068483557
72.24922143018281 78.97364068483557
72.11452792963478 78.97364068483557
72.25082300866553 79.47033024889114
72.88973460638562 79.96701981294672
72.67470780577125 79.96701981294672
73.03420584449847 80.46370937700229
73.44091553816924 80.46370937700229
73.19727222873709 80.46370937700229
73.0141959235109 80.46370937700229
73.59501162682629 80.46370937700229
73.33611249496393 80.96039894105786
73.91834205790306 80.96039894105786
74.34308857154171 80.96039894105786
74.2231719023715 81.45708850511342
74.2449749050193 81.45708850511342
74.29366221022414 81.45708850511342
74.22459944360341 81.45708850511342
74.69453865572774 81.95377806916899
74.78895702325366 81.45708850511342
74.89490585722118 81.95377806916899
74.65890825195366 81.95377806916899
74.93548931316275 81.95377806916899
75.47925074586901 81.95377806916899
76.05884736937372 82.45046763322456
75.33289208910925 82.94715719728013
75.95885804555287 82.45046763322456
76.30942315491814 83.4438467613357
75.8320447953371 83.4438467613357
76.03107952537422 82.94715719728013
76.21628044570667 82.94715719728013
76.30310196612265 83.4438467613357
76.56133965263925 83.94053632539128
76.54478021489426 83.94053632539128
77.3790564600807 83.94053632539128
77.2143194643446 84.43722588944685
77.39756559695557 84.93391545350241
77.8023185898359 84.93391545350241
77.72449206653525 85.43060501755798
77.26978932755368 84.93391545350241
77.72635345752605 84.93391545350241
77.49359831457588 85.43060501755798
77.93667344119504 84.93391545350241
78.02655683486664 85.43060501755798
78.0702031397204 85.43060501755798
79.1305641368065 85.43060501755798
78.01367862932437 86.42398414566912
78.55589454757853 85.92729458161355
78.56966722061473 86.42398414566912
78.66439904095623 85.92729458161355
78.8506966611288 85.92729458161355
78.55291743050407 86.42398414566912
78.99168683632011 86.42398414566912
79.0514280372315 86.42398414566912
78.2724125651124 86.42398414566912
79.6435827293553 85.92729458161355
79.75688906184317 86.9206737097247
80.34377601828709 87.41736327378027
79.69738086436396 87.41736327378027
80.47658043727496 87.41736327378027
80.51364630114574 87.41736327378027
80.26267749215583 87.91405283783583
80.40070442034676 87.41736327378027
80.60791349617105 87.91405283783583
81.02078631145393 87.91405283783583
81.02303418627754 88.90743196594697
81.59915271208217 88.4107424018914
80.78990611306466 89.40412153000254
80.5908272869098 88.4107424018914
80.95938550894157 87.91405283783583
82.21505660137633 88.4107424018914
81.63969252371524 89.90081109405811
81.91135506475004 89.40412153000254
81.93933208822308 89.90081109405811
81.42092768670662 89.40412153000254
82.08437723762702 88.90743196594697
82.64362213203113 89.90081109405811
82.36830217439197 89.90081109405811
