32.12953998252733 34.0
32.40891630025084 33.0
32.53622466230642 34.0
33.03074629473009 33.0
32.41251331401572 33.0
32.64690665180529 34.0
32.3347982703987 33.0
32.47433825627071 34.0
32.13613276630395 33.0
32.510077037121604 33.0
32.524051214913264 34.0
32.43098493975877 33.0
32.26982963077898 34.0
32.97319333167601 34.0
34.055755394465784 34.0
33.070108348002705 34.0
32.63386058997844 35.0
33.04006913465295 34.0
32.69913882217457 34.0
32.457100511081414 35.0
32.38369903871381 34.0
32.55172956961486 33.0
32.70707781583263 33.0
31.931924932161962 33.0
32.52936449768368 33.0
32.40216552197563 34.0
32.15467114236101 34.0
32.180928151579664 34.0
33.004841213765026 34.0
32.205012721886135 33.0
32.22136557267039 34.0
32.7556000858595 33.0
32.44223051454107 33.0
32.893410185961386 33.0
32.939578364565705 34.0
33.8500361527548 34.0
34.07679163712149 35.0
32.82036591256976 34.0
32.60578668973278 35.0
32.684021119372545 35.0
34.762206077883825 35.0
34.73332454865574 36.0
33.036613551692476 36.0
34.92871532271072 34.0
34.54908886357594 36.0
33.19077259218838 36.0
32.98047527167491 34.0
33.05945240930329 34.0
32.681597605841375 33.0
32.82229908023683 34.0
32.29075068653079 33.0
32.092311352973496 34.0
32.21625037967139 33.0
32.21636360243194 33.0
32.250278682979825 34.0
32.61462624940166 34.0
32.12830982891229 34.0
32.22533449840819 33.0
32.25969555921704 33.0
32.44870711204668 34.0
32.59130143271987 34.0
32.5127004598708 34.0
32.2694031640334 33.0
32.578125625026935 34.0
32.20247330766562 34.0
32.32193807930139 34.0
31.984033558436813 34.0
32.21428426354412 33.0
32.635510120004085 33.0
32.44617172410451 33.0
32.15388996792103 34.0
32.18511497038696 33.0
32.17586968297471 33.0
32.07413273471598 33.0
32.736273995528585 33.0
32.317642304422215 33.0
32.43357589014405 33.0
32.29576123640564 32.0
32.54426370184273 33.0
32.39736726317993 33.0
32.36120529680404 33.0
32.73335878901239 33.0
32.13215656249007 33.0
32.239952501396274 33.0
32.275999256653144 33.0
32.50335241293894 33.0
32.437595239713545 33.0
32.07880377273221 33.0
32.762664681391044 33.0
32.18149262194601 33.0
32.59315337047785 33.0
32.35932164171395 33.0
32.77511855753771 33.0
32.64938090883362 33.0
33.14661736251307 34.0
32.331512509347704 33.0
32.67654591255187 33.0
32.83841369421737 33.0
32.847168314984685 33.0
32.69748450932672 34.0
32.969728713813176 33.0
32.46978469296461 33.0
33.09541578204778 32.0
33.50077369675351 33.0
33.183462504285515 34.0
33.17159647131846 34.0
33.633052885809136 33.0
33.48638066781629 34.0
33.46666352193392 33.0
33.47854683464367 34.0
33.916662540679994 34.0
34.11885824966686 33.0
34.198946325236896 33.0
34.22581144169479 33.0
34.380889191243384 34.0
34.69562015831062 34.0
34.51887898735924 33.0
35.043327723916455 34.0
34.857958845888746 34.0
35.31798330868768 34.0
35.09718733653564 33.0
35.54277655447021 34.0
35.72850033776926 34.0
35.931494074179945 34.0
36.108684227189585 34.0
36.31544329175077 34.0
36.73411271346882 34.0
36.94774086923502 34.0
37.72587927581004 34.0
37.568766924247456 34.0
37.30860151188058 35.0
38.4972240915182 34.0
37.886585773052246 35.0
38.579303180531085 34.0
38.58863885392245 34.0
39.22795628370294 34.0
39.46326794485569 34.0
40.22420403966909 35.0
40.42067693714632 35.0
40.47580877589108 35.0
40.52516283310284 35.0
40.69148232865008 36.0
41.336882204702164 36.0
41.34616282409951 36.0
41.75856571670843 36.0
42.71608922804758 36.0
42.46261232823113 36.0
42.43079227809681 37.0
43.17556390190436 37.0
43.524953605909715 37.0
43.71137770849378 37.0
43.93684401596233 37.0
44.35893605521439 38.0
44.736099616122985 38.0
44.85976096760177 39.0
45.53750720571657 39.0
45.5322703163001 39.0
45.829411133070366 38.0
45.79065902564176 39.0
46.51345165764876 40.0
47.00163063388361 39.0
47.08422125177184 40.0
47.423151104662914 40.0
47.83963830712755 40.0
48.2026995649223 41.0
48.59737976905757 41.0
48.85020578042318 41.0
49.25739513451571 42.0
49.47776505531388 42.0
49.60792094425699 43.0
49.54424601890568 43.0
50.978532007458206 43.0
51.180803330872436 44.0
51.177874239106345 43.0
51.25205100762264 43.0
50.788210107708295 44.0
51.22529876460846 45.0
52.27646236701234 45.0
52.680209230049584 45.0
53.17484134387539 45.0
52.96839667311105 46.0
53.6049692924338 46.0
53.923498292937964 46.0
53.619671539011016 47.0
53.940571163333885 47.0
53.890037951609415 47.0
54.81054885018469 47.0
54.62938577907646 47.0
55.87934094532945 48.0
55.56987319933421 49.0
55.52961315558704 49.0
55.806444873657775 49.0
56.71029335316646 49.0
56.04033930328983 49.0
56.84206160818193 50.0
56.658432956478215 50.0
57.27069032047259 50.0
57.34653285313796 51.0
58.44865710703267 51.0
58.381702477622405 51.0
58.704824159460784 52.0
58.295173836731294 52.0
58.71078770459172 52.0
58.90527308206604 52.0
59.32477972262008 52.0
60.15858813201835 52.0
59.78726506055935 53.0
60.134222269344804 53.0
60.33129278427105 54.0
60.59956031880568 54.0
60.9489759666116 54.0
60.77196285241608 54.0
60.904606675202416 54.0
61.204727089618956 54.0
61.70563931769104 55.0
62.514877811837415 55.0
62.89977762120891 55.0
61.75021318422676 56.0
63.51192444434774 56.0
62.9827191695715 56.0
64.02372682618437 57.0
63.920232152795656 57.0
63.985051127939755 57.0
63.94521883766886 57.0
64.46137921265448 57.0
64.31892289777946 57.0
64.4227506409319 57.0
64.9436524779965 58.0
64.68335795783268 58.0
65.21485958459121 59.0
64.75435177284155 58.0
66.04707017869224 59.0
65.44893663664189 60.0
66.63189801591216 59.0
66.59596429487388 59.0
66.67097984770689 60.0
66.3628251262184 60.0
66.77725770500128 60.0
67.86561608639198 61.0
68.11513829796237 60.0
67.49475874816555 61.0
67.75631265731624 61.0
68.15948793340296 62.0
67.94789166923775 61.0
68.97240143444577 61.0
68.39121540592075 62.0
69.01449693791852 62.0
69.27571062155846 62.0
69.53697607885968 63.0
69.2862009083826 63.0
69.90031251979742 62.0
70.03347538748422 63.0
69.74496339719218 63.0
70.4724521752668 64.0
70.66837107511682 64.0
71.06023248943696 64.0
71.30120216182857 64.0
71.46045590684184 64.0
71.32577666550144 65.0
71.34920867884838 65.0
71.78741263337102 66.0
72.74050219734565 65.0
72.39002150465089 66.0
72.70668120497842 65.0
72.58588884843113 66.0
73.11372417137126 66.0
72.51118560591301 66.0
73.27799105273665 66.0
73.15284209392105 66.0
73.34926263624955 67.0
73.94003572119296 67.0
74.66189247356313 66.0
74.06085141440526 67.0
74.09119938283402 68.0
74.51130815832686 67.0
74.95941379744846 68.0
75.07449526264809 68.0
75.33146253103133 68.0
74.827929106871 69.0
75.14086704524843 69.0
75.68253768520131 69.0
76.17828498601946 69.0
75.94728226404703 69.0
76.53731329059012 69.0
76.81342429328636 69.0
76.01730790169877 70.0
76.16772486268869 69.0
77.41441745324059 70.0
77.42361015291021 70.0
76.92074746493208 71.0
76.94012039274402 71.0
77.86892263665365 71.0
77.63248530550248 70.0
77.87913526562352 71.0
78.51313193889283 72.0
78.23191209868558 72.0
77.88640964718117 72.0
78.73804509205326 72.0
79.0685330439968 72.0
78.55325400350374 73.0
79.67059939815118 72.0
79.31613412404931 73.0
79.7532457226266 73.0
80.08330893422033 73.0
79.53474823074917 73.0
79.76449690736521 73.0
80.09677824928522 73.0
80.5264097500347 74.0
79.76420771069134 74.0
80.58134152132298 74.0
80.88370351695566 74.0
81.03804821259001 75.0
80.9789341339559 75.0
81.22028577653496 75.0
81.9533895408442 74.0
81.41384478211052 75.0
82.1946910686708 75.0
81.57218117347908 76.0
82.5882040841519 75.0
81.7292493013742 76.0
82.27861200361762 76.0
82.25532918535407 76.0
82.67461771484753 77.0
82.5953112944983 76.0
83.37691836983281 77.0
82.80360884854379 77.0
83.47991658218172 77.0
82.95004794879887 77.0
84.14835244469803 77.0
83.28497944537352 77.0
84.42258955893286 77.0
83.82662055683821 78.0
84.32647700642283 78.0
84.99083082883128 78.0
85.00245591480548 78.0
85.26113924156428 79.0
85.2125895152312 78.0
85.33885486673236 79.0
85.50261416181542 79.0
85.7545595589985 80.0
86.02777519643436 80.0
85.48899810847948 80.0
85.27869955521689 80.0
86.81891797749984 79.0
86.39893535659269 79.0
85.83098810916991 79.0
86.68295916927302 80.0
86.03852650849063 81.0
86.46567217875739 81.0
86.7595617364179 81.0
87.12358976191707 81.0
87.73736720625737 81.0
87.37749803546065 80.0
87.61858269462692 81.0
86.66272531179037 80.0
88.27270909095206 81.0
87.84297194749882 81.0
88.07613781536209 82.0
87.70987333129999 82.0
88.33903108023227 82.0
88.09265663511398 82.0
88.64174848729455 82.0
88.82833146443835 82.0
89.04767350665279 82.0
89.26184373575066 83.0
88.95642952143729 83.0
88.70606383824372 83.0
89.47962157290125 83.0
89.23429974325842 83.0
89.89746393106584 83.0
90.06665686237058 83.0
89.79812802374633 84.0
90.12351891089682 83.0
90.49477963988447 83.0
91.00834169104478 84.0
90.47660237387556 84.0
90.38758244310402 84.0
91.42750934298894 84.0
90.96963639898833 84.0
90.93505115294967 84.0
91.05071320241677 84.0
92.0313473106369 85.0
90.99850904702782 85.0
91.94933507716432 85.0
91.89836013734106 86.0
91.96811995729271 86.0
91.31599886174848 86.0
92.03842347443361 86.0
92.21068201539507 86.0
92.13640249491219 86.0
92.5867126275828 86.0
93.07960173099988 86.0
92.4196196060304 87.0
93.00695033369766 86.0
93.01894759361363 87.0
92.97749482913406 88.0
93.72989402872032 86.0
94.00786873459447 87.0
94.01459959480064 87.0
93.27258729562496 88.0
93.57848546842315 88.0
94.16578117820282 87.0
93.91645279255242 88.0
93.87685948330525 87.0
93.52574857654136 88.0
93.84573657946403 88.0
94.77324291183723 88.0
94.1025452904007 89.0
94.13809215069219 88.0
95.12357265846477 89.0
94.6080317952006 89.0
95.29601820201701 89.0
94.80535044712761 89.0
95.16031688022352 89.0
95.67002711743972 89.0
95.7197335928428 89.0
96.7685240879556 90.0
95.2162147892387 89.0
95.91780853094133 90.0
95.59560443046202 89.0
96.35441455096905 90.0
96.91346905963134 90.0
96.60999907471222 90.0
96.64566310560818 90.0
97.14061369666567 91.0
97.15271548646263 91.0
96.43481454554049 91.0
96.69150659888548 91.0
97.08115171157628 91.0
97.17678885006175 91.0
97.25022513683662 92.0
97.36366730254106 91.0
97.32714802765639 92.0
97.93991481578917 92.0
97.2005100174649 92.0
97.55525005115392 92.0
97.7266595392981 92.0
98.21927038683376 92.0
98.96982607041728 93.0
98.50242377439658 93.0
98.38177713284723 93.0
97.99791149579708 93.0
98.64189332924545 93.0
98.89556471903978 93.0
98.91768593520783 93.0
98.53677833543478 94.0
98.82231467545087 93.0
98.59567645553344 93.0
99.14536219239214 94.0
99.24345059364305 94.0
99.83591462537166 93.0
99.5792003538511 94.0
99.19014849503338 94.0
99.35496371855456 94.0
99.37755869059696 95.0
99.43297616346223 95.0
99.52360133790184 94.0
99.73858330911956 95.0
99.74532410621293 95.0
99.7504395761178 94.0
99.7926840786419 95.0
99.73391940563332 95.0
100.0209056609011 95.0
100.21482388624139 96.0
100.26412057400293 96.0
100.14522138061815 96.0
100.46262623287862 95.0
100.42408188769234 96.0
100.56813744617685 96.0
100.51172277584892 96.0
100.56478606226871 96.0
100.64814674553716 96.0
100.60434710686722 97.0
100.37844584517418 97.0
100.53660903253287 97.0
100.75610469426024 97.0
100.58699532847267 97.0
