25.856041945082282 32.0
26.114405483895908 32.0
26.023768414399534 31.0
25.99283704670517 31.0
25.86209619381117 31.0
25.88735015273133 31.0
26.04093897590778 32.0
25.80617078485946 32.0
25.721848110700236 31.0
25.716178977731907 32.0
25.90302660483701 32.0
25.9546385127493 32.0
25.55076089124354 31.0
25.80768640348439 31.0
25.63624966719521 32.0
25.539975117639642 31.0
25.88470453655291 31.0
26.27256879132066 32.0
26.113406515140866 32.0
25.965655027126857 31.0
26.101125156144285 31.0
25.76370611560862 32.0
26.149508122252577 32.0
26.011145977434303 32.0
25.679412503970994 31.0
25.718014224207657 31.0
25.936246138635006 32.0
26.056055540320173 32.0
25.843565381368535 32.0
25.80710113657279 31.0
26.141372879325516 32.0
25.689382637112175 32.0
25.696576722534175 32.0
25.68433890488219 32.0
25.89829688847192 32.0
25.673060966530237 31.0
25.955946504804743 31.0
25.780001120482915 32.0
25.800872412112113 32.0
26.206904533809478 32.0
25.8032451716225 31.0
25.996506008310085 31.0
25.954958351394495 31.0
25.765307667250752 32.0
25.60322854004248 32.0
25.571456704035 32.0
25.305902936683005 31.0
25.601837248243186 31.0
25.917699384108772 31.0
25.925304795398432 32.0
25.963582063048406 31.0
25.83970122206933 32.0
25.574241596486146 31.0
25.7920201756371 32.0
25.71660993961075 31.0
25.839835505746613 32.0
25.731455694682978 31.0
25.59424875461962 32.0
26.10179809517443 31.0
25.719648165492735 31.0
25.67499422690286 31.0
25.694056978063216 32.0
26.024734448309495 31.0
25.689672217787752 31.0
25.563081914506405 32.0
25.858935521505806 31.0
25.80082203402354 31.0
25.79904830764054 31.0
25.619349605713808 31.0
26.054336073093985 32.0
25.837426751054934 31.0
26.001199414058007 32.0
25.704134485732062 31.0
25.832134980549768 32.0
25.664264985919566 32.0
25.92831312788482 31.0
25.96098338016578 32.0
25.597312200239514 31.0
25.747099555421265 31.0
25.668573613443648 32.0
26.1033012249181 32.0
26.168596953450333 31.0
25.707453904150782 31.0
25.85625626403219 31.0
26.116523461510504 32.0
25.7927819443334 31.0
25.76068295147128 31.0
25.8586848875902 32.0
26.13715941757536 31.0
25.705449879014495 31.0
25.970438111580698 32.0
25.63969671223998 32.0
26.195455908823206 31.0
26.008967120930578 31.0
26.09265326990471 32.0
26.004389146370784 32.0
26.281933935688244 31.0
25.88099072829973 32.0
26.026438559623166 31.0
26.07514733393043 31.0
26.307763031788923 31.0
26.251948319492072 31.0
26.056385295663915 31.0
26.509697901892615 31.0
26.356703325563302 32.0
26.241992486027115 32.0
26.750838471187876 31.0
26.655892216944572 32.0
26.222041872770525 32.0
26.47318709690545 32.0
26.52061513481172 31.0
26.67558295481072 32.0
27.03678543139955 32.0
26.73917625896621 32.0
26.863205861668554 32.0
27.260516562335773 31.0
27.47939846418185 32.0
27.337140504634128 32.0
27.410440062992237 32.0
28.196446573407172 31.0
27.847061980822943 32.0
28.12002885534632 32.0
28.267688020601966 31.0
28.761474569497672 32.0
29.20275335600124 32.0
28.48896867760959 32.0
28.92981886813554 33.0
29.30800664357197 33.0
29.904546007795254 32.0
29.300130145543527 33.0
29.57230696433973 33.0
29.801443250371854 32.0
30.24896093243172 33.0
30.801953535944435 33.0
30.833073833549925 33.0
31.28595812858599 33.0
31.52066047806136 33.0
31.48733004263711 33.0
31.47951809529797 33.0
31.549759425366425 34.0
32.357328117033546 34.0
32.926494596816376 34.0
32.869230913310936 33.0
32.71939768587511 34.0
32.96430177311768 34.0
34.30941448264659 35.0
34.30199815766294 34.0
34.421625556627866 35.0
34.33549713805033 35.0
34.73590164124131 36.0
35.46603717279891 36.0
35.98733403676165 36.0
36.1516298189447 36.0
36.158817075894646 37.0
36.67444646317802 36.0
37.06372699778269 36.0
37.341050915726946 37.0
36.83294522515531 36.0
37.80002480931167 38.0
38.08408909019104 37.0
38.58901845094941 38.0
38.27644281176916 38.0
39.53145332001004 38.0
39.583353105782166 38.0
39.809837080681525 39.0
39.81341611937994 39.0
40.47004772161696 39.0
40.60982597666458 39.0
40.64397438215576 40.0
40.787827274704945 40.0
41.10752937066944 41.0
42.208582309567824 41.0
42.34196254542102 41.0
41.71711630390763 42.0
42.259246017986435 42.0
42.50977588006088 41.0
42.74536692465749 42.0
43.17698239040176 42.0
44.138721160506314 42.0
44.18893409332629 42.0
44.62411323292777 43.0
44.19884690383544 44.0
44.744837537723974 44.0
44.91544463075883 44.0
45.35670003582062 44.0
45.458669830737534 44.0
45.97948418948929 45.0
45.9933658904937 45.0
46.90314084797757 45.0
46.710043307987206 46.0
47.117464012535685 46.0
47.29151680257427 46.0
47.73319986401758 47.0
47.96411939300745 47.0
47.555584569355126 48.0
48.55339496693021 48.0
48.5282486647985 48.0
49.01188238032661 49.0
49.95243223638104 48.0
49.391721820984046 49.0
49.70721812494138 49.0
50.23086212904931 49.0
50.4596065844655 49.0
49.95912282317567 50.0
50.76789427912388 50.0
50.84340855586589 50.0
50.73316316186121 50.0
51.01930612033841 50.0
52.07242269824094 51.0
51.656583734335165 51.0
52.2375358287737 51.0
52.301254089449145 52.0
52.37359990457291 52.0
53.011302888166135 52.0
53.31873422456684 52.0
54.17040588217237 53.0
53.84138138518489 52.0
53.328587713 53.0
54.39335960156784 54.0
54.33282140384761 54.0
54.693983785967134 54.0
54.87675747641622 54.0
55.55807651496863 54.0
55.59279117251478 54.0
55.70482354779824 55.0
55.55068917280762 55.0
55.56154061217179 55.0
56.278388882742476 56.0
56.40769872670992 56.0
56.76845194010818 56.0
56.533998551967144 56.0
57.46784592760851 56.0
56.99191386917091 56.0
57.94621971409258 57.0
58.20965028916147 56.0
58.284542497367674 56.0
58.2037944611523 57.0
59.07595045452267 58.0
58.45507619197657 58.0
59.373571687633245 58.0
59.25895687626323 58.0
59.11615032742884 58.0
59.06250154322731 58.0
59.309962433161964 59.0
59.94730317595679 59.0
60.34157000539889 59.0
60.790539431335006 59.0
61.2893228664039 60.0
60.90485856302875 60.0
61.356489578968414 60.0
61.036758161780824 61.0
61.5519311957609 60.0
60.80464354183576 61.0
62.33568646860659 61.0
61.412051791489816 61.0
62.044539071359736 62.0
62.68327815898839 62.0
62.98486564820464 62.0
62.793144174444244 62.0
62.93503279947001 63.0
62.615860861417104 63.0
63.83686405726089 63.0
63.577744752995144 63.0
64.06142732847508 64.0
63.99364656504261 63.0
64.36147371987188 64.0
63.74539312212421 63.0
64.86949072367298 63.0
64.60856431109335 64.0
64.57935159101535 64.0
65.0174688697087 65.0
65.4134002122821 65.0
66.07822185116864 65.0
65.64101665783161 65.0
66.27087973541222 65.0
65.65322803074051 65.0
66.48781781034117 65.0
66.22525865038402 66.0
66.46484087492951 65.0
66.37093002658324 66.0
66.839189223331 67.0
67.22763989910496 67.0
67.221925155283 67.0
67.79708323706781 67.0
67.80149984266065 67.0
67.4245051120169 67.0
68.07483715185793 68.0
68.71540999539819 67.0
68.16592919267006 68.0
67.89853123332314 68.0
68.64219167343305 68.0
69.50172041199127 68.0
69.42060738845063 68.0
69.64212174603003 69.0
69.74504329830344 69.0
69.36663692251679 69.0
69.64293458056224 69.0
70.75551315616227 69.0
70.31350209881859 69.0
70.44279567080288 69.0
70.8363325336982 70.0
70.76614972917193 70.0
71.09013251712432 71.0
70.8482511429622 71.0
71.04347131609767 70.0
70.87082154158189 71.0
71.15757308884484 71.0
71.96376165986041 71.0
71.48150559124394 71.0
71.63936797949694 72.0
72.45323394364496 72.0
73.05503631635398 72.0
71.99406318622061 72.0
72.331145666676 72.0
72.92974380542265 72.0
72.61003570290065 72.0
73.36970080325679 72.0
72.87842244124559 73.0
73.61614372228662 73.0
73.44519930380231 73.0
73.84324704474793 73.0
73.73685602832663 74.0
74.10989923799598 74.0
73.98252115493273 74.0
74.81409990008925 74.0
74.37734116134061 74.0
74.75952377131804 74.0
74.43069581659014 74.0
75.5066100852514 75.0
75.1307585749594 74.0
75.29651949425552 75.0
75.50973659116478 75.0
75.73653935223867 75.0
76.05247267586522 75.0
76.08577702786448 76.0
75.86144590202586 76.0
76.79600825987056 75.0
76.52874884324531 76.0
76.66222570746629 76.0
77.21278987156978 77.0
77.16563445051177 77.0
76.94052956928952 77.0
76.83733084071253 76.0
78.02352428368202 77.0
76.94773926021428 78.0
77.30084269965076 77.0
77.86036167098136 77.0
78.02175882681956 77.0
78.12113951813373 78.0
78.50101537060354 78.0
78.11082602240593 78.0
78.6189490712796 78.0
79.18474650452718 78.0
78.46907738238798 78.0
78.59411085435931 79.0
78.75127104042454 79.0
79.20353969673738 79.0
79.03485251627481 79.0
79.32506651276091 79.0
79.28714140598743 79.0
79.31591665453456 79.0
79.83792303344711 79.0
79.82059492543945 80.0
80.27044722562191 80.0
80.45274575976086 80.0
80.46082756268639 80.0
80.58978813651905 80.0
80.55408460161662 80.0
80.43515159439877 81.0
80.68211272844366 81.0
81.37338755369464 81.0
81.74075731609548 81.0
81.75258689933459 81.0
81.81622247342932 81.0
81.98412087371851 82.0
82.22892396563664 81.0
81.95117207364216 82.0
82.50806999840955 82.0
82.93936946418648 82.0
81.97891104398974 82.0
82.70077911740573 82.0
83.12620676626011 83.0
82.53078348241309 82.0
82.94209847101914 83.0
83.67745841729781 82.0
83.0512811406255 83.0
83.18289327354545 83.0
83.65467790280637 83.0
83.7159717607396 83.0
84.10662431878605 83.0
83.87881166050597 83.0
83.87553572780999 84.0
83.87667809916103 84.0
84.36598058634854 84.0
84.14973460236898 84.0
83.83443726496485 84.0
84.71120016215589 85.0
85.23050265999034 84.0
84.93885044730993 84.0
84.88973334520281 84.0
85.22480050918769 85.0
85.93917699254236 86.0
85.69311782541845 85.0
85.08169557805135 85.0
85.66329572193602 85.0
85.09849539352237 86.0
86.32312716991643 85.0
86.04334159303878 85.0
85.9226890271425 86.0
86.56054783257069 86.0
86.08694689845527 86.0
86.31268065426521 86.0
86.35603426841061 86.0
86.91760948938436 86.0
87.14889881487194 87.0
87.17166839554494 87.0
87.1502709107428 87.0
87.24520079896516 87.0
87.39567085665678 87.0
87.39347538176027 88.0
87.42429939834494 88.0
88.63037900977649 88.0
87.59870687841945 88.0
87.55493069572037 88.0
88.59847446520067 88.0
88.92675391742843 89.0
87.71895360299101 88.0
88.73700028446932 88.0
88.80498236618597 89.0
88.79997525983552 89.0
88.8136247005403 89.0
89.13674473253728 89.0
89.02731063237083 89.0
89.06759200985411 89.0
88.90006591289824 89.0
89.41075260610366 89.0
89.28293618668823 90.0
89.69095460912293 89.0
90.93801231726981 89.0
89.80315414463894 90.0
89.96040700938653 90.0
89.90805658756116 90.0
90.64925261399856 90.0
90.66666713302345 90.0
90.18819042479716 91.0
90.59063967668924 91.0
91.00139532098672 91.0
91.09644497841698 91.0
91.21016597511444 91.0
91.02866772862436 92.0
91.45116599642503 91.0
90.83379868171143 91.0
91.57850584934623 91.0
91.09395941965273 92.0
91.44286268103676 92.0
91.93889275771892 91.0
91.86353862800964 92.0
91.77945321811998 92.0
92.26954919760502 93.0
91.92916293426049 93.0
92.06767817074666 93.0
92.20944473761053 93.0
92.15993703525103 94.0
92.74146998759493 93.0
92.86992012121547 93.0
92.47333956038676 92.0
92.8076483470272 93.0
92.98481318978456 93.0
93.14869400189586 94.0
93.27349711796127 94.0
93.36113880002999 93.0
93.41641626476935 93.0
92.90785026581904 94.0
93.07377825897667 94.0
92.92334155649026 94.0
93.4936577664932 94.0
93.09350959752128 94.0
