21.17730348387215 30.79475297144532
21.382884384848282 30.79475297144532
21.24575467523273 30.79475297144532
21.275276749185274 30.79475297144532
21.65322288456516 30.79475297144532
21.547278213877043 30.79475297144532
21.316562113952713 30.79475297144532
21.2161490570859 30.79475297144532
21.085368883150274 30.29806340738975
21.42270977846448 30.29806340738975
21.496404511793422 30.29806340738975
21.01803425599053 30.29806340738975
20.98189413655848 30.29806340738975
21.73909265118968 30.29806340738975
21.521980578571856 30.79475297144532
21.197655525838222 30.29806340738975
21.57597322117506 30.29806340738975
21.694608890705624 30.79475297144532
21.359832374981615 30.29806340738975
21.273235017936337 30.29806340738975
21.257106568218717 30.29806340738975
21.38159184667785 30.79475297144532
21.248775267138363 30.29806340738975
21.228802877522327 30.29806340738975
21.144521526883914 30.29806340738975
21.573934132177968 30.29806340738975
21.201101868346868 30.29806340738975
21.021461428868875 30.29806340738975
21.277868067444714 30.29806340738975
21.76493459749141 30.29806340738975
21.571123270742078 30.79475297144532
21.337807348416078 30.29806340738975
21.34420395287281 30.29806340738975
21.275769331452622 30.29806340738975
21.405325066994862 30.29806340738975
21.1378974526369 30.29806340738975
21.480553893067082 30.29806340738975
21.10381518180037 30.29806340738975
21.34968550149597 30.29806340738975
21.56371663992016 30.29806340738975
21.413015146693155 30.29806340738975
21.244353839093648 30.29806340738975
21.594693454171235 30.29806340738975
21.446810928958 30.29806340738975
21.35239470664581 30.29806340738975
21.290833156330095 30.29806340738975
21.660340716483958 30.29806340738975
21.401168753788923 30.29806340738975
21.43492872762647 30.29806340738975
21.235100246948775 30.29806340738975
21.094950339554217 30.29806340738975
21.41885924025459 30.29806340738975
21.704425092965067 30.29806340738975
21.64095408979803 30.29806340738975
21.294081288842484 30.29806340738975
20.93557204693313 30.29806340738975
21.426701907491776 30.29806340738975
21.531929792843243 30.29806340738975
22.01844073184688 30.29806340738975
21.56515570034658 30.79475297144532
21.616206809918808 30.29806340738975
21.31422919793865 30.29806340738975
22.22690389435831 30.29806340738975
21.16599963207937 30.79475297144532
21.264217026292272 30.29806340738975
21.400409312356587 30.79475297144532
21.211265534840805 30.29806340738975
21.779643395139068 30.29806340738975
21.419341981734746 30.29806340738975
21.685562828041064 30.79475297144532
21.384217572812744 30.29806340738975
21.33186231356575 30.29806340738975
20.920125534251802 30.29806340738975
21.621384875917627 30.29806340738975
21.495794040250573 30.29806340738975
21.48161037788907 30.29806340738975
21.421731647566183 30.29806340738975
21.247465585252286 30.29806340738975
21.605169121720472 30.29806340738975
21.339861114993383 30.29806340738975
21.44669945098824 30.29806340738975
21.42487329912465 30.29806340738975
21.129874309130166 30.29806340738975
21.269963715760653 30.29806340738975
21.37818364258132 30.29806340738975
21.73035743988784 30.29806340738975
21.430551172777406 30.29806340738975
21.32489199478713 30.29806340738975
21.28608251909354 30.29806340738975
21.474689902440616 30.29806340738975
21.137323448098897 30.29806340738975
21.8698316382576 30.29806340738975
21.478406982683985 30.29806340738975
21.2773175764122 30.29806340738975
21.65222414003007 30.29806340738975
21.96713171836992 30.79475297144532
21.233169108877775 30.29806340738975
21.590359120251406 30.29806340738975
21.32997206435573 30.29806340738975
22.054050776255657 30.29806340738975
21.56435083616742 30.29806340738975
21.58016655777063 30.29806340738975
21.560907136280512 30.29806340738975
21.761866237944027 30.29806340738975
21.95238850088011 30.79475297144532
21.725222019263917 30.79475297144532
22.0137726945322 30.79475297144532
22.180471608678246 30.29806340738975
22.238414295092802 30.29806340738975
22.32628667617609 30.29806340738975
22.391893524046694 30.29806340738975
22.844729289655106 30.29806340738975
22.213946211128132 30.79475297144532
22.37378452270918 30.79475297144532
22.5480139128747 30.29806340738975
22.49277284379206 30.29806340738975
22.887813785935634 30.29806340738975
23.285511881283327 30.29806340738975
23.116696309550676 30.79475297144532
23.68367116818331 30.29806340738975
23.495451270854645 30.79475297144532
24.13691744411956 30.29806340738975
24.342374128420026 30.79475297144532
24.032002329280452 30.79475297144532
24.31347347425759 30.79475297144532
24.46155527295199 30.79475297144532
24.748258522995577 30.79475297144532
25.49776948065142 30.79475297144532
24.949228245919798 30.79475297144532
25.29565221581916 30.79475297144532
25.825520716297007 30.79475297144532
26.20514881813874 31.291442535500888
26.28014068975118 31.291442535500888
25.891897022854607 31.291442535500888
26.416983582825708 30.29806340738975
27.20288555421159 31.291442535500888
27.13528802718902 30.79475297144532
27.461145064917147 30.79475297144532
27.915045631480652 30.79475297144532
27.95964211700089 31.291442535500888
28.541748582810868 31.291442535500888
28.094892068658773 31.291442535500888
28.397900094180912 31.78813209955646
29.054067693184663 31.78813209955646
29.363680560176924 31.78813209955646
29.64213370203425 31.78813209955646
29.854548776371914 31.78813209955646
29.90138702090198 31.78813209955646
31.105245834916516 31.78813209955646
30.943711514637158 32.28482166361203
30.814257171034335 32.28482166361203
31.13092841696104 32.28482166361203
31.82379713475447 32.7815112276676
32.03210022619176 32.7815112276676
32.099822419379656 32.7815112276676
33.029753109029684 33.278200791723165
32.98228280315589 33.278200791723165
33.39923144512823 33.77489035577874
33.90503174307119 33.77489035577874
33.96206310112309 33.77489035577874
34.15870922341284 33.77489035577874
34.6126334615437 34.27157991983431
34.69455534156646 34.768269483889874
35.32876467393166 34.768269483889874
35.12272476722603 34.768269483889874
36.45685411043943 35.264959047945446
35.87854556506895 35.76164861200102
36.39027920135646 35.76164861200102
36.843365003686294 35.76164861200102
37.43144400396507 36.25833817605658
37.50942847854046 36.755027740112155
37.732917852693205 36.755027740112155
37.500896207175145 37.25171730416773
37.91155624422602 37.25171730416773
39.23166844552312 37.74840686822329
39.09453213228336 37.74840686822329
38.88233479950649 38.245096432278864
39.317239827345134 38.245096432278864
39.273439622383755 38.245096432278864
39.79834004547518 38.741785996334436
40.25061986895847 38.741785996334436
41.19295391793977 39.23847556039
41.08638793159445 39.23847556039
41.4858822781201 39.73516512444557
41.43995658848116 40.72854425255671
41.6881698061921 40.72854425255671
42.04429722494555 41.22523381661228
42.02635571960865 41.72192338066785
42.27607167617026 41.72192338066785
43.17332292583036 41.72192338066785
42.95033000974456 42.218612944723425
43.89782820533254 42.71530250877899
43.769477805207245 42.71530250877899
43.85130682234596 42.71530250877899
44.32054016449588 43.21199207283456
44.62186080591178 43.708681636890134
44.774094780762674 43.708681636890134
44.48837258111216 44.2053712009457
45.36101876442548 44.2053712009457
45.343258894449875 44.70206076500127
45.6877188552017 44.70206076500127
46.67297864050218 45.19875032905684
46.43620967978419 45.19875032905684
46.45208770498023 46.19212945716798
47.20734182324834 46.19212945716798
47.16869570836511 46.68881902122355
47.09163986959802 46.68881902122355
47.60814531346707 46.68881902122355
47.906781419192995 47.185508585279116
47.73827867630672 47.68219814933469
48.35100596579176 48.17888771339026
48.8394867005787 48.17888771339026
48.48859413387663 48.17888771339026
49.15634359788005 48.17888771339026
49.029456631479796 48.675577277445825
49.270782744525405 48.675577277445825
49.89132509242816 49.1722668415014
50.08812833343436 49.1722668415014
51.11302139325875 49.66895640555697
50.62904220168223 49.66895640555697
50.14696606150775 50.165645969612534
51.50776242508732 50.662335533668106
51.28911625910382 50.662335533668106
51.80271025184408 50.662335533668106
51.7410705182943 51.15902509772368
52.60883779660577 51.65571466177924
52.155480107319065 51.65571466177924
52.78926244278438 52.152404225834815
52.51134169466285 52.152404225834815
52.42586322088161 52.152404225834815
53.26176284314872 52.152404225834815
53.17281550719412 52.64909378989039
53.71892884012201 52.64909378989039
53.28559422891897 53.14578335394595
54.47193655476674 53.64247291800152
54.02226587374585 53.64247291800152
54.8186186942463 54.139162482057095
54.97441255280354 54.139162482057095
55.21429125821899 54.139162482057095
55.01077577949816 54.63585204611266
55.83275987488193 55.13254161016823
55.4875113078156 55.13254161016823
56.27857196357971 55.629231174223804
56.24179413059729 55.629231174223804
56.10125307948212 55.629231174223804
55.89002735799714 56.12592073827937
56.63015987793587 56.12592073827937
56.82884955587726 56.12592073827937
56.991328982303514 56.62261030233494
57.70324310238974 57.11929986639051
58.15078150999855 57.11929986639051
57.86165044820257 57.615989430446085
58.29922468938577 57.615989430446085
58.04600365426786 58.11267899450165
58.294836943502936 58.11267899450165
57.67922777291934 58.11267899450165
59.07454652594941 58.11267899450165
58.56928194304218 58.60936855855722
59.27159672267683 58.60936855855722
59.564193328323555 58.60936855855722
59.894769099150395 59.106058122612794
59.78199578232427 59.106058122612794
59.78710899824006 59.106058122612794
59.93137943483009 59.60274768666836
60.7940361866296 59.60274768666836
60.74214121242799 60.09943725072393
60.896849723796194 60.09943725072393
60.8469410274678 60.09943725072393
61.408622680697334 60.5961268147795
60.72849922063561 60.5961268147795
61.770744422700794 61.09281637883507
61.51474116542517 61.09281637883507
61.71330365025923 61.09281637883507
62.073457910217385 61.58950594289064
62.607139200098246 61.58950594289064
62.67517438186111 62.08619550694621
62.54151289890833 62.08619550694621
63.0947636000064 62.582885071001776
62.72660998212146 62.582885071001776
63.65140908274275 62.582885071001776
63.10448448424046 63.07957463505735
63.281115683145515 63.07957463505735
63.55628595420726 63.57626419911292
63.9403674820274 64.07295376316848
64.32970821218487 64.07295376316848
63.99173408034394 64.07295376316848
64.7384361638501 64.07295376316848
64.76695588640655 64.56964332722406
64.2530329760724 64.56964332722406
64.81534625671941 64.56964332722406
65.69212150942397 65.06633289127963
65.2784746574024 65.06633289127963
64.68770716436048 65.5630224553352
65.57864392644896 65.5630224553352
66.37158271174171 66.05971201939077
66.40893402254024 65.5630224553352
66.501321563748 66.05971201939077
66.99249814452091 66.55640158344633
66.06119472681684 66.55640158344633
66.49918253079063 66.55640158344633
67.32903307960945 66.55640158344633
67.11376576448103 67.0530911475019
67.1883953782658 67.0530911475019
67.75617704569225 67.0530911475019
67.70693391057772 67.54978071155747
67.93986028868866 67.54978071155747
67.83158891724872 68.04647027561305
67.69920815767796 68.04647027561305
67.77314734287772 68.04647027561305
68.24196413872217 68.04647027561305
68.86332579289231 68.54315983966862
68.23642483377232 69.03984940372419
68.79661461635513 68.54315983966862
69.29910134569589 69.03984940372419
69.75483351613688 69.03984940372419
68.86970344949577 69.53653896777975
69.66004365149888 69.53653896777975
69.9820560647675 69.53653896777975
69.43460433572513 70.03322853183532
70.30864605521286 70.03322853183532
69.89366053890869 70.03322853183532
70.60340551162882 70.52991809589089
70.26975271531845 70.52991809589089
70.7304130521081 71.02660765994646
70.47862196317672 71.02660765994646
71.1804612689539 71.02660765994646
70.94527499250201 71.02660765994646
71.83468982941308 71.02660765994646
71.20741141189009 71.52329722400204
71.8421650074017 71.52329722400204
71.6158613968656 72.01998678805761
72.40007133198866 72.01998678805761
72.01373392055477 72.01998678805761
72.35566443817281 72.01998678805761
72.06644941518319 72.51667635211317
72.80487581691729 72.51667635211317
72.85169426163174 73.01336591616874
73.00134186904484 73.01336591616874
73.0174137134552 73.01336591616874
73.47661379524753 73.01336591616874
73.46867371008454 73.51005548022431
73.64073125021446 73.51005548022431
74.09902924423805 74.00674504427988
74.06938111872816 74.00674504427988
73.92415707266157 74.50343460833545
73.80029849654757 74.50343460833545
74.98228870991029 74.50343460833545
74.2873615030562 75.00012417239103
74.28571296075918 75.00012417239103
74.57481220536526 75.00012417239103
74.81425292719264 75.49681373644658
75.03412068703585 75.49681373644658
75.25144158238581 75.49681373644658
75.36103532208031 75.49681373644658
75.67294355537085 75.49681373644658
76.06082517036307 75.99350330050216
75.2205660475134 75.99350330050216
75.68209152367109 76.49019286455773
75.67683520905521 76.49019286455773
76.23755433828615 76.49019286455773
75.95636673393928 76.9868824286133
76.17519523284989 76.9868824286133
76.41978275621743 76.9868824286133
76.4257332528737 76.9868824286133
76.71978325699814 76.9868824286133
77.12560381615965 76.9868824286133
77.23666139896392 77.48357199266887
77.39421746474761 77.48357199266887
77.39478387328886 77.98026155672444
77.45373092025707 78.47695112078
77.39809232920543 78.47695112078
77.6873075438672 78.47695112078
77.71973409106018 78.47695112078
78.33199076266385 78.47695112078
78.4446022178497 78.97364068483557
78.70591509747652 78.97364068483557
78.77456393826026 78.97364068483557
78.99017723517484 79.47033024889114
78.87653189152331 78.97364068483557
79.04316962535431 79.47033024889114
79.7106227200649 79.47033024889114
79.58972410576118 79.47033024889114
78.97443897332386 79.96701981294672
79.45804081405119 79.96701981294672
80.21868097765125 80.46370937700229
79.72322831196296 79.96701981294672
79.57973445670345 80.46370937700229
80.51492649402098 80.46370937700229
79.99426669682467 80.46370937700229
80.04917229560222 80.96039894105786
80.51043170307176 80.96039894105786
80.56103814989683 80.96039894105786
81.01752493260582 81.45708850511342
80.90458928848312 81.45708850511342
80.87995022016554 81.45708850511342
80.6680881133497 81.45708850511342
81.06068331261923 81.45708850511342
81.25275009405853 81.95377806916899
81.20234753614189 81.95377806916899
81.65670740850595 81.95377806916899
82.04615764054165 81.95377806916899
82.1511008765505 81.95377806916899
81.82805122714 82.45046763322456
82.09873392640922 82.45046763322456
82.7652695790977 82.45046763322456
82.48017374950948 82.45046763322456
82.0370774730695 82.94715719728013
82.40675515655661 82.94715719728013
82.27379823226718 82.94715719728013
83.22138705152658 82.94715719728013
82.4261552840404 82.94715719728013
83.05907395960693 83.4438467613357
83.43957877790062 83.4438467613357
83.10551889154031 83.4438467613357
83.1867640275217 83.94053632539128
83.03873448615484 83.94053632539128
83.83368094860451 83.94053632539128
84.11604813081752 84.43722588944685
84.16654021908545 84.43722588944685
84.08935758738515 84.43722588944685
84.11720464546418 84.43722588944685
84.05893903975273 84.93391545350241
84.22905202107451 85.43060501755798
84.24739921420539 84.93391545350241
85.51859433642439 85.43060501755798
84.55600640520078 85.43060501755798
84.44921917137371 85.43060501755798
85.48300966037775 85.43060501755798
85.58737533393727 85.92729458161355
84.42481356390007 85.43060501755798
85.82224954697499 85.92729458161355
85.40693642332278 86.42398414566912
85.75722488748058 85.92729458161355
85.56284316950166 85.92729458161355
85.91778206409431 85.92729458161355
86.00473242530498 86.42398414566912
85.96945500633176 86.42398414566912
85.70861669076493 86.9206737097247
86.52644045850579 86.42398414566912
86.03709442430254 86.9206737097247
86.80764879525292 86.9206737097247
87.78098740275641 86.9206737097247
86.63520792663118 87.41736327378027
86.73921598359836 87.41736327378027
86.69030792835193 87.91405283783583
87.64600347885661 87.41736327378027
87.55275113829914 87.91405283783583
87.15781130829848 87.91405283783583
87.48429523420222 87.91405283783583
87.88156013106375 87.91405283783583
87.5814803328299 88.4107424018914
88.14187916794658 88.4107424018914
87.91258283823147 88.4107424018914
88.52894696380773 88.90743196594697
87.90852412507337 88.90743196594697
88.31482237755952 88.90743196594697
87.87868422642521 89.40412153000254
88.17827195705111 89.40412153000254
88.73095397864832 88.90743196594697
88.66409136139148 89.90081109405811
88.52049687717238 89.90081109405811
89.00365686341422 89.40412153000254
88.87641041575516 89.90081109405811
89.01916978420982 89.90081109405811
88.9538810587078 89.90081109405811
88.8527758545366 90.39750065811369
89.78427032656033 90.39750065811369
89.44967771283396 89.90081109405811
89.26610887068448 89.90081109405811
89.74937658274139 90.39750065811369
90.17018669823469 90.39750065811369
89.96920529199295 90.39750065811369
90.1676984826893 90.89419022216924
90.42867630094071 90.89419022216924
90.39293967666131 90.89419022216924
